Step : 1
100.0
Ion	0.0	0.1	1.0	10.0	100.0
N4+	0.004	0.013	0.022	0.038	0.052	
N5+	0.003	0.021	0.038	0.071	0.130	
O5+	0.003	0.026	0.052	0.092	0.189	
O6+	0.001	0.005	0.011	0.020	0.030	
10.0
Ion	0.0	0.1	1.0	10.0	100.0
N4+	0.040	0.029	0.068	0.108	0.161	
N5+	0.041	0.071	0.122	0.222	0.383	
O5+	0.041	0.086	0.156	0.309	0.565	
O6+	0.040	0.040	0.045	0.062	0.107	
Step : 5
100.0
Ion	0.0	0.1	1.0	10.0	100.0
N4+	0.004	0.011	0.021	0.038	0.052	
N5+	0.003	0.023	0.041	0.073	0.128	
O5+	0.003	0.033	0.055	0.114	0.172	
O6+	0.001	0.005	0.010	0.020	0.031	
10.0
Ion	0.0	0.1	1.0	10.0	100.0
N4+	0.040	0.015	0.067	0.139	0.140	
N5+	0.041	0.076	0.129	0.204	0.437	
O5+	0.033	0.095	0.150	0.324	0.671	
O6+	0.040	0.041	0.046	0.056	0.088	
Step : 10
100.0
Ion	0.0	0.1	1.0	10.0	100.0
Mg7+	0.001	0.003	0.011	0.022	0.035	
N4+	0.001	0.010	0.022	0.032	0.052	
N5+	0.004	0.020	0.037	0.063	0.106	
O5+	0.005	0.026	0.059	0.117	0.201	
O6+	0.001	0.005	0.009	0.016	0.024	
10.0
Ion	0.0	0.1	1.0	10.0	100.0
Mg7+	0.040	0.043	0.047	0.069	0.109	
N4+	0.040	0.013	0.059	0.114	0.162	
N5+	0.040	0.066	0.124	0.233	0.362	
O5+	0.030	0.107	0.188	0.308	0.755	
O6+	0.039	0.040	0.046	0.056	0.084	
Step : 15
100.0
Ion	0.0	0.1	1.0	10.0	100.0
Mg7+	0.001	0.006	0.013	0.022	0.039	
N4+	0.001	0.010	0.019	0.031	0.048	
N5+	0.003	0.017	0.037	0.060	0.123	
O5+	0.005	0.031	0.061	0.108	0.210	
O6+	0.004	0.003	0.008	0.018	0.023	
10.0
Ion	0.0	0.1	1.0	10.0	100.0
Mg7+	0.039	0.030	0.051	0.069	0.129	
N4+	0.026	0.049	0.061	0.113	0.151	
N5+	0.041	0.068	0.118	0.224	0.326	
O5+	0.031	0.087	0.185	0.387	0.764	
O6+	0.010	0.041	0.044	0.061	0.076	
Step : 20
100.0
Ion	0.0	0.1	1.0	10.0	100.0
Mg7+	0.004	0.006	0.015	0.028	0.043	
N4+	0.004	0.011	0.019	0.035	0.051	
N5+	0.003	0.018	0.035	0.069	0.107	
O5+	0.005	0.034	0.059	0.112	0.235	
O6+	0.001	0.003	0.009	0.014	0.022	
10.0
Ion	0.0	0.1	1.0	10.0	100.0
Mg7+	0.040	0.042	0.049	0.091	0.139	
N4+	0.040	0.031	0.063	0.110	0.140	
N5+	0.031	0.030	0.120	0.203	0.359	
O5+	0.031	0.086	0.183	0.377	0.844	
O6+	0.010	0.040	0.007	0.055	0.074	
Step : 25
100.0
Ion	0.0	0.1	1.0	10.0	100.0
Mg7+	0.004	0.009	0.013	0.030	0.047	
N4+	0.001	0.010	0.021	0.035	0.047	
N5+	0.003	0.021	0.039	0.078	0.107	
O5+	0.004	0.036	0.065	0.123	0.212	
O6+	0.004	0.003	0.010	0.017	0.023	
10.0
Ion	0.0	0.1	1.0	10.0	100.0
Mg7+	0.040	0.042	0.056	0.096	0.142	
N4+	0.040	0.048	0.064	0.102	0.142	
N5+	0.032	0.030	0.105	0.244	0.335	
O5+	0.033	0.119	0.195	0.353	0.841	
O6+	0.039	0.040	0.044	0.056	0.093	
Step : 30
100.0
Ion	0.0	0.1	1.0	10.0	100.0
Mg7+	0.001	0.008	0.016	0.026	0.044	
N4+	0.001	0.010	0.019	0.035	0.049	
N5+	0.003	0.019	0.039	0.072	0.106	
O5+	0.005	0.037	0.064	0.123	0.216	
O6+	0.004	0.003	0.008	0.017	0.024	
10.0
Ion	0.0	0.1	1.0	10.0	100.0
Mg7+	0.039	0.042	0.058	0.080	0.126	
N4+	0.040	0.047	0.064	0.103	0.163	
N5+	0.041	0.029	0.117	0.207	0.378	
O5+	0.032	0.093	0.187	0.426	0.853	
O6+	0.010	0.041	0.042	0.054	0.083	
Step : 35
100.0
Ion	0.0	0.1	1.0	10.0	100.0
Mg7+	0.004	0.009	0.017	0.029	0.039	
N4+	0.001	0.010	0.020	0.033	0.044	
N5+	0.003	0.021	0.033	0.070	0.107	
O5+	0.004	0.033	0.065	0.125	0.254	
O6+	0.001	0.003	0.009	0.016	0.026	
10.0
Ion	0.0	0.1	1.0	10.0	100.0
Mg7+	0.040	0.045	0.033	0.093	0.152	
N4+	0.040	0.047	0.061	0.102	0.168	
N5+	0.041	0.077	0.107	0.208	0.339	
O5+	0.033	0.100	0.214	0.347	0.830	
O6+	0.039	0.040	0.043	0.060	0.084	
Step : 40
100.0
Ion	0.0	0.1	1.0	10.0	100.0
Mg7+	0.004	0.009	0.020	0.032	0.052	
N4+	0.004	0.010	0.018	0.032	0.041	
N5+	0.004	0.022	0.038	0.072	0.113	
Ne7+	0.004	0.006	0.013	0.027	0.039	
O5+	0.003	0.037	0.066	0.128	0.191	
O6+	0.004	0.005	0.011	0.017	0.026	
10.0
Ion	0.0	0.1	1.0	10.0	100.0
Mg7+	0.040	0.047	0.061	0.094	0.177	
N4+	0.040	0.000	0.065	0.105	0.147	
N5+	0.032	0.080	0.028	0.215	0.389	
Ne7+	0.040	0.042	0.032	0.074	0.116	
O5+	0.036	0.096	0.215	0.380	0.837	
O6+	0.010	0.040	0.008	0.060	0.081	
Step : 45
100.0
Ion	0.0	0.1	1.0	10.0	100.0
Mg7+	0.004	0.009	0.020	0.033	0.055	
N4+	0.004	0.011	0.021	0.036	0.039	
N5+	0.003	0.019	0.039	0.059	0.109	
Ne7+	0.001	0.007	0.014	0.025	0.037	
O5+	0.005	0.037	0.072	0.129	0.240	
O6+	0.004	0.003	0.009	0.016	0.025	
Si8+	0.001	0.005	0.007	0.014	0.023	
10.0
Ion	0.0	0.1	1.0	10.0	100.0
Mg7+	0.040	0.046	0.054	0.108	0.139	
N4+	0.040	0.049	0.062	0.097	0.140	
N5+	0.041	0.069	0.129	0.242	0.344	
Ne7+	0.039	0.043	0.052	0.076	0.114	
O5+	0.032	0.103	0.211	0.393	0.999	
O6+	0.039	0.012	0.045	0.057	0.078	
Si8+	0.039	0.040	0.043	0.031	0.064	
Step : 50
100.0
Ion	0.0	0.1	1.0	10.0	100.0
Mg7+	0.004	0.009	0.019	0.034	0.060	
N5+	0.003	0.021	0.047	0.066	0.117	
Ne7+	0.004	0.007	0.014	0.029	0.044	
O5+	0.003	0.042	0.065	0.117	0.208	
O6+	0.001	0.006	0.009	0.015	0.025	
Si8+	0.001	0.003	0.008	0.016	0.027	
10.0
Ion	0.0	0.1	1.0	10.0	100.0
Mg7+	0.040	0.046	0.034	0.121	0.171	
N5+	0.032	0.066	0.132	0.235	0.401	
Ne7+	0.040	0.043	0.032	0.095	0.142	
O5+	0.032	0.099	0.243	0.440	0.925	
O6+	0.040	0.041	0.047	0.054	0.090	
Si8+	0.039	0.041	0.042	0.057	0.078	
Step : 55
100.0
Ion	0.0	0.1	1.0	10.0	100.0
Mg7+	0.004	0.010	0.019	0.037	0.054	
N5+	0.004	0.023	0.036	0.070	0.113	
Ne7+	0.004	0.007	0.015	0.027	0.042	
O5+	0.003	0.041	0.070	0.123	0.212	
O6+	0.004	0.006	0.010	0.021	0.028	
Si8+	0.004	0.001	0.009	0.017	0.023	
10.0
Ion	0.0	0.1	1.0	10.0	100.0
Mg7+	0.040	0.013	0.062	0.109	0.176	
N5+	0.012	0.072	0.139	0.228	0.326	
Ne7+	0.010	0.044	0.057	0.083	0.140	
O5+	0.033	0.116	0.244	0.429	0.810	
O6+	0.040	0.042	0.044	0.030	0.089	
Si8+	0.039	0.040	0.044	0.052	0.081	
