Step : 1
100.0
Ion	0.0	0.1	1.0	10.0	100.0
N5+	0.004	0.012	0.019	0.041	0.055	
N6+	0.003	0.037	0.074	0.126	0.295	
Ne8+	0.001	0.008	0.017	0.031	0.060	
O6+	0.004	0.022	0.038	0.065	0.107	
O7+	0.004	0.015	0.027	0.047	0.087	
10.0
Ion	0.0	0.1	1.0	10.0	100.0
N5+	0.025	0.051	0.069	0.126	0.172	
N6+	0.042	0.082	0.238	0.423	0.885	
Ne8+	0.040	0.046	0.061	0.114	0.185	
O6+	0.041	0.068	0.113	0.181	0.305	
O7+	0.040	0.028	0.079	0.197	0.277	
Step : 5
100.0
Ion	0.0	0.1	1.0	10.0	100.0
N5+	0.001	0.012	0.020	0.036	0.052	
N6+	0.005	0.031	0.071	0.145	0.283	
Ne8+	0.004	0.010	0.017	0.036	0.051	
O6+	0.003	0.022	0.040	0.075	0.110	
O7+	0.004	0.013	0.028	0.051	0.090	
10.0
Ion	0.0	0.1	1.0	10.0	100.0
N5+	0.041	0.031	0.066	0.119	0.173	
N6+	0.044	0.091	0.232	0.425	0.724	
Ne8+	0.040	0.046	0.058	0.115	0.188	
O6+	0.034	0.068	0.115	0.219	0.313	
O7+	0.040	0.053	0.096	0.153	0.251	
Step : 10
100.0
Ion	0.0	0.1	1.0	10.0	100.0
N5+	0.001	0.011	0.024	0.030	0.056	
N6+	0.005	0.038	0.063	0.130	0.302	
Ne7+	0.004	0.007	0.014	0.022	0.036	
Ne8+	0.001	0.011	0.025	0.047	0.078	
O6+	0.004	0.021	0.040	0.081	0.120	
O7+	0.004	0.013	0.028	0.055	0.087	
10.0
Ion	0.0	0.1	1.0	10.0	100.0
N5+	0.040	0.044	0.065	0.110	0.165	
N6+	0.034	0.102	0.240	0.460	0.984	
Ne7+	0.039	0.042	0.031	0.076	0.114	
Ne8+	0.040	0.046	0.071	0.136	0.214	
O6+	0.041	0.085	0.134	0.217	0.349	
O7+	0.040	0.030	0.077	0.162	0.283	
Step : 15
100.0
Ion	0.0	0.1	1.0	10.0	100.0
N5+	0.001	0.011	0.020	0.036	0.055	
N6+	0.004	0.034	0.067	0.147	0.262	
Ne7+	0.004	0.008	0.016	0.025	0.032	
Ne8+	0.001	0.012	0.026	0.051	0.079	
O6+	0.003	0.022	0.039	0.075	0.131	
O7+	0.004	0.015	0.030	0.049	0.090	
10.0
Ion	0.0	0.1	1.0	10.0	100.0
N5+	0.026	0.028	0.064	0.091	0.173	
N6+	0.032	0.117	0.228	0.414	0.900	
Ne7+	0.040	0.042	0.052	0.083	0.125	
Ne8+	0.040	0.051	0.083	0.163	0.246	
O6+	0.031	0.080	0.136	0.236	0.426	
O7+	0.040	0.030	0.082	0.170	0.282	
Step : 20
100.0
Ion	0.0	0.1	1.0	10.0	100.0
N5+	0.004	0.010	0.019	0.033	0.045	
N6+	0.005	0.042	0.062	0.135	0.280	
Ne7+	0.004	0.009	0.014	0.025	0.040	
Ne8+	0.001	0.012	0.027	0.052	0.084	
O6+	0.004	0.022	0.041	0.070	0.138	
O7+	0.004	0.013	0.027	0.048	0.078	
10.0
Ion	0.0	0.1	1.0	10.0	100.0
N5+	0.040	0.013	0.067	0.100	0.142	
N6+	0.029	0.096	0.220	0.391	0.903	
Ne7+	0.040	0.045	0.055	0.089	0.122	
Ne8+	0.040	0.053	0.083	0.155	0.269	
O6+	0.042	0.074	0.128	0.262	0.412	
O7+	0.012	0.028	0.097	0.193	0.272	
Step : 25
100.0
Ion	0.0	0.1	1.0	10.0	100.0
N5+	0.004	0.011	0.021	0.033	0.058	
N6+	0.005	0.041	0.063	0.130	0.314	
Ne7+	0.004	0.008	0.016	0.031	0.040	
Ne8+	0.004	0.014	0.030	0.050	0.099	
O6+	0.004	0.025	0.046	0.074	0.137	
O7+	0.004	0.013	0.026	0.054	0.086	
10.0
Ion	0.0	0.1	1.0	10.0	100.0
N5+	0.040	0.029	0.063	0.112	0.172	
N6+	0.032	0.071	0.249	0.476	0.953	
Ne7+	0.040	0.043	0.031	0.088	0.103	
Ne8+	0.026	0.029	0.097	0.157	0.276	
O6+	0.042	0.076	0.129	0.234	0.408	
O7+	0.040	0.027	0.091	0.162	0.318	
Step : 30
100.0
Ion	0.0	0.1	1.0	10.0	100.0
N5+	0.001	0.011	0.020	0.038	0.050	
N6+	0.004	0.038	0.077	0.115	0.305	
Ne7+	0.004	0.009	0.016	0.026	0.041	
Ne8+	0.001	0.014	0.029	0.059	0.083	
O6+	0.004	0.023	0.044	0.073	0.120	
O7+	0.004	0.014	0.029	0.049	0.089	
10.0
Ion	0.0	0.1	1.0	10.0	100.0
N5+	0.040	0.046	0.060	0.110	0.166	
N6+	0.045	0.097	0.244	0.461	0.923	
Ne7+	0.040	0.044	0.057	0.082	0.140	
Ne8+	0.039	0.055	0.079	0.184	0.300	
O6+	0.033	0.076	0.139	0.273	0.424	
O7+	0.040	0.058	0.088	0.165	0.256	
Step : 35
100.0
Ion	0.0	0.1	1.0	10.0	100.0
Mg9+	0.001	0.007	0.014	0.024	0.049	
N5+	0.001	0.011	0.021	0.031	0.048	
N6+	0.003	0.035	0.067	0.132	0.291	
Ne7+	0.004	0.009	0.018	0.026	0.047	
Ne8+	0.001	0.014	0.027	0.056	0.092	
O6+	0.003	0.023	0.045	0.086	0.123	
O7+	0.003	0.014	0.024	0.052	0.091	
10.0
Ion	0.0	0.1	1.0	10.0	100.0
Mg9+	0.039	0.042	0.031	0.084	0.150	
N5+	0.040	0.049	0.070	0.100	0.158	
N6+	0.032	0.103	0.209	0.510	0.894	
Ne7+	0.040	0.045	0.030	0.102	0.148	
Ne8+	0.026	0.056	0.096	0.180	0.346	
O6+	0.031	0.084	0.146	0.238	0.464	
O7+	0.040	0.032	0.086	0.184	0.332	
Step : 40
100.0
Ion	0.0	0.1	1.0	10.0	100.0
Mg9+	0.004	0.008	0.015	0.026	0.039	
N5+	0.001	0.010	0.021	0.032	0.044	
N6+	0.005	0.041	0.072	0.141	0.292	
Ne7+	0.004	0.009	0.017	0.031	0.043	
Ne8+	0.001	0.014	0.031	0.055	0.101	
O6+	0.004	0.024	0.041	0.076	0.145	
O7+	0.004	0.014	0.027	0.049	0.088	
10.0
Ion	0.0	0.1	1.0	10.0	100.0
Mg9+	0.039	0.042	0.031	0.076	0.146	
N5+	0.013	0.030	0.064	0.100	0.166	
N6+	0.033	0.093	0.200	0.452	0.920	
Ne7+	0.040	0.006	0.057	0.085	0.145	
Ne8+	0.013	0.059	0.097	0.167	0.342	
O6+	0.042	0.074	0.136	0.239	0.457	
O7+	0.040	0.028	0.094	0.162	0.296	
Step : 45
100.0
Ion	0.0	0.1	1.0	10.0	100.0
Mg9+	0.001	0.003	0.014	0.029	0.046	
N5+	0.001	0.010	0.020	0.038	0.045	
N6+	0.004	0.043	0.068	0.148	0.225	
Ne7+	0.001	0.009	0.019	0.028	0.051	
Ne8+	0.001	0.014	0.030	0.052	0.125	
O6+	0.004	0.021	0.042	0.071	0.124	
O7+	0.004	0.014	0.025	0.052	0.082	
10.0
Ion	0.0	0.1	1.0	10.0	100.0
Mg9+	0.039	0.041	0.049	0.079	0.027	
N5+	0.040	0.046	0.065	0.095	0.156	
N6+	0.032	0.104	0.221	0.458	0.974	
Ne7+	0.040	0.045	0.056	0.102	0.144	
Ne8+	0.040	0.059	0.096	0.196	0.364	
O6+	0.031	0.089	0.141	0.226	0.398	
O7+	0.040	0.057	0.094	0.158	0.322	
Step : 50
100.0
Ion	0.0	0.1	1.0	10.0	100.0
Mg9+	0.004	0.008	0.016	0.028	0.052	
N5+	0.001	0.010	0.020	0.035	0.050	
N6+	0.005	0.043	0.065	0.137	0.253	
Ne7+	0.004	0.009	0.019	0.032	0.043	
Ne8+	0.004	0.015	0.034	0.054	0.109	
O6+	0.004	0.026	0.041	0.075	0.141	
O7+	0.004	0.015	0.028	0.051	0.085	
10.0
Ion	0.0	0.1	1.0	10.0	100.0
Mg9+	0.039	0.044	0.030	0.083	0.163	
N5+	0.040	0.046	0.060	0.121	0.131	
N6+	0.031	0.110	0.233	0.442	0.925	
Ne7+	0.040	0.046	0.061	0.111	0.134	
Ne8+	0.041	0.063	0.104	0.186	0.363	
O6+	0.041	0.095	0.147	0.291	0.500	
O7+	0.040	0.028	0.082	0.167	0.243	
Step : 55
100.0
Ion	0.0	0.1	1.0	10.0	100.0
Mg9+	0.001	0.003	0.015	0.030	0.044	
N5+	0.001	0.010	0.019	0.039	0.048	
N6+	0.003	0.042	0.073	0.150	0.281	
Ne7+	0.001	0.009	0.018	0.028	0.039	
Ne8+	0.001	0.014	0.031	0.064	0.081	
O6+	0.003	0.023	0.043	0.081	0.132	
O7+	0.004	0.013	0.027	0.052	0.084	
10.0
Ion	0.0	0.1	1.0	10.0	100.0
Mg9+	0.010	0.032	0.051	0.099	0.149	
N5+	0.040	0.048	0.060	0.101	0.152	
N6+	0.032	0.109	0.212	0.433	0.910	
Ne7+	0.040	0.045	0.061	0.087	0.140	
Ne8+	0.040	0.031	0.109	0.186	0.333	
O6+	0.031	0.068	0.159	0.248	0.385	
O7+	0.040	0.050	0.089	0.169	0.284	
