Step : 1
100.0
Ion	0.0	0.1	1.0	10.0	100.0
N6+	0.001	0.013	0.022	0.038	0.058	
N7+	0.006	0.063	0.106	0.195	0.441	
O7+	0.004	0.016	0.026	0.045	0.066	
O8+	0.006	0.038	0.058	0.104	0.182	
10.0
Ion	0.0	0.1	1.0	10.0	100.0
N6+	0.039	0.026	0.069	0.113	0.177	
N7+	0.030	0.072	0.344	0.674	0.064	
O7+	0.040	0.051	0.085	0.165	0.279	
O8+	0.034	0.088	0.164	0.357	0.531	
Step : 5
100.0
Ion	0.0	0.1	1.0	10.0	100.0
N6+	0.001	0.011	0.024	0.042	0.059	
N7+	0.003	0.065	0.098	0.205	0.435	
O7+	0.004	0.017	0.025	0.053	0.081	
O8+	0.004	0.023	0.047	0.089	0.172	
10.0
Ion	0.0	0.1	1.0	10.0	100.0
N6+	0.040	0.049	0.060	0.117	0.199	
N7+	0.030	0.065	0.316	0.709	0.062	
O7+	0.040	0.030	0.082	0.153	0.267	
O8+	0.041	0.029	0.125	0.297	0.596	
Step : 10
100.0
Ion	0.0	0.1	1.0	10.0	100.0
N6+	0.004	0.011	0.022	0.033	0.043	
N7+	0.005	0.057	0.086	0.200	0.459	
O7+	0.004	0.015	0.028	0.058	0.072	
O8+	0.004	0.026	0.052	0.104	0.169	
10.0
Ion	0.0	0.1	1.0	10.0	100.0
N6+	0.012	0.030	0.060	0.131	0.143	
N7+	0.030	0.110	0.321	0.682	0.025	
O7+	0.041	0.061	0.080	0.167	0.210	
O8+	0.031	0.085	0.148	0.300	0.601	
Step : 15
100.0
Ion	0.0	0.1	1.0	10.0	100.0
Mg10+	0.001	0.004	0.006	0.012	0.018	
N6+	0.001	0.011	0.021	0.032	0.050	
N7+	0.003	0.058	0.096	0.228	0.492	
O7+	0.004	0.015	0.028	0.053	0.082	
O8+	0.003	0.024	0.049	0.092	0.193	
10.0
Ion	0.0	0.1	1.0	10.0	100.0
Mg10+	0.010	0.040	0.042	0.049	0.061	
N6+	0.040	0.047	0.064	0.120	0.166	
N7+	0.032	0.069	0.327	0.720	0.014	
O7+	0.013	0.056	0.105	0.151	0.254	
O8+	0.032	0.091	0.164	0.329	0.649	
Step : 20
100.0
Ion	0.0	0.1	1.0	10.0	100.0
Mg10+	0.004	0.001	0.007	0.015	0.022	
N6+	0.004	0.012	0.020	0.033	0.045	
N7+	0.005	0.061	0.106	0.205	0.467	
O7+	0.004	0.016	0.027	0.052	0.082	
O8+	0.003	0.024	0.047	0.102	0.201	
10.0
Ion	0.0	0.1	1.0	10.0	100.0
Mg10+	0.010	0.040	0.042	0.032	0.072	
N6+	0.040	0.013	0.063	0.119	0.150	
N7+	0.049	0.069	0.325	0.797	0.052	
O7+	0.040	0.064	0.090	0.163	0.229	
O8+	0.030	0.084	0.154	0.266	0.638	
Step : 25
100.0
Ion	0.0	0.1	1.0	10.0	100.0
Mg10+	0.004	0.005	0.008	0.013	0.022	
N6+	0.004	0.011	0.021	0.029	0.050	
N7+	0.005	0.065	0.106	0.207	0.472	
O7+	0.003	0.018	0.033	0.051	0.071	
O8+	0.004	0.025	0.050	0.098	0.178	
10.0
Ion	0.0	0.1	1.0	10.0	100.0
Mg10+	0.010	0.040	0.043	0.032	0.072	
N6+	0.013	0.011	0.061	0.109	0.160	
N7+	0.048	0.066	0.281	0.752	0.026	
O7+	0.012	0.060	0.108	0.170	0.266	
O8+	0.034	0.087	0.175	0.313	0.689	
Step : 30
100.0
Ion	0.0	0.1	1.0	10.0	100.0
Mg10+	0.004	0.003	0.008	0.016	0.022	
N6+	0.004	0.010	0.023	0.034	0.048	
N7+	0.005	0.061	0.106	0.213	0.584	
O7+	0.004	0.016	0.031	0.054	0.073	
O8+	0.003	0.023	0.054	0.095	0.143	
10.0
Ion	0.0	0.1	1.0	10.0	100.0
Mg10+	0.039	0.040	0.044	0.062	0.075	
N6+	0.040	0.048	0.063	0.124	0.161	
N7+	0.049	0.129	0.319	0.821	0.034	
O7+	0.040	0.030	0.097	0.151	0.218	
O8+	0.030	0.085	0.157	0.304	0.602	
Step : 35
100.0
Ion	0.0	0.1	1.0	10.0	100.0
Mg10+	0.001	0.003	0.009	0.018	0.024	
N6+	0.001	0.010	0.022	0.037	0.049	
N7+	0.005	0.059	0.113	0.247	0.505	
O7+	0.004	0.016	0.032	0.050	0.092	
O8+	0.004	0.028	0.055	0.099	0.191	
10.0
Ion	0.0	0.1	1.0	10.0	100.0
Mg10+	0.040	0.040	0.006	0.052	0.074	
N6+	0.040	0.014	0.064	0.112	0.160	
N7+	0.049	0.121	0.324	0.786	0.068	
O7+	0.029	0.062	0.088	0.144	0.277	
O8+	0.033	0.083	0.153	0.271	0.743	
Step : 40
100.0
Ion	0.0	0.1	1.0	10.0	100.0
Mg10+	0.004	0.004	0.010	0.016	0.030	
N6+	0.001	0.012	0.021	0.039	0.046	
N7+	0.005	0.068	0.110	0.224	0.586	
O7+	0.004	0.016	0.029	0.060	0.084	
O8+	0.003	0.026	0.053	0.094	0.212	
10.0
Ion	0.0	0.1	1.0	10.0	100.0
Mg10+	0.039	0.041	0.047	0.057	0.088	
N6+	0.040	0.048	0.065	0.098	0.180	
N7+	0.047	0.075	0.319	0.715	0.026	
O7+	0.013	0.063	0.090	0.189	0.277	
O8+	0.034	0.075	0.163	0.327	0.774	
Step : 45
100.0
Ion	0.0	0.1	1.0	10.0	100.0
Mg10+	0.001	0.002	0.008	0.019	0.028	
N6+	0.001	0.009	0.020	0.036	0.042	
N7+	0.003	0.062	0.096	0.223	0.476	
O7+	0.004	0.017	0.030	0.059	0.086	
O8+	0.004	0.024	0.052	0.100	0.164	
10.0
Ion	0.0	0.1	1.0	10.0	100.0
Mg10+	0.010	0.041	0.045	0.033	0.094	
N6+	0.040	0.028	0.066	0.109	0.151	
N7+	0.047	0.129	0.344	0.796	0.059	
O7+	0.012	0.061	0.098	0.194	0.249	
O8+	0.030	0.094	0.162	0.278	0.666	
Step : 50
100.0
Ion	0.0	0.1	1.0	10.0	100.0
Mg10+	0.001	0.003	0.009	0.017	0.024	
N6+	0.004	0.011	0.023	0.034	0.054	
N7+	0.003	0.053	0.100	0.233	0.409	
O7+	0.004	0.014	0.032	0.053	0.064	
O8+	0.003	0.025	0.050	0.094	0.185	
10.0
Ion	0.0	0.1	1.0	10.0	100.0
Mg10+	0.040	0.041	0.045	0.058	0.086	
N6+	0.025	0.009	0.066	0.127	0.162	
N7+	0.030	0.027	0.330	0.742	0.063	
O7+	0.040	0.058	0.089	0.162	0.253	
O8+	0.034	0.088	0.145	0.338	0.838	
Step : 55
100.0
Ion	0.0	0.1	1.0	10.0	100.0
Mg10+	0.001	0.005	0.010	0.016	0.026	
N6+	0.001	0.012	0.021	0.036	0.054	
N7+	0.005	0.056	0.109	0.232	0.584	
O7+	0.004	0.019	0.030	0.051	0.082	
O8+	0.004	0.026	0.047	0.106	0.170	
10.0
Ion	0.0	0.1	1.0	10.0	100.0
Mg10+	0.039	0.041	0.043	0.053	0.084	
N6+	0.040	0.010	0.067	0.107	0.168	
N7+	0.049	0.068	0.301	0.753	0.056	
O7+	0.040	0.029	0.094	0.185	0.246	
O8+	0.042	0.084	0.159	0.316	0.683	
