Step : 1
Step : 5
100.0
Ion	0.0	0.1	1.0	10.0	100.0
Ca11+	0.003	0.022	0.046	0.080	0.125	
Ca9+	0.003	0.021	0.035	0.064	0.099	
Fe12+	0.001	0.012	0.020	0.039	0.052	
Fe13+	0.003	0.028	0.052	0.103	0.143	
Fe14+	0.003	0.030	0.055	0.105	0.210	
Fe15+	0.003	0.013	0.027	0.053	0.074	
Fe16+	0.004	0.006	0.010	0.018	0.028	
Mg6+	0.004	0.013	0.020	0.028	0.030	
Mg7+	0.004	0.007	0.013	0.021	0.024	
S7+	0.004	0.007	0.012	0.021	0.027	
S8+	0.005	0.059	0.080	0.139	0.224	
S9+	0.004	0.019	0.037	0.061	0.095	
Si7+	0.004	0.026	0.044	0.065	0.076	
Si8+	0.004	0.014	0.027	0.040	0.064	
10.0
Ion	0.0	0.1	1.0	10.0	100.0
Ca11+	0.042	0.093	0.166	0.259	0.369	
Ca9+	0.042	0.069	0.116	0.198	0.331	
Fe12+	0.040	0.047	0.065	0.106	0.174	
Fe13+	0.033	0.096	0.163	0.298	0.656	
Fe14+	0.042	0.103	0.185	0.396	0.712	
Fe15+	0.025	0.029	0.074	0.147	0.270	
Fe16+	0.039	0.041	0.009	0.030	0.089	
Mg6+	0.040	0.030	0.066	0.085	0.096	
Mg7+	0.040	0.044	0.033	0.063	0.080	
S7+	0.040	0.043	0.047	0.062	0.091	
S8+	0.048	0.134	0.245	0.450	0.777	
S9+	0.031	0.028	0.110	0.205	0.268	
Si7+	0.034	0.079	0.029	0.226	0.297	
Si8+	0.041	0.027	0.077	0.129	0.199	
Step : 10
100.0
Ion	0.0	0.1	1.0	10.0	100.0
Ca11+	0.004	0.024	0.035	0.074	0.122	
Ca9+	0.004	0.021	0.039	0.061	0.091	
Fe12+	0.001	0.012	0.022	0.043	0.052	
Fe13+	0.005	0.032	0.061	0.118	0.218	
Fe14+	0.003	0.035	0.064	0.112	0.218	
Fe15+	0.004	0.013	0.030	0.047	0.073	
Fe16+	0.004	0.003	0.003	0.017	0.026	
Mg6+	0.004	0.012	0.021	0.032	0.039	
Mg7+	0.004	0.008	0.014	0.023	0.034	
S7+	0.004	0.007	0.011	0.018	0.024	
S8+	0.005	0.063	0.080	0.163	0.216	
S9+	0.003	0.019	0.038	0.059	0.087	
Si7+	0.005	0.025	0.043	0.067	0.100	
Si8+	0.004	0.015	0.027	0.047	0.060	
10.0
Ion	0.0	0.1	1.0	10.0	100.0
Ca11+	0.033	0.095	0.133	0.233	0.412	
Ca9+	0.034	0.071	0.104	0.184	0.334	
Fe12+	0.040	0.053	0.075	0.109	0.182	
Fe13+	0.042	0.110	0.188	0.355	0.834	
Fe14+	0.033	0.109	0.185	0.358	0.865	
Fe15+	0.040	0.030	0.075	0.157	0.218	
Fe16+	0.010	0.040	0.045	0.030	0.085	
Mg6+	0.030	0.029	0.073	0.107	0.130	
Mg7+	0.039	0.043	0.031	0.065	0.096	
S7+	0.039	0.044	0.047	0.066	0.094	
S8+	0.056	0.138	0.274	0.511	0.863	
S9+	0.033	0.075	0.116	0.184	0.272	
Si7+	0.034	0.098	0.145	0.242	0.300	
Si8+	0.040	0.029	0.080	0.145	0.210	
Step : 15
100.0
Ion	0.0	0.1	1.0	10.0	100.0
Ca11+	0.003	0.021	0.046	0.072	0.104	
Ca9+	0.004	0.019	0.038	0.059	0.096	
Fe12+	0.001	0.011	0.024	0.039	0.051	
Fe13+	0.005	0.036	0.064	0.121	0.233	
Fe14+	0.004	0.030	0.070	0.114	0.217	
Fe15+	0.004	0.013	0.027	0.046	0.077	
Fe16+	0.001	0.003	0.009	0.016	0.021	
Mg6+	0.004	0.014	0.020	0.030	0.041	
Mg7+	0.001	0.008	0.013	0.025	0.031	
S7+	0.004	0.007	0.010	0.017	0.024	
S8+	0.003	0.060	0.099	0.173	0.249	
S9+	0.003	0.019	0.035	0.061	0.090	
Si7+	0.005	0.029	0.042	0.072	0.093	
Si8+	0.004	0.014	0.030	0.047	0.070	
10.0
Ion	0.0	0.1	1.0	10.0	100.0
Ca11+	0.041	0.083	0.126	0.231	0.347	
Ca9+	0.026	0.071	0.109	0.212	0.293	
Fe12+	0.040	0.049	0.074	0.131	0.181	
Fe13+	0.033	0.098	0.206	0.378	0.816	
Fe14+	0.034	0.099	0.194	0.439	0.898	
Fe15+	0.040	0.053	0.082	0.152	0.257	
Fe16+	0.010	0.041	0.041	0.030	0.073	
Mg6+	0.041	0.030	0.065	0.097	0.126	
Mg7+	0.040	0.043	0.052	0.073	0.102	
S7+	0.039	0.043	0.048	0.061	0.089	
S8+	0.052	0.072	0.270	0.475	0.969	
S9+	0.033	0.075	0.100	0.195	0.292	
Si7+	0.034	0.088	0.144	0.204	0.286	
Si8+	0.040	0.029	0.085	0.147	0.206	
Step : 20
100.0
Ion	0.0	0.1	1.0	10.0	100.0
Ca11+	0.004	0.023	0.040	0.062	0.117	
Ca9+	0.003	0.018	0.034	0.059	0.078	
Fe12+	0.001	0.013	0.021	0.043	0.058	
Fe13+	0.005	0.035	0.066	0.118	0.256	
Fe14+	0.003	0.033	0.066	0.118	0.246	
Fe15+	0.003	0.014	0.025	0.047	0.074	
Fe16+	0.001	0.003	0.008	0.013	0.023	
Mg6+	0.003	0.014	0.023	0.031	0.039	
Mg7+	0.004	0.009	0.017	0.024	0.033	
S7+	0.004	0.006	0.011	0.017	0.024	
S8+	0.006	0.058	0.087	0.164	0.234	
S9+	0.003	0.022	0.029	0.058	0.082	
Si7+	0.003	0.025	0.040	0.065	0.096	
Si8+	0.003	0.014	0.025	0.045	0.072	
10.0
Ion	0.0	0.1	1.0	10.0	100.0
Ca11+	0.036	0.078	0.146	0.215	0.352	
Ca9+	0.030	0.063	0.121	0.184	0.260	
Fe12+	0.040	0.027	0.071	0.114	0.192	
Fe13+	0.032	0.114	0.198	0.424	0.897	
Fe14+	0.041	0.085	0.179	0.399	0.905	
Fe15+	0.040	0.053	0.084	0.143	0.238	
Fe16+	0.040	0.040	0.043	0.012	0.075	
Mg6+	0.040	0.032	0.067	0.104	0.107	
Mg7+	0.040	0.043	0.056	0.075	0.097	
S7+	0.040	0.042	0.044	0.066	0.089	
S8+	0.052	0.089	0.305	0.583	0.922	
S9+	0.042	0.029	0.104	0.193	0.241	
Si7+	0.034	0.090	0.149	0.219	0.321	
Si8+	0.040	0.062	0.077	0.152	0.227	
Step : 25
100.0
Ion	0.0	0.1	1.0	10.0	100.0
Ca11+	0.004	0.024	0.042	0.081	0.104	
Ca9+	0.004	0.016	0.036	0.057	0.080	
Fe12+	0.001	0.012	0.022	0.037	0.055	
Fe13+	0.003	0.042	0.065	0.122	0.254	
Fe14+	0.005	0.035	0.067	0.137	0.232	
Fe15+	0.004	0.012	0.025	0.046	0.083	
Fe16+	0.001	0.003	0.007	0.013	0.022	
Mg6+	0.003	0.016	0.022	0.032	0.036	
Mg7+	0.004	0.008	0.014	0.021	0.028	
S7+	0.004	0.006	0.011	0.017	0.023	
S8+	0.005	0.067	0.078	0.148	0.178	
S9+	0.004	0.021	0.031	0.065	0.100	
Si7+	0.003	0.023	0.043	0.063	0.076	
Si8+	0.004	0.015	0.027	0.043	0.060	
10.0
Ion	0.0	0.1	1.0	10.0	100.0
Ca11+	0.035	0.066	0.145	0.224	0.383	
Ca9+	0.041	0.064	0.096	0.180	0.295	
Fe12+	0.040	0.028	0.080	0.131	0.176	
Fe13+	0.033	0.106	0.222	0.438	0.938	
Fe14+	0.031	0.121	0.187	0.423	0.854	
Fe15+	0.013	0.052	0.074	0.141	0.246	
Fe16+	0.010	0.041	0.042	0.051	0.071	
Mg6+	0.029	0.053	0.070	0.090	0.149	
Mg7+	0.040	0.043	0.056	0.073	0.106	
S7+	0.040	0.004	0.045	0.051	0.072	
S8+	0.032	0.076	0.270	0.441	0.848	
S9+	0.032	0.070	0.113	0.187	0.283	
Si7+	0.037	0.096	0.130	0.180	0.277	
Si8+	0.040	0.031	0.092	0.135	0.219	
Step : 30
100.0
Ion	0.0	0.1	1.0	10.0	100.0
Ca11+	0.003	0.023	0.040	0.067	0.107	
Ca9+	0.004	0.019	0.034	0.061	0.086	
Fe12+	0.001	0.015	0.022	0.040	0.063	
Fe13+	0.002	0.040	0.071	0.133	0.225	
Fe14+	0.003	0.031	0.062	0.135	0.257	
Fe15+	0.004	0.013	0.024	0.037	0.085	
Fe16+	0.004	0.001	0.007	0.014	0.022	
Mg6+	0.004	0.013	0.023	0.032	0.041	
Mg7+	0.004	0.008	0.014	0.025	0.034	
S7+	0.001	0.003	0.010	0.015	0.023	
S8+	0.005	0.067	0.086	0.152	0.268	
S9+	0.003	0.022	0.033	0.064	0.078	
Si7+	0.003	0.025	0.042	0.077	0.086	
Si8+	0.003	0.016	0.029	0.049	0.066	
10.0
Ion	0.0	0.1	1.0	10.0	100.0
Ca11+	0.033	0.082	0.130	0.213	0.334	
Ca9+	0.032	0.068	0.099	0.185	0.312	
Fe12+	0.040	0.030	0.076	0.130	0.199	
Fe13+	0.032	0.097	0.211	0.424	0.932	
Fe14+	0.041	0.101	0.187	0.368	0.943	
Fe15+	0.040	0.051	0.079	0.142	0.202	
Fe16+	0.010	0.040	0.043	0.033	0.073	
Mg6+	0.040	0.032	0.067	0.097	0.139	
Mg7+	0.040	0.044	0.056	0.070	0.112	
S7+	0.010	0.042	0.045	0.051	0.075	
S8+	0.050	0.131	0.290	0.488	0.867	
S9+	0.033	0.029	0.114	0.197	0.257	
Si7+	0.035	0.094	0.141	0.209	0.311	
Si8+	0.040	0.029	0.083	0.143	0.221	
Step : 35
100.0
Ion	0.0	0.1	1.0	10.0	100.0
Ca11+	0.003	0.022	0.041	0.069	0.124	
Ca9+	0.003	0.018	0.034	0.052	0.092	
Fe12+	0.001	0.011	0.023	0.044	0.069	
Fe13+	0.005	0.038	0.070	0.145	0.228	
Fe14+	0.004	0.030	0.056	0.133	0.256	
Fe15+	0.003	0.012	0.023	0.046	0.070	
Fe16+	0.001	0.005	0.003	0.012	0.023	
Mg6+	0.004	0.013	0.018	0.031	0.038	
Mg7+	0.004	0.007	0.015	0.023	0.027	
S7+	0.004	0.006	0.009	0.014	0.022	
S8+	0.005	0.061	0.089	0.169	0.244	
S9+	0.004	0.020	0.035	0.066	0.088	
Si7+	0.004	0.025	0.046	0.064	0.091	
Si8+	0.003	0.017	0.026	0.048	0.058	
10.0
Ion	0.0	0.1	1.0	10.0	100.0
Ca11+	0.034	0.082	0.127	0.228	0.359	
Ca9+	0.027	0.030	0.102	0.174	0.298	
Fe12+	0.026	0.049	0.073	0.153	0.172	
Fe13+	0.033	0.090	0.220	0.444	0.950	
Fe14+	0.036	0.113	0.181	0.401	0.843	
Fe15+	0.040	0.050	0.079	0.146	0.222	
Fe16+	0.039	0.040	0.044	0.031	0.067	
Mg6+	0.012	0.032	0.070	0.096	0.103	
Mg7+	0.039	0.045	0.052	0.070	0.102	
S7+	0.010	0.041	0.045	0.050	0.063	
S8+	0.052	0.096	0.291	0.466	0.913	
S9+	0.034	0.029	0.118	0.185	0.235	
Si7+	0.035	0.105	0.121	0.212	0.308	
Si8+	0.025	0.029	0.096	0.152	0.220	
Step : 40
100.0
Ion	0.0	0.1	1.0	10.0	100.0
Ca11+	0.003	0.022	0.038	0.064	0.096	
Ca9+	0.003	0.018	0.034	0.054	0.083	
Fe12+	0.004	0.014	0.025	0.044	0.065	
Fe13+	0.005	0.042	0.073	0.127	0.246	
Fe14+	0.004	0.032	0.064	0.099	0.248	
Fe15+	0.004	0.012	0.025	0.040	0.081	
Fe16+	0.001	0.001	0.008	0.012	0.021	
Mg6+	0.004	0.013	0.020	0.031	0.035	
Mg7+	0.004	0.008	0.013	0.023	0.031	
S7+	0.004	0.005	0.009	0.016	0.021	
S8+	0.005	0.069	0.078	0.133	0.195	
S9+	0.004	0.021	0.035	0.062	0.088	
Si7+	0.004	0.027	0.042	0.075	0.092	
Si8+	0.003	0.015	0.030	0.045	0.063	
10.0
Ion	0.0	0.1	1.0	10.0	100.0
Ca11+	0.031	0.079	0.136	0.191	0.342	
Ca9+	0.041	0.066	0.098	0.193	0.266	
Fe12+	0.026	0.051	0.070	0.139	0.212	
Fe13+	0.031	0.109	0.234	0.431	0.855	
Fe14+	0.033	0.113	0.218	0.378	0.928	
Fe15+	0.025	0.030	0.075	0.150	0.231	
Fe16+	0.010	0.040	0.042	0.050	0.064	
Mg6+	0.034	0.055	0.065	0.100	0.111	
Mg7+	0.040	0.046	0.032	0.075	0.106	
S7+	0.040	0.042	0.045	0.055	0.070	
S8+	0.052	0.075	0.250	0.449	0.809	
S9+	0.041	0.078	0.116	0.190	0.280	
Si7+	0.033	0.075	0.124	0.210	0.322	
Si8+	0.041	0.029	0.100	0.154	0.209	
Step : 45
100.0
Ion	0.0	0.1	1.0	10.0	100.0
Ca11+	0.004	0.023	0.037	0.069	0.112	
Fe13+	0.003	0.037	0.068	0.126	0.276	
Fe14+	0.003	0.030	0.064	0.134	0.215	
Fe15+	0.004	0.011	0.024	0.033	0.066	
Fe16+	0.004	0.001	0.006	0.013	0.020	
Mg6+	0.003	0.014	0.022	0.033	0.042	
Mg7+	0.004	0.008	0.015	0.023	0.030	
S8+	0.005	0.058	0.092	0.135	0.204	
S9+	0.004	0.018	0.037	0.057	0.082	
Si7+	0.005	0.022	0.041	0.061	0.095	
Si8+	0.004	0.015	0.030	0.050	0.070	
10.0
Ion	0.0	0.1	1.0	10.0	100.0
Ca11+	0.032	0.029	0.112	0.213	0.303	
Fe13+	0.030	0.111	0.227	0.407	0.813	
Fe14+	0.031	0.098	0.189	0.424	0.838	
Fe15+	0.040	0.028	0.080	0.142	0.205	
Fe16+	0.040	0.010	0.042	0.050	0.062	
Mg6+	0.012	0.028	0.079	0.111	0.141	
Mg7+	0.040	0.044	0.052	0.068	0.104	
S8+	0.051	0.115	0.302	0.511	0.714	
S9+	0.033	0.066	0.107	0.210	0.283	
Si7+	0.033	0.084	0.136	0.194	0.299	
Si8+	0.041	0.061	0.092	0.166	0.225	
Step : 50
100.0
Ion	0.0	0.1	1.0	10.0	100.0
Ca11+	0.003	0.020	0.037	0.063	0.105	
Fe13+	0.005	0.040	0.077	0.125	0.243	
Fe14+	0.003	0.030	0.059	0.119	0.260	
Fe15+	0.004	0.012	0.024	0.042	0.070	
Fe16+	0.001	0.003	0.007	0.013	0.021	
Mg6+	0.004	0.013	0.023	0.034	0.038	
Mg7+	0.004	0.008	0.014	0.022	0.031	
S8+	0.001	0.052	0.081	0.137	0.248	
S9+	0.003	0.022	0.031	0.065	0.081	
Si7+	0.004	0.025	0.043	0.060	0.081	
Si8+	0.003	0.016	0.029	0.049	0.067	
10.0
Ion	0.0	0.1	1.0	10.0	100.0
Ca11+	0.030	0.084	0.134	0.201	0.363	
Fe13+	0.030	0.114	0.230	0.382	0.950	
Fe14+	0.035	0.102	0.201	0.403	0.897	
Fe15+	0.040	0.029	0.068	0.141	0.237	
Fe16+	0.040	0.039	0.043	0.034	0.063	
Mg6+	0.012	0.032	0.074	0.112	0.123	
Mg7+	0.040	0.046	0.032	0.070	0.100	
S8+	0.055	0.068	0.279	0.423	0.934	
S9+	0.031	0.070	0.111	0.196	0.276	
Si7+	0.036	0.082	0.126	0.191	0.259	
Si8+	0.031	0.031	0.085	0.139	0.207	
Step : 55
