Step : 1
Step : 5
100.0
Ion	0.0	0.1	1.0	10.0	100.0
Ca10+	0.003	0.026	0.041	0.077	0.116	
Ca12+	0.004	0.029	0.057	0.095	0.152	
Ca13+	0.001	0.007	0.014	0.022	0.031	
Fe14+	0.003	0.022	0.044	0.079	0.143	
Fe15+	0.005	0.034	0.069	0.129	0.235	
Fe16+	0.004	0.024	0.047	0.083	0.142	
Mg7+	0.004	0.014	0.020	0.033	0.050	
S10+	0.004	0.016	0.030	0.050	0.075	
S8+	0.004	0.014	0.024	0.040	0.056	
S9+	0.005	0.055	0.083	0.158	0.259	
Si7+	0.004	0.008	0.016	0.021	0.027	
Si8+	0.005	0.028	0.044	0.075	0.107	
Si9+	0.004	0.010	0.015	0.029	0.037	
10.0
Ion	0.0	0.1	1.0	10.0	100.0
Ca10+	0.032	0.078	0.136	0.250	0.341	
Ca12+	0.034	0.096	0.137	0.259	0.469	
Ca13+	0.040	0.005	0.015	0.070	0.096	
Fe14+	0.041	0.093	0.133	0.231	0.419	
Fe15+	0.035	0.095	0.198	0.395	0.864	
Fe16+	0.041	0.076	0.144	0.262	0.415	
Mg7+	0.041	0.030	0.071	0.109	0.141	
S10+	0.029	0.063	0.096	0.167	0.208	
S8+	0.041	0.030	0.075	0.112	0.195	
S9+	0.053	0.081	0.261	0.431	0.897	
Si7+	0.040	0.044	0.053	0.031	0.093	
Si8+	0.034	0.087	0.178	0.226	0.317	
Si9+	0.040	0.013	0.054	0.088	0.109	
Step : 10
100.0
Ion	0.0	0.1	1.0	10.0	100.0
Ca10+	0.003	0.024	0.042	0.077	0.114	
Ca12+	0.005	0.026	0.050	0.094	0.141	
Fe14+	0.004	0.027	0.050	0.077	0.147	
Fe15+	0.005	0.039	0.071	0.149	0.292	
Fe16+	0.002	0.019	0.039	0.087	0.131	
Fe17+	0.004	0.008	0.018	0.031	0.052	
Mg7+	0.003	0.017	0.022	0.042	0.059	
S10+	0.004	0.018	0.028	0.052	0.065	
S8+	0.004	0.014	0.026	0.038	0.054	
S9+	0.005	0.080	0.095	0.165	0.296	
Si7+	0.004	0.007	0.011	0.020	0.025	
Si8+	0.003	0.033	0.053	0.084	0.136	
Si9+	0.004	0.012	0.019	0.030	0.039	
10.0
Ion	0.0	0.1	1.0	10.0	100.0
Ca10+	0.042	0.088	0.132	0.232	0.354	
Ca12+	0.033	0.092	0.026	0.284	0.426	
Fe14+	0.031	0.093	0.149	0.342	0.522	
Fe15+	0.029	0.107	0.226	0.465	1.008	
Fe16+	0.028	0.066	0.121	0.238	0.470	
Fe17+	0.040	0.045	0.058	0.097	0.157	
Mg7+	0.041	0.030	0.082	0.147	0.183	
S10+	0.041	0.064	0.095	0.154	0.255	
S8+	0.032	0.029	0.063	0.118	0.184	
S9+	0.052	0.068	0.333	0.553	0.060	
Si7+	0.040	0.044	0.049	0.061	0.080	
Si8+	0.030	0.095	0.175	0.298	0.468	
Si9+	0.040	0.028	0.061	0.107	0.137	
Step : 15
100.0
Ion	0.0	0.1	1.0	10.0	100.0
Ca10+	0.004	0.022	0.041	0.072	0.114	
Ca12+	0.004	0.028	0.047	0.087	0.135	
Fe14+	0.003	0.027	0.056	0.106	0.149	
Fe15+	0.004	0.042	0.075	0.147	0.359	
Fe16+	0.004	0.022	0.040	0.078	0.141	
Fe17+	0.004	0.008	0.018	0.029	0.053	
Mg7+	0.003	0.019	0.025	0.042	0.052	
S10+	0.003	0.018	0.030	0.049	0.067	
S8+	0.003	0.012	0.021	0.042	0.055	
S9+	0.005	0.070	0.105	0.180	0.294	
Si7+	0.001	0.007	0.013	0.020	0.025	
Si8+	0.003	0.036	0.053	0.081	0.121	
Si9+	0.004	0.012	0.021	0.032	0.043	
10.0
Ion	0.0	0.1	1.0	10.0	100.0
Ca10+	0.032	0.086	0.140	0.234	0.379	
Ca12+	0.030	0.081	0.148	0.257	0.476	
Fe14+	0.042	0.092	0.172	0.301	0.481	
Fe15+	0.032	0.096	0.273	0.577	0.054	
Fe16+	0.041	0.029	0.122	0.256	0.427	
Fe17+	0.040	0.009	0.008	0.087	0.151	
Mg7+	0.031	0.059	0.087	0.137	0.180	
S10+	0.030	0.067	0.113	0.173	0.228	
S8+	0.040	0.028	0.069	0.121	0.165	
S9+	0.031	0.153	0.347	0.786	0.032	
Si7+	0.040	0.044	0.031	0.058	0.080	
Si8+	0.035	0.112	0.176	0.232	0.429	
Si9+	0.040	0.029	0.061	0.109	0.148	
Step : 20
100.0
Ion	0.0	0.1	1.0	10.0	100.0
Ca10+	0.003	0.021	0.045	0.076	0.115	
Ca12+	0.004	0.029	0.047	0.085	0.129	
Fe13+	0.001	0.008	0.019	0.032	0.040	
Fe14+	0.003	0.030	0.050	0.106	0.175	
Fe15+	0.005	0.043	0.085	0.155	0.335	
Fe16+	0.003	0.023	0.039	0.077	0.131	
Fe17+	0.004	0.008	0.017	0.030	0.043	
Fe18+	0.001	0.004	0.006	0.009	0.015	
Mg7+	0.004	0.017	0.026	0.043	0.062	
S10+	0.004	0.016	0.031	0.046	0.066	
S8+	0.003	0.013	0.023	0.034	0.056	
S9+	0.006	0.075	0.103	0.209	0.326	
Si7+	0.004	0.007	0.012	0.019	0.026	
Si8+	0.003	0.034	0.057	0.086	0.127	
Si9+	0.001	0.011	0.020	0.035	0.048	
10.0
Ion	0.0	0.1	1.0	10.0	100.0
Ca10+	0.033	0.082	0.136	0.215	0.403	
Ca12+	0.042	0.091	0.174	0.270	0.431	
Fe13+	0.040	0.044	0.060	0.108	0.146	
Fe14+	0.029	0.087	0.170	0.283	0.585	
Fe15+	0.047	0.069	0.258	0.452	0.065	
Fe16+	0.030	0.029	0.143	0.241	0.388	
Fe17+	0.040	0.041	0.056	0.097	0.157	
Fe18+	0.010	0.040	0.041	0.008	0.034	
Mg7+	0.030	0.061	0.089	0.129	0.177	
S10+	0.012	0.060	0.086	0.180	0.240	
S8+	0.040	0.028	0.075	0.134	0.152	
S9+	0.051	0.119	0.311	0.635	0.063	
Si7+	0.010	0.044	0.047	0.063	0.081	
Si8+	0.032	0.100	0.184	0.256	0.378	
Si9+	0.040	0.049	0.061	0.100	0.159	
Step : 25
100.0
Ion	0.0	0.1	1.0	10.0	100.0
Ca10+	0.003	0.023	0.037	0.075	0.110	
Ca12+	0.003	0.024	0.046	0.076	0.142	
Fe13+	0.001	0.010	0.018	0.033	0.045	
Fe14+	0.005	0.033	0.060	0.090	0.167	
Fe15+	0.005	0.043	0.086	0.181	0.382	
Fe16+	0.003	0.019	0.039	0.073	0.117	
Fe17+	0.004	0.009	0.017	0.027	0.046	
Mg7+	0.004	0.018	0.026	0.042	0.061	
S10+	0.004	0.017	0.033	0.051	0.078	
S8+	0.003	0.012	0.023	0.033	0.050	
S9+	0.006	0.073	0.101	0.201	0.316	
Si7+	0.003	0.006	0.011	0.019	0.025	
Si8+	0.003	0.030	0.057	0.091	0.131	
Si9+	0.004	0.010	0.019	0.037	0.038	
10.0
Ion	0.0	0.1	1.0	10.0	100.0
Ca10+	0.042	0.077	0.142	0.244	0.353	
Ca12+	0.033	0.089	0.167	0.242	0.428	
Fe13+	0.040	0.014	0.061	0.093	0.131	
Fe14+	0.033	0.092	0.190	0.324	0.566	
Fe15+	0.046	0.072	0.236	0.526	0.067	
Fe16+	0.031	0.029	0.138	0.231	0.394	
Fe17+	0.039	0.044	0.013	0.080	0.154	
Mg7+	0.032	0.060	0.088	0.131	0.187	
S10+	0.041	0.062	0.093	0.161	0.223	
S8+	0.012	0.031	0.066	0.128	0.167	
S9+	0.055	0.067	0.333	0.544	0.063	
Si7+	0.040	0.043	0.047	0.033	0.075	
Si8+	0.034	0.107	0.162	0.290	0.445	
Si9+	0.041	0.048	0.067	0.088	0.136	
Step : 30
100.0
Ion	0.0	0.1	1.0	10.0	100.0
Ca10+	0.004	0.020	0.039	0.066	0.098	
Ca12+	0.005	0.028	0.044	0.068	0.144	
Fe13+	0.001	0.008	0.021	0.034	0.044	
Fe14+	0.005	0.029	0.055	0.101	0.181	
Fe15+	0.005	0.042	0.079	0.154	0.344	
Fe16+	0.003	0.021	0.046	0.074	0.127	
Fe17+	0.004	0.008	0.015	0.028	0.043	
Mg7+	0.003	0.017	0.028	0.038	0.060	
S10+	0.003	0.016	0.030	0.059	0.078	
S8+	0.004	0.011	0.022	0.033	0.050	
S9+	0.006	0.072	0.102	0.168	0.294	
Si7+	0.004	0.007	0.012	0.017	0.026	
Si8+	0.005	0.030	0.051	0.085	0.148	
Si9+	0.004	0.011	0.021	0.026	0.041	
10.0
Ion	0.0	0.1	1.0	10.0	100.0
Ca10+	0.034	0.078	0.123	0.200	0.374	
Ca12+	0.033	0.094	0.130	0.253	0.409	
Fe13+	0.040	0.045	0.059	0.102	0.147	
Fe14+	0.031	0.103	0.174	0.325	0.508	
Fe15+	0.031	0.111	0.244	0.501	0.072	
Fe16+	0.031	0.076	0.137	0.239	0.394	
Fe17+	0.039	0.042	0.031	0.089	0.141	
Mg7+	0.034	0.032	0.092	0.144	0.184	
S10+	0.041	0.065	0.096	0.169	0.240	
S8+	0.040	0.014	0.066	0.100	0.162	
S9+	0.030	0.126	0.333	0.681	0.066	
Si7+	0.040	0.044	0.048	0.064	0.089	
Si8+	0.035	0.109	0.176	0.282	0.470	
Si9+	0.041	0.048	0.061	0.120	0.142	
Step : 35
100.0
Ion	0.0	0.1	1.0	10.0	100.0
Ca10+	0.003	0.023	0.044	0.073	0.099	
Ca12+	0.004	0.023	0.052	0.083	0.114	
Fe13+	0.001	0.010	0.018	0.030	0.041	
Fe14+	0.004	0.028	0.059	0.102	0.188	
Fe15+	0.004	0.039	0.082	0.137	0.383	
Fe16+	0.003	0.019	0.036	0.081	0.128	
Fe17+	0.004	0.007	0.016	0.029	0.043	
Mg7+	0.004	0.017	0.027	0.044	0.058	
S10+	0.004	0.016	0.032	0.052	0.077	
S8+	0.003	0.010	0.019	0.038	0.055	
S9+	0.006	0.072	0.103	0.170	0.295	
Si7+	0.004	0.006	0.011	0.017	0.023	
Si8+	0.003	0.030	0.055	0.092	0.128	
Si9+	0.001	0.011	0.019	0.037	0.049	
10.0
Ion	0.0	0.1	1.0	10.0	100.0
Ca10+	0.042	0.029	0.114	0.208	0.354	
Ca12+	0.030	0.087	0.151	0.307	0.371	
Fe13+	0.040	0.045	0.060	0.104	0.147	
Fe14+	0.033	0.100	0.194	0.290	0.604	
Fe15+	0.044	0.144	0.234	0.543	0.907	
Fe16+	0.012	0.066	0.134	0.232	0.404	
Fe17+	0.040	0.043	0.032	0.078	0.140	
Mg7+	0.012	0.060	0.083	0.136	0.164	
S10+	0.030	0.065	0.075	0.170	0.243	
S8+	0.026	0.053	0.065	0.115	0.184	
S9+	0.057	0.132	0.364	0.609	0.053	
Si7+	0.039	0.043	0.011	0.055	0.083	
Si8+	0.031	0.083	0.183	0.258	0.471	
Si9+	0.040	0.028	0.063	0.107	0.150	
Step : 40
100.0
Ion	0.0	0.1	1.0	10.0	100.0
Ca10+	0.003	0.023	0.044	0.071	0.114	
Ca12+	0.005	0.028	0.044	0.082	0.119	
Fe13+	0.001	0.009	0.018	0.032	0.040	
Fe14+	0.004	0.032	0.056	0.103	0.159	
Fe15+	0.005	0.043	0.064	0.158	0.330	
Fe16+	0.004	0.019	0.040	0.072	0.117	
Fe17+	0.004	0.008	0.016	0.028	0.049	
Mg7+	0.003	0.016	0.026	0.044	0.064	
S10+	0.004	0.017	0.028	0.051	0.063	
S8+	0.001	0.013	0.019	0.038	0.051	
S9+	0.006	0.075	0.110	0.190	0.372	
Si7+	0.004	0.007	0.011	0.018	0.022	
Si8+	0.005	0.031	0.057	0.093	0.128	
Si9+	0.004	0.011	0.022	0.036	0.050	
10.0
Ion	0.0	0.1	1.0	10.0	100.0
Ca10+	0.032	0.082	0.127	0.221	0.357	
Ca12+	0.031	0.092	0.127	0.253	0.415	
Fe13+	0.040	0.048	0.062	0.110	0.134	
Fe14+	0.031	0.100	0.164	0.338	0.639	
Fe15+	0.032	0.115	0.257	0.559	0.089	
Fe16+	0.032	0.063	0.119	0.254	0.431	
Fe17+	0.010	0.042	0.030	0.071	0.134	
Mg7+	0.029	0.069	0.075	0.148	0.202	
S10+	0.031	0.063	0.093	0.150	0.239	
S8+	0.041	0.055	0.067	0.116	0.146	
S9+	0.053	0.028	0.295	0.682	0.066	
Si7+	0.039	0.041	0.047	0.059	0.075	
Si8+	0.035	0.102	0.172	0.230	0.417	
Si9+	0.026	0.049	0.066	0.096	0.141	
Step : 45
100.0
Ion	0.0	0.1	1.0	10.0	100.0
Ca10+	0.004	0.022	0.038	0.068	0.105	
Ca12+	0.004	0.027	0.039	0.070	0.137	
Fe13+	0.001	0.009	0.017	0.031	0.048	
Fe14+	0.005	0.032	0.052	0.108	0.157	
Fe15+	0.005	0.043	0.073	0.187	0.343	
Fe16+	0.003	0.018	0.034	0.073	0.128	
Fe17+	0.004	0.007	0.016	0.029	0.043	
Mg7+	0.003	0.017	0.028	0.047	0.060	
S10+	0.004	0.018	0.026	0.055	0.062	
S8+	0.004	0.012	0.023	0.029	0.046	
S9+	0.004	0.069	0.092	0.188	0.317	
Si7+	0.004	0.006	0.011	0.019	0.023	
Si8+	0.005	0.034	0.050	0.086	0.129	
Si9+	0.004	0.010	0.021	0.030	0.042	
10.0
Ion	0.0	0.1	1.0	10.0	100.0
Ca10+	0.032	0.085	0.140	0.209	0.362	
Ca12+	0.031	0.094	0.136	0.232	0.416	
Fe13+	0.040	0.046	0.001	0.084	0.149	
Fe14+	0.029	0.096	0.173	0.292	0.565	
Fe15+	0.031	0.094	0.255	0.476	0.057	
Fe16+	0.028	0.064	0.112	0.199	0.444	
Fe17+	0.040	0.043	0.051	0.084	0.129	
Mg7+	0.040	0.030	0.093	0.141	0.202	
S10+	0.030	0.069	0.099	0.169	0.247	
S8+	0.012	0.029	0.059	0.107	0.158	
S9+	0.054	0.073	0.336	0.629	0.054	
Si7+	0.040	0.043	0.010	0.060	0.070	
Si8+	0.034	0.105	0.179	0.281	0.396	
Si9+	0.040	0.050	0.065	0.097	0.134	
Step : 50
100.0
Ion	0.0	0.1	1.0	10.0	100.0
Ca10+	0.003	0.022	0.042	0.072	0.113	
Ca12+	0.003	0.023	0.046	0.084	0.132	
Fe13+	0.001	0.009	0.018	0.035	0.044	
Fe14+	0.004	0.032	0.055	0.095	0.164	
Fe15+	0.005	0.041	0.075	0.155	0.309	
Fe16+	0.004	0.019	0.035	0.069	0.120	
Fe17+	0.004	0.008	0.016	0.029	0.039	
Mg7+	0.003	0.015	0.023	0.039	0.054	
S10+	0.003	0.015	0.029	0.050	0.077	
S8+	0.003	0.013	0.020	0.032	0.049	
S9+	0.005	0.079	0.117	0.176	0.331	
Si7+	0.004	0.006	0.010	0.016	0.023	
Si8+	0.005	0.033	0.054	0.091	0.119	
Si9+	0.001	0.012	0.021	0.031	0.046	
10.0
Ion	0.0	0.1	1.0	10.0	100.0
Ca10+	0.034	0.029	0.124	0.204	0.369	
Ca12+	0.035	0.085	0.159	0.291	0.451	
Fe13+	0.040	0.046	0.064	0.099	0.149	
Fe14+	0.034	0.100	0.170	0.357	0.664	
Fe15+	0.033	0.078	0.245	0.563	0.066	
Fe16+	0.041	0.064	0.115	0.218	0.377	
Fe17+	0.040	0.041	0.033	0.077	0.138	
Mg7+	0.032	0.058	0.085	0.135	0.155	
S10+	0.040	0.031	0.089	0.165	0.203	
S8+	0.040	0.014	0.072	0.112	0.119	
S9+	0.055	0.063	0.326	0.556	0.066	
Si7+	0.040	0.041	0.046	0.034	0.072	
Si8+	0.035	0.108	0.165	0.263	0.392	
Si9+	0.040	0.046	0.059	0.113	0.161	
Step : 55
