Step : 1
Step : 5
100.0
Ion	0.0	0.1	1.0	10.0	100.0
Ca11+	0.003	0.033	0.046	0.097	0.149	
Ca13+	0.003	0.033	0.062	0.116	0.176	
Fe15+	0.003	0.021	0.037	0.070	0.095	
Fe16+	0.002	0.042	0.077	0.125	0.244	
Mg8+	0.003	0.013	0.019	0.029	0.045	
Ne7+	0.004	0.001	0.003	0.010	0.013	
S10+	0.005	0.057	0.083	0.132	0.256	
S11+	0.003	0.014	0.027	0.048	0.057	
S9+	0.004	0.024	0.040	0.063	0.091	
Si8+	0.004	0.014	0.025	0.036	0.047	
Si9+	0.005	0.027	0.044	0.066	0.090	
10.0
Ion	0.0	0.1	1.0	10.0	100.0
Ca11+	0.036	0.096	0.159	0.275	0.511	
Ca13+	0.032	0.102	0.203	0.332	0.631	
Fe15+	0.012	0.073	0.116	0.205	0.285	
Fe16+	0.046	0.089	0.233	0.410	0.884	
Mg8+	0.040	0.030	0.060	0.091	0.133	
Ne7+	0.039	0.040	0.042	0.043	0.010	
S10+	0.031	0.062	0.274	0.490	0.868	
S11+	0.040	0.064	0.087	0.130	0.190	
S9+	0.033	0.085	0.127	0.186	0.333	
Si8+	0.033	0.032	0.098	0.110	0.147	
Si9+	0.034	0.098	0.132	0.223	0.307	
Step : 10
100.0
Ion	0.0	0.1	1.0	10.0	100.0
Ca11+	0.005	0.028	0.051	0.084	0.145	
Ca13+	0.003	0.031	0.057	0.104	0.145	
Ca14+	0.004	0.008	0.018	0.027	0.037	
Fe15+	0.003	0.022	0.035	0.069	0.090	
Fe16+	0.003	0.043	0.068	0.112	0.259	
Fe17+	0.004	0.027	0.055	0.109	0.210	
Fe18+	0.003	0.013	0.028	0.048	0.085	
Fe19+	0.004	0.006	0.012	0.024	0.033	
Mg8+	0.003	0.011	0.021	0.034	0.050	
Ne7+	0.004	0.003	0.008	0.012	0.015	
S10+	0.006	0.071	0.083	0.160	0.283	
S11+	0.004	0.018	0.032	0.047	0.061	
S9+	0.005	0.023	0.039	0.061	0.098	
Si8+	0.003	0.016	0.026	0.041	0.054	
Si9+	0.003	0.025	0.052	0.070	0.120	
10.0
Ion	0.0	0.1	1.0	10.0	100.0
Ca11+	0.032	0.086	0.149	0.295	0.431	
Ca13+	0.032	0.101	0.176	0.322	0.485	
Ca14+	0.040	0.045	0.060	0.078	0.122	
Fe15+	0.034	0.079	0.130	0.202	0.352	
Fe16+	0.032	0.103	0.217	0.423	0.877	
Fe17+	0.032	0.098	0.208	0.330	0.742	
Fe18+	0.026	0.057	0.077	0.180	0.268	
Fe19+	0.039	0.042	0.011	0.066	0.114	
Mg8+	0.041	0.051	0.069	0.102	0.150	
Ne7+	0.039	0.040	0.041	0.047	0.035	
S10+	0.053	0.078	0.278	0.567	0.984	
S11+	0.032	0.029	0.090	0.146	0.210	
S9+	0.032	0.072	0.104	0.207	0.272	
Si8+	0.030	0.062	0.080	0.117	0.165	
Si9+	0.034	0.091	0.150	0.245	0.397	
Step : 15
100.0
Ion	0.0	0.1	1.0	10.0	100.0
Ca11+	0.005	0.025	0.045	0.081	0.146	
Ca13+	0.003	0.030	0.057	0.108	0.182	
Ca14+	0.004	0.009	0.015	0.027	0.036	
Fe15+	0.004	0.018	0.042	0.060	0.111	
Fe16+	0.005	0.039	0.068	0.124	0.312	
Fe17+	0.004	0.027	0.055	0.104	0.197	
Fe18+	0.004	0.015	0.027	0.053	0.084	
Fe19+	0.004	0.003	0.011	0.020	0.031	
Mg8+	0.003	0.012	0.020	0.036	0.050	
Ne7+	0.004	0.005	0.009	0.012	0.018	
S10+	0.001	0.065	0.083	0.168	0.307	
S11+	0.004	0.017	0.028	0.048	0.058	
S9+	0.003	0.024	0.037	0.059	0.083	
Si8+	0.003	0.012	0.028	0.044	0.050	
Si9+	0.005	0.030	0.047	0.081	0.133	
10.0
Ion	0.0	0.1	1.0	10.0	100.0
Ca11+	0.032	0.088	0.142	0.252	0.423	
Ca13+	0.033	0.096	0.184	0.291	0.495	
Ca14+	0.040	0.005	0.053	0.092	0.116	
Fe15+	0.033	0.081	0.121	0.199	0.368	
Fe16+	0.031	0.124	0.225	0.451	0.895	
Fe17+	0.031	0.102	0.183	0.331	0.819	
Fe18+	0.025	0.028	0.081	0.152	0.269	
Fe19+	0.040	0.041	0.011	0.067	0.099	
Mg8+	0.040	0.051	0.070	0.122	0.182	
Ne7+	0.039	0.042	0.042	0.012	0.035	
S10+	0.030	0.138	0.260	0.626	0.058	
S11+	0.040	0.030	0.077	0.115	0.220	
S9+	0.033	0.083	0.093	0.189	0.283	
Si8+	0.031	0.061	0.067	0.129	0.163	
Si9+	0.034	0.089	0.164	0.273	0.440	
Step : 20
100.0
Ion	0.0	0.1	1.0	10.0	100.0
Ca11+	0.005	0.026	0.049	0.079	0.140	
Ca13+	0.005	0.033	0.056	0.100	0.163	
Ca14+	0.004	0.007	0.014	0.023	0.034	
Fe15+	0.004	0.022	0.041	0.069	0.121	
Fe16+	0.003	0.041	0.080	0.141	0.273	
Fe17+	0.003	0.030	0.056	0.114	0.206	
Fe18+	0.004	0.013	0.026	0.044	0.091	
Fe19+	0.001	0.006	0.010	0.020	0.034	
Mg8+	0.004	0.012	0.021	0.038	0.050	
Ne7+	0.004	0.005	0.009	0.012	0.018	
S10+	0.006	0.064	0.102	0.177	0.334	
S11+	0.004	0.015	0.026	0.044	0.061	
S9+	0.003	0.020	0.040	0.067	0.090	
Si8+	0.003	0.015	0.025	0.039	0.053	
Si9+	0.003	0.027	0.045	0.080	0.130	
10.0
Ion	0.0	0.1	1.0	10.0	100.0
Ca11+	0.034	0.087	0.143	0.246	0.429	
Ca13+	0.034	0.110	0.161	0.336	0.449	
Ca14+	0.040	0.043	0.033	0.093	0.126	
Fe15+	0.041	0.084	0.115	0.236	0.359	
Fe16+	0.030	0.088	0.266	0.619	0.079	
Fe17+	0.042	0.090	0.157	0.358	0.764	
Fe18+	0.039	0.011	0.085	0.139	0.244	
Fe19+	0.010	0.041	0.010	0.058	0.101	
Mg8+	0.040	0.048	0.074	0.131	0.161	
Ne7+	0.010	0.041	0.045	0.030	0.057	
S10+	0.030	0.149	0.295	0.604	0.061	
S11+	0.041	0.030	0.090	0.145	0.203	
S9+	0.031	0.079	0.116	0.206	0.302	
Si8+	0.040	0.031	0.082	0.131	0.154	
Si9+	0.035	0.085	0.147	0.265	0.372	
Step : 25
100.0
Ion	0.0	0.1	1.0	10.0	100.0
Ca11+	0.005	0.026	0.045	0.091	0.130	
Ca13+	0.005	0.030	0.045	0.097	0.148	
Ca14+	0.004	0.007	0.017	0.022	0.036	
Fe15+	0.003	0.025	0.044	0.082	0.122	
Fe16+	0.005	0.041	0.088	0.138	0.294	
Fe17+	0.003	0.026	0.052	0.106	0.231	
Fe18+	0.003	0.014	0.028	0.048	0.095	
Fe19+	0.004	0.003	0.010	0.017	0.031	
Mg8+	0.004	0.015	0.024	0.040	0.049	
Ne7+	0.004	0.005	0.010	0.013	0.016	
S10+	0.006	0.063	0.102	0.179	0.297	
S11+	0.004	0.016	0.026	0.044	0.064	
S9+	0.004	0.023	0.033	0.056	0.099	
Si8+	0.004	0.016	0.027	0.037	0.053	
Si9+	0.005	0.030	0.053	0.077	0.130	
10.0
Ion	0.0	0.1	1.0	10.0	100.0
Ca11+	0.032	0.093	0.146	0.244	0.413	
Ca13+	0.030	0.104	0.176	0.280	0.521	
Ca14+	0.040	0.044	0.033	0.074	0.106	
Fe15+	0.042	0.082	0.120	0.249	0.437	
Fe16+	0.046	0.065	0.269	0.475	1.024	
Fe17+	0.034	0.097	0.204	0.342	0.750	
Fe18+	0.040	0.028	0.079	0.178	0.233	
Fe19+	0.040	0.042	0.044	0.063	0.080	
Mg8+	0.032	0.031	0.080	0.123	0.161	
Ne7+	0.040	0.041	0.006	0.031	0.073	
S10+	0.029	0.078	0.309	0.626	0.064	
S11+	0.040	0.058	0.089	0.140	0.223	
S9+	0.033	0.030	0.114	0.207	0.290	
Si8+	0.041	0.031	0.071	0.124	0.143	
Si9+	0.031	0.093	0.152	0.250	0.410	
Step : 30
100.0
Ion	0.0	0.1	1.0	10.0	100.0
Ca11+	0.003	0.025	0.043	0.085	0.145	
Ca13+	0.005	0.030	0.051	0.105	0.165	
Ca14+	0.004	0.008	0.015	0.025	0.037	
Fe15+	0.003	0.022	0.047	0.068	0.126	
Fe16+	0.005	0.043	0.083	0.146	0.350	
Fe17+	0.003	0.030	0.054	0.115	0.206	
Fe18+	0.004	0.013	0.024	0.049	0.086	
Fe19+	0.004	0.005	0.011	0.018	0.028	
Mg8+	0.003	0.012	0.025	0.038	0.050	
Ne7+	0.004	0.005	0.010	0.013	0.015	
S10+	0.005	0.068	0.096	0.186	0.328	
S11+	0.004	0.017	0.030	0.048	0.061	
S9+	0.004	0.025	0.035	0.061	0.087	
Si8+	0.003	0.017	0.024	0.040	0.055	
Si9+	0.003	0.033	0.055	0.083	0.128	
10.0
Ion	0.0	0.1	1.0	10.0	100.0
Ca11+	0.033	0.092	0.142	0.270	0.443	
Ca13+	0.034	0.093	0.179	0.333	0.668	
Ca14+	0.040	0.044	0.050	0.073	0.104	
Fe15+	0.041	0.080	0.149	0.249	0.390	
Fe16+	0.032	0.117	0.276	0.554	0.074	
Fe17+	0.034	0.092	0.184	0.349	0.900	
Fe18+	0.040	0.052	0.074	0.136	0.243	
Fe19+	0.010	0.042	0.047	0.058	0.085	
Mg8+	0.040	0.029	0.082	0.113	0.178	
Ne7+	0.040	0.041	0.043	0.014	0.058	
S10+	0.052	0.028	0.304	0.607	0.021	
S11+	0.033	0.056	0.089	0.147	0.182	
S9+	0.029	0.071	0.126	0.181	0.301	
Si8+	0.027	0.030	0.076	0.127	0.175	
Si9+	0.036	0.090	0.170	0.267	0.395	
Step : 35
100.0
Ion	0.0	0.1	1.0	10.0	100.0
Ca11+	0.005	0.022	0.046	0.080	0.139	
Ca13+	0.005	0.033	0.053	0.088	0.143	
Ca14+	0.004	0.007	0.014	0.025	0.031	
Fe15+	0.003	0.022	0.044	0.069	0.118	
Fe16+	0.005	0.043	0.081	0.149	0.315	
Fe17+	0.003	0.028	0.051	0.108	0.212	
Fe18+	0.004	0.013	0.026	0.043	0.071	
Fe19+	0.004	0.005	0.009	0.019	0.027	
Mg8+	0.004	0.014	0.026	0.038	0.050	
Ne7+	0.004	0.006	0.008	0.012	0.019	
S10+	0.003	0.054	0.096	0.141	0.322	
S11+	0.004	0.016	0.027	0.040	0.062	
S9+	0.004	0.021	0.034	0.058	0.085	
Si8+	0.004	0.014	0.026	0.036	0.056	
Si9+	0.005	0.033	0.055	0.084	0.143	
10.0
Ion	0.0	0.1	1.0	10.0	100.0
Ca11+	0.032	0.092	0.157	0.279	0.412	
Ca13+	0.037	0.091	0.169	0.318	0.538	
Ca14+	0.040	0.042	0.031	0.069	0.099	
Fe15+	0.029	0.081	0.142	0.232	0.347	
Fe16+	0.033	0.073	0.273	0.511	0.076	
Fe17+	0.030	0.093	0.168	0.344	0.771	
Fe18+	0.040	0.030	0.079	0.146	0.217	
Fe19+	0.039	0.041	0.044	0.066	0.097	
Mg8+	0.013	0.055	0.080	0.121	0.172	
Ne7+	0.040	0.042	0.006	0.051	0.033	
S10+	0.053	0.027	0.331	0.594	0.059	
S11+	0.031	0.028	0.074	0.153	0.206	
S9+	0.033	0.076	0.115	0.190	0.265	
Si8+	0.041	0.031	0.078	0.123	0.173	
Si9+	0.032	0.106	0.144	0.284	0.445	
Step : 40
100.0
Ion	0.0	0.1	1.0	10.0	100.0
Ca11+	0.003	0.025	0.043	0.075	0.121	
Ca13+	0.005	0.027	0.056	0.093	0.144	
Ca14+	0.001	0.007	0.015	0.026	0.033	
Fe15+	0.003	0.023	0.046	0.088	0.121	
Fe16+	0.005	0.042	0.069	0.169	0.321	
Fe17+	0.004	0.029	0.049	0.108	0.218	
Fe18+	0.004	0.013	0.025	0.048	0.073	
Fe19+	0.001	0.003	0.010	0.019	0.029	
Mg8+	0.003	0.013	0.022	0.042	0.054	
Ne7+	0.001	0.003	0.009	0.014	0.019	
S10+	0.005	0.067	0.103	0.172	0.263	
S11+	0.004	0.015	0.024	0.042	0.057	
S9+	0.003	0.021	0.041	0.060	0.096	
Si8+	0.003	0.016	0.022	0.032	0.043	
Si9+	0.005	0.033	0.054	0.086	0.147	
10.0
Ion	0.0	0.1	1.0	10.0	100.0
Ca11+	0.033	0.087	0.150	0.279	0.389	
Ca13+	0.031	0.105	0.172	0.284	0.461	
Ca14+	0.040	0.004	0.054	0.073	0.113	
Fe15+	0.029	0.086	0.124	0.267	0.339	
Fe16+	0.047	0.066	0.250	0.470	0.955	
Fe17+	0.033	0.094	0.173	0.373	0.724	
Fe18+	0.040	0.029	0.085	0.146	0.232	
Fe19+	0.039	0.041	0.044	0.032	0.092	
Mg8+	0.032	0.030	0.074	0.114	0.157	
Ne7+	0.040	0.041	0.045	0.052	0.031	
S10+	0.032	0.066	0.296	0.635	1.031	
S11+	0.040	0.058	0.081	0.150	0.193	
S9+	0.032	0.027	0.114	0.157	0.271	
Si8+	0.013	0.031	0.088	0.129	0.150	
Si9+	0.033	0.089	0.170	0.300	0.461	
Step : 45
100.0
Ion	0.0	0.1	1.0	10.0	100.0
Ca11+	0.004	0.024	0.039	0.074	0.147	
Ca13+	0.003	0.032	0.052	0.088	0.158	
Ca14+	0.004	0.007	0.015	0.023	0.037	
Fe15+	0.003	0.023	0.041	0.081	0.116	
Fe16+	0.005	0.040	0.077	0.166	0.313	
Fe17+	0.003	0.028	0.056	0.100	0.211	
Fe18+	0.003	0.013	0.023	0.046	0.079	
Fe19+	0.004	0.003	0.011	0.018	0.025	
Mg8+	0.003	0.013	0.024	0.040	0.059	
Ne7+	0.004	0.005	0.010	0.013	0.017	
S10+	0.006	0.070	0.102	0.147	0.339	
S11+	0.004	0.015	0.028	0.044	0.055	
S9+	0.003	0.019	0.040	0.062	0.088	
Si8+	0.004	0.015	0.020	0.034	0.048	
Si9+	0.005	0.028	0.052	0.087	0.132	
10.0
Ion	0.0	0.1	1.0	10.0	100.0
Ca11+	0.030	0.096	0.158	0.269	0.417	
Ca13+	0.033	0.102	0.156	0.273	0.463	
Ca14+	0.040	0.043	0.051	0.076	0.118	
Fe15+	0.032	0.081	0.152	0.275	0.399	
Fe16+	0.031	0.076	0.260	0.524	0.018	
Fe17+	0.042	0.095	0.173	0.371	0.799	
Fe18+	0.040	0.030	0.081	0.153	0.266	
Fe19+	0.039	0.041	0.044	0.057	0.096	
Mg8+	0.031	0.030	0.073	0.132	0.174	
Ne7+	0.040	0.042	0.043	0.053	0.066	
S10+	0.051	0.132	0.344	0.647	0.059	
S11+	0.041	0.055	0.088	0.138	0.171	
S9+	0.042	0.028	0.127	0.164	0.261	
Si8+	0.040	0.030	0.082	0.119	0.146	
Si9+	0.034	0.087	0.164	0.299	0.430	
Step : 50
100.0
Ion	0.0	0.1	1.0	10.0	100.0
Ca11+	0.005	0.025	0.046	0.091	0.135	
Ca13+	0.005	0.030	0.048	0.088	0.130	
Ca14+	0.004	0.007	0.014	0.023	0.037	
Fe15+	0.003	0.023	0.038	0.080	0.129	
Fe16+	0.005	0.045	0.076	0.150	0.332	
Fe17+	0.004	0.027	0.057	0.115	0.213	
Fe18+	0.004	0.013	0.024	0.043	0.076	
Fe19+	0.004	0.006	0.010	0.016	0.030	
Mg8+	0.004	0.014	0.025	0.030	0.060	
Ne7+	0.004	0.003	0.009	0.015	0.016	
S10+	0.005	0.076	0.114	0.166	0.293	
S11+	0.004	0.015	0.024	0.044	0.072	
S9+	0.004	0.023	0.032	0.060	0.078	
Si8+	0.003	0.013	0.024	0.036	0.055	
Si9+	0.003	0.028	0.052	0.082	0.119	
10.0
Ion	0.0	0.1	1.0	10.0	100.0
Ca11+	0.033	0.090	0.137	0.256	0.425	
Ca13+	0.032	0.104	0.162	0.329	0.537	
Ca14+	0.040	0.044	0.012	0.076	0.111	
Fe15+	0.041	0.082	0.127	0.227	0.426	
Fe16+	0.046	0.127	0.277	0.499	0.060	
Fe17+	0.034	0.093	0.178	0.342	0.683	
Fe18+	0.040	0.051	0.080	0.150	0.225	
Fe19+	0.040	0.041	0.046	0.056	0.083	
Mg8+	0.040	0.029	0.090	0.120	0.173	
Ne7+	0.039	0.041	0.045	0.033	0.061	
S10+	0.030	0.074	0.294	0.534	0.064	
S11+	0.013	0.029	0.075	0.146	0.229	
S9+	0.034	0.029	0.112	0.187	0.279	
Si8+	0.040	0.031	0.072	0.129	0.179	
Si9+	0.043	0.099	0.154	0.228	0.385	
Step : 55
100.0
Ion	0.0	0.1	1.0	10.0	100.0
Ca13+	0.003	0.031	0.056	0.092	0.149	
Ca14+	0.004	0.007	0.012	0.024	0.032	
Fe16+	0.005	0.044	0.090	0.161	0.321	
Fe17+	0.004	0.026	0.058	0.113	0.203	
Fe18+	0.004	0.012	0.023	0.043	0.072	
Fe19+	0.004	0.003	0.011	0.016	0.026	
Mg8+	0.003	0.013	0.023	0.041	0.046	
Ne7+	0.004	0.006	0.010	0.013	0.019	
S10+	0.005	0.065	0.101	0.184	0.352	
S11+	0.004	0.014	0.026	0.046	0.058	
Si8+	0.004	0.013	0.021	0.041	0.043	
Si9+	0.005	0.029	0.048	0.084	0.127	
10.0
Ion	0.0	0.1	1.0	10.0	100.0
Ca13+	0.034	0.089	0.163	0.285	0.424	
Ca14+	0.010	0.043	0.015	0.072	0.113	
Fe16+	0.048	0.062	0.256	0.543	0.070	
Fe17+	0.031	0.087	0.164	0.405	0.807	
Fe18+	0.040	0.048	0.092	0.148	0.260	
Fe19+	0.039	0.041	0.048	0.057	0.080	
Mg8+	0.030	0.029	0.071	0.122	0.168	
Ne7+	0.040	0.041	0.046	0.052	0.063	
S10+	0.030	0.154	0.335	0.643	0.070	
S11+	0.040	0.031	0.089	0.145	0.187	
Si8+	0.040	0.030	0.083	0.122	0.134	
Si9+	0.035	0.092	0.167	0.236	0.372	
