Step : 1
Step : 5
100.0
Ion	0.0	0.1	1.0	10.0	100.0
Ca11+	0.004	0.007	0.015	0.024	0.031	
Ca12+	0.004	0.033	0.063	0.111	0.190	
Fe16+	0.004	0.015	0.028	0.052	0.086	
Mg8+	0.004	0.014	0.023	0.033	0.043	
Mg9+	0.004	0.007	0.014	0.025	0.032	
S10+	0.005	0.036	0.059	0.107	0.164	
S11+	0.005	0.043	0.073	0.133	0.242	
S12+	0.001	0.014	0.025	0.036	0.041	
S9+	0.004	0.006	0.012	0.016	0.027	
Si10+	0.004	0.021	0.035	0.058	0.102	
Si9+	0.004	0.025	0.039	0.064	0.090	
10.0
Ion	0.0	0.1	1.0	10.0	100.0
Ca11+	0.040	0.043	0.032	0.072	0.114	
Ca12+	0.044	0.107	0.197	0.331	0.695	
Fe16+	0.040	0.066	0.094	0.163	0.254	
Mg8+	0.040	0.051	0.064	0.102	0.149	
Mg9+	0.040	0.000	0.053	0.068	0.103	
S10+	0.035	0.097	0.208	0.321	0.573	
S11+	0.033	0.124	0.265	0.424	0.830	
S12+	0.012	0.054	0.085	0.126	0.145	
S9+	0.039	0.046	0.048	0.061	0.093	
Si10+	0.041	0.028	0.128	0.206	0.330	
Si9+	0.042	0.084	0.121	0.205	0.308	
Step : 10
100.0
Ion	0.0	0.1	1.0	10.0	100.0
Ca12+	0.004	0.030	0.060	0.092	0.167	
Ca14+	0.005	0.036	0.061	0.108	0.193	
Fe16+	0.001	0.014	0.032	0.048	0.071	
Fe17+	0.004	0.030	0.055	0.103	0.195	
Fe18+	0.004	0.029	0.063	0.115	0.239	
Fe19+	0.004	0.019	0.032	0.075	0.128	
Fe20+	0.004	0.008	0.018	0.034	0.060	
Mg8+	0.004	0.013	0.022	0.034	0.047	
Mg9+	0.003	0.009	0.013	0.023	0.032	
S10+	0.003	0.034	0.046	0.091	0.142	
S11+	0.002	0.053	0.080	0.143	0.231	
S12+	0.001	0.013	0.027	0.039	0.059	
S9+	0.004	0.006	0.010	0.017	0.020	
Si10+	0.004	0.024	0.039	0.075	0.088	
Si9+	0.003	0.024	0.035	0.067	0.075	
10.0
Ion	0.0	0.1	1.0	10.0	100.0
Ca12+	0.032	0.101	0.195	0.295	0.552	
Ca14+	0.033	0.109	0.202	0.367	0.566	
Fe16+	0.040	0.030	0.095	0.186	0.276	
Fe17+	0.044	0.097	0.165	0.354	0.774	
Fe18+	0.032	0.102	0.200	0.369	0.898	
Fe19+	0.029	0.069	0.120	0.248	0.448	
Fe20+	0.040	0.043	0.060	0.104	0.186	
Mg8+	0.030	0.053	0.082	0.108	0.131	
Mg9+	0.040	0.029	0.055	0.082	0.101	
S10+	0.034	0.109	0.178	0.307	0.437	
S11+	0.051	0.060	0.248	0.473	0.848	
S12+	0.027	0.051	0.090	0.138	0.160	
S9+	0.040	0.042	0.043	0.033	0.066	
Si10+	0.032	0.064	0.108	0.200	0.308	
Si9+	0.034	0.085	0.121	0.195	0.254	
Step : 15
100.0
Ion	0.0	0.1	1.0	10.0	100.0
Ca12+	0.004	0.029	0.053	0.101	0.158	
Ca14+	0.005	0.035	0.061	0.094	0.184	
Fe16+	0.004	0.014	0.034	0.059	0.086	
Fe17+	0.005	0.034	0.062	0.135	0.246	
Fe18+	0.004	0.033	0.070	0.140	0.289	
Fe19+	0.004	0.017	0.035	0.069	0.135	
Fe20+	0.004	0.009	0.018	0.031	0.051	
Fe21+	0.001	0.005	0.007	0.014	0.021	
Mg8+	0.003	0.016	0.027	0.040	0.044	
Mg9+	0.004	0.008	0.016	0.029	0.038	
S10+	0.003	0.033	0.047	0.090	0.135	
S11+	0.005	0.048	0.074	0.139	0.239	
S12+	0.004	0.015	0.027	0.039	0.058	
S9+	0.004	0.006	0.009	0.014	0.022	
Si10+	0.005	0.025	0.043	0.058	0.104	
Si9+	0.005	0.022	0.039	0.068	0.088	
10.0
Ion	0.0	0.1	1.0	10.0	100.0
Ca12+	0.033	0.104	0.182	0.314	0.491	
Ca14+	0.033	0.100	0.204	0.358	0.517	
Fe16+	0.030	0.030	0.094	0.165	0.251	
Fe17+	0.030	0.095	0.212	0.377	0.880	
Fe18+	0.045	0.104	0.194	0.509	0.935	
Fe19+	0.029	0.079	0.127	0.212	0.418	
Fe20+	0.040	0.046	0.059	0.103	0.153	
Fe21+	0.040	0.040	0.044	0.032	0.067	
Mg8+	0.041	0.058	0.070	0.121	0.129	
Mg9+	0.040	0.047	0.065	0.082	0.124	
S10+	0.035	0.107	0.206	0.322	0.425	
S11+	0.049	0.075	0.278	0.527	0.929	
S12+	0.040	0.028	0.076	0.122	0.191	
S9+	0.040	0.041	0.045	0.053	0.067	
Si10+	0.034	0.079	0.138	0.220	0.305	
Si9+	0.034	0.081	0.123	0.205	0.292	
Step : 20
100.0
Ion	0.0	0.1	1.0	10.0	100.0
Ca12+	0.005	0.027	0.056	0.100	0.150	
Ca14+	0.005	0.036	0.063	0.100	0.187	
Fe16+	0.004	0.018	0.036	0.063	0.088	
Fe17+	0.005	0.035	0.073	0.122	0.232	
Fe18+	0.005	0.039	0.071	0.136	0.282	
Fe19+	0.003	0.021	0.038	0.071	0.123	
Fe20+	0.004	0.010	0.018	0.034	0.056	
Fe21+	0.004	0.001	0.007	0.013	0.027	
Mg8+	0.004	0.016	0.027	0.034	0.048	
Mg9+	0.004	0.010	0.015	0.024	0.038	
S10+	0.003	0.037	0.054	0.086	0.136	
S11+	0.005	0.052	0.083	0.156	0.228	
S12+	0.004	0.011	0.023	0.044	0.055	
S9+	0.004	0.003	0.009	0.014	0.020	
Si10+	0.004	0.023	0.041	0.068	0.103	
Si9+	0.003	0.025	0.039	0.054	0.089	
10.0
Ion	0.0	0.1	1.0	10.0	100.0
Ca12+	0.031	0.102	0.151	0.283	0.509	
Ca14+	0.033	0.120	0.196	0.370	0.639	
Fe16+	0.012	0.068	0.108	0.190	0.272	
Fe17+	0.033	0.114	0.216	0.428	0.846	
Fe18+	0.033	0.103	0.241	0.455	0.848	
Fe19+	0.031	0.066	0.125	0.201	0.422	
Fe20+	0.040	0.046	0.061	0.100	0.164	
Fe21+	0.040	0.040	0.045	0.030	0.063	
Mg8+	0.012	0.031	0.079	0.108	0.139	
Mg9+	0.040	0.047	0.058	0.078	0.127	
S10+	0.030	0.092	0.188	0.291	0.393	
S11+	0.031	0.113	0.261	0.525	0.845	
S12+	0.041	0.030	0.074	0.133	0.176	
S9+	0.040	0.042	0.047	0.033	0.069	
Si10+	0.034	0.084	0.154	0.237	0.366	
Si9+	0.035	0.088	0.138	0.218	0.260	
Step : 25
100.0
Ion	0.0	0.1	1.0	10.0	100.0
Ca12+	0.005	0.031	0.050	0.091	0.140	
Ca14+	0.003	0.036	0.062	0.120	0.169	
Fe16+	0.004	0.016	0.033	0.058	0.086	
Fe17+	0.005	0.037	0.071	0.124	0.240	
Fe18+	0.004	0.039	0.070	0.144	0.277	
Fe19+	0.004	0.018	0.040	0.077	0.118	
Fe20+	0.004	0.009	0.018	0.033	0.050	
Fe21+	0.001	0.001	0.006	0.011	0.018	
Mg8+	0.003	0.016	0.025	0.046	0.043	
Mg9+	0.004	0.010	0.015	0.027	0.041	
S10+	0.005	0.034	0.049	0.085	0.122	
S11+	0.005	0.058	0.083	0.159	0.261	
S12+	0.004	0.013	0.024	0.041	0.057	
S9+	0.004	0.003	0.008	0.015	0.022	
Si10+	0.003	0.022	0.038	0.059	0.104	
Si9+	0.003	0.026	0.038	0.065	0.080	
10.0
Ion	0.0	0.1	1.0	10.0	100.0
Ca12+	0.035	0.096	0.152	0.310	0.540	
Ca14+	0.033	0.092	0.211	0.331	0.638	
Fe16+	0.031	0.063	0.108	0.176	0.255	
Fe17+	0.034	0.106	0.208	0.423	0.891	
Fe18+	0.030	0.119	0.241	0.421	0.066	
Fe19+	0.027	0.072	0.137	0.234	0.422	
Fe20+	0.039	0.000	0.056	0.110	0.190	
Fe21+	0.010	0.041	0.042	0.047	0.065	
Mg8+	0.031	0.031	0.084	0.133	0.160	
Mg9+	0.040	0.046	0.001	0.074	0.102	
S10+	0.046	0.106	0.173	0.250	0.381	
S11+	0.030	0.065	0.302	0.556	1.002	
S12+	0.040	0.029	0.084	0.129	0.164	
S9+	0.040	0.041	0.042	0.029	0.065	
Si10+	0.034	0.079	0.141	0.217	0.342	
Si9+	0.034	0.082	0.116	0.184	0.264	
Step : 30
100.0
Ion	0.0	0.1	1.0	10.0	100.0
Ca12+	0.003	0.031	0.052	0.099	0.156	
Ca14+	0.003	0.033	0.061	0.109	0.159	
Fe16+	0.003	0.019	0.032	0.062	0.089	
Fe17+	0.005	0.039	0.074	0.138	0.253	
Fe18+	0.003	0.038	0.079	0.140	0.353	
Fe19+	0.004	0.019	0.039	0.081	0.103	
Fe20+	0.004	0.008	0.019	0.032	0.052	
Fe21+	0.001	0.005	0.006	0.012	0.019	
Mg8+	0.004	0.015	0.026	0.043	0.044	
Mg9+	0.004	0.010	0.017	0.026	0.040	
S10+	0.005	0.031	0.055	0.099	0.131	
S11+	0.005	0.051	0.079	0.155	0.258	
S12+	0.004	0.014	0.024	0.047	0.053	
S9+	0.004	0.005	0.008	0.014	0.022	
Si10+	0.004	0.023	0.042	0.068	0.107	
Si9+	0.003	0.023	0.037	0.054	0.088	
10.0
Ion	0.0	0.1	1.0	10.0	100.0
Ca12+	0.037	0.099	0.159	0.307	0.565	
Ca14+	0.030	0.085	0.191	0.317	0.710	
Fe16+	0.033	0.066	0.103	0.191	0.293	
Fe17+	0.032	0.119	0.236	0.475	0.992	
Fe18+	0.031	0.088	0.244	0.468	0.071	
Fe19+	0.041	0.063	0.118	0.228	0.385	
Fe20+	0.025	0.047	0.057	0.107	0.149	
Fe21+	0.039	0.040	0.043	0.049	0.061	
Mg8+	0.032	0.061	0.075	0.112	0.135	
Mg9+	0.040	0.045	0.055	0.084	0.134	
S10+	0.032	0.097	0.167	0.269	0.425	
S11+	0.049	0.114	0.278	0.487	0.976	
S12+	0.040	0.030	0.076	0.134	0.171	
S9+	0.039	0.041	0.042	0.033	0.069	
Si10+	0.035	0.083	0.138	0.235	0.350	
Si9+	0.033	0.074	0.135	0.193	0.248	
Step : 35
100.0
Ion	0.0	0.1	1.0	10.0	100.0
Ca12+	0.003	0.029	0.052	0.101	0.149	
Ca14+	0.005	0.029	0.058	0.100	0.163	
Fe16+	0.004	0.018	0.035	0.067	0.089	
Fe17+	0.003	0.038	0.074	0.124	0.222	
Fe18+	0.004	0.040	0.065	0.143	0.248	
Fe19+	0.004	0.022	0.032	0.071	0.106	
Fe20+	0.001	0.009	0.018	0.032	0.048	
Fe21+	0.001	0.005	0.007	0.012	0.019	
Mg8+	0.004	0.015	0.025	0.035	0.049	
Mg9+	0.004	0.010	0.016	0.024	0.037	
S10+	0.005	0.031	0.049	0.093	0.130	
S11+	0.005	0.055	0.088	0.136	0.256	
S12+	0.003	0.013	0.024	0.044	0.057	
S9+	0.004	0.005	0.008	0.012	0.017	
Si10+	0.004	0.024	0.043	0.074	0.102	
Si9+	0.003	0.024	0.038	0.061	0.084	
10.0
Ion	0.0	0.1	1.0	10.0	100.0
Ca12+	0.035	0.109	0.163	0.304	0.512	
Ca14+	0.033	0.102	0.164	0.314	0.637	
Fe16+	0.041	0.063	0.093	0.200	0.284	
Fe17+	0.031	0.071	0.213	0.461	0.942	
Fe18+	0.031	0.093	0.216	0.413	0.888	
Fe19+	0.040	0.065	0.134	0.210	0.404	
Fe20+	0.039	0.045	0.057	0.099	0.158	
Fe21+	0.039	0.041	0.043	0.047	0.033	
Mg8+	0.033	0.030	0.088	0.117	0.139	
Mg9+	0.040	0.000	0.058	0.088	0.134	
S10+	0.046	0.090	0.190	0.255	0.404	
S11+	0.031	0.117	0.284	0.544	0.825	
S12+	0.040	0.028	0.070	0.124	0.172	
S9+	0.040	0.040	0.046	0.048	0.033	
Si10+	0.035	0.080	0.135	0.215	0.316	
Si9+	0.035	0.077	0.123	0.196	0.261	
Step : 40
100.0
Ion	0.0	0.1	1.0	10.0	100.0
Ca12+	0.005	0.027	0.054	0.093	0.148	
Ca14+	0.005	0.032	0.057	0.107	0.158	
Fe16+	0.003	0.019	0.036	0.061	0.101	
Fe17+	0.005	0.039	0.068	0.136	0.285	
Fe18+	0.003	0.035	0.067	0.143	0.319	
Fe19+	0.004	0.016	0.036	0.068	0.116	
Fe20+	0.004	0.009	0.017	0.034	0.050	
Fe21+	0.001	0.004	0.006	0.012	0.022	
Mg8+	0.004	0.015	0.027	0.033	0.050	
Mg9+	0.004	0.008	0.017	0.028	0.040	
S10+	0.003	0.030	0.054	0.084	0.138	
S11+	0.005	0.054	0.082	0.142	0.292	
S12+	0.001	0.013	0.026	0.036	0.055	
S9+	0.004	0.005	0.008	0.014	0.020	
Si10+	0.005	0.024	0.044	0.074	0.091	
Si9+	0.004	0.023	0.044	0.059	0.082	
10.0
Ion	0.0	0.1	1.0	10.0	100.0
Ca12+	0.032	0.102	0.173	0.275	0.436	
Ca14+	0.031	0.098	0.171	0.338	0.592	
Fe16+	0.028	0.066	0.118	0.181	0.302	
Fe17+	0.031	0.112	0.264	0.369	0.925	
Fe18+	0.043	0.109	0.229	0.423	0.058	
Fe19+	0.041	0.064	0.112	0.239	0.383	
Fe20+	0.040	0.045	0.061	0.090	0.145	
Fe21+	0.010	0.040	0.041	0.051	0.059	
Mg8+	0.034	0.031	0.077	0.112	0.151	
Mg9+	0.040	0.008	0.056	0.091	0.109	
S10+	0.030	0.091	0.177	0.245	0.439	
S11+	0.031	0.064	0.310	0.495	0.910	
S12+	0.040	0.029	0.082	0.123	0.147	
S9+	0.039	0.040	0.042	0.033	0.074	
Si10+	0.033	0.079	0.130	0.212	0.298	
Si9+	0.034	0.088	0.120	0.194	0.264	
Step : 45
100.0
Ion	0.0	0.1	1.0	10.0	100.0
Ca12+	0.004	0.029	0.055	0.084	0.155	
Ca14+	0.005	0.033	0.061	0.098	0.200	
Fe16+	0.003	0.020	0.037	0.056	0.085	
Fe17+	0.005	0.043	0.082	0.143	0.270	
Fe18+	0.005	0.036	0.071	0.173	0.326	
Fe19+	0.004	0.020	0.043	0.068	0.117	
Fe20+	0.004	0.009	0.015	0.029	0.048	
Fe21+	0.001	0.001	0.007	0.012	0.022	
Mg8+	0.004	0.015	0.024	0.042	0.047	
Mg9+	0.004	0.009	0.017	0.029	0.037	
S10+	0.003	0.030	0.045	0.078	0.119	
S11+	0.005	0.053	0.083	0.160	0.253	
S12+	0.004	0.014	0.024	0.042	0.058	
S9+	0.001	0.005	0.007	0.013	0.020	
Si10+	0.005	0.024	0.045	0.063	0.099	
Si9+	0.005	0.024	0.041	0.063	0.082	
10.0
Ion	0.0	0.1	1.0	10.0	100.0
Ca12+	0.036	0.086	0.164	0.323	0.536	
Ca14+	0.035	0.096	0.202	0.333	0.601	
Fe16+	0.041	0.069	0.111	0.159	0.323	
Fe17+	0.032	0.113	0.208	0.459	0.872	
Fe18+	0.032	0.105	0.189	0.463	0.065	
Fe19+	0.031	0.030	0.108	0.224	0.377	
Fe20+	0.040	0.044	0.058	0.095	0.161	
Fe21+	0.010	0.039	0.041	0.047	0.064	
Mg8+	0.029	0.060	0.080	0.128	0.153	
Mg9+	0.040	0.045	0.066	0.096	0.130	
S10+	0.035	0.101	0.164	0.310	0.373	
S11+	0.050	0.123	0.278	0.507	1.006	
S12+	0.027	0.031	0.074	0.121	0.180	
S9+	0.040	0.042	0.044	0.014	0.063	
Si10+	0.042	0.086	0.129	0.241	0.370	
Si9+	0.033	0.075	0.135	0.176	0.248	
Step : 50
100.0
Ion	0.0	0.1	1.0	10.0	100.0
Ca12+	0.005	0.030	0.054	0.097	0.157	
Ca14+	0.005	0.037	0.063	0.107	0.189	
Fe16+	0.003	0.019	0.035	0.059	0.095	
Fe17+	0.005	0.042	0.064	0.131	0.252	
Fe18+	0.004	0.036	0.072	0.146	0.280	
Fe19+	0.003	0.017	0.038	0.066	0.123	
Fe20+	0.004	0.008	0.017	0.032	0.051	
Fe21+	0.001	0.001	0.006	0.013	0.020	
Mg8+	0.003	0.017	0.029	0.038	0.056	
Mg9+	0.004	0.008	0.015	0.030	0.038	
S10+	0.005	0.032	0.052	0.090	0.121	
S11+	0.005	0.054	0.090	0.140	0.261	
S12+	0.004	0.013	0.023	0.042	0.053	
S9+	0.004	0.005	0.008	0.013	0.020	
Si10+	0.004	0.026	0.042	0.079	0.088	
Si9+	0.003	0.026	0.036	0.056	0.074	
10.0
Ion	0.0	0.1	1.0	10.0	100.0
Ca12+	0.031	0.102	0.168	0.325	0.576	
Ca14+	0.032	0.103	0.202	0.324	0.569	
Fe16+	0.033	0.065	0.115	0.183	0.310	
Fe17+	0.033	0.079	0.227	0.431	0.889	
Fe18+	0.045	0.100	0.240	0.461	0.074	
Fe19+	0.041	0.029	0.105	0.227	0.351	
Fe20+	0.040	0.046	0.053	0.086	0.142	
Fe21+	0.039	0.040	0.043	0.010	0.058	
Mg8+	0.031	0.030	0.086	0.120	0.154	
Mg9+	0.040	0.046	0.059	0.085	0.119	
S10+	0.032	0.092	0.173	0.256	0.406	
S11+	0.048	0.125	0.277	0.599	0.966	
S12+	0.040	0.030	0.079	0.137	0.177	
S9+	0.040	0.041	0.043	0.048	0.064	
Si10+	0.042	0.081	0.160	0.240	0.334	
Si9+	0.033	0.080	0.141	0.199	0.234	
Step : 55
100.0
Ion	0.0	0.1	1.0	10.0	100.0
Ca12+	0.004	0.029	0.050	0.100	0.132	
Ca14+	0.005	0.032	0.058	0.108	0.159	
Fe16+	0.004	0.018	0.039	0.061	0.092	
Fe17+	0.005	0.041	0.074	0.154	0.274	
Fe18+	0.003	0.041	0.074	0.143	0.340	
Fe19+	0.003	0.019	0.036	0.062	0.124	
Fe20+	0.004	0.008	0.017	0.030	0.046	
Fe21+	0.004	0.005	0.006	0.010	0.018	
Mg8+	0.003	0.016	0.023	0.042	0.052	
Mg9+	0.004	0.009	0.015	0.031	0.035	
S10+	0.003	0.030	0.046	0.084	0.120	
S11+	0.005	0.055	0.084	0.138	0.285	
S12+	0.004	0.015	0.023	0.041	0.052	
Si10+	0.003	0.024	0.043	0.067	0.106	
Si9+	0.003	0.024	0.041	0.053	0.070	
10.0
Ion	0.0	0.1	1.0	10.0	100.0
Ca12+	0.032	0.100	0.162	0.297	0.456	
Ca14+	0.031	0.101	0.161	0.336	0.566	
Fe16+	0.013	0.069	0.100	0.186	0.306	
Fe17+	0.034	0.114	0.232	0.474	0.843	
Fe18+	0.045	0.103	0.224	0.434	0.957	
Fe19+	0.032	0.068	0.114	0.230	0.365	
Fe20+	0.040	0.045	0.057	0.099	0.149	
Fe21+	0.010	0.040	0.042	0.013	0.033	
Mg8+	0.041	0.031	0.084	0.119	0.169	
Mg9+	0.040	0.046	0.033	0.089	0.115	
S10+	0.034	0.108	0.179	0.276	0.392	
S11+	0.032	0.076	0.278	0.552	0.860	
S12+	0.040	0.028	0.072	0.129	0.156	
Si10+	0.032	0.082	0.135	0.214	0.331	
Si9+	0.034	0.082	0.131	0.188	0.231	
