Step : 1
Step : 5
Step : 10
100.0
Ion	0.0	0.1	1.0	10.0	100.0
Ca12+	0.004	0.007	0.017	0.024	0.040	
Ca13+	0.005	0.032	0.066	0.122	0.167	
Fe17+	0.004	0.013	0.028	0.040	0.076	
Fe18+	0.005	0.031	0.053	0.084	0.128	
Fe19+	0.005	0.034	0.068	0.145	0.245	
Fe20+	0.003	0.024	0.049	0.103	0.203	
Fe21+	0.004	0.012	0.023	0.043	0.088	
Fe22+	0.004	0.006	0.011	0.022	0.034	
Mg9+	0.003	0.015	0.025	0.037	0.052	
Ne8+	0.004	0.003	0.008	0.013	0.015	
S10+	0.004	0.010	0.015	0.029	0.044	
S11+	0.005	0.047	0.070	0.134	0.171	
S12+	0.005	0.040	0.070	0.121	0.226	
Si10+	0.003	0.033	0.047	0.075	0.097	
Si11+	0.003	0.018	0.031	0.055	0.075	
Si9+	0.004	0.010	0.016	0.021	0.034	
10.0
Ion	0.0	0.1	1.0	10.0	100.0
Ca12+	0.040	0.044	0.055	0.085	0.118	
Ca13+	0.044	0.114	0.210	0.322	0.616	
Fe17+	0.027	0.029	0.072	0.144	0.242	
Fe18+	0.036	0.097	0.170	0.269	0.452	
Fe19+	0.044	0.107	0.218	0.456	0.939	
Fe20+	0.030	0.079	0.150	0.267	0.631	
Fe21+	0.040	0.046	0.080	0.158	0.242	
Fe22+	0.040	0.040	0.048	0.070	0.115	
Mg9+	0.012	0.031	0.081	0.114	0.163	
Ne8+	0.040	0.041	0.044	0.011	0.032	
S10+	0.025	0.048	0.057	0.088	0.145	
S11+	0.034	0.113	0.215	0.364	0.543	
S12+	0.033	0.082	0.237	0.399	0.793	
Si10+	0.035	0.090	0.157	0.263	0.345	
Si11+	0.030	0.065	0.085	0.179	0.253	
Si9+	0.013	0.046	0.057	0.084	0.097	
Step : 15
100.0
Ion	0.0	0.1	1.0	10.0	100.0
Ca12+	0.004	0.007	0.016	0.026	0.038	
Ca13+	0.005	0.034	0.060	0.120	0.192	
Fe17+	0.002	0.013	0.026	0.046	0.068	
Fe18+	0.003	0.030	0.054	0.098	0.160	
Fe19+	0.005	0.038	0.069	0.144	0.322	
Fe20+	0.004	0.024	0.046	0.100	0.173	
Fe21+	0.004	0.014	0.029	0.051	0.084	
Fe22+	0.001	0.007	0.014	0.023	0.035	
Mg9+	0.003	0.017	0.023	0.042	0.060	
Ne8+	0.004	0.006	0.010	0.016	0.019	
S10+	0.001	0.010	0.017	0.030	0.041	
S11+	0.005	0.045	0.072	0.118	0.206	
S12+	0.005	0.044	0.068	0.124	0.212	
Si10+	0.003	0.033	0.046	0.072	0.122	
Si11+	0.003	0.018	0.033	0.055	0.075	
Si9+	0.004	0.008	0.017	0.025	0.035	
10.0
Ion	0.0	0.1	1.0	10.0	100.0
Ca12+	0.040	0.043	0.032	0.078	0.127	
Ca13+	0.031	0.101	0.178	0.355	0.639	
Fe17+	0.040	0.029	0.078	0.149	0.236	
Fe18+	0.044	0.093	0.160	0.308	0.520	
Fe19+	0.034	0.104	0.214	0.462	0.086	
Fe20+	0.032	0.094	0.149	0.334	0.580	
Fe21+	0.040	0.028	0.086	0.137	0.244	
Fe22+	0.039	0.042	0.050	0.067	0.109	
Mg9+	0.032	0.028	0.080	0.134	0.197	
Ne8+	0.040	0.042	0.044	0.052	0.034	
S10+	0.040	0.045	0.058	0.086	0.145	
S11+	0.032	0.103	0.241	0.336	0.571	
S12+	0.031	0.119	0.213	0.443	0.777	
Si10+	0.035	0.102	0.168	0.207	0.337	
Si11+	0.033	0.061	0.097	0.176	0.256	
Si9+	0.040	0.047	0.031	0.073	0.105	
Step : 20
100.0
Ion	0.0	0.1	1.0	10.0	100.0
Ca12+	0.003	0.007	0.015	0.023	0.035	
Ca13+	0.003	0.038	0.063	0.100	0.191	
Fe17+	0.004	0.016	0.024	0.051	0.074	
Fe18+	0.004	0.025	0.059	0.105	0.158	
Fe19+	0.004	0.043	0.068	0.140	0.331	
Fe20+	0.003	0.024	0.048	0.101	0.196	
Fe21+	0.004	0.015	0.026	0.045	0.066	
Fe22+	0.004	0.006	0.013	0.024	0.034	
Mg9+	0.003	0.015	0.026	0.044	0.055	
Ne8+	0.004	0.006	0.010	0.016	0.023	
S10+	0.003	0.009	0.016	0.025	0.036	
S11+	0.005	0.043	0.075	0.128	0.174	
S12+	0.005	0.038	0.080	0.117	0.225	
Si10+	0.005	0.029	0.050	0.077	0.103	
Si11+	0.004	0.019	0.031	0.045	0.083	
Si9+	0.004	0.008	0.016	0.022	0.028	
10.0
Ion	0.0	0.1	1.0	10.0	100.0
Ca12+	0.040	0.046	0.032	0.088	0.104	
Ca13+	0.032	0.105	0.197	0.308	0.553	
Fe17+	0.040	0.031	0.069	0.164	0.226	
Fe18+	0.034	0.090	0.178	0.297	0.618	
Fe19+	0.032	0.105	0.262	0.483	0.066	
Fe20+	0.041	0.091	0.156	0.298	0.635	
Fe21+	0.040	0.054	0.080	0.177	0.271	
Fe22+	0.040	0.041	0.049	0.033	0.114	
Mg9+	0.041	0.030	0.085	0.128	0.176	
Ne8+	0.040	0.040	0.042	0.052	0.067	
S10+	0.040	0.046	0.056	0.100	0.122	
S11+	0.054	0.083	0.255	0.366	0.587	
S12+	0.046	0.109	0.236	0.437	0.870	
Si10+	0.034	0.086	0.176	0.242	0.359	
Si11+	0.032	0.061	0.104	0.180	0.266	
Si9+	0.040	0.047	0.032	0.070	0.090	
Step : 25
100.0
Ion	0.0	0.1	1.0	10.0	100.0
Ca12+	0.004	0.007	0.013	0.025	0.037	
Ca13+	0.003	0.036	0.067	0.106	0.197	
Fe17+	0.001	0.015	0.026	0.045	0.079	
Fe18+	0.003	0.035	0.053	0.104	0.193	
Fe19+	0.003	0.042	0.076	0.153	0.291	
Fe20+	0.003	0.023	0.051	0.110	0.173	
Fe21+	0.004	0.013	0.026	0.049	0.074	
Fe22+	0.004	0.000	0.012	0.020	0.034	
Mg9+	0.004	0.015	0.028	0.039	0.060	
Ne8+	0.004	0.006	0.010	0.015	0.021	
S10+	0.004	0.009	0.018	0.027	0.034	
S11+	0.006	0.045	0.067	0.119	0.191	
S12+	0.005	0.046	0.065	0.127	0.228	
Si10+	0.005	0.030	0.054	0.080	0.106	
Si11+	0.004	0.018	0.034	0.054	0.096	
Si9+	0.004	0.008	0.014	0.024	0.032	
10.0
Ion	0.0	0.1	1.0	10.0	100.0
Ca12+	0.040	0.042	0.055	0.074	0.117	
Ca13+	0.033	0.106	0.189	0.369	0.627	
Fe17+	0.041	0.029	0.031	0.170	0.236	
Fe18+	0.033	0.086	0.196	0.358	0.670	
Fe19+	0.032	0.103	0.239	0.545	0.916	
Fe20+	0.042	0.089	0.172	0.299	0.718	
Fe21+	0.040	0.029	0.031	0.164	0.299	
Fe22+	0.039	0.042	0.049	0.069	0.117	
Mg9+	0.029	0.029	0.084	0.132	0.189	
Ne8+	0.039	0.041	0.044	0.012	0.032	
S10+	0.025	0.046	0.055	0.090	0.115	
S11+	0.049	0.122	0.213	0.341	0.634	
S12+	0.047	0.122	0.231	0.388	0.756	
Si10+	0.032	0.104	0.152	0.239	0.375	
Si11+	0.032	0.062	0.116	0.163	0.264	
Si9+	0.040	0.044	0.032	0.070	0.099	
Step : 30
100.0
Ion	0.0	0.1	1.0	10.0	100.0
Ca12+	0.001	0.007	0.012	0.024	0.039	
Ca13+	0.005	0.040	0.054	0.098	0.188	
Fe17+	0.004	0.014	0.029	0.045	0.072	
Fe18+	0.003	0.029	0.065	0.106	0.189	
Fe19+	0.005	0.040	0.074	0.138	0.303	
Fe20+	0.004	0.028	0.048	0.097	0.199	
Fe21+	0.004	0.013	0.025	0.053	0.088	
Fe22+	0.004	0.006	0.011	0.021	0.029	
Mg9+	0.004	0.015	0.026	0.043	0.061	
Ne8+	0.004	0.006	0.009	0.014	0.022	
S10+	0.004	0.009	0.016	0.026	0.036	
S11+	0.005	0.044	0.074	0.136	0.196	
S12+	0.005	0.045	0.076	0.128	0.240	
Si10+	0.003	0.029	0.049	0.085	0.109	
Si11+	0.003	0.019	0.033	0.054	0.081	
Si9+	0.004	0.003	0.015	0.020	0.032	
10.0
Ion	0.0	0.1	1.0	10.0	100.0
Ca12+	0.010	0.041	0.052	0.085	0.113	
Ca13+	0.033	0.095	0.178	0.306	0.512	
Fe17+	0.040	0.030	0.090	0.140	0.210	
Fe18+	0.033	0.097	0.184	0.340	0.688	
Fe19+	0.031	0.103	0.228	0.432	0.065	
Fe20+	0.030	0.082	0.171	0.358	0.689	
Fe21+	0.040	0.053	0.088	0.154	0.252	
Fe22+	0.040	0.041	0.048	0.074	0.100	
Mg9+	0.032	0.032	0.087	0.131	0.169	
Ne8+	0.040	0.043	0.005	0.032	0.063	
S10+	0.040	0.009	0.054	0.076	0.116	
S11+	0.032	0.068	0.215	0.376	0.620	
S12+	0.032	0.064	0.227	0.410	0.799	
Si10+	0.037	0.091	0.153	0.266	0.344	
Si11+	0.033	0.069	0.110	0.180	0.251	
Si9+	0.040	0.043	0.031	0.076	0.094	
Step : 35
100.0
Ion	0.0	0.1	1.0	10.0	100.0
Ca12+	0.004	0.007	0.014	0.024	0.032	
Ca13+	0.005	0.038	0.063	0.104	0.167	
Fe17+	0.004	0.016	0.029	0.049	0.068	
Fe18+	0.005	0.039	0.059	0.118	0.192	
Fe19+	0.003	0.040	0.090	0.169	0.294	
Fe20+	0.004	0.026	0.047	0.101	0.165	
Fe21+	0.004	0.013	0.026	0.044	0.081	
Fe22+	0.001	0.003	0.011	0.021	0.037	
Mg9+	0.004	0.016	0.024	0.047	0.064	
Ne8+	0.004	0.006	0.010	0.016	0.019	
S10+	0.004	0.008	0.020	0.028	0.040	
S11+	0.003	0.047	0.074	0.109	0.193	
S12+	0.003	0.038	0.069	0.141	0.224	
Si10+	0.003	0.031	0.052	0.087	0.097	
Si11+	0.004	0.021	0.032	0.060	0.071	
Si9+	0.004	0.007	0.014	0.023	0.034	
10.0
Ion	0.0	0.1	1.0	10.0	100.0
Ca12+	0.040	0.044	0.052	0.069	0.109	
Ca13+	0.033	0.102	0.190	0.314	0.709	
Fe17+	0.027	0.065	0.097	0.139	0.246	
Fe18+	0.033	0.086	0.182	0.331	0.583	
Fe19+	0.032	0.076	0.247	0.582	0.061	
Fe20+	0.034	0.091	0.157	0.301	0.606	
Fe21+	0.041	0.027	0.083	0.139	0.240	
Fe22+	0.039	0.004	0.030	0.065	0.116	
Mg9+	0.033	0.031	0.075	0.027	0.177	
Ne8+	0.040	0.042	0.043	0.035	0.073	
S10+	0.025	0.045	0.054	0.080	0.119	
S11+	0.031	0.114	0.237	0.344	0.607	
S12+	0.033	0.112	0.249	0.483	0.796	
Si10+	0.034	0.087	0.152	0.233	0.395	
Si11+	0.031	0.067	0.120	0.169	0.257	
Si9+	0.040	0.000	0.055	0.072	0.101	
Step : 40
100.0
Ion	0.0	0.1	1.0	10.0	100.0
Ca12+	0.004	0.007	0.014	0.024	0.029	
Ca13+	0.005	0.030	0.064	0.102	0.151	
Fe17+	0.001	0.014	0.033	0.050	0.077	
Fe18+	0.005	0.034	0.060	0.106	0.208	
Fe19+	0.005	0.045	0.070	0.160	0.357	
Fe20+	0.004	0.024	0.048	0.104	0.198	
Fe21+	0.003	0.012	0.027	0.053	0.073	
Fe22+	0.004	0.007	0.013	0.022	0.032	
Mg9+	0.004	0.017	0.028	0.040	0.050	
Ne8+	0.004	0.006	0.009	0.016	0.024	
S10+	0.004	0.008	0.015	0.022	0.035	
S11+	0.003	0.038	0.067	0.139	0.172	
S12+	0.005	0.039	0.069	0.129	0.206	
Si10+	0.003	0.030	0.042	0.073	0.109	
Si11+	0.004	0.020	0.035	0.060	0.085	
Si9+	0.004	0.007	0.013	0.021	0.029	
10.0
Ion	0.0	0.1	1.0	10.0	100.0
Ca12+	0.040	0.005	0.050	0.077	0.112	
Ca13+	0.033	0.103	0.192	0.321	0.644	
Fe17+	0.041	0.029	0.098	0.164	0.225	
Fe18+	0.035	0.095	0.195	0.338	0.697	
Fe19+	0.031	0.091	0.187	0.503	0.068	
Fe20+	0.032	0.083	0.176	0.357	0.752	
Fe21+	0.013	0.028	0.081	0.153	0.262	
Fe22+	0.040	0.043	0.045	0.063	0.115	
Mg9+	0.041	0.029	0.085	0.137	0.190	
Ne8+	0.040	0.041	0.045	0.029	0.032	
S10+	0.040	0.045	0.060	0.091	0.113	
S11+	0.049	0.114	0.245	0.355	0.616	
S12+	0.047	0.123	0.219	0.410	0.836	
Si10+	0.032	0.092	0.190	0.270	0.381	
Si11+	0.029	0.073	0.105	0.175	0.269	
Si9+	0.040	0.045	0.053	0.080	0.098	
Step : 45
100.0
Ion	0.0	0.1	1.0	10.0	100.0
Ca12+	0.004	0.007	0.015	0.026	0.035	
Ca13+	0.005	0.031	0.057	0.110	0.185	
Fe17+	0.004	0.016	0.029	0.055	0.076	
Fe18+	0.005	0.037	0.055	0.103	0.168	
Fe19+	0.005	0.041	0.075	0.150	0.335	
Fe20+	0.004	0.027	0.057	0.089	0.178	
Fe21+	0.004	0.014	0.027	0.047	0.084	
Fe22+	0.004	0.007	0.012	0.021	0.035	
Mg9+	0.003	0.017	0.030	0.047	0.057	
Ne8+	0.004	0.006	0.010	0.016	0.018	
S10+	0.004	0.008	0.015	0.025	0.037	
S11+	0.005	0.041	0.076	0.127	0.190	
S12+	0.005	0.042	0.079	0.119	0.218	
Si10+	0.005	0.032	0.045	0.073	0.111	
Si11+	0.004	0.020	0.039	0.055	0.082	
Si9+	0.004	0.010	0.014	0.020	0.029	
10.0
Ion	0.0	0.1	1.0	10.0	100.0
Ca12+	0.040	0.044	0.051	0.062	0.108	
Ca13+	0.033	0.112	0.188	0.344	0.610	
Fe17+	0.032	0.030	0.088	0.146	0.219	
Fe18+	0.043	0.106	0.178	0.360	0.603	
Fe19+	0.046	0.095	0.262	0.532	0.053	
Fe20+	0.031	0.094	0.158	0.318	0.734	
Fe21+	0.040	0.030	0.077	0.152	0.258	
Fe22+	0.010	0.042	0.047	0.065	0.093	
Mg9+	0.041	0.062	0.085	0.142	0.198	
Ne8+	0.040	0.043	0.045	0.033	0.071	
S10+	0.040	0.010	0.062	0.083	0.121	
S11+	0.046	0.088	0.215	0.311	0.605	
S12+	0.029	0.115	0.237	0.447	0.812	
Si10+	0.032	0.089	0.149	0.262	0.280	
Si11+	0.032	0.030	0.116	0.171	0.235	
Si9+	0.040	0.047	0.031	0.072	0.103	
Step : 50
100.0
Ion	0.0	0.1	1.0	10.0	100.0
Ca12+	0.004	0.008	0.014	0.024	0.035	
Ca13+	0.005	0.033	0.049	0.101	0.213	
Fe17+	0.004	0.014	0.031	0.046	0.069	
Fe18+	0.005	0.031	0.054	0.115	0.215	
Fe19+	0.005	0.045	0.087	0.180	0.333	
Fe20+	0.003	0.025	0.055	0.103	0.163	
Fe21+	0.004	0.014	0.026	0.046	0.073	
Fe22+	0.004	0.006	0.013	0.025	0.033	
Mg9+	0.003	0.016	0.030	0.042	0.058	
Ne8+	0.004	0.006	0.011	0.018	0.020	
S10+	0.003	0.010	0.014	0.027	0.038	
S11+	0.005	0.049	0.073	0.119	0.176	
S12+	0.005	0.046	0.071	0.135	0.232	
Si10+	0.003	0.034	0.048	0.081	0.115	
Si11+	0.004	0.022	0.036	0.059	0.081	
Si9+	0.004	0.009	0.013	0.024	0.029	
10.0
Ion	0.0	0.1	1.0	10.0	100.0
Ca12+	0.040	0.029	0.050	0.078	0.116	
Ca13+	0.032	0.098	0.196	0.391	0.571	
Fe17+	0.041	0.055	0.091	0.153	0.233	
Fe18+	0.035	0.092	0.179	0.357	0.717	
Fe19+	0.033	0.069	0.240	0.552	0.070	
Fe20+	0.034	0.094	0.167	0.326	0.701	
Fe21+	0.040	0.030	0.072	0.142	0.248	
Fe22+	0.040	0.041	0.045	0.063	0.120	
Mg9+	0.041	0.062	0.089	0.127	0.179	
Ne8+	0.040	0.042	0.044	0.055	0.032	
S10+	0.039	0.043	0.060	0.072	0.117	
S11+	0.034	0.106	0.222	0.333	0.660	
S12+	0.047	0.099	0.261	0.426	0.836	
Si10+	0.034	0.098	0.156	0.271	0.357	
Si11+	0.030	0.070	0.109	0.163	0.290	
Si9+	0.040	0.044	0.029	0.069	0.098	
Step : 55
100.0
Ion	0.0	0.1	1.0	10.0	100.0
Ca12+	0.004	0.007	0.015	0.023	0.033	
Ca13+	0.003	0.035	0.058	0.111	0.170	
Fe17+	0.004	0.016	0.025	0.048	0.069	
Fe18+	0.005	0.033	0.067	0.113	0.201	
Fe19+	0.005	0.042	0.087	0.139	0.319	
Fe20+	0.004	0.023	0.053	0.097	0.169	
Fe21+	0.004	0.013	0.026	0.048	0.068	
Fe22+	0.004	0.007	0.012	0.018	0.034	
Mg9+	0.004	0.015	0.028	0.043	0.058	
Ne8+	0.004	0.006	0.009	0.016	0.024	
S10+	0.004	0.010	0.014	0.026	0.040	
S11+	0.005	0.041	0.073	0.119	0.179	
S12+	0.005	0.045	0.076	0.121	0.184	
Si10+	0.003	0.033	0.055	0.080	0.124	
Si11+	0.003	0.018	0.035	0.067	0.084	
Si9+	0.003	0.007	0.014	0.021	0.028	
10.0
Ion	0.0	0.1	1.0	10.0	100.0
Ca12+	0.040	0.041	0.030	0.076	0.104	
Ca13+	0.032	0.097	0.185	0.339	0.505	
Fe17+	0.040	0.030	0.093	0.161	0.222	
Fe18+	0.032	0.089	0.183	0.348	0.637	
Fe19+	0.046	0.108	0.272	0.561	0.079	
Fe20+	0.035	0.083	0.156	0.265	0.595	
Fe21+	0.040	0.030	0.085	0.159	0.269	
Fe22+	0.039	0.042	0.012	0.062	0.100	
Mg9+	0.031	0.029	0.088	0.130	0.219	
Ne8+	0.040	0.042	0.008	0.033	0.077	
S10+	0.040	0.045	0.057	0.071	0.101	
S11+	0.046	0.101	0.225	0.347	0.618	
S12+	0.048	0.118	0.219	0.336	0.783	
Si10+	0.035	0.104	0.167	0.249	0.376	
Si11+	0.032	0.063	0.106	0.183	0.280	
Si9+	0.040	0.044	0.012	0.072	0.095	
