Step : 1
100.0
Ion	0.0	0.1	1.0	10.0	100.0
Ca7+	0.004	0.007	0.017	0.025	0.034	
Fe8+	0.003	0.038	0.071	0.123	0.246	
Fe9+	0.004	0.013	0.027	0.047	0.075	
S5+	0.005	0.061	0.094	0.183	0.333	
10.0
Ion	0.0	0.1	1.0	10.0	100.0
Ca7+	0.040	0.044	0.054	0.086	0.111	
Fe8+	0.032	0.113	0.217	0.348	0.919	
Fe9+	0.040	0.028	0.082	0.150	0.304	
S5+	0.054	0.077	0.256	0.548	1.108	
Step : 5
100.0
Ion	0.0	0.1	1.0	10.0	100.0
Ca7+	0.004	0.008	0.016	0.025	0.036	
Fe8+	0.005	0.039	0.072	0.156	0.313	
Fe9+	0.004	0.013	0.027	0.050	0.072	
S5+	0.005	0.068	0.106	0.157	0.253	
10.0
Ion	0.0	0.1	1.0	10.0	100.0
Ca7+	0.040	0.043	0.030	0.083	0.122	
Fe8+	0.046	0.085	0.250	0.508	0.999	
Fe9+	0.040	0.029	0.081	0.149	0.233	
S5+	0.030	0.069	0.312	0.621	1.034	
Step : 10
100.0
Ion	0.0	0.1	1.0	10.0	100.0
Ca7+	0.001	0.007	0.012	0.022	0.036	
Fe8+	0.005	0.044	0.079	0.124	0.328	
Fe9+	0.004	0.014	0.025	0.045	0.061	
S5+	0.005	0.063	0.105	0.212	0.316	
10.0
Ion	0.0	0.1	1.0	10.0	100.0
Ca7+	0.040	0.042	0.052	0.073	0.115	
Fe8+	0.046	0.074	0.284	0.518	0.079	
Fe9+	0.040	0.052	0.074	0.149	0.237	
S5+	0.029	0.062	0.334	0.560	0.065	
Step : 15
100.0
Ion	0.0	0.1	1.0	10.0	100.0
Ca7+	0.004	0.007	0.013	0.022	0.032	
Fe8+	0.005	0.046	0.083	0.154	0.286	
Fe9+	0.004	0.011	0.022	0.037	0.063	
S5+	0.006	0.068	0.090	0.174	0.324	
10.0
Ion	0.0	0.1	1.0	10.0	100.0
Ca7+	0.040	0.044	0.049	0.069	0.104	
Fe8+	0.033	0.100	0.258	0.456	0.060	
Fe9+	0.041	0.048	0.058	0.115	0.187	
S5+	0.031	0.168	0.286	0.607	0.058	
Step : 20
100.0
Ion	0.0	0.1	1.0	10.0	100.0
Ca7+	0.004	0.006	0.013	0.019	0.029	
Fe8+	0.003	0.042	0.078	0.157	0.271	
Fe9+	0.004	0.012	0.024	0.036	0.056	
S5+	0.005	0.079	0.088	0.199	0.337	
10.0
Ion	0.0	0.1	1.0	10.0	100.0
Ca7+	0.039	0.041	0.011	0.069	0.091	
Fe8+	0.033	0.075	0.235	0.449	0.060	
Fe9+	0.040	0.050	0.066	0.132	0.200	
S5+	0.050	0.028	0.335	0.778	0.070	
Step : 25
100.0
Ion	0.0	0.1	1.0	10.0	100.0
Fe8+	0.005	0.039	0.079	0.142	0.340	
Fe9+	0.004	0.011	0.022	0.042	0.062	
S5+	0.005	0.064	0.106	0.189	0.439	
10.0
Ion	0.0	0.1	1.0	10.0	100.0
Fe8+	0.045	0.066	0.275	0.496	0.089	
Fe9+	0.040	0.047	0.064	0.139	0.204	
S5+	0.055	0.026	0.298	0.751	0.063	
Step : 30
100.0
Ion	0.0	0.1	1.0	10.0	100.0
Fe8+	0.003	0.049	0.084	0.151	0.293	
Fe9+	0.004	0.012	0.020	0.033	0.063	
10.0
Ion	0.0	0.1	1.0	10.0	100.0
Fe8+	0.045	0.114	0.240	0.468	1.026	
Fe9+	0.040	0.014	0.064	0.125	0.180	
Step : 35
100.0
Ion	0.0	0.1	1.0	10.0	100.0
Fe8+	0.003	0.052	0.083	0.150	0.272	
Fe9+	0.004	0.014	0.022	0.044	0.064	
10.0
Ion	0.0	0.1	1.0	10.0	100.0
Fe8+	0.032	0.068	0.269	0.480	0.964	
Fe9+	0.012	0.054	0.070	0.137	0.229	
Step : 40
Step : 45
Step : 50
Step : 55
