Step : 1
100.0
Ion	0.0	0.1	1.0	10.0	100.0
Ca6+	0.004	0.009	0.015	0.029	0.040	
Ca8+	0.003	0.014	0.025	0.044	0.058	
Fe10+	0.004	0.022	0.047	0.098	0.158	
Fe9+	0.004	0.022	0.051	0.083	0.137	
S5+	0.004	0.011	0.018	0.027	0.044	
S6+	0.005	0.041	0.068	0.118	0.191	
Si5+	0.005	0.027	0.043	0.065	0.100	
10.0
Ion	0.0	0.1	1.0	10.0	100.0
Ca6+	0.040	0.043	0.059	0.083	0.130	
Ca8+	0.012	0.051	0.072	0.148	0.199	
Fe10+	0.033	0.079	0.169	0.267	0.455	
Fe9+	0.034	0.087	0.147	0.260	0.448	
S5+	0.040	0.011	0.059	0.098	0.125	
S6+	0.033	0.121	0.182	0.374	0.626	
Si5+	0.031	0.081	0.141	0.217	0.316	
Step : 5
100.0
Ion	0.0	0.1	1.0	10.0	100.0
Ca6+	0.004	0.008	0.015	0.026	0.038	
Ca8+	0.004	0.011	0.025	0.040	0.057	
Fe10+	0.004	0.027	0.048	0.099	0.165	
Fe11+	0.004	0.007	0.013	0.024	0.037	
Fe9+	0.005	0.033	0.056	0.091	0.163	
S5+	0.004	0.011	0.019	0.029	0.033	
S6+	0.005	0.044	0.070	0.121	0.209	
Si5+	0.005	0.032	0.046	0.080	0.104	
10.0
Ion	0.0	0.1	1.0	10.0	100.0
Ca6+	0.040	0.045	0.049	0.077	0.118	
Ca8+	0.026	0.029	0.072	0.125	0.175	
Fe10+	0.041	0.083	0.184	0.326	0.672	
Fe11+	0.040	0.041	0.051	0.072	0.113	
Fe9+	0.032	0.107	0.159	0.354	0.650	
S5+	0.026	0.045	0.057	0.076	0.134	
S6+	0.034	0.119	0.235	0.394	0.805	
Si5+	0.036	0.091	0.171	0.232	0.310	
Step : 10
100.0
Ion	0.0	0.1	1.0	10.0	100.0
Ca6+	0.004	0.007	0.015	0.025	0.035	
Ca8+	0.004	0.012	0.020	0.033	0.054	
Fe10+	0.004	0.028	0.048	0.083	0.185	
Fe11+	0.004	0.006	0.012	0.021	0.035	
Fe9+	0.005	0.032	0.057	0.125	0.207	
S5+	0.003	0.009	0.016	0.027	0.039	
S6+	0.005	0.051	0.062	0.123	0.220	
Si5+	0.005	0.037	0.051	0.081	0.120	
10.0
Ion	0.0	0.1	1.0	10.0	100.0
Ca6+	0.039	0.043	0.051	0.068	0.099	
Ca8+	0.040	0.014	0.068	0.110	0.153	
Fe10+	0.030	0.086	0.160	0.360	0.602	
Fe11+	0.040	0.041	0.009	0.066	0.089	
Fe9+	0.031	0.100	0.222	0.329	0.806	
S5+	0.040	0.046	0.056	0.086	0.122	
S6+	0.029	0.073	0.223	0.425	0.807	
Si5+	0.033	0.108	0.175	0.264	0.439	
Step : 15
100.0
Ion	0.0	0.1	1.0	10.0	100.0
Ca6+	0.004	0.006	0.014	0.023	0.028	
Ca8+	0.004	0.011	0.020	0.036	0.053	
Fe10+	0.004	0.025	0.049	0.088	0.179	
Fe11+	0.004	0.003	0.009	0.019	0.025	
Fe9+	0.003	0.034	0.059	0.118	0.199	
S5+	0.004	0.008	0.014	0.026	0.031	
S6+	0.003	0.043	0.073	0.123	0.221	
Si5+	0.005	0.032	0.049	0.083	0.117	
10.0
Ion	0.0	0.1	1.0	10.0	100.0
Ca6+	0.040	0.043	0.014	0.071	0.106	
Ca8+	0.040	0.049	0.065	0.098	0.174	
Fe10+	0.030	0.089	0.157	0.272	0.601	
Fe11+	0.039	0.042	0.047	0.060	0.088	
Fe9+	0.033	0.099	0.197	0.361	0.640	
S5+	0.040	0.045	0.007	0.075	0.102	
S6+	0.047	0.067	0.236	0.420	0.890	
Si5+	0.032	0.104	0.134	0.260	0.370	
Step : 20
100.0
Ion	0.0	0.1	1.0	10.0	100.0
Ca6+	0.004	0.006	0.014	0.021	0.032	
Ca8+	0.004	0.010	0.020	0.038	0.054	
Fe10+	0.003	0.023	0.047	0.085	0.162	
Fe11+	0.004	0.006	0.008	0.014	0.026	
Fe9+	0.004	0.031	0.060	0.116	0.211	
S5+	0.004	0.008	0.013	0.025	0.034	
S6+	0.003	0.045	0.079	0.133	0.233	
Si5+	0.004	0.029	0.052	0.083	0.111	
10.0
Ion	0.0	0.1	1.0	10.0	100.0
Ca6+	0.040	0.043	0.028	0.063	0.103	
Ca8+	0.040	0.009	0.079	0.099	0.164	
Fe10+	0.032	0.089	0.137	0.242	0.644	
Fe11+	0.010	0.040	0.045	0.062	0.092	
Fe9+	0.033	0.097	0.200	0.387	0.651	
S5+	0.040	0.045	0.053	0.079	0.106	
S6+	0.033	0.067	0.253	0.437	0.758	
Si5+	0.034	0.091	0.155	0.266	0.337	
Step : 25
100.0
Ion	0.0	0.1	1.0	10.0	100.0
Ca8+	0.003	0.012	0.021	0.032	0.047	
Fe10+	0.003	0.023	0.041	0.077	0.161	
Fe11+	0.004	0.003	0.010	0.017	0.027	
Fe9+	0.005	0.034	0.064	0.111	0.206	
S5+	0.004	0.007	0.014	0.024	0.034	
S6+	0.003	0.047	0.076	0.140	0.238	
Si5+	0.005	0.028	0.044	0.089	0.112	
10.0
Ion	0.0	0.1	1.0	10.0	100.0
Ca8+	0.040	0.012	0.072	0.119	0.168	
Fe10+	0.034	0.092	0.138	0.308	0.540	
Fe11+	0.039	0.041	0.045	0.060	0.080	
Fe9+	0.032	0.080	0.193	0.316	0.722	
S5+	0.040	0.044	0.029	0.073	0.121	
S6+	0.033	0.104	0.204	0.460	0.882	
Si5+	0.032	0.091	0.159	0.251	0.425	
Step : 30
100.0
Ion	0.0	0.1	1.0	10.0	100.0
Ca8+	0.004	0.010	0.017	0.031	0.053	
Fe10+	0.004	0.020	0.041	0.083	0.154	
Fe11+	0.004	0.005	0.008	0.018	0.023	
Fe9+	0.005	0.032	0.059	0.103	0.190	
S6+	0.005	0.045	0.068	0.120	0.214	
Si5+	0.005	0.030	0.054	0.091	0.137	
10.0
Ion	0.0	0.1	1.0	10.0	100.0
Ca8+	0.040	0.047	0.061	0.097	0.165	
Fe10+	0.041	0.086	0.131	0.253	0.493	
Fe11+	0.010	0.040	0.043	0.055	0.067	
Fe9+	0.032	0.108	0.203	0.372	0.708	
S6+	0.031	0.064	0.232	0.488	0.873	
Si5+	0.035	0.092	0.169	0.307	0.549	
Step : 35
100.0
Ion	0.0	0.1	1.0	10.0	100.0
Ca8+	0.004	0.011	0.021	0.028	0.054	
Fe10+	0.003	0.020	0.046	0.091	0.154	
Fe11+	0.001	0.005	0.009	0.015	0.025	
Fe9+	0.005	0.030	0.069	0.104	0.189	
S6+	0.005	0.043	0.083	0.146	0.255	
10.0
Ion	0.0	0.1	1.0	10.0	100.0
Ca8+	0.040	0.046	0.064	0.103	0.136	
Fe10+	0.032	0.075	0.027	0.259	0.488	
Fe11+	0.040	0.041	0.042	0.055	0.081	
Fe9+	0.033	0.103	0.180	0.337	0.696	
S6+	0.033	0.121	0.253	0.393	0.771	
Step : 40
100.0
Ion	0.0	0.1	1.0	10.0	100.0
Ca8+	0.004	0.010	0.018	0.032	0.044	
Fe10+	0.002	0.023	0.045	0.076	0.155	
Fe11+	0.001	0.005	0.009	0.017	0.027	
Fe9+	0.005	0.032	0.056	0.116	0.159	
S6+	0.005	0.046	0.063	0.132	0.222	
10.0
Ion	0.0	0.1	1.0	10.0	100.0
Ca8+	0.040	0.046	0.060	0.116	0.150	
Fe10+	0.032	0.029	0.131	0.275	0.481	
Fe11+	0.040	0.040	0.007	0.056	0.081	
Fe9+	0.044	0.104	0.186	0.314	0.719	
S6+	0.033	0.079	0.258	0.465	0.889	
Step : 45
Step : 50
Step : 55
