Step : 1
100.0
Ion	0.0	0.1	1.0	10.0	100.0
Ca7+	0.004	0.014	0.027	0.042	0.067	
Ca9+	0.003	0.016	0.032	0.060	0.077	
Fe10+	0.003	0.021	0.038	0.064	0.099	
Mg5+	0.003	0.014	0.020	0.035	0.041	
S6+	0.005	0.022	0.041	0.069	0.085	
S7+	0.005	0.030	0.052	0.080	0.137	
Si6+	0.003	0.022	0.042	0.072	0.105	
10.0
Ion	0.0	0.1	1.0	10.0	100.0
Ca7+	0.040	0.029	0.070	0.136	0.197	
Ca9+	0.032	0.060	0.104	0.173	0.259	
Fe10+	0.032	0.027	0.125	0.235	0.376	
Mg5+	0.040	0.030	0.059	0.096	0.144	
S6+	0.034	0.081	0.128	0.206	0.303	
S7+	0.033	0.103	0.170	0.307	0.424	
Si6+	0.031	0.080	0.132	0.212	0.323	
Step : 5
100.0
Ion	0.0	0.1	1.0	10.0	100.0
Ca7+	0.004	0.013	0.022	0.036	0.062	
Ca9+	0.004	0.015	0.031	0.050	0.076	
Fe10+	0.003	0.023	0.037	0.063	0.109	
Fe11+	0.004	0.039	0.069	0.133	0.275	
Fe12+	0.004	0.012	0.024	0.048	0.083	
Mg5+	0.004	0.013	0.025	0.041	0.055	
S6+	0.003	0.022	0.035	0.065	0.086	
S7+	0.005	0.033	0.055	0.092	0.162	
Si6+	0.005	0.026	0.049	0.086	0.118	
10.0
Ion	0.0	0.1	1.0	10.0	100.0
Ca7+	0.040	0.029	0.069	0.121	0.179	
Ca9+	0.031	0.061	0.082	0.174	0.236	
Fe10+	0.025	0.075	0.146	0.195	0.381	
Fe11+	0.031	0.121	0.220	0.461	0.846	
Fe12+	0.027	0.028	0.084	0.160	0.279	
Mg5+	0.033	0.028	0.083	0.130	0.148	
S6+	0.032	0.071	0.111	0.194	0.288	
S7+	0.034	0.093	0.182	0.293	0.443	
Si6+	0.032	0.107	0.162	0.247	0.326	
Step : 10
100.0
Ion	0.0	0.1	1.0	10.0	100.0
Ca7+	0.004	0.011	0.020	0.034	0.054	
Ca9+	0.004	0.015	0.026	0.050	0.075	
Fe10+	0.003	0.021	0.038	0.083	0.129	
Fe11+	0.005	0.043	0.076	0.123	0.372	
Fe12+	0.004	0.012	0.025	0.053	0.072	
Fe13+	0.001	0.000	0.006	0.010	0.016	
Mg5+	0.003	0.016	0.025	0.043	0.045	
S6+	0.003	0.020	0.038	0.060	0.081	
S7+	0.005	0.034	0.050	0.099	0.158	
Si6+	0.003	0.035	0.054	0.084	0.146	
10.0
Ion	0.0	0.1	1.0	10.0	100.0
Ca7+	0.025	0.028	0.070	0.111	0.177	
Ca9+	0.041	0.028	0.094	0.152	0.218	
Fe10+	0.032	0.079	0.141	0.252	0.362	
Fe11+	0.044	0.072	0.232	0.434	0.062	
Fe12+	0.026	0.029	0.081	0.141	0.252	
Fe13+	0.010	0.040	0.042	0.044	0.033	
Mg5+	0.033	0.062	0.079	0.115	0.149	
S6+	0.036	0.029	0.110	0.211	0.294	
S7+	0.034	0.097	0.184	0.269	0.424	
Si6+	0.034	0.092	0.165	0.284	0.428	
Step : 15
100.0
Ion	0.0	0.1	1.0	10.0	100.0
Ca7+	0.004	0.011	0.020	0.033	0.050	
Ca9+	0.004	0.013	0.025	0.046	0.072	
Fe10+	0.003	0.027	0.047	0.077	0.125	
Fe11+	0.005	0.036	0.074	0.151	0.293	
Fe12+	0.004	0.014	0.025	0.047	0.071	
Fe13+	0.001	0.004	0.006	0.010	0.015	
Mg5+	0.004	0.017	0.025	0.041	0.050	
S6+	0.004	0.021	0.035	0.050	0.086	
S7+	0.004	0.034	0.052	0.089	0.127	
Si6+	0.005	0.031	0.050	0.081	0.127	
10.0
Ion	0.0	0.1	1.0	10.0	100.0
Ca7+	0.040	0.029	0.062	0.103	0.159	
Ca9+	0.041	0.029	0.080	0.156	0.215	
Fe10+	0.033	0.029	0.148	0.245	0.358	
Fe11+	0.046	0.102	0.226	0.495	0.956	
Fe12+	0.040	0.050	0.079	0.147	0.224	
Fe13+	0.010	0.040	0.042	0.006	0.051	
Mg5+	0.030	0.031	0.080	0.132	0.172	
S6+	0.029	0.072	0.099	0.160	0.262	
S7+	0.034	0.100	0.189	0.301	0.510	
Si6+	0.031	0.094	0.157	0.263	0.384	
Step : 20
100.0
Ion	0.0	0.1	1.0	10.0	100.0
Ca7+	0.004	0.012	0.021	0.033	0.051	
Ca9+	0.004	0.014	0.029	0.048	0.064	
Fe10+	0.003	0.024	0.041	0.075	0.110	
Fe11+	0.005	0.038	0.075	0.150	0.291	
Fe12+	0.004	0.014	0.023	0.045	0.068	
Mg5+	0.003	0.017	0.028	0.041	0.053	
S6+	0.003	0.020	0.033	0.056	0.073	
S7+	0.005	0.031	0.064	0.086	0.136	
Si6+	0.005	0.032	0.046	0.087	0.153	
10.0
Ion	0.0	0.1	1.0	10.0	100.0
Ca7+	0.040	0.047	0.064	0.102	0.160	
Ca9+	0.041	0.030	0.093	0.147	0.197	
Fe10+	0.036	0.080	0.164	0.268	0.372	
Fe11+	0.044	0.104	0.240	0.505	1.003	
Fe12+	0.040	0.052	0.086	0.139	0.203	
Mg5+	0.033	0.063	0.081	0.133	0.182	
S6+	0.032	0.076	0.106	0.182	0.252	
S7+	0.034	0.089	0.185	0.273	0.482	
Si6+	0.042	0.091	0.164	0.285	0.361	
Step : 25
100.0
Ion	0.0	0.1	1.0	10.0	100.0
Ca7+	0.004	0.010	0.022	0.026	0.047	
Ca9+	0.003	0.014	0.029	0.044	0.068	
Fe10+	0.003	0.026	0.047	0.071	0.145	
Fe11+	0.004	0.038	0.079	0.148	0.287	
Fe12+	0.004	0.012	0.024	0.048	0.065	
Mg5+	0.003	0.017	0.028	0.039	0.062	
S6+	0.004	0.017	0.033	0.053	0.074	
S7+	0.005	0.034	0.052	0.083	0.141	
Si6+	0.005	0.031	0.052	0.084	0.128	
10.0
Ion	0.0	0.1	1.0	10.0	100.0
Ca7+	0.039	0.048	0.063	0.120	0.154	
Ca9+	0.013	0.057	0.093	0.137	0.215	
Fe10+	0.031	0.080	0.132	0.251	0.411	
Fe11+	0.030	0.126	0.225	0.498	0.072	
Fe12+	0.012	0.028	0.076	0.141	0.214	
Mg5+	0.035	0.067	0.031	0.144	0.183	
S6+	0.031	0.064	0.108	0.162	0.248	
S7+	0.035	0.096	0.200	0.297	0.495	
Si6+	0.046	0.094	0.166	0.281	0.426	
Step : 30
100.0
Ion	0.0	0.1	1.0	10.0	100.0
Ca7+	0.004	0.011	0.020	0.030	0.051	
Ca9+	0.004	0.013	0.021	0.044	0.070	
Fe10+	0.004	0.024	0.040	0.072	0.123	
Fe11+	0.003	0.038	0.077	0.147	0.242	
Fe12+	0.004	0.011	0.025	0.046	0.064	
Mg5+	0.003	0.020	0.029	0.051	0.059	
S6+	0.003	0.019	0.034	0.048	0.072	
S7+	0.005	0.035	0.046	0.091	0.146	
Si5+	0.004	0.003	0.009	0.014	0.019	
Si6+	0.003	0.032	0.056	0.082	0.128	
10.0
Ion	0.0	0.1	1.0	10.0	100.0
Ca7+	0.040	0.049	0.062	0.096	0.150	
Ca9+	0.041	0.052	0.087	0.144	0.211	
Fe10+	0.033	0.079	0.144	0.223	0.407	
Fe11+	0.033	0.102	0.238	0.466	0.913	
Fe12+	0.040	0.026	0.069	0.136	0.227	
Mg5+	0.030	0.067	0.085	0.157	0.188	
S6+	0.031	0.029	0.089	0.140	0.260	
S7+	0.033	0.093	0.168	0.290	0.501	
Si5+	0.040	0.041	0.044	0.032	0.068	
Si6+	0.034	0.085	0.155	0.266	0.379	
Step : 35
100.0
Ion	0.0	0.1	1.0	10.0	100.0
Ca7+	0.004	0.011	0.022	0.033	0.044	
Ca9+	0.004	0.013	0.029	0.042	0.068	
Fe10+	0.003	0.023	0.042	0.080	0.114	
Fe11+	0.003	0.040	0.069	0.144	0.272	
Fe12+	0.004	0.010	0.023	0.036	0.063	
Mg5+	0.003	0.018	0.033	0.048	0.055	
S6+	0.003	0.018	0.038	0.054	0.078	
S7+	0.005	0.029	0.052	0.096	0.123	
Si6+	0.003	0.034	0.051	0.081	0.129	
10.0
Ion	0.0	0.1	1.0	10.0	100.0
Ca7+	0.041	0.044	0.058	0.092	0.146	
Ca9+	0.041	0.030	0.072	0.144	0.212	
Fe10+	0.034	0.092	0.147	0.244	0.385	
Fe11+	0.044	0.092	0.215	0.436	0.913	
Fe12+	0.040	0.051	0.069	0.128	0.207	
Mg5+	0.032	0.062	0.095	0.141	0.219	
S6+	0.032	0.071	0.107	0.191	0.248	
S7+	0.032	0.094	0.167	0.312	0.464	
Si6+	0.031	0.106	0.156	0.275	0.424	
Step : 40
100.0
Ion	0.0	0.1	1.0	10.0	100.0
Ca7+	0.004	0.011	0.017	0.032	0.042	
Ca9+	0.003	0.012	0.028	0.045	0.072	
Fe10+	0.004	0.024	0.044	0.082	0.113	
Fe11+	0.005	0.040	0.066	0.138	0.288	
Fe12+	0.004	0.011	0.025	0.038	0.056	
Mg5+	0.004	0.017	0.035	0.054	0.078	
S6+	0.003	0.018	0.032	0.057	0.090	
S7+	0.005	0.031	0.057	0.097	0.155	
Si6+	0.005	0.035	0.044	0.083	0.123	
10.0
Ion	0.0	0.1	1.0	10.0	100.0
Ca7+	0.040	0.048	0.058	0.110	0.140	
Ca9+	0.012	0.053	0.076	0.140	0.197	
Fe10+	0.042	0.076	0.127	0.261	0.420	
Fe11+	0.045	0.113	0.216	0.497	0.064	
Fe12+	0.040	0.050	0.066	0.130	0.215	
Mg5+	0.041	0.061	0.106	0.155	0.246	
S6+	0.032	0.069	0.113	0.190	0.280	
S7+	0.034	0.109	0.162	0.291	0.520	
Si6+	0.036	0.105	0.157	0.263	0.386	
Step : 45
Step : 50
Step : 55
