Step : 1
100.0
Ion	0.0	0.1	1.0	10.0	100.0
Ca8+	0.004	0.017	0.036	0.055	0.086	
Mg6+	0.004	0.011	0.024	0.035	0.046	
S7+	0.005	0.048	0.070	0.129	0.330	
S8+	0.003	0.024	0.043	0.074	0.115	
Si6+	0.004	0.016	0.025	0.044	0.069	
Si7+	0.004	0.022	0.040	0.065	0.087	
10.0
Ion	0.0	0.1	1.0	10.0	100.0
Ca8+	0.030	0.063	0.094	0.207	0.269	
Mg6+	0.040	0.028	0.063	0.108	0.152	
S7+	0.033	0.124	0.263	0.465	0.111	
S8+	0.034	0.088	0.138	0.243	0.368	
Si6+	0.032	0.061	0.082	0.145	0.205	
Si7+	0.028	0.076	0.114	0.189	0.331	
Step : 5
100.0
Ion	0.0	0.1	1.0	10.0	100.0
Ca10+	0.003	0.021	0.030	0.066	0.097	
Ca8+	0.004	0.016	0.031	0.048	0.074	
Fe11+	0.004	0.014	0.028	0.052	0.068	
Fe12+	0.005	0.031	0.061	0.108	0.231	
Fe13+	0.004	0.023	0.042	0.086	0.156	
Fe14+	0.004	0.008	0.014	0.022	0.038	
Mg6+	0.004	0.012	0.023	0.035	0.044	
S7+	0.003	0.042	0.068	0.110	0.150	
S8+	0.003	0.024	0.044	0.067	0.118	
Si6+	0.003	0.016	0.028	0.039	0.052	
Si7+	0.003	0.016	0.032	0.058	0.083	
10.0
Ion	0.0	0.1	1.0	10.0	100.0
Ca10+	0.041	0.030	0.115	0.200	0.290	
Ca8+	0.031	0.028	0.095	0.154	0.251	
Fe11+	0.012	0.030	0.078	0.161	0.215	
Fe12+	0.034	0.098	0.173	0.417	0.868	
Fe13+	0.029	0.077	0.156	0.287	0.501	
Fe14+	0.040	0.043	0.053	0.085	0.121	
Mg6+	0.040	0.050	0.066	0.116	0.171	
S7+	0.035	0.111	0.186	0.352	0.455	
S8+	0.042	0.029	0.140	0.226	0.371	
Si6+	0.032	0.060	0.074	0.143	0.159	
Si7+	0.033	0.068	0.105	0.190	0.314	
Step : 10
100.0
Ion	0.0	0.1	1.0	10.0	100.0
Ca10+	0.003	0.020	0.034	0.065	0.083	
Ca8+	0.003	0.015	0.031	0.051	0.078	
Fe11+	0.004	0.016	0.030	0.050	0.094	
Fe12+	0.005	0.038	0.074	0.122	0.316	
Fe13+	0.003	0.022	0.044	0.081	0.162	
Fe14+	0.004	0.008	0.014	0.026	0.041	
Mg6+	0.003	0.014	0.022	0.035	0.059	
S7+	0.001	0.043	0.066	0.118	0.148	
S8+	0.004	0.023	0.045	0.069	0.111	
Si6+	0.004	0.016	0.022	0.040	0.049	
Si7+	0.003	0.022	0.041	0.071	0.082	
10.0
Ion	0.0	0.1	1.0	10.0	100.0
Ca10+	0.041	0.070	0.098	0.207	0.313	
Ca8+	0.040	0.030	0.077	0.141	0.230	
Fe11+	0.030	0.057	0.097	0.183	0.255	
Fe12+	0.044	0.121	0.221	0.496	1.075	
Fe13+	0.032	0.082	0.141	0.304	0.494	
Fe14+	0.040	0.043	0.058	0.081	0.137	
Mg6+	0.041	0.051	0.071	0.113	0.184	
S7+	0.036	0.081	0.185	0.367	0.426	
S8+	0.035	0.092	0.145	0.241	0.368	
Si6+	0.031	0.029	0.080	0.121	0.173	
Si7+	0.032	0.073	0.133	0.197	0.289	
Step : 15
100.0
Ion	0.0	0.1	1.0	10.0	100.0
Ca10+	0.003	0.018	0.036	0.057	0.085	
Ca8+	0.001	0.016	0.027	0.051	0.064	
Fe11+	0.003	0.017	0.030	0.064	0.097	
Fe12+	0.005	0.046	0.073	0.131	0.307	
Fe13+	0.004	0.025	0.042	0.084	0.146	
Fe14+	0.004	0.007	0.014	0.025	0.040	
Mg6+	0.003	0.013	0.024	0.041	0.050	
S7+	0.003	0.038	0.062	0.093	0.160	
S8+	0.004	0.024	0.044	0.074	0.119	
Si6+	0.003	0.016	0.027	0.036	0.049	
Si7+	0.003	0.022	0.040	0.072	0.107	
10.0
Ion	0.0	0.1	1.0	10.0	100.0
Ca10+	0.027	0.076	0.103	0.184	0.280	
Ca8+	0.032	0.030	0.092	0.132	0.213	
Fe11+	0.033	0.067	0.093	0.164	0.255	
Fe12+	0.046	0.070	0.242	0.554	0.067	
Fe13+	0.031	0.082	0.178	0.207	0.473	
Fe14+	0.040	0.043	0.031	0.077	0.109	
Mg6+	0.025	0.031	0.067	0.107	0.178	
S7+	0.034	0.098	0.191	0.322	0.485	
S8+	0.033	0.079	0.139	0.246	0.316	
Si6+	0.030	0.030	0.074	0.117	0.159	
Si7+	0.031	0.075	0.136	0.185	0.278	
Step : 20
100.0
Ion	0.0	0.1	1.0	10.0	100.0
Ca10+	0.004	0.017	0.032	0.052	0.088	
Ca8+	0.004	0.015	0.029	0.046	0.067	
Fe11+	0.003	0.017	0.029	0.057	0.085	
Fe12+	0.005	0.042	0.081	0.156	0.328	
Fe13+	0.003	0.021	0.040	0.077	0.143	
Fe14+	0.004	0.007	0.013	0.025	0.040	
Mg6+	0.004	0.014	0.024	0.033	0.052	
S7+	0.005	0.043	0.060	0.098	0.152	
S8+	0.004	0.020	0.044	0.084	0.111	
Si6+	0.004	0.014	0.023	0.038	0.051	
Si7+	0.003	0.023	0.034	0.075	0.092	
10.0
Ion	0.0	0.1	1.0	10.0	100.0
Ca10+	0.041	0.071	0.107	0.186	0.274	
Ca8+	0.031	0.031	0.098	0.130	0.201	
Fe11+	0.030	0.028	0.101	0.174	0.282	
Fe12+	0.031	0.072	0.244	0.566	0.876	
Fe13+	0.031	0.080	0.148	0.290	0.421	
Fe14+	0.039	0.043	0.050	0.074	0.131	
Mg6+	0.041	0.029	0.068	0.113	0.177	
S7+	0.047	0.096	0.198	0.329	0.514	
S8+	0.034	0.079	0.132	0.215	0.375	
Si6+	0.032	0.057	0.071	0.111	0.144	
Si7+	0.032	0.078	0.116	0.207	0.296	
Step : 25
100.0
Ion	0.0	0.1	1.0	10.0	100.0
Ca10+	0.004	0.018	0.038	0.057	0.091	
Ca8+	0.004	0.015	0.027	0.043	0.065	
Fe11+	0.004	0.017	0.033	0.046	0.083	
Fe12+	0.005	0.043	0.077	0.156	0.291	
Fe13+	0.003	0.022	0.041	0.087	0.166	
Fe14+	0.004	0.007	0.013	0.023	0.034	
Mg6+	0.004	0.014	0.024	0.039	0.052	
S7+	0.003	0.036	0.059	0.100	0.145	
S8+	0.003	0.023	0.047	0.078	0.116	
Si6+	0.004	0.014	0.022	0.036	0.052	
Si7+	0.004	0.024	0.037	0.066	0.100	
10.0
Ion	0.0	0.1	1.0	10.0	100.0
Ca10+	0.031	0.061	0.114	0.160	0.289	
Ca8+	0.040	0.056	0.088	0.153	0.221	
Fe11+	0.041	0.061	0.086	0.193	0.252	
Fe12+	0.029	0.030	0.247	0.510	1.034	
Fe13+	0.030	0.068	0.125	0.219	0.419	
Fe14+	0.040	0.042	0.032	0.081	0.121	
Mg6+	0.040	0.030	0.071	0.124	0.164	
S7+	0.034	0.106	0.187	0.319	0.455	
S8+	0.041	0.078	0.150	0.257	0.395	
Si6+	0.012	0.055	0.076	0.108	0.174	
Si7+	0.032	0.084	0.110	0.208	0.299	
Step : 30
100.0
Ion	0.0	0.1	1.0	10.0	100.0
Ca10+	0.004	0.020	0.033	0.064	0.083	
Ca8+	0.003	0.014	0.026	0.042	0.056	
Fe11+	0.002	0.019	0.035	0.053	0.074	
Fe12+	0.005	0.037	0.071	0.181	0.318	
Fe13+	0.003	0.023	0.040	0.073	0.134	
Fe14+	0.004	0.006	0.014	0.023	0.037	
Mg6+	0.003	0.014	0.025	0.036	0.055	
S7+	0.005	0.038	0.059	0.101	0.157	
S8+	0.004	0.022	0.042	0.075	0.101	
Si6+	0.003	0.013	0.023	0.031	0.051	
Si7+	0.003	0.021	0.040	0.063	0.103	
10.0
Ion	0.0	0.1	1.0	10.0	100.0
Ca10+	0.031	0.028	0.097	0.182	0.278	
Ca8+	0.041	0.030	0.074	0.132	0.209	
Fe11+	0.041	0.061	0.094	0.176	0.284	
Fe12+	0.032	0.107	0.257	0.548	0.073	
Fe13+	0.030	0.029	0.137	0.255	0.461	
Fe14+	0.040	0.043	0.033	0.064	0.126	
Mg6+	0.012	0.030	0.072	0.114	0.185	
S7+	0.034	0.107	0.215	0.292	0.463	
S8+	0.029	0.079	0.139	0.233	0.352	
Si6+	0.040	0.029	0.078	0.124	0.162	
Si7+	0.042	0.078	0.123	0.195	0.320	
Step : 35
100.0
Ion	0.0	0.1	1.0	10.0	100.0
Ca10+	0.004	0.019	0.033	0.053	0.076	
Ca8+	0.004	0.014	0.027	0.043	0.065	
Fe11+	0.004	0.018	0.034	0.052	0.090	
Fe12+	0.005	0.039	0.083	0.148	0.293	
Fe13+	0.003	0.020	0.042	0.071	0.141	
Fe14+	0.004	0.006	0.013	0.022	0.037	
Mg6+	0.004	0.014	0.022	0.037	0.062	
S7+	0.005	0.036	0.054	0.104	0.149	
S8+	0.003	0.026	0.038	0.087	0.121	
Si6+	0.003	0.014	0.023	0.032	0.041	
Si7+	0.004	0.021	0.035	0.063	0.107	
10.0
Ion	0.0	0.1	1.0	10.0	100.0
Ca10+	0.030	0.072	0.104	0.180	0.270	
Ca8+	0.040	0.029	0.083	0.150	0.215	
Fe11+	0.041	0.060	0.095	0.183	0.253	
Fe12+	0.031	0.067	0.216	0.507	0.067	
Fe13+	0.030	0.075	0.145	0.254	0.480	
Fe14+	0.040	0.042	0.030	0.071	0.123	
Mg6+	0.012	0.029	0.069	0.109	0.163	
S7+	0.033	0.092	0.195	0.297	0.417	
S8+	0.034	0.080	0.164	0.248	0.314	
Si6+	0.032	0.029	0.075	0.112	0.130	
Si7+	0.033	0.085	0.134	0.221	0.336	
Step : 40
100.0
Ion	0.0	0.1	1.0	10.0	100.0
Ca10+	0.003	0.019	0.033	0.058	0.096	
Ca8+	0.004	0.013	0.023	0.038	0.065	
Fe11+	0.002	0.018	0.033	0.062	0.081	
Fe12+	0.005	0.045	0.081	0.157	0.333	
Fe13+	0.003	0.023	0.042	0.074	0.119	
Fe14+	0.004	0.007	0.013	0.026	0.036	
Mg6+	0.004	0.013	0.023	0.036	0.052	
S7+	0.003	0.037	0.055	0.099	0.126	
S8+	0.003	0.025	0.044	0.068	0.105	
Si6+	0.004	0.014	0.024	0.035	0.041	
Si7+	0.003	0.022	0.045	0.068	0.115	
10.0
Ion	0.0	0.1	1.0	10.0	100.0
Ca10+	0.030	0.061	0.095	0.173	0.278	
Ca8+	0.040	0.054	0.075	0.143	0.221	
Fe11+	0.040	0.029	0.106	0.167	0.240	
Fe12+	0.030	0.108	0.234	0.512	0.888	
Fe13+	0.012	0.081	0.132	0.223	0.363	
Fe14+	0.039	0.042	0.048	0.082	0.111	
Mg6+	0.041	0.030	0.066	0.111	0.159	
S7+	0.033	0.119	0.199	0.308	0.419	
S8+	0.033	0.086	0.154	0.258	0.316	
Si6+	0.013	0.031	0.076	0.116	0.163	
Si7+	0.035	0.029	0.119	0.220	0.312	
Step : 45
Step : 50
Step : 55
