Step : 1
100.0
Ion	0.0	0.1	1.0	10.0	100.0
Ca7+	0.003	0.031	0.047	0.075	0.110	
Ca8+	0.003	0.021	0.037	0.064	0.086	
Fe9+	0.003	0.021	0.040	0.066	0.107	
S6+	0.003	0.013	0.025	0.041	0.062	
10.0
Ion	0.0	0.1	1.0	10.0	100.0
Ca7+	0.034	0.091	0.143	0.253	0.381	
Ca8+	0.033	0.069	0.102	0.208	0.306	
Fe9+	0.033	0.065	0.135	0.218	0.361	
S6+	0.041	0.060	0.082	0.121	0.183	
Step : 5
100.0
Ion	0.0	0.1	1.0	10.0	100.0
Ca7+	0.005	0.029	0.046	0.083	0.107	
Ca8+	0.004	0.026	0.037	0.064	0.092	
Fe11+	0.003	0.026	0.046	0.080	0.122	
Fe9+	0.004	0.018	0.037	0.066	0.092	
Mg5+	0.004	0.005	0.006	0.009	0.011	
S6+	0.003	0.018	0.037	0.051	0.065	
10.0
Ion	0.0	0.1	1.0	10.0	100.0
Ca7+	0.034	0.090	0.165	0.257	0.389	
Ca8+	0.034	0.078	0.123	0.208	0.304	
Fe11+	0.031	0.077	0.138	0.225	0.368	
Fe9+	0.041	0.069	0.112	0.207	0.297	
Mg5+	0.040	0.040	0.042	0.044	0.045	
S6+	0.033	0.063	0.095	0.165	0.197	
Step : 10
100.0
Ion	0.0	0.1	1.0	10.0	100.0
Ca7+	0.005	0.033	0.050	0.074	0.110	
Ca8+	0.003	0.022	0.043	0.072	0.100	
Fe11+	0.003	0.023	0.043	0.070	0.103	
Fe9+	0.004	0.018	0.039	0.053	0.094	
Mg5+	0.004	0.003	0.007	0.010	0.013	
S6+	0.003	0.019	0.035	0.059	0.068	
10.0
Ion	0.0	0.1	1.0	10.0	100.0
Ca7+	0.032	0.076	0.145	0.243	0.373	
Ca8+	0.035	0.093	0.149	0.229	0.331	
Fe11+	0.033	0.078	0.140	0.231	0.366	
Fe9+	0.033	0.067	0.108	0.171	0.296	
Mg5+	0.039	0.040	0.045	0.006	0.050	
S6+	0.034	0.069	0.106	0.183	0.243	
Step : 15
100.0
Ion	0.0	0.1	1.0	10.0	100.0
Ca7+	0.005	0.030	0.052	0.082	0.106	
Ca8+	0.003	0.024	0.041	0.069	0.116	
Fe11+	0.004	0.026	0.036	0.067	0.121	
Fe9+	0.004	0.020	0.035	0.058	0.086	
Mg5+	0.004	0.003	0.007	0.012	0.014	
S6+	0.003	0.020	0.033	0.058	0.062	
10.0
Ion	0.0	0.1	1.0	10.0	100.0
Ca7+	0.043	0.091	0.154	0.229	0.349	
Ca8+	0.033	0.087	0.134	0.208	0.327	
Fe11+	0.041	0.086	0.120	0.249	0.404	
Fe9+	0.031	0.070	0.111	0.188	0.272	
Mg5+	0.040	0.041	0.043	0.014	0.034	
S6+	0.035	0.081	0.123	0.187	0.220	
Step : 20
100.0
Ion	0.0	0.1	1.0	10.0	100.0
Ca7+	0.005	0.029	0.050	0.066	0.120	
Ca8+	0.004	0.023	0.048	0.062	0.122	
Fe11+	0.003	0.022	0.045	0.069	0.111	
Fe9+	0.004	0.016	0.035	0.052	0.082	
Mg5+	0.004	0.005	0.009	0.012	0.016	
S6+	0.003	0.021	0.034	0.053	0.077	
10.0
Ion	0.0	0.1	1.0	10.0	100.0
Ca7+	0.044	0.097	0.156	0.230	0.382	
Ca8+	0.033	0.088	0.142	0.231	0.399	
Fe11+	0.034	0.028	0.140	0.248	0.336	
Fe9+	0.041	0.029	0.114	0.211	0.263	
Mg5+	0.010	0.041	0.042	0.015	0.034	
S6+	0.033	0.079	0.108	0.164	0.219	
Step : 25
100.0
Ion	0.0	0.1	1.0	10.0	100.0
Ca7+	0.003	0.032	0.045	0.077	0.103	
Ca8+	0.003	0.024	0.041	0.080	0.113	
Fe11+	0.004	0.023	0.037	0.075	0.112	
Fe9+	0.003	0.017	0.039	0.056	0.090	
Mg5+	0.004	0.001	0.007	0.012	0.017	
S6+	0.003	0.020	0.033	0.052	0.065	
10.0
Ion	0.0	0.1	1.0	10.0	100.0
Ca7+	0.035	0.092	0.147	0.240	0.365	
Ca8+	0.042	0.076	0.134	0.226	0.383	
Fe11+	0.032	0.073	0.124	0.216	0.334	
Fe9+	0.031	0.065	0.100	0.173	0.252	
Mg5+	0.039	0.041	0.041	0.035	0.032	
S6+	0.034	0.072	0.102	0.182	0.214	
Step : 30
100.0
Ion	0.0	0.1	1.0	10.0	100.0
Ca7+	0.005	0.027	0.042	0.065	0.089	
Ca8+	0.003	0.025	0.041	0.078	0.110	
Fe11+	0.003	0.023	0.040	0.063	0.097	
Fe9+	0.003	0.017	0.032	0.051	0.081	
Mg5+	0.004	0.005	0.008	0.012	0.017	
S6+	0.004	0.021	0.033	0.048	0.053	
10.0
Ion	0.0	0.1	1.0	10.0	100.0
Ca7+	0.033	0.085	0.150	0.220	0.322	
Ca8+	0.034	0.091	0.139	0.248	0.311	
Fe11+	0.034	0.030	0.135	0.213	0.314	
Fe9+	0.029	0.061	0.113	0.161	0.311	
Mg5+	0.039	0.040	0.043	0.047	0.055	
S6+	0.034	0.071	0.102	0.165	0.216	
Step : 35
100.0
Ion	0.0	0.1	1.0	10.0	100.0
Ca7+	0.003	0.023	0.043	0.059	0.105	
Ca8+	0.003	0.025	0.043	0.075	0.110	
Fe11+	0.004	0.018	0.039	0.069	0.094	
Fe9+	0.003	0.018	0.034	0.055	0.077	
Mg5+	0.004	0.003	0.008	0.014	0.017	
S6+	0.003	0.021	0.036	0.058	0.064	
10.0
Ion	0.0	0.1	1.0	10.0	100.0
Ca7+	0.034	0.093	0.139	0.198	0.315	
Ca8+	0.042	0.029	0.144	0.234	0.412	
Fe11+	0.030	0.078	0.129	0.220	0.379	
Fe9+	0.041	0.061	0.098	0.165	0.287	
Mg5+	0.040	0.040	0.043	0.047	0.054	
S6+	0.032	0.067	0.111	0.161	0.214	
Step : 40
100.0
Ion	0.0	0.1	1.0	10.0	100.0
Ca7+	0.003	0.028	0.050	0.077	0.089	
Ca8+	0.003	0.027	0.042	0.067	0.120	
Fe11+	0.004	0.022	0.037	0.070	0.109	
Fe9+	0.003	0.016	0.028	0.052	0.073	
Mg5+	0.001	0.006	0.008	0.014	0.018	
S6+	0.003	0.021	0.038	0.056	0.063	
10.0
Ion	0.0	0.1	1.0	10.0	100.0
Ca7+	0.033	0.082	0.155	0.221	0.324	
Ca8+	0.035	0.088	0.154	0.230	0.369	
Fe11+	0.033	0.068	0.129	0.228	0.335	
Fe9+	0.030	0.063	0.091	0.179	0.255	
Mg5+	0.039	0.041	0.043	0.031	0.062	
S6+	0.033	0.063	0.105	0.195	0.261	
Step : 45
Step : 50
Step : 55
