Step : 1
Step : 5
100.0
Ion	0.0	0.1	1.0	10.0	100.0
Ca7+	0.004	0.007	0.013	0.021	0.029	
Ca8+	0.005	0.042	0.067	0.110	0.175	
Ca9+	0.003	0.015	0.026	0.047	0.067	
Fe10+	0.003	0.024	0.045	0.072	0.132	
Fe12+	0.003	0.026	0.054	0.087	0.151	
Fe13+	0.004	0.006	0.013	0.023	0.029	
S7+	0.003	0.014	0.028	0.041	0.060	
Si6+	0.004	0.008	0.015	0.024	0.032	
10.0
Ion	0.0	0.1	1.0	10.0	100.0
Ca7+	0.040	0.043	0.051	0.073	0.082	
Ca8+	0.047	0.105	0.209	0.334	0.553	
Ca9+	0.041	0.063	0.081	0.133	0.234	
Fe10+	0.032	0.030	0.139	0.251	0.421	
Fe12+	0.034	0.100	0.154	0.281	0.489	
Fe13+	0.040	0.043	0.051	0.066	0.106	
S7+	0.040	0.026	0.073	0.127	0.188	
Si6+	0.040	0.045	0.031	0.078	0.102	
Step : 10
100.0
Ion	0.0	0.1	1.0	10.0	100.0
Ca7+	0.004	0.006	0.011	0.019	0.024	
Ca8+	0.006	0.054	0.073	0.136	0.196	
Ca9+	0.003	0.017	0.032	0.044	0.068	
Fe10+	0.003	0.026	0.043	0.072	0.125	
Fe12+	0.004	0.028	0.040	0.091	0.139	
S7+	0.003	0.017	0.032	0.047	0.065	
Si6+	0.003	0.011	0.022	0.031	0.038	
10.0
Ion	0.0	0.1	1.0	10.0	100.0
Ca7+	0.040	0.005	0.006	0.057	0.080	
Ca8+	0.050	0.134	0.231	0.393	0.722	
Ca9+	0.041	0.032	0.115	0.176	0.202	
Fe10+	0.042	0.071	0.131	0.205	0.332	
Fe12+	0.042	0.088	0.162	0.296	0.411	
S7+	0.033	0.058	0.091	0.170	0.201	
Si6+	0.040	0.015	0.064	0.085	0.121	
Step : 15
100.0
Ion	0.0	0.1	1.0	10.0	100.0
Ca7+	0.004	0.000	0.010	0.017	0.020	
Ca8+	0.005	0.056	0.076	0.126	0.183	
Ca9+	0.003	0.018	0.032	0.049	0.077	
Fe10+	0.003	0.023	0.046	0.069	0.126	
Fe12+	0.005	0.028	0.051	0.084	0.137	
S7+	0.003	0.017	0.030	0.048	0.067	
Si6+	0.003	0.012	0.019	0.029	0.036	
10.0
Ion	0.0	0.1	1.0	10.0	100.0
Ca7+	0.040	0.041	0.045	0.058	0.063	
Ca8+	0.033	0.080	0.235	0.346	0.657	
Ca9+	0.033	0.075	0.087	0.161	0.257	
Fe10+	0.030	0.029	0.138	0.214	0.365	
Fe12+	0.042	0.100	0.157	0.261	0.453	
S7+	0.041	0.068	0.085	0.158	0.233	
Si6+	0.040	0.052	0.068	0.100	0.107	
Step : 20
100.0
Ion	0.0	0.1	1.0	10.0	100.0
Ca7+	0.004	0.005	0.010	0.015	0.024	
Ca8+	0.005	0.049	0.078	0.113	0.215	
Ca9+	0.003	0.019	0.029	0.052	0.076	
Fe10+	0.003	0.024	0.039	0.065	0.101	
Fe12+	0.003	0.025	0.044	0.082	0.126	
S7+	0.003	0.017	0.028	0.055	0.068	
Si6+	0.004	0.009	0.018	0.031	0.040	
10.0
Ion	0.0	0.1	1.0	10.0	100.0
Ca7+	0.039	0.042	0.047	0.056	0.067	
Ca8+	0.035	0.067	0.256	0.404	0.554	
Ca9+	0.041	0.027	0.080	0.156	0.222	
Fe10+	0.042	0.084	0.128	0.192	0.307	
Fe12+	0.034	0.093	0.170	0.246	0.421	
S7+	0.034	0.064	0.083	0.154	0.214	
Si6+	0.040	0.049	0.065	0.099	0.126	
Step : 25
100.0
Ion	0.0	0.1	1.0	10.0	100.0
Ca7+	0.004	0.003	0.010	0.015	0.022	
Ca8+	0.005	0.052	0.071	0.123	0.170	
Ca9+	0.003	0.018	0.032	0.055	0.067	
Fe10+	0.004	0.021	0.040	0.072	0.104	
Fe12+	0.003	0.029	0.045	0.086	0.120	
S7+	0.003	0.017	0.029	0.055	0.066	
Si6+	0.003	0.013	0.022	0.029	0.037	
10.0
Ion	0.0	0.1	1.0	10.0	100.0
Ca7+	0.041	0.041	0.046	0.033	0.069	
Ca8+	0.032	0.116	0.227	0.351	0.553	
Ca9+	0.041	0.065	0.099	0.167	0.234	
Fe10+	0.029	0.028	0.128	0.181	0.293	
Fe12+	0.034	0.087	0.163	0.234	0.381	
S7+	0.034	0.073	0.093	0.147	0.231	
Si6+	0.028	0.031	0.063	0.086	0.126	
Step : 30
100.0
Ion	0.0	0.1	1.0	10.0	100.0
Ca7+	0.004	0.003	0.009	0.014	0.017	
Ca8+	0.005	0.046	0.070	0.117	0.191	
Ca9+	0.003	0.018	0.033	0.050	0.077	
Fe10+	0.003	0.022	0.040	0.066	0.091	
Fe12+	0.003	0.022	0.044	0.082	0.133	
S7+	0.004	0.015	0.030	0.051	0.072	
Si6+	0.003	0.011	0.020	0.030	0.036	
10.0
Ion	0.0	0.1	1.0	10.0	100.0
Ca7+	0.039	0.042	0.008	0.030	0.034	
Ca8+	0.047	0.110	0.247	0.408	0.728	
Ca9+	0.030	0.059	0.088	0.189	0.259	
Fe10+	0.041	0.082	0.154	0.225	0.332	
Fe12+	0.034	0.083	0.156	0.248	0.385	
S7+	0.029	0.066	0.104	0.150	0.245	
Si6+	0.040	0.030	0.002	0.097	0.132	
Step : 35
100.0
Ion	0.0	0.1	1.0	10.0	100.0
Ca7+	0.004	0.006	0.010	0.014	0.020	
Ca8+	0.003	0.045	0.077	0.107	0.177	
Ca9+	0.003	0.017	0.033	0.047	0.071	
Fe10+	0.004	0.021	0.037	0.076	0.100	
Fe12+	0.003	0.027	0.045	0.087	0.130	
S7+	0.004	0.017	0.031	0.050	0.078	
Si6+	0.004	0.009	0.018	0.028	0.038	
10.0
Ion	0.0	0.1	1.0	10.0	100.0
Ca7+	0.040	0.041	0.044	0.052	0.031	
Ca8+	0.049	0.109	0.238	0.363	0.603	
Ca9+	0.030	0.062	0.086	0.165	0.253	
Fe10+	0.034	0.081	0.128	0.214	0.338	
Fe12+	0.031	0.082	0.159	0.238	0.398	
S7+	0.033	0.029	0.098	0.152	0.225	
Si6+	0.032	0.046	0.065	0.094	0.106	
Step : 40
100.0
Ion	0.0	0.1	1.0	10.0	100.0
Ca7+	0.004	0.005	0.009	0.014	0.018	
Ca8+	0.005	0.041	0.075	0.117	0.152	
Ca9+	0.004	0.018	0.032	0.054	0.067	
Fe10+	0.003	0.022	0.037	0.072	0.104	
Fe12+	0.004	0.025	0.049	0.077	0.119	
S7+	0.003	0.019	0.032	0.052	0.071	
Si6+	0.003	0.011	0.022	0.029	0.038	
10.0
Ion	0.0	0.1	1.0	10.0	100.0
Ca7+	0.040	0.042	0.045	0.055	0.035	
Ca8+	0.049	0.104	0.194	0.401	0.602	
Ca9+	0.041	0.066	0.097	0.177	0.228	
Fe10+	0.031	0.078	0.129	0.201	0.338	
Fe12+	0.031	0.093	0.141	0.276	0.394	
S7+	0.031	0.030	0.111	0.156	0.236	
Si6+	0.012	0.051	0.062	0.103	0.108	
Step : 45
Step : 50
Step : 55
