Step : 1
Step : 5
100.0
Ion	0.0	0.1	1.0	10.0	100.0
Ca10+	0.001	0.011	0.020	0.034	0.041	
Ca8+	0.004	0.015	0.028	0.037	0.062	
Ca9+	0.005	0.039	0.068	0.123	0.168	
Fe11+	0.005	0.026	0.051	0.077	0.152	
Fe13+	0.005	0.034	0.054	0.090	0.179	
Fe14+	0.004	0.008	0.015	0.024	0.036	
S7+	0.004	0.015	0.028	0.041	0.048	
S8+	0.004	0.008	0.016	0.024	0.033	
Si7+	0.004	0.003	0.010	0.016	0.021	
10.0
Ion	0.0	0.1	1.0	10.0	100.0
Ca10+	0.040	0.050	0.002	0.108	0.138	
Ca8+	0.032	0.030	0.087	0.129	0.191	
Ca9+	0.033	0.097	0.207	0.368	0.607	
Fe11+	0.034	0.092	0.160	0.282	0.515	
Fe13+	0.033	0.104	0.174	0.316	0.586	
Fe14+	0.039	0.045	0.011	0.069	0.099	
S7+	0.012	0.030	0.079	0.124	0.158	
S8+	0.040	0.045	0.030	0.068	0.100	
Si7+	0.039	0.042	0.046	0.053	0.064	
Step : 10
100.0
Ion	0.0	0.1	1.0	10.0	100.0
Ca10+	0.004	0.013	0.025	0.037	0.047	
Ca8+	0.003	0.013	0.026	0.045	0.064	
Ca9+	0.005	0.042	0.078	0.130	0.235	
Fe11+	0.005	0.030	0.046	0.085	0.136	
Fe13+	0.005	0.029	0.055	0.087	0.155	
Fe14+	0.001	0.009	0.013	0.025	0.041	
Mg6+	0.004	0.001	0.008	0.011	0.015	
S7+	0.004	0.018	0.029	0.043	0.057	
S8+	0.004	0.010	0.017	0.032	0.041	
Si7+	0.004	0.007	0.014	0.022	0.027	
10.0
Ion	0.0	0.1	1.0	10.0	100.0
Ca10+	0.013	0.028	0.072	0.114	0.164	
Ca8+	0.032	0.055	0.079	0.125	0.212	
Ca9+	0.033	0.066	0.224	0.466	0.838	
Fe11+	0.033	0.096	0.153	0.306	0.486	
Fe13+	0.031	0.100	0.151	0.271	0.610	
Fe14+	0.040	0.044	0.052	0.082	0.120	
Mg6+	0.040	0.042	0.042	0.043	0.033	
S7+	0.012	0.059	0.087	0.134	0.198	
S8+	0.040	0.048	0.058	0.112	0.117	
Si7+	0.040	0.044	0.031	0.062	0.099	
Step : 15
100.0
Ion	0.0	0.1	1.0	10.0	100.0
Ca10+	0.004	0.013	0.023	0.036	0.054	
Ca8+	0.003	0.013	0.023	0.036	0.064	
Ca9+	0.005	0.047	0.076	0.144	0.244	
Fe11+	0.004	0.027	0.046	0.091	0.132	
Fe13+	0.004	0.032	0.050	0.096	0.154	
Fe14+	0.004	0.007	0.015	0.023	0.032	
Mg6+	0.004	0.003	0.008	0.011	0.013	
S7+	0.003	0.020	0.031	0.044	0.059	
S8+	0.004	0.010	0.022	0.037	0.047	
Si7+	0.004	0.009	0.015	0.025	0.028	
10.0
Ion	0.0	0.1	1.0	10.0	100.0
Ca10+	0.041	0.029	0.073	0.115	0.179	
Ca8+	0.041	0.060	0.078	0.134	0.170	
Ca9+	0.030	0.110	0.252	0.414	0.817	
Fe11+	0.034	0.099	0.154	0.240	0.424	
Fe13+	0.033	0.092	0.154	0.303	0.494	
Fe14+	0.040	0.043	0.055	0.072	0.109	
Mg6+	0.039	0.042	0.042	0.050	0.032	
S7+	0.013	0.065	0.099	0.153	0.192	
S8+	0.013	0.050	0.064	0.092	0.140	
Si7+	0.040	0.008	0.051	0.066	0.110	
Step : 20
100.0
Ion	0.0	0.1	1.0	10.0	100.0
Ca10+	0.004	0.013	0.024	0.039	0.048	
Ca8+	0.004	0.013	0.022	0.040	0.048	
Ca9+	0.005	0.053	0.083	0.111	0.242	
Fe11+	0.003	0.030	0.048	0.084	0.146	
Fe13+	0.005	0.030	0.054	0.103	0.165	
Fe14+	0.004	0.008	0.014	0.026	0.030	
Mg6+	0.001	0.003	0.007	0.012	0.013	
S7+	0.003	0.019	0.037	0.047	0.060	
S8+	0.004	0.010	0.021	0.033	0.050	
Si7+	0.004	0.009	0.015	0.023	0.032	
10.0
Ion	0.0	0.1	1.0	10.0	100.0
Ca10+	0.040	0.055	0.076	0.109	0.161	
Ca8+	0.041	0.028	0.074	0.118	0.189	
Ca9+	0.032	0.097	0.272	0.451	0.806	
Fe11+	0.033	0.081	0.155	0.270	0.452	
Fe13+	0.032	0.086	0.170	0.295	0.486	
Fe14+	0.039	0.043	0.013	0.077	0.098	
Mg6+	0.039	0.041	0.043	0.044	0.049	
S7+	0.033	0.028	0.098	0.139	0.211	
S8+	0.040	0.051	0.069	0.120	0.149	
Si7+	0.040	0.045	0.032	0.070	0.099	
Step : 25
100.0
Ion	0.0	0.1	1.0	10.0	100.0
Ca10+	0.004	0.014	0.024	0.036	0.054	
Ca8+	0.003	0.014	0.026	0.040	0.050	
Ca9+	0.005	0.054	0.069	0.110	0.221	
Fe11+	0.003	0.023	0.050	0.083	0.132	
Fe13+	0.005	0.031	0.048	0.084	0.152	
Fe14+	0.004	0.007	0.014	0.027	0.035	
Mg6+	0.004	0.003	0.007	0.010	0.015	
S7+	0.004	0.021	0.026	0.048	0.053	
S8+	0.004	0.011	0.019	0.035	0.047	
Si7+	0.004	0.008	0.015	0.025	0.033	
10.0
Ion	0.0	0.1	1.0	10.0	100.0
Ca10+	0.040	0.030	0.075	0.117	0.179	
Ca8+	0.040	0.029	0.076	0.124	0.136	
Ca9+	0.031	0.119	0.267	0.523	0.833	
Fe11+	0.033	0.096	0.148	0.262	0.503	
Fe13+	0.032	0.084	0.143	0.313	0.495	
Fe14+	0.040	0.044	0.048	0.075	0.111	
Mg6+	0.010	0.041	0.042	0.045	0.034	
S7+	0.030	0.028	0.084	0.139	0.181	
S8+	0.040	0.009	0.061	0.117	0.164	
Si7+	0.040	0.043	0.029	0.072	0.103	
Step : 30
100.0
Ion	0.0	0.1	1.0	10.0	100.0
Ca10+	0.004	0.014	0.024	0.040	0.050	
Ca8+	0.004	0.013	0.022	0.037	0.053	
Ca9+	0.005	0.052	0.066	0.139	0.224	
Fe11+	0.003	0.024	0.045	0.083	0.120	
Fe13+	0.005	0.029	0.049	0.094	0.151	
Fe14+	0.004	0.007	0.012	0.024	0.033	
Mg6+	0.004	0.005	0.007	0.011	0.017	
S7+	0.003	0.015	0.028	0.040	0.053	
S8+	0.004	0.012	0.020	0.034	0.050	
Si7+	0.004	0.009	0.016	0.024	0.033	
10.0
Ion	0.0	0.1	1.0	10.0	100.0
Ca10+	0.013	0.058	0.079	0.132	0.162	
Ca8+	0.026	0.028	0.066	0.116	0.208	
Ca9+	0.051	0.126	0.256	0.462	0.913	
Fe11+	0.029	0.087	0.135	0.244	0.369	
Fe13+	0.034	0.084	0.157	0.264	0.541	
Fe14+	0.040	0.044	0.050	0.073	0.130	
Mg6+	0.040	0.041	0.042	0.048	0.053	
S7+	0.041	0.028	0.084	0.140	0.204	
S8+	0.027	0.050	0.060	0.116	0.139	
Si7+	0.040	0.045	0.032	0.078	0.108	
Step : 35
100.0
Ion	0.0	0.1	1.0	10.0	100.0
Ca10+	0.004	0.013	0.024	0.036	0.060	
Ca8+	0.004	0.011	0.021	0.038	0.049	
Ca9+	0.005	0.055	0.072	0.145	0.219	
Fe11+	0.003	0.023	0.044	0.076	0.107	
Fe13+	0.004	0.030	0.052	0.078	0.144	
Fe14+	0.004	0.007	0.013	0.021	0.035	
Mg6+	0.004	0.003	0.007	0.012	0.014	
S7+	0.003	0.016	0.030	0.044	0.052	
S8+	0.004	0.011	0.021	0.030	0.041	
Si7+	0.004	0.008	0.015	0.025	0.032	
10.0
Ion	0.0	0.1	1.0	10.0	100.0
Ca10+	0.040	0.029	0.074	0.140	0.173	
Ca8+	0.040	0.030	0.069	0.112	0.158	
Ca9+	0.030	0.127	0.263	0.478	0.828	
Fe11+	0.031	0.085	0.141	0.268	0.430	
Fe13+	0.031	0.101	0.179	0.317	0.464	
Fe14+	0.039	0.046	0.032	0.084	0.104	
Mg6+	0.039	0.040	0.041	0.046	0.038	
S7+	0.041	0.068	0.096	0.137	0.167	
S8+	0.040	0.027	0.066	0.106	0.163	
Si7+	0.040	0.008	0.029	0.077	0.105	
Step : 40
100.0
Ion	0.0	0.1	1.0	10.0	100.0
Ca10+	0.004	0.013	0.025	0.038	0.055	
Ca8+	0.004	0.013	0.020	0.033	0.057	
Ca9+	0.006	0.047	0.076	0.136	0.222	
Fe11+	0.003	0.024	0.048	0.079	0.109	
Fe13+	0.004	0.029	0.052	0.096	0.137	
Fe14+	0.004	0.008	0.013	0.025	0.033	
Mg6+	0.004	0.001	0.007	0.013	0.014	
S7+	0.003	0.018	0.030	0.046	0.047	
S8+	0.004	0.011	0.023	0.035	0.048	
Si7+	0.004	0.009	0.014	0.024	0.031	
10.0
Ion	0.0	0.1	1.0	10.0	100.0
Ca10+	0.040	0.052	0.071	0.127	0.185	
Ca8+	0.012	0.030	0.066	0.117	0.026	
Ca9+	0.031	0.071	0.290	0.463	0.830	
Fe11+	0.034	0.098	0.139	0.233	0.376	
Fe13+	0.035	0.106	0.175	0.258	0.480	
Fe14+	0.040	0.045	0.032	0.074	0.098	
Mg6+	0.040	0.041	0.043	0.045	0.034	
S7+	0.034	0.063	0.087	0.109	0.166	
S8+	0.012	0.049	0.065	0.111	0.160	
Si7+	0.040	0.045	0.050	0.071	0.102	
Step : 45
Step : 50
Step : 55
