Step : 1
Step : 5
100.0
Ion	0.0	0.1	1.0	10.0	100.0
Ca10+	0.003	0.033	0.056	0.093	0.125	
Ca9+	0.003	0.031	0.047	0.068	0.084	
Fe11+	0.004	0.007	0.012	0.022	0.026	
Fe12+	0.005	0.033	0.069	0.089	0.167	
Fe14+	0.005	0.036	0.057	0.102	0.155	
Fe15+	0.004	0.008	0.021	0.034	0.049	
S8+	0.004	0.014	0.028	0.042	0.061	
Si7+	0.004	0.008	0.012	0.022	0.028	
10.0
Ion	0.0	0.1	1.0	10.0	100.0
Ca10+	0.032	0.082	0.181	0.296	0.466	
Ca9+	0.037	0.079	0.125	0.221	0.294	
Fe11+	0.040	0.043	0.032	0.064	0.104	
Fe12+	0.032	0.096	0.168	0.309	0.528	
Fe14+	0.034	0.104	0.198	0.312	0.575	
Fe15+	0.040	0.047	0.055	0.104	0.144	
S8+	0.029	0.030	0.081	0.113	0.175	
Si7+	0.040	0.007	0.049	0.078	0.085	
Step : 10
100.0
Ion	0.0	0.1	1.0	10.0	100.0
Ca10+	0.003	0.034	0.069	0.116	0.178	
Ca8+	0.004	0.003	0.006	0.010	0.015	
Ca9+	0.005	0.025	0.046	0.069	0.099	
Fe12+	0.003	0.031	0.053	0.095	0.152	
Fe14+	0.005	0.038	0.050	0.113	0.203	
Fe15+	0.004	0.011	0.020	0.033	0.048	
S8+	0.003	0.018	0.032	0.056	0.065	
Si7+	0.003	0.011	0.016	0.029	0.035	
10.0
Ion	0.0	0.1	1.0	10.0	100.0
Ca10+	0.035	0.122	0.187	0.360	0.572	
Ca8+	0.039	0.040	0.004	0.046	0.033	
Ca9+	0.035	0.091	0.132	0.231	0.300	
Fe12+	0.033	0.086	0.165	0.318	0.488	
Fe14+	0.033	0.114	0.210	0.327	0.727	
Fe15+	0.040	0.050	0.057	0.110	0.155	
S8+	0.033	0.070	0.107	0.170	0.260	
Si7+	0.040	0.051	0.064	0.092	0.095	
Step : 15
100.0
Ion	0.0	0.1	1.0	10.0	100.0
Ca10+	0.003	0.037	0.074	0.114	0.190	
Ca8+	0.004	0.004	0.003	0.008	0.010	
Ca9+	0.005	0.028	0.043	0.069	0.103	
Fe12+	0.004	0.032	0.055	0.087	0.145	
Fe14+	0.005	0.033	0.057	0.106	0.170	
Fe15+	0.004	0.009	0.018	0.031	0.048	
S8+	0.003	0.022	0.036	0.056	0.084	
Si7+	0.003	0.013	0.020	0.031	0.038	
10.0
Ion	0.0	0.1	1.0	10.0	100.0
Ca10+	0.045	0.102	0.214	0.342	0.700	
Ca8+	0.039	0.040	0.040	0.042	0.046	
Ca9+	0.035	0.080	0.139	0.213	0.324	
Fe12+	0.034	0.091	0.183	0.285	0.571	
Fe14+	0.031	0.092	0.188	0.376	0.654	
Fe15+	0.040	0.046	0.060	0.103	0.143	
S8+	0.033	0.071	0.084	0.179	0.266	
Si7+	0.041	0.028	0.063	0.091	0.106	
Step : 20
100.0
Ion	0.0	0.1	1.0	10.0	100.0
Ca10+	0.003	0.043	0.062	0.129	0.212	
Ca11+	0.004	0.010	0.018	0.031	0.035	
Ca9+	0.005	0.023	0.043	0.069	0.110	
Fe12+	0.004	0.030	0.056	0.098	0.163	
Fe14+	0.005	0.034	0.052	0.101	0.179	
Fe15+	0.004	0.009	0.018	0.031	0.045	
S8+	0.003	0.021	0.036	0.059	0.080	
Si7+	0.003	0.012	0.022	0.030	0.039	
10.0
Ion	0.0	0.1	1.0	10.0	100.0
Ca10+	0.049	0.102	0.236	0.384	0.635	
Ca11+	0.040	0.029	0.065	0.094	0.124	
Ca9+	0.034	0.086	0.130	0.214	0.295	
Fe12+	0.033	0.094	0.150	0.309	0.473	
Fe14+	0.043	0.111	0.205	0.283	0.699	
Fe15+	0.040	0.046	0.056	0.092	0.140	
S8+	0.035	0.070	0.103	0.181	0.249	
Si7+	0.040	0.031	0.066	0.106	0.137	
Step : 25
100.0
Ion	0.0	0.1	1.0	10.0	100.0
Ca10+	0.005	0.033	0.069	0.112	0.193	
Ca11+	0.004	0.010	0.018	0.025	0.039	
Ca9+	0.005	0.022	0.042	0.066	0.097	
Fe12+	0.003	0.027	0.058	0.106	0.144	
Fe14+	0.003	0.034	0.060	0.105	0.173	
Fe15+	0.004	0.010	0.017	0.029	0.042	
S8+	0.003	0.022	0.039	0.056	0.077	
Si7+	0.004	0.011	0.022	0.028	0.034	
10.0
Ion	0.0	0.1	1.0	10.0	100.0
Ca10+	0.031	0.111	0.202	0.352	0.737	
Ca11+	0.040	0.011	0.066	0.110	0.117	
Ca9+	0.037	0.082	0.143	0.225	0.372	
Fe12+	0.042	0.088	0.177	0.311	0.470	
Fe14+	0.035	0.092	0.174	0.299	0.580	
Fe15+	0.040	0.046	0.063	0.094	0.143	
S8+	0.033	0.068	0.123	0.187	0.249	
Si7+	0.029	0.052	0.062	0.098	0.136	
Step : 30
100.0
Ion	0.0	0.1	1.0	10.0	100.0
Ca10+	0.005	0.042	0.065	0.113	0.209	
Ca11+	0.004	0.010	0.016	0.027	0.037	
Ca9+	0.003	0.023	0.042	0.070	0.105	
Fe12+	0.003	0.027	0.055	0.093	0.149	
Fe14+	0.005	0.037	0.054	0.096	0.184	
Fe15+	0.004	0.009	0.017	0.029	0.045	
S8+	0.004	0.022	0.043	0.053	0.075	
Si7+	0.004	0.011	0.020	0.028	0.041	
10.0
Ion	0.0	0.1	1.0	10.0	100.0
Ca10+	0.044	0.080	0.216	0.375	0.689	
Ca11+	0.039	0.045	0.032	0.078	0.115	
Ca9+	0.034	0.091	0.131	0.208	0.296	
Fe12+	0.043	0.097	0.182	0.334	0.523	
Fe14+	0.030	0.119	0.203	0.351	0.705	
Fe15+	0.040	0.045	0.055	0.087	0.147	
S8+	0.032	0.030	0.112	0.179	0.259	
Si7+	0.012	0.048	0.063	0.105	0.142	
Step : 35
100.0
Ion	0.0	0.1	1.0	10.0	100.0
Ca10+	0.003	0.040	0.071	0.127	0.225	
Ca11+	0.001	0.009	0.017	0.031	0.038	
Ca9+	0.004	0.024	0.043	0.070	0.089	
Fe12+	0.004	0.026	0.049	0.099	0.174	
Fe14+	0.005	0.035	0.054	0.102	0.168	
Fe15+	0.004	0.010	0.019	0.028	0.043	
S8+	0.005	0.020	0.034	0.059	0.084	
Si7+	0.003	0.012	0.018	0.032	0.036	
10.0
Ion	0.0	0.1	1.0	10.0	100.0
Ca10+	0.047	0.106	0.211	0.350	0.783	
Ca11+	0.040	0.047	0.063	0.093	0.135	
Ca9+	0.033	0.079	0.139	0.182	0.288	
Fe12+	0.033	0.098	0.173	0.305	0.472	
Fe14+	0.032	0.099	0.190	0.368	0.699	
Fe15+	0.040	0.010	0.058	0.093	0.136	
S8+	0.033	0.078	0.120	0.188	0.232	
Si7+	0.040	0.032	0.072	0.105	0.134	
Step : 40
100.0
Ion	0.0	0.1	1.0	10.0	100.0
Ca10+	0.005	0.040	0.062	0.123	0.217	
Ca11+	0.004	0.010	0.018	0.025	0.038	
Ca9+	0.003	0.023	0.041	0.059	0.102	
Fe12+	0.004	0.030	0.055	0.102	0.148	
Fe14+	0.003	0.038	0.067	0.100	0.160	
Fe15+	0.004	0.009	0.018	0.034	0.046	
S8+	0.004	0.020	0.038	0.056	0.079	
Si7+	0.004	0.011	0.019	0.031	0.039	
10.0
Ion	0.0	0.1	1.0	10.0	100.0
Ca10+	0.032	0.138	0.200	0.390	0.714	
Ca11+	0.040	0.046	0.056	0.092	0.127	
Ca9+	0.036	0.081	0.117	0.201	0.291	
Fe12+	0.031	0.093	0.191	0.307	0.525	
Fe14+	0.031	0.101	0.207	0.344	0.587	
Fe15+	0.040	0.005	0.058	0.084	0.132	
S8+	0.041	0.071	0.114	0.176	0.226	
Si7+	0.040	0.027	0.057	0.076	0.126	
Step : 45
100.0
Ion	0.0	0.1	1.0	10.0	100.0
Ca10+	0.003	0.040	0.074	0.124	0.197	
Ca11+	0.004	0.010	0.018	0.029	0.033	
Fe14+	0.005	0.032	0.060	0.107	0.168	
Fe15+	0.004	0.009	0.017	0.028	0.041	
S8+	0.003	0.021	0.038	0.051	0.069	
Si7+	0.003	0.012	0.020	0.028	0.041	
10.0
Ion	0.0	0.1	1.0	10.0	100.0
Ca10+	0.034	0.101	0.216	0.367	0.742	
Ca11+	0.040	0.047	0.031	0.095	0.104	
Fe14+	0.035	0.098	0.205	0.354	0.611	
Fe15+	0.040	0.045	0.057	0.082	0.132	
S8+	0.036	0.072	0.113	0.186	0.244	
Si7+	0.012	0.048	0.064	0.092	0.130	
Step : 50
100.0
Ion	0.0	0.1	1.0	10.0	100.0
Ca10+	0.005	0.041	0.074	0.127	0.193	
Ca11+	0.001	0.009	0.018	0.033	0.040	
Fe14+	0.005	0.038	0.054	0.115	0.187	
Fe15+	0.004	0.008	0.017	0.032	0.039	
S8+	0.005	0.021	0.036	0.053	0.079	
Si7+	0.003	0.011	0.020	0.027	0.032	
10.0
Ion	0.0	0.1	1.0	10.0	100.0
Ca10+	0.031	0.096	0.233	0.388	0.769	
Ca11+	0.040	0.046	0.059	0.091	0.134	
Fe14+	0.043	0.098	0.200	0.342	0.657	
Fe15+	0.040	0.044	0.052	0.092	0.144	
S8+	0.042	0.064	0.112	0.161	0.265	
Si7+	0.041	0.030	0.059	0.096	0.095	
Step : 55
