Step : 1
Step : 5
100.0
Ion	0.0	0.1	1.0	10.0	100.0
Ca10+	0.005	0.032	0.057	0.084	0.116	
Ca11+	0.003	0.026	0.049	0.075	0.132	
Ca9+	0.004	0.003	0.014	0.020	0.028	
Fe12+	0.001	0.007	0.015	0.024	0.028	
Fe13+	0.003	0.029	0.050	0.096	0.190	
Fe15+	0.003	0.044	0.072	0.137	0.250	
Fe16+	0.004	0.016	0.028	0.046	0.068	
S8+	0.003	0.011	0.021	0.030	0.037	
S9+	0.003	0.012	0.020	0.031	0.045	
Si8+	0.004	0.006	0.011	0.016	0.024	
10.0
Ion	0.0	0.1	1.0	10.0	100.0
Ca10+	0.033	0.090	0.159	0.252	0.396	
Ca11+	0.033	0.090	0.145	0.241	0.341	
Ca9+	0.040	0.009	0.049	0.077	0.081	
Fe12+	0.040	0.044	0.030	0.092	0.115	
Fe13+	0.034	0.090	0.171	0.322	0.591	
Fe15+	0.033	0.105	0.244	0.411	0.874	
Fe16+	0.030	0.060	0.089	0.134	0.248	
S8+	0.026	0.056	0.061	0.096	0.111	
S9+	0.040	0.053	0.064	0.092	0.143	
Si8+	0.040	0.042	0.046	0.054	0.029	
Step : 10
100.0
Ion	0.0	0.1	1.0	10.0	100.0
Ca10+	0.003	0.034	0.064	0.086	0.144	
Ca11+	0.005	0.029	0.047	0.077	0.132	
Ca9+	0.004	0.009	0.014	0.025	0.035	
Fe12+	0.004	0.007	0.016	0.023	0.033	
Fe13+	0.005	0.028	0.062	0.111	0.157	
Fe15+	0.005	0.043	0.076	0.134	0.219	
Fe16+	0.003	0.011	0.024	0.044	0.052	
Mg7+	0.004	0.005	0.006	0.010	0.012	
S8+	0.003	0.015	0.025	0.039	0.039	
S9+	0.003	0.016	0.026	0.040	0.058	
Si8+	0.001	0.008	0.014	0.021	0.030	
10.0
Ion	0.0	0.1	1.0	10.0	100.0
Ca10+	0.033	0.100	0.180	0.323	0.480	
Ca11+	0.033	0.087	0.137	0.279	0.436	
Ca9+	0.040	0.000	0.051	0.073	0.114	
Fe12+	0.040	0.044	0.029	0.070	0.125	
Fe13+	0.044	0.107	0.195	0.398	0.667	
Fe15+	0.045	0.093	0.226	0.402	0.701	
Fe16+	0.041	0.050	0.069	0.140	0.198	
Mg7+	0.039	0.040	0.041	0.043	0.034	
S8+	0.040	0.031	0.090	0.118	0.137	
S9+	0.040	0.029	0.071	0.133	0.191	
Si8+	0.040	0.043	0.034	0.080	0.110	
Step : 15
100.0
Ion	0.0	0.1	1.0	10.0	100.0
Ca10+	0.005	0.043	0.060	0.096	0.148	
Ca11+	0.005	0.030	0.050	0.097	0.134	
Ca9+	0.003	0.008	0.014	0.023	0.036	
Fe12+	0.004	0.008	0.015	0.021	0.034	
Fe13+	0.004	0.035	0.058	0.112	0.189	
Fe15+	0.003	0.036	0.063	0.116	0.211	
Fe16+	0.004	0.011	0.023	0.039	0.051	
Mg7+	0.004	0.001	0.000	0.011	0.013	
S8+	0.004	0.015	0.026	0.045	0.053	
S9+	0.004	0.014	0.026	0.046	0.061	
Si8+	0.004	0.010	0.016	0.024	0.039	
10.0
Ion	0.0	0.1	1.0	10.0	100.0
Ca10+	0.032	0.103	0.192	0.340	0.465	
Ca11+	0.045	0.096	0.168	0.256	0.409	
Ca9+	0.040	0.045	0.029	0.074	0.094	
Fe12+	0.025	0.042	0.049	0.080	0.105	
Fe13+	0.033	0.095	0.176	0.336	0.778	
Fe15+	0.032	0.095	0.203	0.452	0.746	
Fe16+	0.040	0.049	0.066	0.107	0.166	
Mg7+	0.010	0.040	0.005	0.042	0.034	
S8+	0.041	0.032	0.085	0.118	0.151	
S9+	0.030	0.030	0.081	0.132	0.199	
Si8+	0.040	0.011	0.061	0.087	0.120	
Step : 20
100.0
Ion	0.0	0.1	1.0	10.0	100.0
Ca10+	0.005	0.041	0.065	0.089	0.119	
Ca11+	0.003	0.032	0.052	0.099	0.156	
Ca9+	0.004	0.007	0.013	0.020	0.031	
Fe12+	0.004	0.007	0.014	0.024	0.032	
Fe13+	0.003	0.030	0.065	0.096	0.166	
Fe15+	0.005	0.043	0.062	0.118	0.198	
Fe16+	0.001	0.012	0.021	0.032	0.061	
Mg7+	0.001	0.006	0.007	0.010	0.014	
S8+	0.004	0.015	0.025	0.039	0.052	
S9+	0.003	0.017	0.026	0.045	0.070	
Si8+	0.003	0.011	0.017	0.026	0.038	
10.0
Ion	0.0	0.1	1.0	10.0	100.0
Ca10+	0.031	0.111	0.206	0.311	0.428	
Ca11+	0.031	0.091	0.188	0.279	0.417	
Ca9+	0.040	0.045	0.030	0.065	0.108	
Fe12+	0.039	0.043	0.049	0.076	0.112	
Fe13+	0.043	0.103	0.176	0.341	0.593	
Fe15+	0.044	0.096	0.181	0.377	0.722	
Fe16+	0.012	0.029	0.075	0.112	0.184	
Mg7+	0.010	0.040	0.042	0.009	0.046	
S8+	0.034	0.031	0.086	0.125	0.163	
S9+	0.030	0.065	0.092	0.134	0.180	
Si8+	0.040	0.010	0.059	0.096	0.113	
Step : 25
100.0
Ion	0.0	0.1	1.0	10.0	100.0
Ca10+	0.005	0.047	0.072	0.102	0.151	
Ca11+	0.003	0.034	0.049	0.093	0.149	
Ca9+	0.003	0.007	0.014	0.021	0.032	
Fe12+	0.004	0.007	0.015	0.023	0.036	
Fe13+	0.005	0.034	0.057	0.115	0.195	
Fe15+	0.005	0.042	0.075	0.115	0.199	
Fe16+	0.004	0.013	0.020	0.040	0.053	
Mg7+	0.001	0.001	0.007	0.010	0.014	
S8+	0.003	0.016	0.025	0.037	0.040	
S9+	0.004	0.018	0.030	0.047	0.083	
Si8+	0.003	0.010	0.016	0.025	0.039	
10.0
Ion	0.0	0.1	1.0	10.0	100.0
Ca10+	0.031	0.105	0.178	0.319	0.487	
Ca11+	0.032	0.111	0.151	0.300	0.495	
Ca9+	0.040	0.043	0.032	0.068	0.087	
Fe12+	0.040	0.044	0.030	0.070	0.106	
Fe13+	0.035	0.109	0.184	0.322	0.614	
Fe15+	0.032	0.104	0.208	0.377	0.799	
Fe16+	0.040	0.013	0.070	0.110	0.180	
Mg7+	0.040	0.040	0.045	0.009	0.035	
S8+	0.034	0.029	0.074	0.111	0.139	
S9+	0.041	0.064	0.097	0.140	0.208	
Si8+	0.040	0.047	0.053	0.079	0.117	
Step : 30
100.0
Ion	0.0	0.1	1.0	10.0	100.0
Ca10+	0.005	0.039	0.064	0.093	0.146	
Ca11+	0.005	0.033	0.054	0.090	0.128	
Ca9+	0.004	0.007	0.012	0.020	0.024	
Fe12+	0.004	0.009	0.013	0.022	0.028	
Fe13+	0.005	0.034	0.070	0.086	0.181	
Fe15+	0.005	0.036	0.062	0.105	0.186	
Fe16+	0.004	0.010	0.022	0.033	0.054	
Mg7+	0.004	0.003	0.007	0.012	0.016	
S8+	0.004	0.016	0.022	0.044	0.054	
S9+	0.004	0.015	0.031	0.046	0.064	
Si8+	0.004	0.010	0.021	0.031	0.037	
10.0
Ion	0.0	0.1	1.0	10.0	100.0
Ca10+	0.047	0.096	0.183	0.284	0.464	
Ca11+	0.031	0.101	0.159	0.277	0.504	
Ca9+	0.040	0.005	0.050	0.061	0.091	
Fe12+	0.039	0.012	0.030	0.068	0.111	
Fe13+	0.034	0.108	0.186	0.342	0.618	
Fe15+	0.031	0.099	0.223	0.342	0.769	
Fe16+	0.012	0.046	0.067	0.100	0.191	
Mg7+	0.039	0.041	0.044	0.047	0.054	
S8+	0.030	0.030	0.069	0.125	0.176	
S9+	0.032	0.030	0.083	0.148	0.181	
Si8+	0.040	0.049	0.059	0.078	0.124	
Step : 35
100.0
Ion	0.0	0.1	1.0	10.0	100.0
Ca10+	0.005	0.038	0.062	0.098	0.142	
Ca11+	0.003	0.033	0.055	0.087	0.171	
Ca9+	0.004	0.007	0.014	0.022	0.028	
Fe12+	0.004	0.007	0.014	0.024	0.035	
Fe13+	0.005	0.034	0.061	0.094	0.181	
Fe15+	0.005	0.035	0.060	0.125	0.190	
Fe16+	0.003	0.011	0.023	0.036	0.059	
Mg7+	0.004	0.005	0.007	0.011	0.014	
S8+	0.003	0.014	0.024	0.039	0.045	
S9+	0.003	0.017	0.027	0.052	0.072	
Si8+	0.004	0.009	0.017	0.027	0.042	
10.0
Ion	0.0	0.1	1.0	10.0	100.0
Ca10+	0.033	0.110	0.221	0.331	0.435	
Ca11+	0.034	0.079	0.167	0.276	0.496	
Ca9+	0.040	0.041	0.031	0.061	0.081	
Fe12+	0.040	0.043	0.049	0.073	0.094	
Fe13+	0.030	0.087	0.163	0.312	0.634	
Fe15+	0.032	0.105	0.205	0.370	0.741	
Fe16+	0.041	0.010	0.069	0.110	0.172	
Mg7+	0.010	0.041	0.043	0.034	0.036	
S8+	0.032	0.029	0.078	0.128	0.155	
S9+	0.030	0.067	0.105	0.160	0.224	
Si8+	0.040	0.047	0.055	0.094	0.112	
Step : 40
100.0
Ion	0.0	0.1	1.0	10.0	100.0
Ca10+	0.003	0.036	0.055	0.093	0.163	
Ca11+	0.005	0.036	0.055	0.093	0.139	
Ca9+	0.004	0.007	0.012	0.019	0.026	
Fe12+	0.004	0.008	0.015	0.020	0.030	
Fe13+	0.005	0.028	0.056	0.108	0.162	
Fe15+	0.005	0.040	0.065	0.120	0.200	
Fe16+	0.004	0.012	0.021	0.038	0.051	
Mg7+	0.004	0.005	0.007	0.011	0.016	
S8+	0.003	0.015	0.025	0.034	0.040	
S9+	0.004	0.016	0.032	0.045	0.074	
Si8+	0.001	0.010	0.017	0.025	0.038	
10.0
Ion	0.0	0.1	1.0	10.0	100.0
Ca10+	0.034	0.121	0.210	0.290	0.544	
Ca11+	0.031	0.108	0.200	0.265	0.481	
Ca9+	0.040	0.043	0.046	0.067	0.102	
Fe12+	0.039	0.043	0.029	0.075	0.117	
Fe13+	0.031	0.107	0.195	0.304	0.608	
Fe15+	0.035	0.098	0.202	0.364	0.722	
Fe16+	0.040	0.053	0.061	0.117	0.182	
Mg7+	0.040	0.040	0.044	0.044	0.034	
S8+	0.041	0.063	0.073	0.102	0.132	
S9+	0.041	0.059	0.076	0.159	0.217	
Si8+	0.040	0.048	0.059	0.103	0.127	
Step : 45
100.0
Ion	0.0	0.1	1.0	10.0	100.0
Ca10+	0.003	0.041	0.064	0.101	0.129	
Ca11+	0.005	0.035	0.058	0.100	0.167	
Fe13+	0.003	0.031	0.060	0.104	0.163	
Fe15+	0.003	0.042	0.072	0.117	0.191	
Fe16+	0.004	0.012	0.022	0.038	0.057	
Mg7+	0.004	0.005	0.008	0.010	0.014	
S8+	0.004	0.015	0.026	0.033	0.041	
S9+	0.004	0.017	0.026	0.045	0.069	
Si8+	0.003	0.011	0.019	0.027	0.037	
10.0
Ion	0.0	0.1	1.0	10.0	100.0
Ca10+	0.032	0.102	0.178	0.314	0.503	
Ca11+	0.029	0.099	0.165	0.314	0.491	
Fe13+	0.031	0.100	0.185	0.343	0.570	
Fe15+	0.035	0.108	0.215	0.347	0.699	
Fe16+	0.040	0.010	0.070	0.124	0.150	
Mg7+	0.039	0.041	0.043	0.046	0.009	
S8+	0.031	0.031	0.079	0.098	0.140	
S9+	0.029	0.063	0.084	0.158	0.204	
Si8+	0.040	0.048	0.062	0.097	0.118	
Step : 50
100.0
Ion	0.0	0.1	1.0	10.0	100.0
Ca10+	0.005	0.041	0.052	0.110	0.125	
Ca11+	0.005	0.028	0.049	0.096	0.135	
Fe13+	0.005	0.036	0.059	0.099	0.197	
Fe15+	0.003	0.035	0.063	0.111	0.187	
Fe16+	0.004	0.011	0.019	0.038	0.059	
Mg7+	0.004	0.003	0.007	0.010	0.015	
S8+	0.004	0.014	0.026	0.042	0.050	
S9+	0.004	0.018	0.029	0.047	0.074	
Si8+	0.001	0.011	0.017	0.029	0.041	
10.0
Ion	0.0	0.1	1.0	10.0	100.0
Ca10+	0.046	0.103	0.187	0.308	0.452	
Ca11+	0.033	0.085	0.176	0.307	0.571	
Fe13+	0.034	0.095	0.175	0.383	0.676	
Fe15+	0.035	0.097	0.191	0.408	0.772	
Fe16+	0.040	0.013	0.070	0.117	0.162	
Mg7+	0.010	0.040	0.045	0.008	0.034	
S8+	0.031	0.030	0.074	0.113	0.149	
S9+	0.031	0.029	0.096	0.142	0.242	
Si8+	0.012	0.047	0.061	0.087	0.128	
Step : 55
