Step : 1
Step : 5
100.0
Ion	0.0	0.1	1.0	10.0	100.0
Ca10+	0.003	0.013	0.026	0.043	0.056	
Ca11+	0.005	0.035	0.061	0.118	0.183	
Ca12+	0.004	0.021	0.035	0.064	0.082	
Fe13+	0.004	0.012	0.020	0.033	0.047	
Fe14+	0.003	0.045	0.077	0.132	0.256	
Fe16+	0.005	0.055	0.076	0.151	0.269	
S10+	0.001	0.007	0.015	0.023	0.030	
S9+	0.004	0.015	0.025	0.038	0.056	
10.0
Ion	0.0	0.1	1.0	10.0	100.0
Ca10+	0.012	0.030	0.083	0.119	0.183	
Ca11+	0.035	0.112	0.198	0.380	0.612	
Ca12+	0.033	0.075	0.113	0.194	0.296	
Fe13+	0.040	0.046	0.063	0.102	0.173	
Fe14+	0.046	0.105	0.234	0.463	0.796	
Fe16+	0.033	0.071	0.262	0.526	1.035	
S10+	0.040	0.045	0.053	0.071	0.109	
S9+	0.041	0.029	0.082	0.126	0.198	
Step : 10
100.0
Ion	0.0	0.1	1.0	10.0	100.0
Ca10+	0.004	0.018	0.025	0.041	0.069	
Ca11+	0.005	0.053	0.070	0.124	0.200	
Ca12+	0.004	0.024	0.040	0.068	0.088	
Fe13+	0.004	0.010	0.017	0.035	0.045	
Fe14+	0.005	0.037	0.070	0.119	0.247	
Fe16+	0.005	0.041	0.076	0.127	0.272	
Fe17+	0.003	0.015	0.027	0.044	0.068	
S10+	0.004	0.009	0.018	0.026	0.035	
S9+	0.003	0.020	0.029	0.043	0.073	
Si8+	0.004	0.009	0.017	0.026	0.036	
10.0
Ion	0.0	0.1	1.0	10.0	100.0
Ca10+	0.040	0.061	0.076	0.135	0.180	
Ca11+	0.030	0.105	0.226	0.401	0.688	
Ca12+	0.033	0.064	0.131	0.193	0.356	
Fe13+	0.040	0.044	0.060	0.106	0.151	
Fe14+	0.029	0.110	0.214	0.396	0.753	
Fe16+	0.045	0.063	0.228	0.402	0.862	
Fe17+	0.040	0.059	0.082	0.027	0.198	
S10+	0.040	0.010	0.055	0.081	0.100	
S9+	0.033	0.075	0.107	0.148	0.208	
Si8+	0.012	0.050	0.001	0.076	0.107	
Step : 15
100.0
Ion	0.0	0.1	1.0	10.0	100.0
Ca10+	0.004	0.016	0.027	0.037	0.053	
Ca11+	0.005	0.044	0.079	0.122	0.182	
Ca12+	0.003	0.025	0.038	0.072	0.108	
Fe13+	0.004	0.010	0.017	0.031	0.043	
Fe14+	0.003	0.035	0.072	0.117	0.204	
Fe16+	0.005	0.038	0.076	0.139	0.223	
Fe17+	0.003	0.012	0.027	0.046	0.073	
S10+	0.004	0.011	0.016	0.027	0.041	
S9+	0.003	0.019	0.032	0.051	0.071	
Si8+	0.003	0.011	0.017	0.030	0.034	
10.0
Ion	0.0	0.1	1.0	10.0	100.0
Ca10+	0.028	0.029	0.077	0.148	0.215	
Ca11+	0.052	0.135	0.259	0.387	0.771	
Ca12+	0.034	0.069	0.126	0.229	0.350	
Fe13+	0.039	0.001	0.060	0.100	0.160	
Fe14+	0.030	0.095	0.222	0.447	0.753	
Fe16+	0.047	0.113	0.250	0.424	0.958	
Fe17+	0.040	0.029	0.081	0.145	0.201	
S10+	0.040	0.049	0.062	0.100	0.129	
S9+	0.034	0.029	0.111	0.163	0.261	
Si8+	0.040	0.030	0.059	0.094	0.108	
Step : 20
100.0
Ion	0.0	0.1	1.0	10.0	100.0
Ca10+	0.003	0.014	0.023	0.038	0.048	
Ca11+	0.003	0.050	0.077	0.128	0.203	
Ca12+	0.005	0.023	0.041	0.072	0.109	
Fe13+	0.004	0.009	0.020	0.033	0.048	
Fe14+	0.003	0.039	0.070	0.114	0.217	
Fe16+	0.003	0.049	0.078	0.125	0.239	
Fe17+	0.004	0.017	0.027	0.044	0.068	
S10+	0.004	0.011	0.020	0.031	0.045	
S9+	0.004	0.023	0.037	0.055	0.084	
Si8+	0.004	0.011	0.020	0.032	0.032	
10.0
Ion	0.0	0.1	1.0	10.0	100.0
Ca10+	0.040	0.060	0.078	0.128	0.194	
Ca11+	0.048	0.074	0.259	0.386	0.834	
Ca12+	0.035	0.074	0.142	0.200	0.353	
Fe13+	0.040	0.013	0.069	0.090	0.152	
Fe14+	0.032	0.076	0.190	0.361	0.822	
Fe16+	0.047	0.112	0.261	0.443	0.942	
Fe17+	0.040	0.030	0.088	0.150	0.189	
S10+	0.040	0.048	0.068	0.106	0.140	
S9+	0.041	0.070	0.116	0.167	0.243	
Si8+	0.040	0.029	0.059	0.091	0.109	
Step : 25
100.0
Ion	0.0	0.1	1.0	10.0	100.0
Ca10+	0.003	0.015	0.025	0.040	0.055	
Ca11+	0.005	0.048	0.083	0.123	0.207	
Ca12+	0.003	0.024	0.050	0.072	0.107	
Fe13+	0.004	0.009	0.019	0.032	0.045	
Fe14+	0.003	0.041	0.067	0.130	0.216	
Fe16+	0.005	0.041	0.076	0.124	0.205	
Fe17+	0.004	0.015	0.030	0.046	0.063	
S10+	0.004	0.012	0.020	0.036	0.046	
S9+	0.003	0.021	0.037	0.049	0.074	
Si8+	0.003	0.012	0.017	0.031	0.040	
10.0
Ion	0.0	0.1	1.0	10.0	100.0
Ca10+	0.031	0.031	0.087	0.131	0.202	
Ca11+	0.031	0.121	0.222	0.410	0.685	
Ca12+	0.034	0.028	0.130	0.239	0.345	
Fe13+	0.040	0.048	0.060	0.086	0.152	
Fe14+	0.046	0.097	0.225	0.398	0.802	
Fe16+	0.032	0.108	0.221	0.439	0.854	
Fe17+	0.041	0.027	0.073	0.128	0.208	
S10+	0.010	0.050	0.067	0.109	0.140	
S9+	0.031	0.030	0.109	0.155	0.216	
Si8+	0.040	0.030	0.063	0.107	0.104	
Step : 30
100.0
Ion	0.0	0.1	1.0	10.0	100.0
Ca10+	0.004	0.015	0.022	0.036	0.058	
Ca11+	0.005	0.052	0.077	0.130	0.187	
Ca12+	0.004	0.024	0.038	0.071	0.106	
Fe13+	0.004	0.008	0.019	0.030	0.045	
Fe14+	0.003	0.033	0.065	0.127	0.196	
Fe16+	0.003	0.044	0.062	0.137	0.231	
Fe17+	0.004	0.014	0.023	0.046	0.061	
S10+	0.004	0.010	0.018	0.028	0.044	
S9+	0.003	0.020	0.029	0.051	0.072	
Si8+	0.003	0.012	0.020	0.030	0.038	
10.0
Ion	0.0	0.1	1.0	10.0	100.0
Ca10+	0.031	0.031	0.082	0.118	0.174	
Ca11+	0.054	0.104	0.239	0.363	0.732	
Ca12+	0.032	0.083	0.113	0.270	0.343	
Fe13+	0.040	0.046	0.032	0.088	0.149	
Fe14+	0.034	0.106	0.199	0.328	0.719	
Fe16+	0.031	0.108	0.250	0.344	0.923	
Fe17+	0.040	0.030	0.074	0.131	0.218	
S10+	0.040	0.031	0.061	0.114	0.143	
S9+	0.034	0.080	0.110	0.197	0.236	
Si8+	0.012	0.049	0.073	0.099	0.134	
Step : 35
100.0
Ion	0.0	0.1	1.0	10.0	100.0
Ca10+	0.003	0.014	0.023	0.042	0.049	
Ca11+	0.003	0.051	0.082	0.104	0.195	
Ca12+	0.004	0.023	0.050	0.073	0.107	
Fe13+	0.004	0.009	0.017	0.033	0.043	
Fe14+	0.003	0.036	0.061	0.129	0.196	
Fe16+	0.003	0.036	0.075	0.125	0.213	
Fe17+	0.003	0.014	0.026	0.041	0.057	
S10+	0.004	0.010	0.020	0.035	0.052	
S9+	0.003	0.022	0.037	0.050	0.074	
Si8+	0.004	0.011	0.018	0.031	0.036	
10.0
Ion	0.0	0.1	1.0	10.0	100.0
Ca10+	0.041	0.030	0.091	0.127	0.170	
Ca11+	0.031	0.069	0.250	0.405	0.658	
Ca12+	0.029	0.081	0.146	0.242	0.315	
Fe13+	0.040	0.045	0.058	0.099	0.132	
Fe14+	0.048	0.086	0.212	0.428	0.725	
Fe16+	0.032	0.118	0.273	0.416	0.781	
Fe17+	0.040	0.031	0.079	0.123	0.214	
S10+	0.040	0.031	0.066	0.111	0.139	
S9+	0.032	0.068	0.114	0.173	0.222	
Si8+	0.040	0.052	0.064	0.074	0.120	
Step : 40
100.0
Ion	0.0	0.1	1.0	10.0	100.0
Ca10+	0.003	0.017	0.025	0.038	0.052	
Ca11+	0.005	0.058	0.082	0.124	0.213	
Ca12+	0.004	0.025	0.047	0.063	0.093	
Fe13+	0.004	0.009	0.017	0.028	0.042	
Fe14+	0.003	0.033	0.065	0.106	0.186	
Fe16+	0.002	0.044	0.075	0.114	0.233	
Fe17+	0.004	0.014	0.024	0.046	0.062	
S10+	0.004	0.011	0.018	0.033	0.042	
S9+	0.003	0.021	0.032	0.054	0.069	
Si8+	0.004	0.010	0.016	0.030	0.037	
10.0
Ion	0.0	0.1	1.0	10.0	100.0
Ca10+	0.040	0.053	0.079	0.115	0.170	
Ca11+	0.051	0.068	0.283	0.393	0.685	
Ca12+	0.033	0.095	0.143	0.214	0.324	
Fe13+	0.040	0.044	0.053	0.104	0.127	
Fe14+	0.032	0.101	0.198	0.358	0.680	
Fe16+	0.030	0.074	0.251	0.374	0.780	
Fe17+	0.041	0.029	0.084	0.124	0.191	
S10+	0.040	0.030	0.061	0.089	0.133	
S9+	0.034	0.080	0.117	0.152	0.234	
Si8+	0.040	0.029	0.064	0.101	0.113	
Step : 45
100.0
Ion	0.0	0.1	1.0	10.0	100.0
Ca10+	0.004	0.014	0.024	0.039	0.057	
Ca11+	0.003	0.057	0.081	0.124	0.213	
Ca12+	0.003	0.024	0.046	0.079	0.107	
Fe13+	0.004	0.009	0.017	0.027	0.041	
Fe14+	0.002	0.034	0.057	0.101	0.177	
Fe16+	0.003	0.046	0.069	0.137	0.254	
Fe17+	0.003	0.012	0.026	0.043	0.065	
S10+	0.003	0.009	0.019	0.033	0.041	
S9+	0.003	0.022	0.035	0.054	0.074	
Si8+	0.004	0.011	0.019	0.026	0.033	
10.0
Ion	0.0	0.1	1.0	10.0	100.0
Ca10+	0.041	0.052	0.073	0.109	0.177	
Ca11+	0.033	0.100	0.243	0.422	0.760	
Ca12+	0.033	0.090	0.147	0.226	0.344	
Fe13+	0.040	0.009	0.056	0.077	0.118	
Fe14+	0.045	0.112	0.182	0.400	0.726	
Fe16+	0.036	0.069	0.240	0.397	0.942	
Fe17+	0.040	0.031	0.075	0.134	0.200	
S10+	0.040	0.012	0.067	0.109	0.145	
S9+	0.032	0.071	0.099	0.179	0.230	
Si8+	0.041	0.009	0.062	0.090	0.111	
Step : 50
100.0
Ion	0.0	0.1	1.0	10.0	100.0
Ca10+	0.004	0.015	0.023	0.036	0.047	
Ca11+	0.005	0.051	0.082	0.134	0.233	
Ca12+	0.003	0.027	0.042	0.080	0.117	
Fe13+	0.004	0.009	0.017	0.028	0.042	
Fe14+	0.005	0.032	0.064	0.115	0.176	
Fe16+	0.005	0.042	0.067	0.135	0.204	
Fe17+	0.004	0.014	0.026	0.041	0.062	
S10+	0.003	0.011	0.022	0.029	0.039	
S9+	0.004	0.019	0.033	0.056	0.070	
Si8+	0.004	0.012	0.018	0.032	0.038	
10.0
Ion	0.0	0.1	1.0	10.0	100.0
Ca10+	0.013	0.031	0.077	0.124	0.183	
Ca11+	0.031	0.114	0.275	0.431	0.796	
Ca12+	0.027	0.081	0.155	0.203	0.371	
Fe13+	0.040	0.008	0.032	0.087	0.139	
Fe14+	0.035	0.091	0.215	0.358	0.720	
Fe16+	0.032	0.095	0.225	0.387	0.911	
Fe17+	0.040	0.028	0.073	0.122	0.210	
S10+	0.041	0.052	0.066	0.110	0.140	
S9+	0.034	0.078	0.113	0.175	0.247	
Si8+	0.040	0.049	0.064	0.095	0.114	
Step : 55
