Step : 1
Step : 5
100.0
Ion	0.0	0.1	1.0	10.0	100.0
Ca10+	0.004	0.006	0.010	0.017	0.023	
Ca11+	0.004	0.024	0.051	0.074	0.108	
Ca12+	0.005	0.039	0.074	0.141	0.239	
Ca13+	0.004	0.017	0.030	0.047	0.065	
Fe14+	0.004	0.013	0.027	0.050	0.084	
Fe15+	0.005	0.048	0.088	0.152	0.289	
S10+	0.003	0.015	0.027	0.041	0.061	
Si9+	0.004	0.006	0.013	0.023	0.025	
10.0
Ion	0.0	0.1	1.0	10.0	100.0
Ca10+	0.039	0.041	0.046	0.055	0.068	
Ca11+	0.035	0.095	0.133	0.225	0.453	
Ca12+	0.032	0.107	0.220	0.382	0.775	
Ca13+	0.041	0.058	0.100	0.177	0.222	
Fe14+	0.012	0.030	0.088	0.160	0.220	
Fe15+	0.033	0.069	0.231	0.534	0.066	
S10+	0.025	0.031	0.080	0.165	0.208	
Si9+	0.040	0.043	0.031	0.069	0.083	
Step : 10
100.0
Ion	0.0	0.1	1.0	10.0	100.0
Ca10+	0.004	0.006	0.009	0.014	0.023	
Ca11+	0.003	0.026	0.039	0.069	0.089	
Ca12+	0.003	0.042	0.065	0.112	0.184	
Ca13+	0.004	0.017	0.030	0.053	0.061	
Fe14+	0.004	0.011	0.022	0.038	0.059	
Fe15+	0.003	0.044	0.074	0.133	0.232	
Fe17+	0.005	0.046	0.088	0.139	0.286	
Fe18+	0.003	0.018	0.029	0.049	0.079	
Mg8+	0.004	0.005	0.006	0.009	0.013	
S10+	0.003	0.018	0.029	0.046	0.062	
S9+	0.003	0.012	0.019	0.032	0.037	
Si9+	0.004	0.008	0.014	0.022	0.033	
10.0
Ion	0.0	0.1	1.0	10.0	100.0
Ca10+	0.040	0.042	0.044	0.049	0.062	
Ca11+	0.033	0.089	0.138	0.215	0.299	
Ca12+	0.032	0.089	0.230	0.418	0.627	
Ca13+	0.012	0.061	0.070	0.142	0.247	
Fe14+	0.040	0.030	0.081	0.122	0.221	
Fe15+	0.033	0.100	0.243	0.430	0.988	
Fe17+	0.033	0.068	0.253	0.412	1.112	
Fe18+	0.012	0.061	0.094	0.167	0.236	
Mg8+	0.040	0.040	0.040	0.042	0.045	
S10+	0.041	0.061	0.087	0.135	0.212	
S9+	0.034	0.029	0.068	0.103	0.122	
Si9+	0.040	0.046	0.033	0.074	0.101	
Step : 15
100.0
Ion	0.0	0.1	1.0	10.0	100.0
Ca10+	0.001	0.004	0.009	0.014	0.017	
Ca11+	0.003	0.023	0.041	0.054	0.081	
Ca12+	0.003	0.049	0.072	0.125	0.202	
Ca13+	0.004	0.018	0.034	0.054	0.080	
Fe14+	0.004	0.013	0.021	0.037	0.054	
Fe15+	0.005	0.048	0.068	0.134	0.269	
Fe17+	0.005	0.047	0.072	0.155	0.267	
Fe18+	0.004	0.017	0.030	0.052	0.077	
Mg8+	0.001	0.005	0.006	0.010	0.013	
S10+	0.004	0.017	0.028	0.048	0.071	
S9+	0.003	0.014	0.023	0.033	0.040	
Si9+	0.004	0.009	0.018	0.029	0.037	
10.0
Ion	0.0	0.1	1.0	10.0	100.0
Ca10+	0.010	0.042	0.041	0.053	0.033	
Ca11+	0.033	0.028	0.131	0.188	0.273	
Ca12+	0.048	0.125	0.240	0.424	0.814	
Ca13+	0.033	0.066	0.106	0.169	0.277	
Fe14+	0.041	0.049	0.064	0.109	0.171	
Fe15+	0.032	0.127	0.218	0.401	0.810	
Fe17+	0.032	0.072	0.271	0.420	0.873	
Fe18+	0.032	0.030	0.079	0.151	0.249	
Mg8+	0.039	0.041	0.041	0.042	0.046	
S10+	0.041	0.063	0.105	0.150	0.218	
S9+	0.032	0.051	0.064	0.113	0.148	
Si9+	0.040	0.045	0.030	0.077	0.116	
Step : 20
100.0
Ion	0.0	0.1	1.0	10.0	100.0
Ca10+	0.004	0.003	0.007	0.012	0.018	
Ca11+	0.003	0.024	0.043	0.062	0.081	
Ca12+	0.005	0.046	0.076	0.137	0.256	
Ca13+	0.003	0.018	0.033	0.053	0.078	
Fe14+	0.003	0.011	0.022	0.036	0.064	
Fe15+	0.005	0.043	0.069	0.142	0.261	
Fe17+	0.005	0.048	0.079	0.153	0.263	
Fe18+	0.004	0.015	0.028	0.046	0.075	
Mg8+	0.004	0.003	0.006	0.010	0.016	
S10+	0.003	0.018	0.032	0.056	0.080	
S9+	0.003	0.014	0.021	0.032	0.045	
Si9+	0.004	0.009	0.020	0.027	0.040	
10.0
Ion	0.0	0.1	1.0	10.0	100.0
Ca10+	0.010	0.041	0.043	0.034	0.057	
Ca11+	0.033	0.082	0.144	0.193	0.317	
Ca12+	0.046	0.080	0.264	0.407	0.889	
Ca13+	0.031	0.069	0.095	0.181	0.265	
Fe14+	0.025	0.031	0.069	0.119	0.196	
Fe15+	0.031	0.099	0.236	0.379	0.860	
Fe17+	0.032	0.080	0.272	0.388	0.878	
Fe18+	0.027	0.029	0.091	0.163	0.252	
Mg8+	0.040	0.041	0.042	0.011	0.035	
S10+	0.029	0.065	0.100	0.175	0.231	
S9+	0.032	0.031	0.067	0.100	0.162	
Si9+	0.040	0.048	0.056	0.098	0.127	
Step : 25
100.0
Ion	0.0	0.1	1.0	10.0	100.0
Ca10+	0.004	0.003	0.008	0.012	0.019	
Ca11+	0.004	0.023	0.043	0.060	0.087	
Ca12+	0.005	0.049	0.079	0.136	0.200	
Ca13+	0.003	0.020	0.035	0.053	0.093	
Fe14+	0.003	0.012	0.024	0.036	0.055	
Fe15+	0.005	0.044	0.080	0.133	0.250	
Fe17+	0.003	0.047	0.077	0.142	0.234	
Fe18+	0.003	0.014	0.027	0.049	0.083	
Mg8+	0.004	0.001	0.007	0.011	0.016	
S10+	0.003	0.020	0.031	0.053	0.081	
S9+	0.004	0.014	0.020	0.033	0.041	
Si9+	0.004	0.009	0.018	0.026	0.036	
10.0
Ion	0.0	0.1	1.0	10.0	100.0
Ca10+	0.039	0.040	0.044	0.049	0.056	
Ca11+	0.029	0.084	0.128	0.212	0.326	
Ca12+	0.048	0.097	0.248	0.425	0.885	
Ca13+	0.033	0.070	0.097	0.178	0.276	
Fe14+	0.040	0.047	0.064	0.119	0.155	
Fe15+	0.030	0.102	0.223	0.405	0.855	
Fe17+	0.047	0.078	0.235	0.535	0.903	
Fe18+	0.040	0.061	0.084	0.143	0.198	
Mg8+	0.039	0.041	0.005	0.045	0.051	
S10+	0.031	0.070	0.091	0.187	0.265	
S9+	0.012	0.057	0.076	0.111	0.132	
Si9+	0.040	0.011	0.052	0.091	0.122	
Step : 30
100.0
Ion	0.0	0.1	1.0	10.0	100.0
Ca10+	0.004	0.005	0.008	0.012	0.016	
Ca11+	0.004	0.022	0.039	0.067	0.096	
Ca12+	0.003	0.047	0.083	0.138	0.242	
Ca13+	0.003	0.018	0.035	0.056	0.084	
Fe14+	0.004	0.011	0.022	0.037	0.059	
Fe15+	0.005	0.040	0.074	0.111	0.222	
Fe17+	0.005	0.046	0.080	0.146	0.272	
Fe18+	0.003	0.014	0.028	0.051	0.080	
Mg8+	0.004	0.003	0.008	0.012	0.015	
S10+	0.003	0.019	0.032	0.052	0.089	
S9+	0.004	0.013	0.022	0.031	0.039	
Si9+	0.003	0.010	0.021	0.028	0.037	
10.0
Ion	0.0	0.1	1.0	10.0	100.0
Ca10+	0.039	0.041	0.044	0.046	0.053	
Ca11+	0.032	0.073	0.111	0.200	0.254	
Ca12+	0.048	0.124	0.268	0.447	0.837	
Ca13+	0.032	0.069	0.126	0.197	0.279	
Fe14+	0.040	0.013	0.068	0.119	0.168	
Fe15+	0.047	0.120	0.212	0.432	0.831	
Fe17+	0.033	0.095	0.210	0.411	0.953	
Fe18+	0.040	0.056	0.085	0.150	0.235	
Mg8+	0.039	0.041	0.043	0.046	0.013	
S10+	0.041	0.080	0.104	0.178	0.272	
S9+	0.012	0.053	0.066	0.099	0.129	
Si9+	0.040	0.014	0.057	0.107	0.127	
Step : 35
100.0
Ion	0.0	0.1	1.0	10.0	100.0
Ca10+	0.004	0.005	0.006	0.011	0.016	
Ca11+	0.003	0.023	0.037	0.054	0.083	
Ca12+	0.005	0.045	0.088	0.132	0.237	
Ca13+	0.004	0.018	0.038	0.061	0.075	
Fe14+	0.004	0.010	0.021	0.037	0.049	
Fe15+	0.005	0.039	0.072	0.133	0.240	
Fe17+	0.003	0.040	0.073	0.159	0.244	
Fe18+	0.004	0.015	0.027	0.044	0.074	
Mg8+	0.001	0.005	0.007	0.011	0.015	
S10+	0.003	0.022	0.032	0.058	0.080	
S9+	0.004	0.013	0.019	0.032	0.035	
Si9+	0.004	0.010	0.019	0.028	0.039	
10.0
Ion	0.0	0.1	1.0	10.0	100.0
Ca10+	0.039	0.041	0.042	0.049	0.033	
Ca11+	0.035	0.084	0.148	0.197	0.229	
Ca12+	0.032	0.092	0.266	0.415	0.843	
Ca13+	0.032	0.069	0.103	0.205	0.270	
Fe14+	0.026	0.050	0.059	0.120	0.191	
Fe15+	0.044	0.100	0.234	0.371	0.867	
Fe17+	0.034	0.080	0.223	0.413	0.896	
Fe18+	0.041	0.055	0.087	0.153	0.232	
Mg8+	0.039	0.040	0.043	0.046	0.033	
S10+	0.031	0.067	0.101	0.175	0.250	
S9+	0.030	0.029	0.067	0.089	0.120	
Si9+	0.040	0.027	0.058	0.098	0.136	
Step : 40
100.0
Ion	0.0	0.1	1.0	10.0	100.0
Ca10+	0.004	0.001	0.007	0.013	0.016	
Ca11+	0.003	0.024	0.039	0.065	0.090	
Ca12+	0.005	0.050	0.083	0.119	0.228	
Ca13+	0.004	0.020	0.034	0.061	0.086	
Fe14+	0.004	0.012	0.023	0.036	0.051	
Fe15+	0.005	0.041	0.065	0.106	0.217	
Fe17+	0.005	0.047	0.069	0.138	0.246	
Fe18+	0.003	0.015	0.029	0.050	0.080	
Mg8+	0.004	0.003	0.007	0.010	0.017	
S10+	0.003	0.020	0.034	0.058	0.070	
S9+	0.003	0.012	0.024	0.032	0.037	
Si9+	0.003	0.010	0.017	0.034	0.045	
10.0
Ion	0.0	0.1	1.0	10.0	100.0
Ca10+	0.039	0.040	0.042	0.010	0.034	
Ca11+	0.033	0.028	0.118	0.199	0.266	
Ca12+	0.047	0.091	0.219	0.436	0.864	
Ca13+	0.031	0.066	0.093	0.210	0.277	
Fe14+	0.040	0.050	0.068	0.113	0.168	
Fe15+	0.033	0.099	0.226	0.394	0.885	
Fe17+	0.032	0.071	0.258	0.502	0.969	
Fe18+	0.041	0.059	0.092	0.159	0.194	
Mg8+	0.040	0.040	0.043	0.047	0.034	
S10+	0.032	0.077	0.096	0.173	0.226	
S9+	0.012	0.055	0.069	0.093	0.121	
Si9+	0.041	0.030	0.065	0.097	0.129	
Step : 45
100.0
Ion	0.0	0.1	1.0	10.0	100.0
Ca10+	0.004	0.003	0.007	0.011	0.016	
Ca11+	0.003	0.023	0.039	0.060	0.092	
Ca12+	0.006	0.054	0.084	0.152	0.233	
Ca13+	0.004	0.019	0.034	0.059	0.094	
Fe14+	0.004	0.011	0.023	0.035	0.048	
Fe15+	0.003	0.048	0.072	0.120	0.236	
Fe17+	0.003	0.042	0.068	0.145	0.274	
Fe18+	0.003	0.014	0.030	0.053	0.077	
Mg8+	0.004	0.005	0.007	0.011	0.018	
S10+	0.004	0.020	0.033	0.056	0.077	
S9+	0.004	0.012	0.021	0.031	0.043	
Si9+	0.003	0.011	0.019	0.029	0.046	
10.0
Ion	0.0	0.1	1.0	10.0	100.0
Ca10+	0.010	0.040	0.042	0.012	0.054	
Ca11+	0.035	0.069	0.114	0.205	0.248	
Ca12+	0.048	0.109	0.272	0.418	0.905	
Ca13+	0.030	0.070	0.099	0.182	0.251	
Fe14+	0.040	0.009	0.062	0.100	0.151	
Fe15+	0.047	0.119	0.217	0.490	0.854	
Fe17+	0.033	0.115	0.275	0.442	0.923	
Fe18+	0.041	0.031	0.083	0.158	0.224	
Mg8+	0.010	0.041	0.044	0.012	0.051	
S10+	0.029	0.029	0.091	0.162	0.265	
S9+	0.029	0.055	0.075	0.099	0.128	
Si9+	0.013	0.046	0.068	0.086	0.028	
Step : 50
100.0
Ion	0.0	0.1	1.0	10.0	100.0
Ca10+	0.001	0.003	0.003	0.011	0.015	
Ca11+	0.004	0.023	0.039	0.063	0.082	
Ca12+	0.005	0.050	0.082	0.152	0.260	
Ca13+	0.004	0.023	0.032	0.058	0.097	
Fe14+	0.004	0.012	0.021	0.034	0.051	
Fe15+	0.003	0.034	0.069	0.138	0.201	
Fe17+	0.003	0.043	0.076	0.143	0.265	
Fe18+	0.003	0.014	0.027	0.050	0.081	
Mg8+	0.004	0.001	0.007	0.011	0.014	
S10+	0.003	0.019	0.036	0.048	0.071	
S9+	0.004	0.013	0.021	0.031	0.040	
Si9+	0.004	0.010	0.018	0.031	0.042	
10.0
Ion	0.0	0.1	1.0	10.0	100.0
Ca10+	0.039	0.040	0.043	0.006	0.034	
Ca11+	0.037	0.080	0.127	0.193	0.298	
Ca12+	0.031	0.096	0.270	0.424	0.913	
Ca13+	0.042	0.029	0.108	0.187	0.292	
Fe14+	0.040	0.028	0.072	0.109	0.154	
Fe15+	0.045	0.108	0.218	0.418	0.879	
Fe17+	0.034	0.108	0.250	0.427	0.828	
Fe18+	0.025	0.058	0.091	0.155	0.260	
Mg8+	0.039	0.040	0.042	0.049	0.035	
S10+	0.032	0.062	0.111	0.170	0.254	
S9+	0.030	0.030	0.068	0.092	0.136	
Si9+	0.040	0.011	0.063	0.097	0.129	
Step : 55
100.0
Ion	0.0	0.1	1.0	10.0	100.0
Ca12+	0.003	0.055	0.078	0.137	0.230	
Ca13+	0.004	0.019	0.031	0.056	0.089	
Fe17+	0.005	0.053	0.083	0.138	0.250	
Fe18+	0.003	0.014	0.028	0.048	0.070	
Mg8+	0.004	0.003	0.007	0.011	0.015	
S10+	0.003	0.018	0.038	0.053	0.078	
Si9+	0.004	0.012	0.018	0.026	0.040	
10.0
Ion	0.0	0.1	1.0	10.0	100.0
Ca12+	0.033	0.111	0.273	0.435	0.914	
Ca13+	0.031	0.063	0.111	0.199	0.242	
Fe17+	0.032	0.068	0.237	0.458	1.016	
Fe18+	0.040	0.061	0.078	0.154	0.228	
Mg8+	0.010	0.040	0.041	0.013	0.033	
S10+	0.035	0.066	0.104	0.190	0.229	
Si9+	0.040	0.053	0.065	0.097	0.122	
