Step : 1
Step : 5
Step : 10
100.0
Ion	0.0	0.1	1.0	10.0	100.0
Ca11+	0.004	0.011	0.018	0.025	0.039	
Ca12+	0.005	0.036	0.051	0.091	0.115	
Ca13+	0.005	0.036	0.057	0.101	0.166	
Ca14+	0.003	0.014	0.023	0.049	0.065	
Fe15+	0.003	0.016	0.024	0.048	0.065	
Fe16+	0.003	0.047	0.083	0.157	0.254	
Fe18+	0.005	0.054	0.096	0.167	0.309	
Fe19+	0.003	0.018	0.031	0.064	0.092	
Fe20+	0.004	0.007	0.013	0.026	0.035	
S10+	0.004	0.015	0.026	0.037	0.054	
S11+	0.001	0.013	0.020	0.035	0.058	
Si9+	0.004	0.009	0.016	0.025	0.027	
10.0
Ion	0.0	0.1	1.0	10.0	100.0
Ca11+	0.040	0.009	0.059	0.086	0.144	
Ca12+	0.035	0.087	0.183	0.263	0.397	
Ca13+	0.033	0.073	0.197	0.328	0.530	
Ca14+	0.013	0.029	0.083	0.132	0.193	
Fe15+	0.040	0.030	0.089	0.147	0.217	
Fe16+	0.032	0.090	0.237	0.543	0.918	
Fe18+	0.031	0.064	0.274	0.504	0.874	
Fe19+	0.032	0.065	0.104	0.194	0.325	
Fe20+	0.040	0.043	0.050	0.069	0.118	
S10+	0.033	0.031	0.088	0.143	0.164	
S11+	0.012	0.030	0.070	0.107	0.147	
Si9+	0.041	0.045	0.054	0.080	0.079	
Step : 15
100.0
Ion	0.0	0.1	1.0	10.0	100.0
Ca11+	0.004	0.010	0.016	0.025	0.037	
Ca12+	0.003	0.038	0.053	0.092	0.128	
Ca13+	0.005	0.039	0.063	0.098	0.195	
Ca14+	0.004	0.017	0.025	0.051	0.061	
Fe15+	0.004	0.012	0.025	0.047	0.067	
Fe16+	0.003	0.047	0.085	0.164	0.252	
Fe18+	0.003	0.053	0.081	0.161	0.306	
Fe19+	0.003	0.016	0.031	0.059	0.096	
Fe20+	0.001	0.006	0.014	0.023	0.036	
S10+	0.004	0.017	0.029	0.045	0.074	
S11+	0.004	0.014	0.025	0.036	0.059	
Si10+	0.004	0.006	0.011	0.020	0.025	
Si9+	0.004	0.011	0.016	0.025	0.034	
10.0
Ion	0.0	0.1	1.0	10.0	100.0
Ca11+	0.040	0.007	0.053	0.074	0.143	
Ca12+	0.035	0.089	0.184	0.263	0.414	
Ca13+	0.046	0.116	0.196	0.340	0.642	
Ca14+	0.033	0.032	0.088	0.153	0.195	
Fe15+	0.012	0.031	0.082	0.155	0.227	
Fe16+	0.051	0.102	0.222	0.488	0.895	
Fe18+	0.050	0.067	0.253	0.526	0.959	
Fe19+	0.012	0.063	0.108	0.167	0.271	
Fe20+	0.040	0.044	0.051	0.072	0.099	
S10+	0.030	0.066	0.106	0.165	0.204	
S11+	0.041	0.028	0.077	0.120	0.187	
Si10+	0.039	0.004	0.045	0.055	0.082	
Si9+	0.040	0.011	0.056	0.094	0.094	
Step : 20
100.0
Ion	0.0	0.1	1.0	10.0	100.0
Ca11+	0.004	0.009	0.017	0.026	0.031	
Ca12+	0.005	0.037	0.053	0.097	0.136	
Ca13+	0.005	0.045	0.073	0.129	0.195	
Ca14+	0.004	0.016	0.031	0.042	0.067	
Fe15+	0.004	0.012	0.025	0.042	0.072	
Fe16+	0.005	0.046	0.074	0.157	0.259	
Fe18+	0.005	0.049	0.087	0.167	0.273	
Fe19+	0.003	0.018	0.032	0.057	0.090	
Fe20+	0.004	0.007	0.014	0.021	0.032	
S10+	0.003	0.018	0.030	0.047	0.065	
S11+	0.004	0.013	0.028	0.045	0.059	
Si10+	0.004	0.007	0.012	0.019	0.026	
Si9+	0.004	0.011	0.018	0.026	0.033	
10.0
Ion	0.0	0.1	1.0	10.0	100.0
Ca11+	0.040	0.045	0.032	0.076	0.111	
Ca12+	0.032	0.097	0.174	0.272	0.445	
Ca13+	0.044	0.101	0.214	0.389	0.710	
Ca14+	0.031	0.028	0.079	0.150	0.213	
Fe15+	0.040	0.029	0.078	0.135	0.226	
Fe16+	0.032	0.108	0.239	0.470	0.942	
Fe18+	0.031	0.028	0.278	0.552	0.069	
Fe19+	0.040	0.066	0.094	0.195	0.243	
Fe20+	0.040	0.042	0.029	0.073	0.104	
S10+	0.033	0.029	0.107	0.132	0.213	
S11+	0.030	0.030	0.088	0.133	0.175	
Si10+	0.040	0.042	0.030	0.062	0.087	
Si9+	0.041	0.010	0.060	0.087	0.105	
Step : 25
100.0
Ion	0.0	0.1	1.0	10.0	100.0
Ca11+	0.003	0.010	0.015	0.026	0.037	
Ca12+	0.003	0.039	0.056	0.086	0.135	
Ca13+	0.005	0.050	0.056	0.130	0.190	
Ca14+	0.004	0.013	0.028	0.048	0.065	
Fe15+	0.004	0.015	0.023	0.042	0.065	
Fe16+	0.005	0.050	0.076	0.134	0.244	
Fe18+	0.003	0.048	0.081	0.136	0.298	
Fe19+	0.003	0.019	0.032	0.050	0.088	
Fe20+	0.004	0.008	0.013	0.023	0.028	
S10+	0.003	0.023	0.034	0.054	0.061	
S11+	0.004	0.014	0.027	0.041	0.055	
Si10+	0.004	0.007	0.012	0.021	0.027	
Si9+	0.004	0.011	0.020	0.029	0.033	
10.0
Ion	0.0	0.1	1.0	10.0	100.0
Ca11+	0.040	0.042	0.058	0.078	0.115	
Ca12+	0.035	0.085	0.173	0.284	0.463	
Ca13+	0.034	0.107	0.212	0.407	0.767	
Ca14+	0.040	0.029	0.084	0.135	0.189	
Fe15+	0.040	0.029	0.073	0.135	0.212	
Fe16+	0.031	0.125	0.237	0.483	0.879	
Fe18+	0.048	0.064	0.250	0.526	0.922	
Fe19+	0.027	0.065	0.099	0.185	0.261	
Fe20+	0.040	0.042	0.050	0.075	0.095	
S10+	0.032	0.063	0.111	0.136	0.213	
S11+	0.029	0.028	0.090	0.134	0.213	
Si10+	0.040	0.046	0.011	0.032	0.085	
Si9+	0.013	0.013	0.066	0.093	0.092	
Step : 30
100.0
Ion	0.0	0.1	1.0	10.0	100.0
Ca11+	0.004	0.009	0.016	0.025	0.035	
Ca12+	0.005	0.037	0.053	0.098	0.126	
Ca13+	0.003	0.042	0.069	0.123	0.186	
Ca14+	0.004	0.016	0.027	0.048	0.061	
Fe15+	0.003	0.013	0.026	0.043	0.052	
Fe16+	0.002	0.043	0.076	0.120	0.267	
Fe18+	0.003	0.051	0.075	0.138	0.274	
Fe19+	0.003	0.016	0.032	0.052	0.088	
Fe20+	0.004	0.006	0.013	0.022	0.031	
S10+	0.004	0.020	0.031	0.044	0.055	
S11+	0.004	0.016	0.026	0.044	0.064	
Si10+	0.004	0.007	0.013	0.020	0.028	
Si9+	0.004	0.012	0.019	0.024	0.037	
10.0
Ion	0.0	0.1	1.0	10.0	100.0
Ca11+	0.040	0.010	0.053	0.078	0.114	
Ca12+	0.033	0.095	0.175	0.278	0.390	
Ca13+	0.034	0.084	0.238	0.420	0.729	
Ca14+	0.012	0.061	0.087	0.149	0.201	
Fe15+	0.030	0.052	0.075	0.124	0.205	
Fe16+	0.031	0.119	0.241	0.453	0.959	
Fe18+	0.034	0.105	0.259	0.492	1.030	
Fe19+	0.041	0.060	0.125	0.185	0.256	
Fe20+	0.010	0.044	0.051	0.070	0.099	
S10+	0.031	0.030	0.103	0.150	0.184	
S11+	0.040	0.028	0.079	0.129	0.201	
Si10+	0.040	0.043	0.014	0.031	0.087	
Si9+	0.013	0.030	0.065	0.085	0.113	
Step : 35
100.0
Ion	0.0	0.1	1.0	10.0	100.0
Ca11+	0.004	0.008	0.017	0.025	0.031	
Ca12+	0.005	0.037	0.065	0.087	0.130	
Ca13+	0.003	0.046	0.074	0.099	0.174	
Ca14+	0.004	0.016	0.031	0.043	0.064	
Fe15+	0.003	0.013	0.029	0.043	0.062	
Fe16+	0.003	0.043	0.079	0.146	0.226	
Fe18+	0.003	0.050	0.077	0.152	0.261	
Fe19+	0.003	0.018	0.031	0.052	0.081	
Fe20+	0.004	0.006	0.015	0.021	0.032	
S10+	0.003	0.020	0.035	0.046	0.064	
S11+	0.003	0.016	0.029	0.042	0.063	
Si10+	0.004	0.007	0.012	0.021	0.032	
Si9+	0.004	0.011	0.020	0.028	0.034	
10.0
Ion	0.0	0.1	1.0	10.0	100.0
Ca11+	0.041	0.046	0.054	0.070	0.095	
Ca12+	0.033	0.095	0.210	0.276	0.389	
Ca13+	0.032	0.116	0.230	0.400	0.851	
Ca14+	0.030	0.059	0.087	0.142	0.195	
Fe15+	0.012	0.051	0.082	0.138	0.208	
Fe16+	0.033	0.065	0.233	0.446	0.878	
Fe18+	0.031	0.102	0.264	0.490	0.849	
Fe19+	0.041	0.063	0.092	0.187	0.262	
Fe20+	0.040	0.043	0.048	0.070	0.098	
S10+	0.034	0.073	0.117	0.144	0.199	
S11+	0.028	0.029	0.076	0.137	0.200	
Si10+	0.040	0.043	0.055	0.067	0.091	
Si9+	0.012	0.030	0.063	0.091	0.118	
Step : 40
100.0
Ion	0.0	0.1	1.0	10.0	100.0
Ca11+	0.004	0.009	0.016	0.026	0.033	
Ca12+	0.003	0.033	0.050	0.084	0.133	
Ca13+	0.005	0.042	0.066	0.125	0.204	
Ca14+	0.003	0.016	0.030	0.047	0.064	
Fe15+	0.003	0.013	0.023	0.038	0.061	
Fe16+	0.005	0.048	0.085	0.145	0.245	
Fe18+	0.005	0.055	0.074	0.161	0.263	
Fe19+	0.004	0.017	0.034	0.056	0.082	
S10+	0.003	0.020	0.032	0.047	0.059	
S11+	0.003	0.017	0.028	0.043	0.063	
Si10+	0.004	0.008	0.013	0.020	0.030	
Si9+	0.004	0.012	0.020	0.028	0.035	
10.0
Ion	0.0	0.1	1.0	10.0	100.0
Ca11+	0.040	0.009	0.031	0.078	0.113	
Ca12+	0.031	0.097	0.193	0.276	0.339	
Ca13+	0.032	0.103	0.206	0.444	0.716	
Ca14+	0.030	0.029	0.090	0.155	0.212	
Fe15+	0.041	0.031	0.068	0.131	0.177	
Fe16+	0.029	0.106	0.240	0.433	0.931	
Fe18+	0.029	0.086	0.292	0.443	0.898	
Fe19+	0.041	0.061	0.105	0.160	0.251	
S10+	0.031	0.072	0.098	0.137	0.186	
S11+	0.040	0.059	0.081	0.116	0.208	
Si10+	0.040	0.034	0.031	0.065	0.094	
Si9+	0.012	0.050	0.059	0.090	0.103	
Step : 45
100.0
Ion	0.0	0.1	1.0	10.0	100.0
Ca11+	0.004	0.009	0.015	0.026	0.034	
Ca12+	0.005	0.036	0.056	0.099	0.132	
Ca13+	0.003	0.043	0.071	0.120	0.204	
Ca14+	0.004	0.017	0.029	0.051	0.068	
Fe15+	0.004	0.014	0.026	0.041	0.060	
Fe16+	0.005	0.043	0.074	0.151	0.219	
Fe18+	0.003	0.052	0.087	0.142	0.287	
Fe19+	0.003	0.018	0.034	0.047	0.089	
S10+	0.003	0.019	0.031	0.047	0.059	
S11+	0.004	0.016	0.028	0.046	0.073	
Si10+	0.004	0.008	0.015	0.023	0.030	
Si9+	0.004	0.011	0.019	0.032	0.036	
10.0
Ion	0.0	0.1	1.0	10.0	100.0
Ca11+	0.040	0.006	0.053	0.070	0.113	
Ca12+	0.045	0.100	0.185	0.246	0.436	
Ca13+	0.046	0.105	0.250	0.475	0.768	
Ca14+	0.029	0.028	0.093	0.130	0.223	
Fe15+	0.012	0.027	0.076	0.131	0.188	
Fe16+	0.046	0.113	0.260	0.475	0.916	
Fe18+	0.035	0.140	0.280	0.534	0.996	
Fe19+	0.031	0.059	0.104	0.176	0.284	
S10+	0.036	0.064	0.105	0.148	0.187	
S11+	0.026	0.029	0.087	0.141	0.199	
Si10+	0.039	0.043	0.049	0.066	0.091	
Si9+	0.040	0.030	0.059	0.099	0.120	
Step : 50
100.0
Ion	0.0	0.1	1.0	10.0	100.0
Ca11+	0.004	0.008	0.013	0.022	0.032	
Ca12+	0.003	0.037	0.049	0.085	0.131	
Ca13+	0.005	0.044	0.072	0.126	0.216	
Ca14+	0.004	0.015	0.028	0.045	0.064	
Fe15+	0.004	0.012	0.026	0.046	0.051	
Fe16+	0.003	0.044	0.073	0.132	0.251	
Fe18+	0.003	0.049	0.076	0.163	0.275	
Fe19+	0.004	0.018	0.037	0.059	0.087	
S10+	0.003	0.019	0.033	0.046	0.053	
S11+	0.004	0.016	0.030	0.050	0.069	
Si10+	0.004	0.007	0.017	0.022	0.028	
Si9+	0.004	0.014	0.019	0.027	0.030	
10.0
Ion	0.0	0.1	1.0	10.0	100.0
Ca11+	0.040	0.048	0.053	0.075	0.108	
Ca12+	0.036	0.087	0.180	0.298	0.457	
Ca13+	0.033	0.102	0.215	0.377	0.805	
Ca14+	0.030	0.058	0.082	0.159	0.224	
Fe15+	0.033	0.052	0.078	0.123	0.162	
Fe16+	0.032	0.103	0.239	0.425	0.939	
Fe18+	0.030	0.140	0.263	0.499	0.792	
Fe19+	0.040	0.060	0.099	0.150	0.232	
S10+	0.032	0.070	0.093	0.147	0.189	
S11+	0.031	0.059	0.086	0.168	0.175	
Si10+	0.039	0.041	0.030	0.061	0.086	
Si9+	0.040	0.031	0.065	0.080	0.114	
Step : 55
100.0
Ion	0.0	0.1	1.0	10.0	100.0
Ca12+	0.005	0.032	0.052	0.090	0.115	
Ca13+	0.005	0.041	0.072	0.134	0.193	
Ca14+	0.004	0.017	0.032	0.045	0.065	
Fe16+	0.004	0.038	0.071	0.135	0.258	
Fe18+	0.005	0.050	0.079	0.159	0.269	
Fe19+	0.004	0.016	0.035	0.051	0.082	
S10+	0.003	0.019	0.029	0.046	0.056	
S11+	0.003	0.014	0.028	0.047	0.070	
Si10+	0.004	0.006	0.013	0.022	0.030	
Si9+	0.004	0.012	0.019	0.025	0.030	
10.0
Ion	0.0	0.1	1.0	10.0	100.0
Ca12+	0.033	0.096	0.168	0.330	0.435	
Ca13+	0.049	0.108	0.227	0.352	0.714	
Ca14+	0.012	0.058	0.089	0.151	0.186	
Fe16+	0.032	0.114	0.246	0.454	0.910	
Fe18+	0.045	0.080	0.268	0.530	1.031	
Fe19+	0.033	0.062	0.107	0.186	0.254	
S10+	0.033	0.066	0.113	0.144	0.216	
S11+	0.031	0.058	0.074	0.137	0.220	
Si10+	0.040	0.044	0.031	0.070	0.094	
Si9+	0.041	0.029	0.032	0.085	0.081	
