Step : 1
Step : 5
Step : 10
100.0
Ion	0.0	0.1	1.0	10.0	100.0
Ca12+	0.003	0.016	0.024	0.043	0.057	
Ca13+	0.002	0.043	0.069	0.100	0.138	
Ca14+	0.004	0.026	0.052	0.082	0.125	
Fe16+	0.003	0.016	0.033	0.048	0.069	
Fe17+	0.003	0.044	0.085	0.133	0.282	
Fe19+	0.003	0.061	0.087	0.166	0.356	
Fe20+	0.003	0.020	0.041	0.068	0.109	
Fe21+	0.004	0.008	0.014	0.025	0.032	
S10+	0.004	0.011	0.018	0.027	0.032	
S11+	0.004	0.015	0.030	0.043	0.064	
S12+	0.004	0.008	0.016	0.026	0.035	
Si10+	0.004	0.008	0.015	0.022	0.031	
10.0
Ion	0.0	0.1	1.0	10.0	100.0
Ca12+	0.012	0.062	0.081	0.150	0.192	
Ca13+	0.032	0.126	0.167	0.308	0.431	
Ca14+	0.045	0.085	0.156	0.238	0.427	
Fe16+	0.032	0.028	0.095	0.177	0.235	
Fe17+	0.032	0.069	0.270	0.501	0.924	
Fe19+	0.047	0.082	0.291	0.552	0.055	
Fe20+	0.031	0.064	0.139	0.184	0.318	
Fe21+	0.010	0.042	0.053	0.074	0.132	
S10+	0.012	0.029	0.034	0.095	0.098	
S11+	0.030	0.062	0.093	0.162	0.194	
S12+	0.040	0.043	0.057	0.078	0.100	
Si10+	0.040	0.044	0.029	0.068	0.093	
Step : 15
100.0
Ion	0.0	0.1	1.0	10.0	100.0
Ca12+	0.003	0.015	0.029	0.042	0.056	
Ca13+	0.003	0.042	0.067	0.105	0.172	
Ca14+	0.003	0.030	0.050	0.094	0.167	
Fe16+	0.003	0.016	0.030	0.052	0.068	
Fe17+	0.003	0.050	0.087	0.179	0.305	
Fe19+	0.005	0.061	0.088	0.188	0.320	
Fe20+	0.003	0.020	0.038	0.057	0.098	
Fe21+	0.004	0.007	0.015	0.025	0.039	
Mg9+	0.004	0.001	0.003	0.009	0.013	
S10+	0.004	0.011	0.019	0.032	0.034	
S11+	0.004	0.017	0.029	0.053	0.075	
S12+	0.004	0.008	0.017	0.027	0.038	
Si10+	0.004	0.010	0.016	0.026	0.033	
10.0
Ion	0.0	0.1	1.0	10.0	100.0
Ca12+	0.032	0.029	0.080	0.110	0.190	
Ca13+	0.029	0.111	0.213	0.350	0.559	
Ca14+	0.035	0.099	0.179	0.285	0.538	
Fe16+	0.041	0.061	0.088	0.149	0.252	
Fe17+	0.031	0.069	0.225	0.443	1.020	
Fe19+	0.031	0.064	0.286	0.607	0.057	
Fe20+	0.042	0.067	0.096	0.211	0.330	
Fe21+	0.040	0.043	0.029	0.086	0.110	
Mg9+	0.010	0.040	0.041	0.044	0.014	
S10+	0.040	0.029	0.061	0.097	0.109	
S11+	0.033	0.031	0.102	0.147	0.209	
S12+	0.040	0.045	0.058	0.078	0.106	
Si10+	0.039	0.011	0.054	0.081	0.096	
Step : 20
100.0
Ion	0.0	0.1	1.0	10.0	100.0
Ca11+	0.001	0.004	0.005	0.007	0.011	
Ca12+	0.004	0.016	0.026	0.039	0.059	
Ca13+	0.005	0.052	0.065	0.115	0.188	
Ca14+	0.005	0.031	0.055	0.099	0.161	
Fe16+	0.003	0.015	0.033	0.052	0.065	
Fe17+	0.005	0.041	0.091	0.156	0.292	
Fe19+	0.005	0.056	0.084	0.166	0.334	
Fe20+	0.003	0.020	0.044	0.064	0.104	
Fe21+	0.004	0.009	0.014	0.028	0.038	
Mg9+	0.004	0.001	0.006	0.009	0.011	
S10+	0.004	0.012	0.021	0.030	0.035	
S11+	0.003	0.020	0.029	0.055	0.077	
S12+	0.004	0.010	0.019	0.029	0.040	
Si10+	0.004	0.009	0.017	0.029	0.035	
10.0
Ion	0.0	0.1	1.0	10.0	100.0
Ca11+	0.010	0.040	0.041	0.042	0.043	
Ca12+	0.031	0.030	0.076	0.144	0.203	
Ca13+	0.031	0.113	0.204	0.362	0.617	
Ca14+	0.033	0.104	0.184	0.338	0.521	
Fe16+	0.030	0.062	0.097	0.149	0.234	
Fe17+	0.030	0.077	0.262	0.506	0.991	
Fe19+	0.032	0.068	0.315	0.620	0.063	
Fe20+	0.032	0.069	0.108	0.171	0.270	
Fe21+	0.040	0.042	0.054	0.079	0.117	
Mg9+	0.010	0.041	0.042	0.044	0.013	
S10+	0.041	0.029	0.061	0.105	0.125	
S11+	0.034	0.069	0.101	0.175	0.229	
S12+	0.041	0.049	0.058	0.097	0.145	
Si10+	0.040	0.028	0.057	0.079	0.133	
Step : 25
100.0
Ion	0.0	0.1	1.0	10.0	100.0
Ca12+	0.003	0.015	0.030	0.047	0.055	
Ca13+	0.005	0.039	0.072	0.114	0.171	
Ca14+	0.003	0.033	0.056	0.100	0.170	
Fe16+	0.003	0.015	0.033	0.040	0.075	
Fe17+	0.005	0.054	0.086	0.158	0.288	
Fe19+	0.003	0.059	0.091	0.168	0.280	
Fe20+	0.003	0.019	0.040	0.065	0.097	
Fe21+	0.004	0.009	0.016	0.022	0.037	
Mg9+	0.004	0.005	0.007	0.011	0.012	
S10+	0.004	0.012	0.020	0.029	0.030	
S11+	0.003	0.018	0.033	0.061	0.078	
S12+	0.003	0.010	0.018	0.027	0.043	
Si10+	0.004	0.012	0.018	0.028	0.042	
10.0
Ion	0.0	0.1	1.0	10.0	100.0
Ca12+	0.030	0.031	0.081	0.130	0.211	
Ca13+	0.031	0.102	0.222	0.376	0.623	
Ca14+	0.034	0.103	0.177	0.328	0.522	
Fe16+	0.040	0.057	0.094	0.158	0.237	
Fe17+	0.030	0.088	0.278	0.490	0.942	
Fe19+	0.053	0.069	0.283	0.533	0.893	
Fe20+	0.035	0.064	0.111	0.185	0.263	
Fe21+	0.040	0.000	0.057	0.075	0.121	
Mg9+	0.039	0.040	0.042	0.044	0.034	
S10+	0.012	0.053	0.063	0.095	0.093	
S11+	0.033	0.029	0.106	0.187	0.257	
S12+	0.040	0.029	0.063	0.106	0.140	
Si10+	0.040	0.013	0.061	0.088	0.117	
Step : 30
100.0
Ion	0.0	0.1	1.0	10.0	100.0
Ca12+	0.003	0.014	0.024	0.041	0.053	
Ca13+	0.005	0.045	0.071	0.124	0.177	
Ca14+	0.005	0.034	0.058	0.108	0.153	
Fe16+	0.004	0.015	0.028	0.045	0.070	
Fe17+	0.005	0.051	0.087	0.138	0.302	
Fe19+	0.003	0.059	0.102	0.156	0.335	
Fe20+	0.004	0.021	0.038	0.051	0.088	
Fe21+	0.004	0.007	0.016	0.025	0.037	
Mg9+	0.004	0.002	0.007	0.010	0.014	
S10+	0.004	0.012	0.019	0.031	0.032	
S11+	0.003	0.021	0.037	0.056	0.074	
S12+	0.004	0.012	0.020	0.029	0.050	
Si10+	0.004	0.011	0.018	0.031	0.038	
10.0
Ion	0.0	0.1	1.0	10.0	100.0
Ca12+	0.031	0.031	0.097	0.138	0.194	
Ca13+	0.048	0.116	0.241	0.387	0.467	
Ca14+	0.043	0.094	0.156	0.345	0.518	
Fe16+	0.031	0.029	0.090	0.159	0.245	
Fe17+	0.032	0.083	0.295	0.532	0.885	
Fe19+	0.049	0.067	0.282	0.596	0.894	
Fe20+	0.028	0.061	0.112	0.209	0.302	
Fe21+	0.040	0.044	0.031	0.067	0.112	
Mg9+	0.039	0.040	0.042	0.010	0.036	
S10+	0.013	0.013	0.060	0.100	0.115	
S11+	0.033	0.029	0.119	0.195	0.240	
S12+	0.040	0.049	0.063	0.099	0.130	
Si10+	0.040	0.030	0.060	0.089	0.110	
Step : 35
100.0
Ion	0.0	0.1	1.0	10.0	100.0
Ca12+	0.004	0.016	0.024	0.034	0.053	
Ca13+	0.005	0.045	0.073	0.127	0.163	
Ca14+	0.005	0.034	0.067	0.101	0.165	
Fe16+	0.003	0.016	0.032	0.041	0.079	
Fe17+	0.005	0.054	0.093	0.147	0.253	
Fe19+	0.005	0.058	0.095	0.165	0.308	
Fe20+	0.004	0.020	0.032	0.053	0.097	
Fe21+	0.004	0.007	0.015	0.022	0.036	
Mg9+	0.001	0.003	0.007	0.011	0.015	
S10+	0.004	0.011	0.020	0.029	0.028	
S11+	0.003	0.021	0.037	0.050	0.070	
S12+	0.004	0.011	0.020	0.029	0.049	
Si10+	0.003	0.010	0.017	0.026	0.043	
10.0
Ion	0.0	0.1	1.0	10.0	100.0
Ca12+	0.012	0.051	0.084	0.146	0.176	
Ca13+	0.031	0.125	0.244	0.381	0.512	
Ca14+	0.043	0.098	0.180	0.353	0.540	
Fe16+	0.030	0.029	0.096	0.144	0.222	
Fe17+	0.032	0.111	0.294	0.483	0.843	
Fe19+	0.028	0.080	0.272	0.555	0.061	
Fe20+	0.012	0.066	0.118	0.192	0.339	
Fe21+	0.040	0.045	0.054	0.073	0.117	
Mg9+	0.040	0.040	0.045	0.044	0.028	
S10+	0.040	0.030	0.061	0.085	0.116	
S11+	0.033	0.029	0.111	0.183	0.225	
S12+	0.040	0.010	0.064	0.094	0.143	
Si10+	0.013	0.048	0.066	0.098	0.129	
Step : 40
100.0
Ion	0.0	0.1	1.0	10.0	100.0
Ca12+	0.003	0.013	0.027	0.038	0.060	
Ca13+	0.005	0.052	0.074	0.104	0.179	
Ca14+	0.003	0.030	0.057	0.112	0.174	
Fe16+	0.003	0.016	0.030	0.044	0.068	
Fe17+	0.003	0.054	0.090	0.138	0.299	
Fe19+	0.005	0.051	0.087	0.172	0.285	
Fe20+	0.004	0.020	0.036	0.056	0.092	
Fe21+	0.004	0.007	0.014	0.025	0.040	
Mg9+	0.004	0.003	0.007	0.011	0.014	
S10+	0.004	0.011	0.021	0.025	0.032	
S11+	0.004	0.021	0.038	0.058	0.078	
S12+	0.004	0.012	0.021	0.034	0.042	
Si10+	0.003	0.012	0.017	0.028	0.039	
10.0
Ion	0.0	0.1	1.0	10.0	100.0
Ca12+	0.041	0.060	0.084	0.145	0.183	
Ca13+	0.034	0.106	0.235	0.351	0.588	
Ca14+	0.035	0.090	0.162	0.332	0.533	
Fe16+	0.013	0.028	0.084	0.152	0.219	
Fe17+	0.033	0.121	0.245	0.490	0.972	
Fe19+	0.049	0.062	0.282	0.537	0.960	
Fe20+	0.034	0.066	0.115	0.169	0.276	
Fe21+	0.040	0.045	0.031	0.079	0.115	
Mg9+	0.040	0.042	0.043	0.046	0.035	
S10+	0.012	0.049	0.061	0.098	0.102	
S11+	0.031	0.072	0.109	0.158	0.259	
S12+	0.040	0.030	0.064	0.105	0.146	
Si10+	0.040	0.050	0.062	0.093	0.140	
Step : 45
100.0
Ion	0.0	0.1	1.0	10.0	100.0
Ca12+	0.004	0.015	0.026	0.041	0.053	
Ca13+	0.003	0.049	0.072	0.114	0.177	
Ca14+	0.005	0.040	0.059	0.091	0.178	
Fe16+	0.004	0.017	0.029	0.050	0.077	
Fe17+	0.003	0.050	0.086	0.136	0.260	
Fe19+	0.003	0.054	0.085	0.154	0.316	
Fe20+	0.004	0.020	0.034	0.061	0.089	
Fe21+	0.004	0.007	0.014	0.025	0.042	
Mg9+	0.004	0.005	0.008	0.013	0.016	
S10+	0.004	0.010	0.017	0.026	0.035	
S11+	0.003	0.022	0.033	0.059	0.083	
S12+	0.004	0.011	0.021	0.033	0.049	
Si10+	0.004	0.012	0.020	0.029	0.036	
10.0
Ion	0.0	0.1	1.0	10.0	100.0
Ca12+	0.030	0.031	0.072	0.125	0.175	
Ca13+	0.033	0.081	0.219	0.337	0.627	
Ca14+	0.033	0.120	0.209	0.330	0.616	
Fe16+	0.040	0.028	0.083	0.140	0.236	
Fe17+	0.033	0.110	0.264	0.471	0.865	
Fe19+	0.047	0.121	0.285	0.478	0.058	
Fe20+	0.031	0.029	0.113	0.179	0.329	
Fe21+	0.039	0.006	0.031	0.072	0.118	
Mg9+	0.039	0.040	0.005	0.054	0.031	
S10+	0.030	0.049	0.061	0.090	0.109	
S11+	0.034	0.078	0.115	0.184	0.286	
S12+	0.012	0.027	0.059	0.099	0.139	
Si10+	0.040	0.047	0.062	0.093	0.118	
Step : 50
100.0
Ion	0.0	0.1	1.0	10.0	100.0
Ca12+	0.004	0.015	0.025	0.035	0.062	
Ca13+	0.005	0.045	0.062	0.121	0.179	
Ca14+	0.003	0.036	0.065	0.109	0.158	
Fe16+	0.004	0.015	0.028	0.048	0.063	
Fe17+	0.003	0.059	0.076	0.141	0.290	
Fe19+	0.006	0.060	0.091	0.178	0.287	
Fe20+	0.004	0.018	0.034	0.059	0.100	
Fe21+	0.004	0.008	0.014	0.027	0.038	
Mg9+	0.004	0.003	0.007	0.012	0.015	
S10+	0.004	0.010	0.021	0.028	0.034	
S11+	0.004	0.023	0.036	0.061	0.081	
S12+	0.004	0.011	0.020	0.031	0.043	
Si10+	0.001	0.013	0.018	0.031	0.046	
10.0
Ion	0.0	0.1	1.0	10.0	100.0
Ca12+	0.029	0.030	0.069	0.123	0.192	
Ca13+	0.047	0.082	0.236	0.343	0.613	
Ca14+	0.034	0.101	0.185	0.366	0.531	
Fe16+	0.040	0.029	0.075	0.131	0.231	
Fe17+	0.047	0.071	0.248	0.449	0.833	
Fe19+	0.049	0.071	0.253	0.550	0.918	
Fe20+	0.012	0.030	0.107	0.206	0.296	
Fe21+	0.039	0.044	0.055	0.081	0.112	
Mg9+	0.039	0.040	0.043	0.047	0.054	
S10+	0.026	0.030	0.057	0.089	0.092	
S11+	0.032	0.069	0.099	0.171	0.293	
S12+	0.040	0.027	0.066	0.102	0.161	
Si10+	0.040	0.048	0.061	0.081	0.154	
Step : 55
100.0
Ion	0.0	0.1	1.0	10.0	100.0
Ca12+	0.003	0.017	0.029	0.037	0.057	
Ca13+	0.005	0.054	0.064	0.116	0.189	
Ca14+	0.005	0.036	0.063	0.094	0.155	
Fe16+	0.003	0.014	0.028	0.053	0.074	
Fe17+	0.005	0.050	0.084	0.170	0.309	
Fe19+	0.005	0.048	0.079	0.157	0.294	
Fe20+	0.003	0.021	0.037	0.065	0.098	
Fe21+	0.004	0.009	0.013	0.023	0.031	
Mg9+	0.004	0.005	0.007	0.011	0.015	
S10+	0.004	0.011	0.019	0.029	0.038	
S11+	0.003	0.023	0.033	0.054	0.086	
S12+	0.004	0.010	0.020	0.033	0.044	
Si10+	0.001	0.011	0.020	0.030	0.043	
10.0
Ion	0.0	0.1	1.0	10.0	100.0
Ca12+	0.041	0.032	0.071	0.113	0.154	
Ca13+	0.034	0.094	0.222	0.409	0.620	
Ca14+	0.031	0.098	0.194	0.337	0.546	
Fe16+	0.041	0.030	0.082	0.181	0.250	
Fe17+	0.033	0.103	0.254	0.491	0.886	
Fe19+	0.030	0.067	0.316	0.559	1.021	
Fe20+	0.031	0.065	0.118	0.180	0.311	
Fe21+	0.040	0.045	0.032	0.070	0.117	
Mg9+	0.039	0.040	0.042	0.034	0.033	
S10+	0.013	0.050	0.061	0.091	0.110	
S11+	0.033	0.073	0.111	0.176	0.276	
S12+	0.013	0.049	0.062	0.098	0.141	
Si10+	0.040	0.049	0.069	0.084	0.140	
