Step : 1
Step : 5
Step : 10
100.0
Ion	0.0	0.1	1.0	10.0	100.0
Ca12+	0.004	0.008	0.012	0.017	0.023	
Ca13+	0.003	0.022	0.038	0.056	0.080	
Ca14+	0.005	0.038	0.064	0.106	0.164	
Fe17+	0.004	0.021	0.032	0.062	0.107	
Fe18+	0.005	0.050	0.100	0.182	0.300	
Fe20+	0.003	0.069	0.101	0.198	0.332	
Fe21+	0.004	0.021	0.032	0.062	0.102	
Fe22+	0.001	0.009	0.018	0.027	0.041	
S11+	0.003	0.014	0.022	0.036	0.051	
S12+	0.004	0.014	0.024	0.038	0.056	
Si11+	0.004	0.006	0.010	0.016	0.019	
10.0
Ion	0.0	0.1	1.0	10.0	100.0
Ca12+	0.010	0.042	0.045	0.061	0.081	
Ca13+	0.043	0.077	0.116	0.182	0.278	
Ca14+	0.046	0.116	0.207	0.353	0.643	
Fe17+	0.030	0.065	0.116	0.197	0.281	
Fe18+	0.052	0.101	0.283	0.536	0.060	
Fe20+	0.031	0.073	0.304	0.652	0.057	
Fe21+	0.032	0.073	0.121	0.185	0.313	
Fe22+	0.040	0.011	0.057	0.098	0.141	
S11+	0.032	0.030	0.076	0.127	0.144	
S12+	0.031	0.030	0.074	0.127	0.178	
Si11+	0.040	0.042	0.046	0.032	0.086	
Step : 15
100.0
Ion	0.0	0.1	1.0	10.0	100.0
Ca12+	0.004	0.006	0.011	0.017	0.027	
Ca13+	0.003	0.023	0.037	0.061	0.086	
Ca14+	0.005	0.045	0.069	0.119	0.184	
Fe17+	0.003	0.017	0.034	0.055	0.085	
Fe18+	0.003	0.048	0.100	0.164	0.293	
Fe20+	0.005	0.058	0.095	0.178	0.352	
Fe21+	0.003	0.020	0.037	0.079	0.104	
Fe22+	0.004	0.010	0.016	0.031	0.050	
S11+	0.003	0.017	0.025	0.044	0.049	
S12+	0.003	0.015	0.030	0.044	0.069	
Si10+	0.003	0.010	0.017	0.025	0.026	
Si11+	0.003	0.007	0.012	0.019	0.025	
10.0
Ion	0.0	0.1	1.0	10.0	100.0
Ca12+	0.039	0.042	0.045	0.058	0.080	
Ca13+	0.035	0.084	0.141	0.197	0.280	
Ca14+	0.034	0.113	0.216	0.378	0.702	
Fe17+	0.034	0.064	0.098	0.179	0.281	
Fe18+	0.047	0.127	0.298	0.572	0.025	
Fe20+	0.050	0.067	0.339	0.639	0.060	
Fe21+	0.034	0.029	0.110	0.226	0.298	
Fe22+	0.040	0.047	0.060	0.094	0.138	
S11+	0.034	0.030	0.081	0.127	0.149	
S12+	0.040	0.029	0.091	0.140	0.205	
Si10+	0.026	0.046	0.034	0.084	0.080	
Si11+	0.040	0.042	0.011	0.030	0.092	
Step : 20
100.0
Ion	0.0	0.1	1.0	10.0	100.0
Ca12+	0.004	0.007	0.010	0.016	0.026	
Ca13+	0.005	0.023	0.037	0.062	0.088	
Ca14+	0.005	0.051	0.077	0.119	0.182	
Fe17+	0.003	0.019	0.028	0.057	0.087	
Fe18+	0.005	0.050	0.095	0.164	0.317	
Fe20+	0.003	0.059	0.101	0.195	0.313	
Fe21+	0.004	0.021	0.046	0.070	0.117	
Fe22+	0.004	0.009	0.017	0.032	0.044	
S11+	0.004	0.016	0.030	0.041	0.058	
S12+	0.003	0.015	0.028	0.045	0.066	
Si10+	0.004	0.010	0.017	0.022	0.035	
Si11+	0.004	0.008	0.014	0.022	0.029	
10.0
Ion	0.0	0.1	1.0	10.0	100.0
Ca12+	0.039	0.042	0.030	0.033	0.076	
Ca13+	0.032	0.078	0.109	0.200	0.255	
Ca14+	0.034	0.099	0.240	0.407	0.688	
Fe17+	0.041	0.070	0.114	0.191	0.272	
Fe18+	0.030	0.069	0.324	0.526	0.070	
Fe20+	0.034	0.068	0.337	0.659	0.055	
Fe21+	0.041	0.029	0.127	0.214	0.365	
Fe22+	0.040	0.044	0.067	0.092	0.155	
S11+	0.032	0.059	0.083	0.128	0.159	
S12+	0.041	0.031	0.085	0.124	0.217	
Si10+	0.040	0.045	0.057	0.088	0.102	
Si11+	0.040	0.046	0.049	0.066	0.091	
Step : 25
100.0
Ion	0.0	0.1	1.0	10.0	100.0
Ca12+	0.004	0.006	0.011	0.016	0.019	
Ca13+	0.003	0.022	0.043	0.064	0.091	
Ca14+	0.005	0.049	0.078	0.127	0.182	
Fe17+	0.003	0.019	0.029	0.056	0.088	
Fe18+	0.005	0.057	0.089	0.170	0.342	
Fe20+	0.005	0.063	0.100	0.177	0.399	
Fe21+	0.003	0.024	0.045	0.060	0.102	
Fe22+	0.004	0.010	0.017	0.025	0.044	
S11+	0.004	0.016	0.029	0.035	0.054	
S12+	0.004	0.018	0.030	0.045	0.069	
Si10+	0.003	0.011	0.019	0.030	0.030	
Si11+	0.004	0.007	0.014	0.024	0.029	
10.0
Ion	0.0	0.1	1.0	10.0	100.0
Ca12+	0.010	0.041	0.009	0.034	0.074	
Ca13+	0.034	0.027	0.118	0.191	0.261	
Ca14+	0.032	0.072	0.239	0.442	0.779	
Fe17+	0.040	0.065	0.115	0.185	0.292	
Fe18+	0.031	0.065	0.278	0.599	0.062	
Fe20+	0.032	0.066	0.306	0.563	0.065	
Fe21+	0.031	0.078	0.125	0.244	0.348	
Fe22+	0.040	0.045	0.032	0.092	0.135	
S11+	0.033	0.063	0.084	0.140	0.156	
S12+	0.032	0.066	0.102	0.143	0.235	
Si10+	0.040	0.029	0.033	0.077	0.094	
Si11+	0.040	0.006	0.057	0.071	0.105	
Step : 30
100.0
Ion	0.0	0.1	1.0	10.0	100.0
Ca12+	0.004	0.006	0.010	0.015	0.025	
Ca13+	0.005	0.022	0.040	0.056	0.085	
Ca14+	0.005	0.051	0.076	0.130	0.192	
Fe17+	0.004	0.018	0.035	0.051	0.082	
Fe18+	0.005	0.046	0.084	0.150	0.330	
Fe20+	0.005	0.060	0.088	0.165	0.388	
Fe21+	0.004	0.021	0.038	0.065	0.099	
Fe22+	0.004	0.009	0.018	0.030	0.046	
S11+	0.003	0.017	0.029	0.041	0.057	
S12+	0.003	0.017	0.033	0.048	0.065	
Si10+	0.003	0.010	0.019	0.026	0.031	
Si11+	0.003	0.008	0.014	0.024	0.036	
10.0
Ion	0.0	0.1	1.0	10.0	100.0
Ca12+	0.040	0.042	0.010	0.054	0.077	
Ca13+	0.042	0.085	0.132	0.201	0.250	
Ca14+	0.050	0.139	0.247	0.427	0.733	
Fe17+	0.041	0.065	0.095	0.173	0.277	
Fe18+	0.030	0.074	0.286	0.472	0.058	
Fe20+	0.030	0.092	0.329	0.613	0.069	
Fe21+	0.030	0.070	0.132	0.228	0.273	
Fe22+	0.040	0.044	0.058	0.095	0.147	
S11+	0.034	0.031	0.084	0.143	0.178	
S12+	0.041	0.066	0.099	0.139	0.226	
Si10+	0.040	0.030	0.032	0.091	0.104	
Si11+	0.040	0.043	0.051	0.074	0.131	
Step : 35
100.0
Ion	0.0	0.1	1.0	10.0	100.0
Ca12+	0.004	0.006	0.009	0.015	0.022	
Ca13+	0.003	0.024	0.038	0.054	0.071	
Ca14+	0.003	0.058	0.080	0.136	0.233	
Fe17+	0.004	0.017	0.030	0.060	0.083	
Fe18+	0.005	0.059	0.090	0.160	0.298	
Fe20+	0.005	0.062	0.095	0.172	0.364	
Fe21+	0.003	0.022	0.039	0.063	0.116	
Fe22+	0.004	0.010	0.017	0.028	0.039	
S11+	0.004	0.018	0.031	0.041	0.066	
S12+	0.003	0.017	0.036	0.056	0.076	
Si10+	0.004	0.009	0.017	0.027	0.038	
Si11+	0.004	0.008	0.015	0.026	0.029	
10.0
Ion	0.0	0.1	1.0	10.0	100.0
Ca12+	0.039	0.040	0.047	0.032	0.073	
Ca13+	0.031	0.082	0.109	0.211	0.253	
Ca14+	0.030	0.071	0.240	0.408	0.705	
Fe17+	0.029	0.061	0.105	0.187	0.272	
Fe18+	0.051	0.071	0.265	0.546	0.984	
Fe20+	0.050	0.067	0.333	0.683	0.067	
Fe21+	0.030	0.071	0.027	0.222	0.321	
Fe22+	0.040	0.047	0.032	0.094	0.133	
S11+	0.032	0.066	0.096	0.147	0.212	
S12+	0.034	0.064	0.100	0.156	0.224	
Si10+	0.012	0.012	0.054	0.086	0.108	
Si11+	0.040	0.045	0.055	0.088	0.110	
Step : 40
100.0
Ion	0.0	0.1	1.0	10.0	100.0
Ca12+	0.004	0.006	0.010	0.015	0.024	
Ca13+	0.004	0.023	0.040	0.061	0.094	
Ca14+	0.005	0.055	0.066	0.141	0.210	
Fe17+	0.003	0.016	0.032	0.056	0.084	
Fe18+	0.005	0.056	0.094	0.162	0.299	
Fe20+	0.001	0.063	0.085	0.178	0.349	
Fe21+	0.003	0.022	0.040	0.066	0.106	
Fe22+	0.003	0.009	0.018	0.034	0.038	
S11+	0.003	0.017	0.030	0.041	0.054	
S12+	0.003	0.019	0.027	0.051	0.077	
Si10+	0.004	0.010	0.019	0.026	0.035	
Si11+	0.004	0.008	0.015	0.023	0.031	
10.0
Ion	0.0	0.1	1.0	10.0	100.0
Ca12+	0.039	0.042	0.007	0.053	0.071	
Ca13+	0.034	0.071	0.131	0.184	0.242	
Ca14+	0.030	0.129	0.300	0.472	0.869	
Fe17+	0.034	0.066	0.108	0.179	0.275	
Fe18+	0.048	0.086	0.244	0.566	0.070	
Fe20+	0.031	0.065	0.286	0.558	0.014	
Fe21+	0.031	0.028	0.124	0.201	0.320	
Fe22+	0.039	0.000	0.032	0.099	0.141	
S11+	0.041	0.065	0.084	0.138	0.162	
S12+	0.032	0.071	0.099	0.155	0.250	
Si10+	0.040	0.030	0.057	0.083	0.111	
Si11+	0.040	0.046	0.031	0.086	0.099	
Step : 45
100.0
Ion	0.0	0.1	1.0	10.0	100.0
Ca12+	0.004	0.006	0.010	0.015	0.026	
Ca13+	0.003	0.022	0.035	0.061	0.096	
Ca14+	0.006	0.052	0.079	0.130	0.221	
Fe17+	0.003	0.015	0.031	0.054	0.078	
Fe18+	0.005	0.058	0.086	0.179	0.299	
Fe20+	0.003	0.066	0.084	0.184	0.308	
Fe21+	0.003	0.022	0.039	0.070	0.103	
Fe22+	0.004	0.010	0.016	0.029	0.046	
S11+	0.004	0.018	0.027	0.043	0.059	
S12+	0.004	0.019	0.033	0.056	0.071	
Si10+	0.003	0.011	0.020	0.022	0.031	
Si11+	0.004	0.009	0.016	0.024	0.032	
10.0
Ion	0.0	0.1	1.0	10.0	100.0
Ca12+	0.040	0.042	0.043	0.032	0.079	
Ca13+	0.032	0.082	0.107	0.185	0.276	
Ca14+	0.052	0.129	0.258	0.431	0.740	
Fe17+	0.013	0.063	0.104	0.175	0.279	
Fe18+	0.030	0.077	0.276	0.454	0.064	
Fe20+	0.050	0.089	0.316	0.612	0.064	
Fe21+	0.041	0.076	0.143	0.239	0.351	
Fe22+	0.040	0.009	0.060	0.093	0.155	
S11+	0.033	0.061	0.095	0.148	0.174	
S12+	0.040	0.064	0.108	0.166	0.237	
Si10+	0.040	0.011	0.064	0.089	0.085	
Si11+	0.040	0.044	0.053	0.086	0.103	
Step : 50
100.0
Ion	0.0	0.1	1.0	10.0	100.0
Ca12+	0.004	0.001	0.011	0.014	0.019	
Ca13+	0.003	0.025	0.038	0.059	0.080	
Ca14+	0.003	0.052	0.074	0.123	0.197	
Fe17+	0.004	0.018	0.031	0.054	0.082	
Fe18+	0.002	0.057	0.091	0.152	0.309	
Fe20+	0.005	0.064	0.094	0.195	0.371	
Fe21+	0.004	0.020	0.046	0.066	0.105	
Fe22+	0.004	0.009	0.016	0.035	0.041	
S11+	0.003	0.017	0.030	0.045	0.059	
S12+	0.003	0.018	0.029	0.047	0.074	
Si10+	0.004	0.011	0.018	0.031	0.032	
Si11+	0.004	0.008	0.014	0.025	0.035	
10.0
Ion	0.0	0.1	1.0	10.0	100.0
Ca12+	0.040	0.042	0.046	0.050	0.071	
Ca13+	0.034	0.079	0.117	0.188	0.307	
Ca14+	0.031	0.128	0.267	0.408	0.876	
Fe17+	0.041	0.031	0.090	0.182	0.228	
Fe18+	0.031	0.071	0.272	0.609	0.066	
Fe20+	0.031	0.066	0.281	0.676	0.056	
Fe21+	0.030	0.073	0.128	0.204	0.327	
Fe22+	0.040	0.047	0.061	0.093	0.146	
S11+	0.034	0.061	0.105	0.138	0.174	
S12+	0.033	0.030	0.099	0.163	0.225	
Si10+	0.040	0.029	0.001	0.090	0.114	
Si11+	0.040	0.045	0.031	0.072	0.094	
Step : 55
100.0
Ion	0.0	0.1	1.0	10.0	100.0
Ca12+	0.004	0.003	0.008	0.015	0.022	
Ca13+	0.003	0.022	0.037	0.063	0.082	
Ca14+	0.005	0.044	0.078	0.129	0.199	
Fe17+	0.003	0.016	0.028	0.054	0.080	
Fe18+	0.005	0.053	0.086	0.159	0.313	
Fe20+	0.003	0.055	0.095	0.182	0.335	
Fe21+	0.003	0.019	0.038	0.073	0.103	
Fe22+	0.004	0.009	0.017	0.028	0.043	
S11+	0.004	0.015	0.034	0.045	0.054	
S12+	0.004	0.018	0.036	0.049	0.079	
Si10+	0.004	0.010	0.019	0.025	0.031	
Si11+	0.004	0.008	0.016	0.024	0.034	
10.0
Ion	0.0	0.1	1.0	10.0	100.0
Ca12+	0.039	0.041	0.007	0.052	0.062	
Ca13+	0.036	0.071	0.117	0.188	0.249	
Ca14+	0.032	0.136	0.239	0.362	0.681	
Fe17+	0.030	0.060	0.098	0.181	0.267	
Fe18+	0.032	0.116	0.268	0.494	0.923	
Fe20+	0.029	0.070	0.328	0.577	0.051	
Fe21+	0.031	0.065	0.115	0.204	0.298	
Fe22+	0.040	0.045	0.059	0.094	0.152	
S11+	0.032	0.066	0.103	0.139	0.191	
S12+	0.031	0.062	0.104	0.178	0.257	
Si10+	0.040	0.050	0.064	0.089	0.099	
Si11+	0.040	0.044	0.050	0.076	0.103	
