Step : 1
Step : 5
Step : 10
100.0
Ion	0.0	0.1	1.0	10.0	100.0
Ca13+	0.004	0.010	0.016	0.029	0.039	
Ca14+	0.005	0.030	0.044	0.077	0.112	
Fe17+	0.004	0.008	0.015	0.026	0.035	
Fe18+	0.003	0.019	0.036	0.070	0.090	
Fe19+	0.005	0.058	0.093	0.187	0.394	
Fe21+	0.005	0.054	0.093	0.174	0.313	
Fe22+	0.003	0.023	0.041	0.075	0.120	
Fe23+	0.004	0.012	0.020	0.036	0.045	
S12+	0.003	0.016	0.026	0.039	0.048	
Si11+	0.004	0.007	0.013	0.020	0.028	
10.0
Ion	0.0	0.1	1.0	10.0	100.0
Ca13+	0.040	0.010	0.063	0.087	0.126	
Ca14+	0.033	0.097	0.165	0.256	0.317	
Fe17+	0.040	0.043	0.053	0.074	0.104	
Fe18+	0.033	0.079	0.111	0.197	0.296	
Fe19+	0.030	0.065	0.302	0.594	0.052	
Fe21+	0.031	0.065	0.311	0.503	1.007	
Fe22+	0.034	0.080	0.134	0.222	0.389	
Fe23+	0.040	0.049	0.062	0.107	0.164	
S12+	0.032	0.030	0.087	0.133	0.162	
Si11+	0.040	0.044	0.031	0.065	0.089	
Step : 15
100.0
Ion	0.0	0.1	1.0	10.0	100.0
Ca13+	0.004	0.010	0.017	0.028	0.041	
Ca14+	0.005	0.032	0.051	0.084	0.117	
Fe17+	0.001	0.007	0.013	0.019	0.032	
Fe18+	0.003	0.019	0.036	0.058	0.100	
Fe19+	0.006	0.062	0.098	0.201	0.318	
Fe21+	0.005	0.068	0.114	0.219	0.346	
Fe22+	0.003	0.024	0.048	0.082	0.119	
Fe23+	0.004	0.012	0.021	0.034	0.051	
Mg10+	0.001	0.005	0.005	0.007	0.010	
S12+	0.004	0.017	0.029	0.046	0.060	
Si11+	0.001	0.010	0.018	0.028	0.034	
10.0
Ion	0.0	0.1	1.0	10.0	100.0
Ca13+	0.030	0.047	0.057	0.096	0.121	
Ca14+	0.035	0.106	0.151	0.265	0.342	
Fe17+	0.040	0.042	0.053	0.072	0.104	
Fe18+	0.034	0.079	0.124	0.199	0.309	
Fe19+	0.030	0.127	0.375	0.657	0.057	
Fe21+	0.031	0.147	0.370	0.588	0.062	
Fe22+	0.031	0.085	0.142	0.215	0.389	
Fe23+	0.040	0.052	0.065	0.111	0.171	
Mg10+	0.039	0.041	0.040	0.043	0.044	
S12+	0.041	0.060	0.090	0.134	0.206	
Si11+	0.040	0.046	0.055	0.077	0.111	
Step : 20
100.0
Ion	0.0	0.1	1.0	10.0	100.0
Ca13+	0.004	0.011	0.019	0.033	0.036	
Ca14+	0.003	0.034	0.049	0.085	0.100	
Fe17+	0.004	0.006	0.012	0.025	0.037	
Fe18+	0.004	0.021	0.036	0.060	0.087	
Fe19+	0.003	0.055	0.089	0.173	0.360	
Fe21+	0.005	0.072	0.091	0.187	0.375	
Fe22+	0.003	0.023	0.049	0.075	0.120	
Fe23+	0.004	0.010	0.021	0.033	0.047	
Mg10+	0.004	0.003	0.006	0.010	0.013	
S11+	0.004	0.011	0.015	0.025	0.026	
S12+	0.003	0.017	0.033	0.049	0.057	
Si11+	0.003	0.011	0.018	0.027	0.037	
10.0
Ion	0.0	0.1	1.0	10.0	100.0
Ca13+	0.040	0.049	0.057	0.092	0.135	
Ca14+	0.045	0.109	0.152	0.261	0.335	
Fe17+	0.040	0.043	0.031	0.060	0.092	
Fe18+	0.034	0.030	0.121	0.198	0.312	
Fe19+	0.051	0.065	0.279	0.583	0.067	
Fe21+	0.030	0.152	0.338	0.678	0.065	
Fe22+	0.032	0.080	0.122	0.222	0.378	
Fe23+	0.025	0.047	0.064	0.106	0.153	
Mg10+	0.010	0.040	0.042	0.045	0.033	
S11+	0.040	0.032	0.057	0.077	0.088	
S12+	0.028	0.069	0.102	0.162	0.230	
Si11+	0.040	0.049	0.031	0.077	0.109	
Step : 25
100.0
Ion	0.0	0.1	1.0	10.0	100.0
Ca13+	0.004	0.010	0.018	0.030	0.037	
Ca14+	0.005	0.032	0.047	0.076	0.106	
Fe17+	0.004	0.006	0.003	0.022	0.032	
Fe18+	0.003	0.018	0.039	0.052	0.083	
Fe19+	0.003	0.061	0.098	0.167	0.316	
Fe21+	0.005	0.071	0.107	0.179	0.329	
Fe22+	0.004	0.025	0.042	0.073	0.104	
Fe23+	0.004	0.010	0.021	0.034	0.055	
Mg10+	0.004	0.001	0.007	0.010	0.013	
S11+	0.001	0.011	0.019	0.025	0.029	
S12+	0.003	0.018	0.033	0.053	0.068	
Si11+	0.003	0.012	0.018	0.025	0.042	
10.0
Ion	0.0	0.1	1.0	10.0	100.0
Ca13+	0.040	0.045	0.055	0.084	0.119	
Ca14+	0.034	0.102	0.187	0.249	0.349	
Fe17+	0.040	0.004	0.031	0.075	0.097	
Fe18+	0.031	0.071	0.109	0.165	0.323	
Fe19+	0.048	0.065	0.316	0.623	0.051	
Fe21+	0.048	0.103	0.353	0.675	0.057	
Fe22+	0.042	0.082	0.124	0.241	0.339	
Fe23+	0.040	0.012	0.062	0.105	0.159	
Mg10+	0.039	0.040	0.041	0.007	0.034	
S11+	0.040	0.050	0.055	0.079	0.096	
S12+	0.032	0.073	0.090	0.139	0.228	
Si11+	0.026	0.009	0.032	0.091	0.121	
Step : 30
100.0
Ion	0.0	0.1	1.0	10.0	100.0
Ca13+	0.004	0.011	0.017	0.024	0.036	
Ca14+	0.005	0.033	0.047	0.083	0.113	
Fe17+	0.004	0.007	0.012	0.022	0.029	
Fe18+	0.004	0.019	0.036	0.069	0.089	
Fe19+	0.005	0.063	0.099	0.161	0.261	
Fe21+	0.006	0.072	0.115	0.203	0.361	
Fe22+	0.003	0.023	0.038	0.069	0.107	
Fe23+	0.004	0.010	0.019	0.036	0.047	
Mg10+	0.004	0.005	0.006	0.009	0.013	
S11+	0.003	0.011	0.018	0.024	0.034	
S12+	0.003	0.019	0.035	0.054	0.071	
Si11+	0.004	0.011	0.018	0.028	0.035	
10.0
Ion	0.0	0.1	1.0	10.0	100.0
Ca13+	0.040	0.031	0.054	0.087	0.114	
Ca14+	0.031	0.100	0.174	0.256	0.395	
Fe17+	0.040	0.043	0.029	0.069	0.103	
Fe18+	0.031	0.066	0.108	0.218	0.297	
Fe19+	0.052	0.070	0.313	0.599	0.074	
Fe21+	0.048	0.064	0.331	0.605	0.058	
Fe22+	0.042	0.075	0.156	0.223	0.322	
Fe23+	0.040	0.031	0.070	0.100	0.138	
Mg10+	0.039	0.041	0.043	0.047	0.034	
S11+	0.040	0.047	0.065	0.076	0.095	
S12+	0.043	0.071	0.103	0.162	0.218	
Si11+	0.040	0.051	0.065	0.087	0.124	
Step : 35
100.0
Ion	0.0	0.1	1.0	10.0	100.0
Ca13+	0.004	0.010	0.017	0.029	0.041	
Ca14+	0.003	0.031	0.051	0.074	0.126	
Fe17+	0.004	0.007	0.013	0.020	0.027	
Fe18+	0.003	0.021	0.036	0.062	0.091	
Fe19+	0.005	0.063	0.101	0.172	0.306	
Fe21+	0.006	0.060	0.103	0.189	0.362	
Fe22+	0.003	0.024	0.039	0.073	0.102	
Fe23+	0.004	0.010	0.020	0.040	0.054	
Mg10+	0.004	0.001	0.007	0.013	0.016	
S11+	0.004	0.009	0.019	0.023	0.034	
S12+	0.003	0.023	0.037	0.051	0.068	
Si11+	0.004	0.012	0.019	0.028	0.042	
10.0
Ion	0.0	0.1	1.0	10.0	100.0
Ca13+	0.040	0.047	0.031	0.091	0.122	
Ca14+	0.032	0.082	0.166	0.248	0.393	
Fe17+	0.040	0.005	0.046	0.066	0.097	
Fe18+	0.032	0.074	0.114	0.186	0.295	
Fe19+	0.053	0.105	0.264	0.637	0.060	
Fe21+	0.030	0.160	0.334	0.591	0.061	
Fe22+	0.033	0.092	0.139	0.242	0.382	
Fe23+	0.040	0.029	0.057	0.102	0.149	
Mg10+	0.039	0.040	0.043	0.045	0.034	
S11+	0.026	0.046	0.056	0.087	0.090	
S12+	0.031	0.073	0.103	0.170	0.224	
Si11+	0.012	0.049	0.061	0.089	0.130	
Step : 40
100.0
Ion	0.0	0.1	1.0	10.0	100.0
Ca13+	0.004	0.010	0.018	0.027	0.039	
Ca14+	0.005	0.030	0.051	0.087	0.129	
Fe18+	0.003	0.019	0.039	0.053	0.086	
Fe19+	0.005	0.062	0.091	0.171	0.314	
Fe21+	0.005	0.057	0.092	0.190	0.406	
Fe22+	0.004	0.025	0.041	0.076	0.136	
Fe23+	0.004	0.010	0.021	0.030	0.049	
Mg10+	0.001	0.005	0.006	0.011	0.014	
S11+	0.004	0.009	0.019	0.025	0.030	
S12+	0.004	0.022	0.033	0.053	0.081	
Si11+	0.003	0.011	0.020	0.024	0.040	
10.0
Ion	0.0	0.1	1.0	10.0	100.0
Ca13+	0.040	0.045	0.030	0.081	0.105	
Ca14+	0.037	0.101	0.161	0.283	0.362	
Fe18+	0.030	0.069	0.115	0.172	0.326	
Fe19+	0.048	0.063	0.296	0.678	0.068	
Fe21+	0.030	0.067	0.351	0.714	0.050	
Fe22+	0.042	0.089	0.127	0.235	0.330	
Fe23+	0.040	0.012	0.062	0.098	0.149	
Mg10+	0.040	0.041	0.042	0.010	0.034	
S11+	0.040	0.029	0.057	0.085	0.109	
S12+	0.031	0.069	0.102	0.171	0.254	
Si11+	0.012	0.031	0.057	0.105	0.122	
Step : 45
100.0
Ion	0.0	0.1	1.0	10.0	100.0
Ca13+	0.004	0.010	0.016	0.030	0.039	
Ca14+	0.005	0.030	0.050	0.078	0.113	
Fe18+	0.003	0.018	0.036	0.065	0.077	
Fe19+	0.005	0.061	0.092	0.169	0.329	
Fe21+	0.005	0.077	0.085	0.203	0.360	
Fe22+	0.003	0.024	0.037	0.073	0.122	
Fe23+	0.004	0.011	0.020	0.035	0.055	
Mg10+	0.004	0.003	0.007	0.011	0.015	
S11+	0.004	0.010	0.016	0.025	0.033	
S12+	0.003	0.021	0.037	0.055	0.067	
Si11+	0.003	0.010	0.020	0.030	0.037	
10.0
Ion	0.0	0.1	1.0	10.0	100.0
Ca13+	0.040	0.031	0.056	0.085	0.135	
Ca14+	0.033	0.105	0.171	0.279	0.386	
Fe18+	0.027	0.068	0.113	0.159	0.299	
Fe19+	0.054	0.071	0.283	0.587	0.060	
Fe21+	0.052	0.065	0.303	0.640	0.058	
Fe22+	0.032	0.079	0.145	0.243	0.352	
Fe23+	0.040	0.046	0.065	0.109	0.148	
Mg10+	0.039	0.041	0.044	0.033	0.051	
S11+	0.040	0.045	0.058	0.080	0.108	
S12+	0.030	0.028	0.110	0.175	0.227	
Si11+	0.013	0.029	0.065	0.101	0.130	
Step : 50
100.0
Ion	0.0	0.1	1.0	10.0	100.0
Ca13+	0.001	0.009	0.016	0.029	0.042	
Ca14+	0.003	0.031	0.053	0.078	0.117	
Fe18+	0.003	0.017	0.035	0.066	0.094	
Fe19+	0.005	0.061	0.097	0.169	0.340	
Fe21+	0.005	0.063	0.093	0.180	0.348	
Fe22+	0.004	0.021	0.048	0.078	0.116	
Fe23+	0.004	0.011	0.018	0.038	0.045	
Mg10+	0.004	0.003	0.007	0.011	0.015	
S11+	0.004	0.012	0.018	0.025	0.031	
S12+	0.003	0.023	0.033	0.046	0.078	
Si11+	0.004	0.012	0.020	0.031	0.042	
10.0
Ion	0.0	0.1	1.0	10.0	100.0
Ca13+	0.040	0.045	0.059	0.100	0.115	
Ca14+	0.035	0.094	0.159	0.273	0.335	
Fe18+	0.034	0.069	0.104	0.181	0.315	
Fe19+	0.050	0.066	0.270	0.612	0.062	
Fe21+	0.051	0.066	0.319	0.603	0.068	
Fe22+	0.030	0.085	0.142	0.261	0.416	
Fe23+	0.039	0.031	0.066	0.109	0.155	
Mg10+	0.040	0.040	0.042	0.044	0.032	
S11+	0.040	0.009	0.053	0.085	0.099	
S12+	0.033	0.080	0.102	0.168	0.220	
Si11+	0.031	0.050	0.056	0.097	0.128	
Step : 55
100.0
Ion	0.0	0.1	1.0	10.0	100.0
Ca13+	0.004	0.010	0.016	0.026	0.039	
Ca14+	0.005	0.028	0.051	0.076	0.116	
Fe18+	0.003	0.020	0.033	0.063	0.091	
Fe19+	0.004	0.059	0.106	0.171	0.311	
Fe21+	0.005	0.063	0.104	0.175	0.356	
Fe22+	0.004	0.024	0.040	0.076	0.113	
Fe23+	0.003	0.010	0.020	0.034	0.050	
Mg10+	0.004	0.003	0.007	0.010	0.016	
S11+	0.004	0.011	0.019	0.027	0.027	
S12+	0.004	0.024	0.036	0.052	0.075	
Si11+	0.004	0.012	0.021	0.030	0.043	
10.0
Ion	0.0	0.1	1.0	10.0	100.0
Ca13+	0.040	0.046	0.060	0.080	0.116	
Ca14+	0.045	0.099	0.161	0.260	0.356	
Fe18+	0.041	0.068	0.110	0.188	0.309	
Fe19+	0.029	0.065	0.276	0.593	0.062	
Fe21+	0.029	0.076	0.329	0.600	0.026	
Fe22+	0.035	0.080	0.121	0.230	0.377	
Fe23+	0.040	0.010	0.064	0.108	0.169	
Mg10+	0.039	0.041	0.042	0.045	0.033	
S11+	0.040	0.013	0.031	0.075	0.092	
S12+	0.036	0.067	0.093	0.171	0.235	
Si11+	0.025	0.029	0.069	0.100	0.124	
