Step : 1
Step : 5
Step : 10
100.0
Ion	0.0	0.1	1.0	10.0	100.0
Ca14+	0.003	0.013	0.025	0.038	0.050	
Fe18+	0.004	0.007	0.014	0.026	0.036	
Fe19+	0.004	0.020	0.038	0.063	0.109	
Fe20+	0.005	0.061	0.091	0.180	0.329	
Fe22+	0.005	0.078	0.121	0.248	0.461	
Fe23+	0.005	0.030	0.051	0.086	0.144	
Fe24+	0.003	0.015	0.026	0.043	0.062	
S12+	0.004	0.012	0.017	0.028	0.034	
Si12+	0.004	0.006	0.011	0.017	0.021	
10.0
Ion	0.0	0.1	1.0	10.0	100.0
Ca14+	0.030	0.058	0.082	0.118	0.184	
Fe18+	0.040	0.044	0.049	0.069	0.096	
Fe19+	0.041	0.067	0.097	0.213	0.329	
Fe20+	0.046	0.147	0.262	0.568	0.062	
Fe22+	0.050	0.150	0.365	0.780	0.022	
Fe23+	0.032	0.100	0.167	0.294	0.434	
Fe24+	0.029	0.030	0.079	0.164	0.214	
S12+	0.040	0.030	0.056	0.101	0.112	
Si12+	0.039	0.043	0.046	0.032	0.067	
Step : 15
100.0
Ion	0.0	0.1	1.0	10.0	100.0
Ca13+	0.004	0.005	0.007	0.010	0.017	
Ca14+	0.004	0.017	0.025	0.048	0.057	
Fe18+	0.004	0.009	0.017	0.025	0.036	
Fe19+	0.004	0.018	0.038	0.060	0.111	
Fe20+	0.005	0.060	0.096	0.185	0.384	
Fe22+	0.005	0.072	0.120	0.189	0.417	
Fe23+	0.003	0.027	0.050	0.090	0.144	
Fe24+	0.004	0.012	0.022	0.042	0.054	
S12+	0.003	0.014	0.024	0.038	0.044	
Si12+	0.004	0.007	0.012	0.023	0.031	
10.0
Ion	0.0	0.1	1.0	10.0	100.0
Ca13+	0.010	0.041	0.042	0.009	0.055	
Ca14+	0.012	0.059	0.077	0.129	0.214	
Fe18+	0.040	0.043	0.032	0.083	0.114	
Fe19+	0.041	0.081	0.132	0.206	0.313	
Fe20+	0.028	0.015	0.306	0.606	0.066	
Fe22+	0.030	0.063	0.342	0.742	0.063	
Fe23+	0.042	0.079	0.151	0.302	0.354	
Fe24+	0.040	0.052	0.079	0.110	0.168	
S12+	0.034	0.032	0.083	0.118	0.129	
Si12+	0.040	0.043	0.012	0.062	0.091	
Step : 20
100.0
Ion	0.0	0.1	1.0	10.0	100.0
Ca13+	0.004	0.005	0.007	0.010	0.015	
Ca14+	0.004	0.016	0.030	0.045	0.071	
Fe18+	0.004	0.009	0.016	0.027	0.037	
Fe19+	0.003	0.021	0.038	0.063	0.096	
Fe20+	0.005	0.068	0.091	0.217	0.375	
Fe22+	0.005	0.076	0.107	0.205	0.431	
Fe23+	0.004	0.029	0.057	0.074	0.123	
Fe24+	0.004	0.013	0.022	0.042	0.063	
S12+	0.003	0.014	0.026	0.035	0.042	
Si12+	0.004	0.008	0.013	0.022	0.035	
10.0
Ion	0.0	0.1	1.0	10.0	100.0
Ca13+	0.010	0.041	0.043	0.012	0.053	
Ca14+	0.041	0.057	0.081	0.119	0.194	
Fe18+	0.040	0.044	0.051	0.079	0.113	
Fe19+	0.032	0.077	0.139	0.220	0.290	
Fe20+	0.031	0.127	0.323	0.684	0.065	
Fe22+	0.050	0.119	0.353	0.743	0.062	
Fe23+	0.031	0.079	0.134	0.249	0.400	
Fe24+	0.040	0.052	0.070	0.116	0.198	
S12+	0.040	0.030	0.075	0.123	0.145	
Si12+	0.040	0.045	0.049	0.063	0.095	
Step : 25
100.0
Ion	0.0	0.1	1.0	10.0	100.0
Ca13+	0.001	0.005	0.007	0.010	0.016	
Ca14+	0.003	0.015	0.028	0.038	0.053	
Fe18+	0.004	0.007	0.018	0.027	0.035	
Fe19+	0.004	0.021	0.036	0.063	0.111	
Fe20+	0.005	0.065	0.096	0.199	0.338	
Fe22+	0.005	0.069	0.110	0.217	0.376	
Fe23+	0.004	0.027	0.050	0.082	0.117	
Fe24+	0.004	0.013	0.021	0.040	0.056	
S12+	0.003	0.014	0.024	0.038	0.055	
Si11+	0.004	0.009	0.016	0.024	0.028	
Si12+	0.004	0.008	0.013	0.022	0.033	
10.0
Ion	0.0	0.1	1.0	10.0	100.0
Ca13+	0.040	0.040	0.045	0.047	0.035	
Ca14+	0.031	0.029	0.080	0.128	0.167	
Fe18+	0.040	0.006	0.057	0.076	0.119	
Fe19+	0.042	0.028	0.125	0.218	0.316	
Fe20+	0.050	0.063	0.337	0.620	0.058	
Fe22+	0.052	0.065	0.337	0.626	0.058	
Fe23+	0.031	0.089	0.151	0.242	0.375	
Fe24+	0.041	0.049	0.075	0.107	0.182	
S12+	0.041	0.029	0.076	0.116	0.154	
Si11+	0.040	0.047	0.060	0.081	0.088	
Si12+	0.040	0.044	0.030	0.066	0.103	
Step : 30
100.0
Ion	0.0	0.1	1.0	10.0	100.0
Ca13+	0.004	0.003	0.008	0.010	0.013	
Ca14+	0.003	0.015	0.029	0.043	0.055	
Fe18+	0.004	0.008	0.016	0.025	0.034	
Fe19+	0.004	0.022	0.041	0.065	0.099	
Fe20+	0.005	0.058	0.101	0.182	0.374	
Fe22+	0.006	0.074	0.118	0.192	0.377	
Fe23+	0.003	0.030	0.047	0.091	0.115	
Fe24+	0.004	0.014	0.024	0.041	0.058	
S12+	0.003	0.015	0.026	0.039	0.049	
Si11+	0.003	0.010	0.018	0.027	0.034	
Si12+	0.004	0.009	0.013	0.022	0.034	
10.0
Ion	0.0	0.1	1.0	10.0	100.0
Ca13+	0.040	0.040	0.042	0.045	0.049	
Ca14+	0.013	0.032	0.088	0.137	0.173	
Fe18+	0.040	0.045	0.034	0.081	0.122	
Fe19+	0.041	0.028	0.106	0.200	0.359	
Fe20+	0.029	0.028	0.320	0.670	0.064	
Fe22+	0.050	0.067	0.349	0.707	0.056	
Fe23+	0.034	0.084	0.164	0.259	0.389	
Fe24+	0.028	0.028	0.072	0.130	0.194	
S12+	0.033	0.032	0.083	0.118	0.138	
Si11+	0.040	0.049	0.055	0.085	0.109	
Si12+	0.040	0.045	0.056	0.076	0.096	
Step : 35
100.0
Ion	0.0	0.1	1.0	10.0	100.0
Ca13+	0.004	0.001	0.007	0.011	0.014	
Ca14+	0.004	0.015	0.028	0.037	0.059	
Fe18+	0.001	0.007	0.016	0.026	0.034	
Fe19+	0.003	0.023	0.042	0.064	0.113	
Fe20+	0.005	0.062	0.095	0.209	0.398	
Fe22+	0.006	0.064	0.110	0.190	0.340	
Fe23+	0.004	0.027	0.049	0.072	0.129	
Fe24+	0.004	0.011	0.022	0.042	0.053	
S12+	0.003	0.016	0.026	0.043	0.050	
Si11+	0.004	0.009	0.016	0.024	0.031	
Si12+	0.003	0.010	0.015	0.025	0.037	
10.0
Ion	0.0	0.1	1.0	10.0	100.0
Ca13+	0.039	0.040	0.042	0.046	0.033	
Ca14+	0.033	0.031	0.093	0.131	0.172	
Fe18+	0.040	0.044	0.053	0.081	0.126	
Fe19+	0.041	0.079	0.118	0.200	0.385	
Fe20+	0.051	0.126	0.297	0.642	0.026	
Fe22+	0.049	0.116	0.384	0.638	0.064	
Fe23+	0.032	0.093	0.159	0.259	0.410	
Fe24+	0.040	0.048	0.077	0.107	0.167	
S12+	0.031	0.030	0.069	0.124	0.141	
Si11+	0.040	0.011	0.056	0.088	0.096	
Si12+	0.040	0.045	0.054	0.085	0.110	
Step : 40
100.0
Ion	0.0	0.1	1.0	10.0	100.0
Ca13+	0.004	0.001	0.007	0.010	0.014	
Ca14+	0.004	0.015	0.028	0.041	0.058	
Fe18+	0.004	0.007	0.016	0.026	0.039	
Fe19+	0.003	0.024	0.045	0.071	0.111	
Fe20+	0.005	0.071	0.097	0.168	0.318	
Fe22+	0.005	0.061	0.102	0.192	0.399	
Fe23+	0.003	0.021	0.045	0.080	0.131	
Fe24+	0.004	0.012	0.023	0.037	0.056	
S12+	0.003	0.015	0.026	0.038	0.053	
Si11+	0.004	0.011	0.018	0.030	0.033	
Si12+	0.004	0.009	0.015	0.024	0.041	
10.0
Ion	0.0	0.1	1.0	10.0	100.0
Ca13+	0.040	0.004	0.044	0.042	0.052	
Ca14+	0.041	0.031	0.089	0.122	0.182	
Fe18+	0.040	0.005	0.053	0.078	0.104	
Fe19+	0.041	0.077	0.143	0.250	0.307	
Fe20+	0.052	0.010	0.334	0.658	0.062	
Fe22+	0.051	0.058	0.334	0.686	0.027	
Fe23+	0.035	0.093	0.145	0.250	0.428	
Fe24+	0.040	0.014	0.065	0.114	0.166	
S12+	0.032	0.030	0.087	0.114	0.159	
Si11+	0.012	0.051	0.058	0.082	0.104	
Si12+	0.040	0.045	0.058	0.089	0.104	
Step : 45
100.0
Ion	0.0	0.1	1.0	10.0	100.0
Ca13+	0.004	0.001	0.007	0.010	0.015	
Ca14+	0.003	0.015	0.024	0.042	0.054	
Fe18+	0.004	0.007	0.015	0.022	0.033	
Fe19+	0.004	0.022	0.038	0.064	0.095	
Fe20+	0.005	0.059	0.099	0.209	0.368	
Fe22+	0.004	0.070	0.104	0.208	0.391	
Fe23+	0.004	0.024	0.040	0.074	0.146	
Fe24+	0.004	0.012	0.025	0.038	0.061	
S12+	0.004	0.015	0.024	0.038	0.043	
Si11+	0.004	0.012	0.017	0.025	0.029	
Si12+	0.004	0.009	0.014	0.025	0.040	
10.0
Ion	0.0	0.1	1.0	10.0	100.0
Ca13+	0.040	0.040	0.041	0.006	0.032	
Ca14+	0.029	0.028	0.082	0.149	0.195	
Fe18+	0.040	0.046	0.029	0.079	0.107	
Fe19+	0.028	0.076	0.136	0.215	0.316	
Fe20+	0.049	0.111	0.288	0.672	0.068	
Fe22+	0.028	0.062	0.350	0.827	0.023	
Fe23+	0.032	0.089	0.137	0.214	0.408	
Fe24+	0.040	0.031	0.071	0.114	0.212	
S12+	0.040	0.061	0.076	0.114	0.133	
Si11+	0.041	0.030	0.058	0.096	0.096	
Si12+	0.040	0.045	0.032	0.077	0.104	
Step : 50
100.0
Ion	0.0	0.1	1.0	10.0	100.0
Ca13+	0.004	0.005	0.007	0.011	0.015	
Ca14+	0.003	0.014	0.030	0.040	0.052	
Fe18+	0.004	0.008	0.015	0.025	0.033	
Fe19+	0.003	0.020	0.038	0.059	0.112	
Fe20+	0.005	0.063	0.095	0.183	0.385	
Fe22+	0.005	0.075	0.103	0.204	0.469	
Fe23+	0.003	0.026	0.046	0.071	0.121	
Fe24+	0.001	0.012	0.020	0.035	0.056	
S12+	0.003	0.016	0.028	0.038	0.045	
Si11+	0.004	0.012	0.020	0.023	0.031	
Si12+	0.004	0.009	0.016	0.028	0.035	
10.0
Ion	0.0	0.1	1.0	10.0	100.0
Ca13+	0.010	0.039	0.041	0.044	0.032	
Ca14+	0.040	0.029	0.070	0.136	0.197	
Fe18+	0.040	0.044	0.008	0.084	0.108	
Fe19+	0.041	0.082	0.143	0.233	0.344	
Fe20+	0.048	0.064	0.328	0.561	0.057	
Fe22+	0.028	0.151	0.355	0.664	0.061	
Fe23+	0.032	0.082	0.130	0.206	0.358	
Fe24+	0.040	0.047	0.066	0.111	0.173	
S12+	0.041	0.031	0.083	0.121	0.153	
Si11+	0.040	0.031	0.058	0.087	0.103	
Si12+	0.040	0.043	0.054	0.080	0.125	
Step : 55
100.0
Ion	0.0	0.1	1.0	10.0	100.0
Ca13+	0.004	0.005	0.006	0.009	0.014	
Ca14+	0.003	0.016	0.027	0.040	0.056	
Fe18+	0.004	0.007	0.015	0.021	0.034	
Fe19+	0.004	0.023	0.038	0.071	0.098	
Fe20+	0.005	0.066	0.096	0.192	0.370	
Fe22+	0.006	0.061	0.110	0.203	0.406	
Fe23+	0.004	0.025	0.042	0.074	0.131	
Fe24+	0.004	0.011	0.024	0.042	0.049	
S12+	0.004	0.017	0.025	0.041	0.052	
Si11+	0.004	0.013	0.017	0.026	0.036	
Si12+	0.004	0.009	0.017	0.022	0.035	
10.0
Ion	0.0	0.1	1.0	10.0	100.0
Ca13+	0.010	0.040	0.042	0.043	0.032	
Ca14+	0.041	0.032	0.074	0.131	0.183	
Fe18+	0.040	0.042	0.051	0.071	0.101	
Fe19+	0.033	0.029	0.121	0.202	0.343	
Fe20+	0.031	0.075	0.320	0.662	0.026	
Fe22+	0.029	0.073	0.345	0.766	0.068	
Fe23+	0.033	0.093	0.154	0.244	0.398	
Fe24+	0.040	0.051	0.068	0.121	0.186	
S12+	0.032	0.060	0.071	0.127	0.175	
Si11+	0.026	0.050	0.032	0.087	0.102	
Si12+	0.040	0.009	0.031	0.073	0.102	
