Step : 1
Step : 5
Step : 10
100.0
Ion	0.0	0.1	1.0	10.0	100.0
Ca14+	0.004	0.007	0.013	0.020	0.025	
Fe19+	0.004	0.009	0.017	0.030	0.048	
Fe20+	0.004	0.022	0.041	0.073	0.110	
Fe21+	0.005	0.079	0.109	0.230	0.507	
Fe23+	0.006	0.086	0.124	0.229	0.459	
Fe24+	0.005	0.030	0.049	0.093	0.157	
Si12+	0.004	0.006	0.011	0.022	0.023	
10.0
Ion	0.0	0.1	1.0	10.0	100.0
Ca14+	0.040	0.043	0.046	0.060	0.086	
Fe19+	0.040	0.047	0.062	0.099	0.132	
Fe20+	0.034	0.077	0.126	0.218	0.378	
Fe21+	0.053	0.065	0.385	0.823	0.016	
Fe23+	0.052	0.069	0.423	0.851	0.028	
Fe24+	0.033	0.100	0.179	0.349	0.436	
Si12+	0.040	0.044	0.047	0.061	0.073	
Step : 15
100.0
Ion	0.0	0.1	1.0	10.0	100.0
Ca14+	0.004	0.008	0.014	0.020	0.030	
Fe19+	0.004	0.009	0.018	0.031	0.044	
Fe20+	0.004	0.023	0.038	0.084	0.114	
Fe21+	0.005	0.077	0.098	0.214	0.336	
Fe23+	0.005	0.071	0.109	0.242	0.375	
Fe24+	0.003	0.028	0.048	0.086	0.142	
Fe25+	0.003	0.013	0.024	0.044	0.071	
Si12+	0.003	0.009	0.016	0.022	0.031	
10.0
Ion	0.0	0.1	1.0	10.0	100.0
Ca14+	0.040	0.043	0.048	0.061	0.103	
Fe19+	0.040	0.047	0.057	0.083	0.146	
Fe20+	0.031	0.076	0.142	0.251	0.384	
Fe21+	0.052	0.069	0.317	0.738	0.062	
Fe23+	0.027	0.062	0.372	0.770	0.052	
Fe24+	0.030	0.080	0.169	0.256	0.466	
Fe25+	0.040	0.029	0.080	0.137	0.222	
Si12+	0.040	0.045	0.054	0.072	0.100	
Step : 20
100.0
Ion	0.0	0.1	1.0	10.0	100.0
Ca14+	0.004	0.008	0.013	0.019	0.031	
Fe19+	0.003	0.009	0.016	0.029	0.044	
Fe20+	0.004	0.023	0.043	0.071	0.124	
Fe21+	0.005	0.080	0.118	0.200	0.405	
Fe23+	0.005	0.071	0.103	0.239	0.419	
Fe24+	0.004	0.027	0.054	0.092	0.148	
Fe25+	0.004	0.015	0.024	0.040	0.068	
Fe26+	0.004	0.006	0.012	0.019	0.031	
Mg11+	0.004	0.005	0.006	0.007	0.012	
Si12+	0.004	0.011	0.016	0.027	0.030	
10.0
Ion	0.0	0.1	1.0	10.0	100.0
Ca14+	0.040	0.043	0.031	0.057	0.101	
Fe19+	0.040	0.046	0.060	0.089	0.144	
Fe20+	0.041	0.095	0.134	0.233	0.411	
Fe21+	0.053	0.063	0.300	0.769	0.055	
Fe23+	0.052	0.069	0.327	0.868	0.025	
Fe24+	0.033	0.088	0.135	0.281	0.414	
Fe25+	0.028	0.050	0.081	0.150	0.222	
Fe26+	0.040	0.041	0.052	0.072	0.101	
Mg11+	0.040	0.040	0.041	0.042	0.012	
Si12+	0.012	0.010	0.053	0.075	0.106	
Step : 25
100.0
Ion	0.0	0.1	1.0	10.0	100.0
Ca14+	0.004	0.006	0.012	0.018	0.023	
Fe19+	0.004	0.009	0.018	0.031	0.039	
Fe20+	0.004	0.024	0.042	0.069	0.108	
Fe21+	0.001	0.070	0.112	0.195	0.391	
Fe23+	0.005	0.078	0.111	0.223	0.488	
Fe24+	0.005	0.026	0.053	0.092	0.127	
Fe25+	0.004	0.014	0.027	0.043	0.066	
Fe26+	0.004	0.006	0.012	0.020	0.026	
Mg11+	0.004	0.001	0.006	0.009	0.012	
Si12+	0.003	0.011	0.017	0.023	0.042	
10.0
Ion	0.0	0.1	1.0	10.0	100.0
Ca14+	0.040	0.042	0.031	0.060	0.091	
Fe19+	0.040	0.045	0.055	0.091	0.131	
Fe20+	0.030	0.078	0.133	0.242	0.403	
Fe21+	0.055	0.066	0.363	0.725	0.054	
Fe23+	0.055	0.027	0.349	0.744	0.064	
Fe24+	0.034	0.096	0.168	0.280	0.538	
Fe25+	0.040	0.031	0.081	0.127	0.203	
Fe26+	0.040	0.043	0.012	0.063	0.097	
Mg11+	0.010	0.040	0.042	0.043	0.047	
Si12+	0.040	0.046	0.059	0.072	0.101	
Step : 30
100.0
Ion	0.0	0.1	1.0	10.0	100.0
Ca14+	0.004	0.007	0.010	0.018	0.027	
Fe19+	0.004	0.009	0.019	0.032	0.046	
Fe20+	0.003	0.024	0.040	0.063	0.117	
Fe21+	0.005	0.063	0.119	0.205	0.386	
Fe23+	0.006	0.073	0.112	0.209	0.419	
Fe24+	0.004	0.030	0.044	0.093	0.143	
Fe25+	0.003	0.011	0.024	0.040	0.060	
Fe26+	0.004	0.006	0.011	0.019	0.026	
Mg11+	0.001	0.005	0.007	0.010	0.012	
Si12+	0.004	0.011	0.018	0.025	0.034	
10.0
Ion	0.0	0.1	1.0	10.0	100.0
Ca14+	0.040	0.006	0.048	0.031	0.084	
Fe19+	0.040	0.049	0.034	0.109	0.122	
Fe20+	0.041	0.083	0.118	0.240	0.385	
Fe21+	0.050	0.071	0.359	0.694	0.018	
Fe23+	0.026	0.064	0.334	0.802	0.049	
Fe24+	0.033	0.093	0.163	0.294	0.460	
Fe25+	0.028	0.029	0.084	0.141	0.195	
Fe26+	0.040	0.043	0.047	0.067	0.101	
Mg11+	0.039	0.040	0.041	0.043	0.037	
Si12+	0.040	0.029	0.030	0.094	0.110	
Step : 35
100.0
Ion	0.0	0.1	1.0	10.0	100.0
Ca14+	0.004	0.007	0.013	0.016	0.026	
Fe19+	0.004	0.009	0.017	0.030	0.042	
Fe20+	0.004	0.025	0.044	0.075	0.113	
Fe21+	0.005	0.072	0.099	0.212	0.355	
Fe23+	0.005	0.070	0.115	0.215	0.447	
Fe24+	0.004	0.027	0.048	0.091	0.136	
Fe25+	0.004	0.014	0.026	0.042	0.061	
Mg11+	0.004	0.003	0.003	0.009	0.012	
Si12+	0.004	0.009	0.019	0.028	0.041	
10.0
Ion	0.0	0.1	1.0	10.0	100.0
Ca14+	0.040	0.042	0.013	0.062	0.088	
Fe19+	0.040	0.045	0.063	0.083	0.124	
Fe20+	0.033	0.083	0.116	0.272	0.379	
Fe21+	0.028	0.070	0.413	0.680	0.068	
Fe23+	0.052	0.063	0.336	0.718	0.030	
Fe24+	0.035	0.092	0.151	0.306	0.428	
Fe25+	0.040	0.059	0.075	0.133	0.202	
Mg11+	0.010	0.040	0.042	0.046	0.044	
Si12+	0.040	0.032	0.064	0.083	0.124	
Step : 40
100.0
Ion	0.0	0.1	1.0	10.0	100.0
Ca14+	0.004	0.007	0.011	0.020	0.029	
Fe19+	0.004	0.009	0.017	0.030	0.041	
Fe20+	0.003	0.022	0.040	0.075	0.106	
Fe21+	0.005	0.067	0.102	0.177	0.443	
Fe23+	0.003	0.075	0.118	0.233	0.363	
Fe24+	0.003	0.026	0.044	0.084	0.142	
Fe25+	0.004	0.014	0.026	0.043	0.068	
Mg11+	0.004	0.001	0.006	0.010	0.012	
Si12+	0.004	0.011	0.003	0.030	0.035	
10.0
Ion	0.0	0.1	1.0	10.0	100.0
Ca14+	0.040	0.042	0.048	0.059	0.086	
Fe19+	0.040	0.048	0.061	0.095	0.153	
Fe20+	0.042	0.087	0.125	0.234	0.380	
Fe21+	0.054	0.135	0.342	0.691	0.058	
Fe23+	0.057	0.004	0.328	0.701	0.059	
Fe24+	0.041	0.085	0.171	0.298	0.528	
Fe25+	0.012	0.031	0.076	0.139	0.208	
Mg11+	0.039	0.040	0.041	0.044	0.009	
Si12+	0.040	0.049	0.057	0.083	0.133	
Step : 45
100.0
Ion	0.0	0.1	1.0	10.0	100.0
Ca14+	0.004	0.007	0.012	0.022	0.029	
Fe19+	0.004	0.009	0.017	0.032	0.038	
Fe20+	0.003	0.022	0.040	0.075	0.115	
Fe21+	0.005	0.070	0.098	0.188	0.361	
Fe23+	0.005	0.063	0.104	0.211	0.393	
Fe24+	0.003	0.031	0.048	0.088	0.147	
Fe25+	0.004	0.013	0.027	0.035	0.057	
Mg11+	0.004	0.003	0.008	0.009	0.015	
Si12+	0.004	0.011	0.019	0.032	0.041	
10.0
Ion	0.0	0.1	1.0	10.0	100.0
Ca14+	0.039	0.043	0.029	0.068	0.079	
Fe19+	0.040	0.045	0.060	0.084	0.115	
Fe20+	0.034	0.088	0.124	0.196	0.334	
Fe21+	0.052	0.027	0.319	0.719	0.057	
Fe23+	0.050	0.018	0.322	0.732	0.024	
Fe24+	0.033	0.090	0.177	0.266	0.475	
Fe25+	0.041	0.052	0.070	0.140	0.190	
Mg11+	0.039	0.040	0.043	0.044	0.033	
Si12+	0.040	0.014	0.057	0.086	0.114	
Step : 50
100.0
Ion	0.0	0.1	1.0	10.0	100.0
Ca14+	0.004	0.007	0.012	0.019	0.029	
Fe19+	0.004	0.010	0.019	0.029	0.041	
Fe20+	0.004	0.024	0.035	0.082	0.126	
Fe21+	0.005	0.073	0.090	0.188	0.407	
Fe23+	0.005	0.079	0.119	0.258	0.416	
Fe24+	0.004	0.025	0.047	0.082	0.151	
Fe25+	0.003	0.014	0.026	0.049	0.059	
Mg11+	0.004	0.003	0.006	0.012	0.014	
Si12+	0.003	0.013	0.021	0.029	0.038	
10.0
Ion	0.0	0.1	1.0	10.0	100.0
Ca14+	0.040	0.046	0.010	0.062	0.083	
Fe19+	0.040	0.010	0.056	0.087	0.134	
Fe20+	0.033	0.030	0.129	0.233	0.373	
Fe21+	0.054	0.073	0.364	0.678	0.057	
Fe23+	0.055	0.121	0.340	0.751	0.021	
Fe24+	0.036	0.095	0.148	0.284	0.416	
Fe25+	0.041	0.029	0.068	0.133	0.188	
Mg11+	0.040	0.041	0.042	0.028	0.030	
Si12+	0.012	0.050	0.058	0.089	0.121	
Step : 55
100.0
Ion	0.0	0.1	1.0	10.0	100.0
Ca14+	0.004	0.000	0.012	0.019	0.025	
Fe19+	0.004	0.009	0.019	0.027	0.039	
Fe20+	0.003	0.023	0.038	0.071	0.119	
Fe21+	0.001	0.068	0.099	0.191	0.319	
Fe23+	0.005	0.060	0.095	0.228	0.396	
Fe24+	0.004	0.030	0.046	0.095	0.151	
Fe25+	0.004	0.014	0.025	0.040	0.067	
Mg11+	0.001	0.005	0.007	0.013	0.015	
Si12+	0.004	0.010	0.018	0.029	0.038	
10.0
Ion	0.0	0.1	1.0	10.0	100.0
Ca14+	0.040	0.043	0.011	0.061	0.077	
Fe19+	0.040	0.046	0.052	0.098	0.127	
Fe20+	0.031	0.076	0.127	0.260	0.385	
Fe21+	0.050	0.075	0.369	0.797	0.020	
Fe23+	0.054	0.064	0.303	0.802	0.066	
Fe24+	0.041	0.090	0.150	0.280	0.390	
Fe25+	0.040	0.029	0.068	0.138	0.191	
Mg11+	0.040	0.040	0.042	0.047	0.027	
Si12+	0.041	0.050	0.065	0.097	0.119	
