Step : 1
Step : 5
Step : 10
100.0
Ion	0.0	0.1	1.0	10.0	100.0
Fe20+	0.004	0.010	0.021	0.038	0.050	
Fe21+	0.005	0.027	0.048	0.092	0.173	
Fe22+	0.005	0.088	0.126	0.233	0.503	
Fe24+	0.010	0.091	0.134	0.242	0.450	
10.0
Ion	0.0	0.1	1.0	10.0	100.0
Fe20+	0.013	0.046	0.063	0.105	0.170	
Fe21+	0.033	0.094	0.170	0.315	0.616	
Fe22+	0.028	0.065	0.365	0.930	0.027	
Fe24+	0.029	0.200	0.439	0.778	0.017	
Step : 15
100.0
Ion	0.0	0.1	1.0	10.0	100.0
Fe20+	0.004	0.010	0.022	0.036	0.048	
Fe21+	0.004	0.024	0.042	0.070	0.121	
Fe22+	0.005	0.079	0.114	0.223	0.370	
Fe24+	0.006	0.070	0.114	0.246	0.448	
Fe25+	0.005	0.029	0.056	0.095	0.151	
Fe26+	0.004	0.014	0.023	0.045	0.064	
10.0
Ion	0.0	0.1	1.0	10.0	100.0
Fe20+	0.040	0.049	0.066	0.110	0.166	
Fe21+	0.031	0.092	0.149	0.255	0.412	
Fe22+	0.053	0.004	0.351	0.876	0.019	
Fe24+	0.054	0.058	0.380	0.860	0.021	
Fe25+	0.029	0.102	0.191	0.271	0.522	
Fe26+	0.040	0.031	0.088	0.142	0.191	
Step : 20
100.0
Ion	0.0	0.1	1.0	10.0	100.0
Fe20+	0.003	0.010	0.023	0.036	0.046	
Fe21+	0.004	0.026	0.048	0.080	0.146	
Fe22+	0.005	0.084	0.100	0.218	0.375	
Fe24+	0.005	0.081	0.115	0.236	0.404	
Fe25+	0.005	0.033	0.052	0.098	0.187	
Fe26+	0.003	0.017	0.027	0.038	0.069	
10.0
Ion	0.0	0.1	1.0	10.0	100.0
Fe20+	0.040	0.049	0.064	0.107	0.153	
Fe21+	0.033	0.094	0.143	0.220	0.462	
Fe22+	0.050	0.028	0.389	0.815	0.019	
Fe24+	0.054	0.071	0.414	0.840	0.027	
Fe25+	0.033	0.088	0.168	0.291	0.521	
Fe26+	0.041	0.030	0.080	0.155	0.225	
Step : 25
100.0
Ion	0.0	0.1	1.0	10.0	100.0
Fe20+	0.004	0.011	0.021	0.031	0.044	
Fe21+	0.004	0.022	0.047	0.084	0.122	
Fe22+	0.008	0.082	0.121	0.226	0.488	
Fe24+	0.006	0.071	0.117	0.240	0.428	
Fe25+	0.003	0.030	0.053	0.088	0.155	
Fe26+	0.003	0.014	0.030	0.050	0.079	
10.0
Ion	0.0	0.1	1.0	10.0	100.0
Fe20+	0.040	0.048	0.061	0.103	0.171	
Fe21+	0.033	0.085	0.162	0.247	0.377	
Fe22+	0.050	0.070	0.404	0.741	0.021	
Fe24+	0.030	0.061	0.444	0.812	0.029	
Fe25+	0.033	0.103	0.164	0.283	0.484	
Fe26+	0.040	0.029	0.096	0.164	0.218	
Step : 30
100.0
Ion	0.0	0.1	1.0	10.0	100.0
Fe20+	0.004	0.011	0.021	0.037	0.051	
Fe21+	0.003	0.025	0.045	0.090	0.141	
Fe22+	0.005	0.068	0.101	0.203	0.366	
Fe24+	0.002	0.077	0.126	0.230	0.450	
Fe25+	0.005	0.026	0.055	0.085	0.149	
Fe26+	0.004	0.015	0.030	0.043	0.074	
10.0
Ion	0.0	0.1	1.0	10.0	100.0
Fe20+	0.040	0.047	0.063	0.093	0.165	
Fe21+	0.042	0.094	0.165	0.289	0.475	
Fe22+	0.030	0.067	0.383	0.761	0.058	
Fe24+	0.052	0.129	0.354	0.832	0.020	
Fe25+	0.033	0.088	0.145	0.316	0.406	
Fe26+	0.040	0.030	0.083	0.156	0.193	
Step : 35
100.0
Ion	0.0	0.1	1.0	10.0	100.0
Fe20+	0.004	0.010	0.018	0.037	0.051	
Fe21+	0.003	0.027	0.045	0.086	0.147	
Fe22+	0.006	0.078	0.115	0.226	0.409	
Fe24+	0.002	0.083	0.110	0.217	0.471	
Fe25+	0.005	0.026	0.049	0.103	0.151	
Fe26+	0.004	0.015	0.029	0.048	0.065	
10.0
Ion	0.0	0.1	1.0	10.0	100.0
Fe20+	0.040	0.012	0.063	0.114	0.142	
Fe21+	0.032	0.079	0.150	0.264	0.390	
Fe22+	0.030	0.030	0.411	0.651	0.053	
Fe24+	0.053	0.066	0.388	0.813	0.050	
Fe25+	0.035	0.085	0.180	0.287	0.577	
Fe26+	0.041	0.031	0.093	0.140	0.231	
Step : 40
100.0
Ion	0.0	0.1	1.0	10.0	100.0
Fe20+	0.004	0.011	0.022	0.035	0.046	
Fe21+	0.003	0.026	0.046	0.083	0.132	
Fe22+	0.005	0.067	0.125	0.200	0.440	
Fe24+	0.005	0.074	0.126	0.253	0.399	
Fe25+	0.004	0.026	0.057	0.096	0.139	
Fe26+	0.003	0.015	0.026	0.043	0.068	
Si12+	0.004	0.009	0.016	0.024	0.031	
10.0
Ion	0.0	0.1	1.0	10.0	100.0
Fe20+	0.040	0.013	0.062	0.104	0.156	
Fe21+	0.033	0.087	0.158	0.277	0.430	
Fe22+	0.050	0.026	0.342	0.778	0.054	
Fe24+	0.028	0.065	0.332	0.758	0.061	
Fe25+	0.038	0.112	0.164	0.304	0.545	
Fe26+	0.032	0.054	0.096	0.150	0.224	
Si12+	0.040	0.010	0.057	0.092	0.085	
Step : 45
100.0
Ion	0.0	0.1	1.0	10.0	100.0
Fe20+	0.001	0.010	0.021	0.034	0.049	
Fe21+	0.003	0.024	0.041	0.080	0.116	
Fe22+	0.005	0.064	0.099	0.204	0.448	
Fe24+	0.002	0.077	0.113	0.194	0.450	
Fe25+	0.005	0.027	0.048	0.090	0.144	
Fe26+	0.003	0.012	0.027	0.052	0.072	
Si12+	0.004	0.009	0.018	0.023	0.029	
10.0
Ion	0.0	0.1	1.0	10.0	100.0
Fe20+	0.040	0.050	0.064	0.097	0.160	
Fe21+	0.030	0.084	0.139	0.242	0.389	
Fe22+	0.030	0.069	0.352	0.757	0.048	
Fe24+	0.055	0.069	0.388	0.701	0.052	
Fe25+	0.034	0.098	0.169	0.271	0.513	
Fe26+	0.027	0.057	0.081	0.137	0.229	
Si12+	0.040	0.009	0.057	0.076	0.091	
Step : 50
100.0
Ion	0.0	0.1	1.0	10.0	100.0
Fe20+	0.004	0.010	0.021	0.033	0.051	
Fe21+	0.004	0.023	0.041	0.078	0.136	
Fe22+	0.005	0.068	0.098	0.189	0.456	
Fe24+	0.005	0.072	0.123	0.201	0.433	
Fe25+	0.004	0.026	0.057	0.079	0.152	
Fe26+	0.004	0.014	0.027	0.047	0.077	
Si12+	0.003	0.009	0.020	0.024	0.030	
10.0
Ion	0.0	0.1	1.0	10.0	100.0
Fe20+	0.040	0.045	0.057	0.104	0.163	
Fe21+	0.033	0.081	0.141	0.269	0.385	
Fe22+	0.051	0.063	0.336	0.825	0.054	
Fe24+	0.051	0.065	0.354	0.785	0.060	
Fe25+	0.032	0.088	0.181	0.292	0.449	
Fe26+	0.027	0.058	0.083	0.139	0.213	
Si12+	0.040	0.049	0.058	0.094	0.083	
Step : 55
100.0
Ion	0.0	0.1	1.0	10.0	100.0
Fe20+	0.004	0.010	0.020	0.035	0.043	
Fe21+	0.004	0.027	0.046	0.075	0.123	
Fe22+	0.006	0.078	0.111	0.250	0.392	
Fe24+	0.005	0.070	0.105	0.208	0.429	
Fe25+	0.003	0.028	0.050	0.089	0.158	
Fe26+	0.003	0.014	0.026	0.045	0.067	
Si12+	0.004	0.010	0.018	0.027	0.030	
10.0
Ion	0.0	0.1	1.0	10.0	100.0
Fe20+	0.040	0.012	0.061	0.099	0.144	
Fe21+	0.031	0.084	0.130	0.233	0.374	
Fe22+	0.055	0.065	0.304	0.774	0.061	
Fe24+	0.030	0.062	0.355	0.828	0.062	
Fe25+	0.033	0.091	0.166	0.266	0.406	
Fe26+	0.040	0.028	0.083	0.143	0.264	
Si12+	0.040	0.047	0.062	0.087	0.087	
