Step : 1
Step : 5
Step : 10
100.0
Ion	0.0	0.1	1.0	10.0	100.0
Fe21+	0.003	0.013	0.025	0.046	0.080	
Fe22+	0.005	0.030	0.061	0.104	0.199	
Fe23+	0.009	0.089	0.122	0.263	0.675	
10.0
Ion	0.0	0.1	1.0	10.0	100.0
Fe21+	0.033	0.030	0.091	0.162	0.242	
Fe22+	0.033	0.104	0.198	0.304	0.720	
Fe23+	0.056	0.065	0.453	0.933	0.057	
Step : 15
100.0
Ion	0.0	0.1	1.0	10.0	100.0
Fe21+	0.003	0.014	0.022	0.037	0.051	
Fe22+	0.004	0.030	0.050	0.086	0.124	
Fe23+	0.005	0.076	0.124	0.260	0.406	
Fe25+	0.001	0.085	0.113	0.223	0.545	
Fe26+	0.005	0.030	0.052	0.089	0.149	
10.0
Ion	0.0	0.1	1.0	10.0	100.0
Fe21+	0.041	0.052	0.079	0.113	0.186	
Fe22+	0.030	0.090	0.162	0.305	0.428	
Fe23+	0.028	0.028	0.367	0.721	0.059	
Fe25+	0.053	0.067	0.417	0.783	0.017	
Fe26+	0.042	0.100	0.149	0.289	0.431	
Step : 20
100.0
Ion	0.0	0.1	1.0	10.0	100.0
Fe21+	0.003	0.013	0.023	0.043	0.060	
Fe22+	0.004	0.025	0.041	0.074	0.135	
Fe23+	0.005	0.086	0.126	0.244	0.477	
Fe25+	0.005	0.089	0.144	0.243	0.468	
Fe26+	0.005	0.030	0.060	0.107	0.167	
Mg12+	0.001	0.001	0.006	0.009	0.010	
10.0
Ion	0.0	0.1	1.0	10.0	100.0
Fe21+	0.040	0.028	0.069	0.120	0.187	
Fe22+	0.031	0.097	0.154	0.277	0.426	
Fe23+	0.027	0.073	0.438	0.879	0.051	
Fe25+	0.054	0.130	0.415	0.911	0.052	
Fe26+	0.032	0.101	0.192	0.336	0.694	
Mg12+	0.010	0.041	0.041	0.042	0.008	
Step : 25
100.0
Ion	0.0	0.1	1.0	10.0	100.0
Fe21+	0.004	0.013	0.021	0.037	0.055	
Fe22+	0.004	0.024	0.054	0.085	0.144	
Fe23+	0.005	0.074	0.126	0.213	0.394	
Fe25+	0.005	0.083	0.128	0.247	0.513	
Fe26+	0.003	0.033	0.055	0.109	0.166	
Mg12+	0.004	0.005	0.006	0.008	0.010	
10.0
Ion	0.0	0.1	1.0	10.0	100.0
Fe21+	0.012	0.049	0.075	0.129	0.174	
Fe22+	0.032	0.089	0.150	0.276	0.472	
Fe23+	0.030	0.075	0.437	0.831	0.055	
Fe25+	0.028	0.070	0.432	0.809	0.066	
Fe26+	0.032	0.106	0.163	0.325	0.508	
Mg12+	0.010	0.040	0.041	0.043	0.042	
Step : 30
100.0
Ion	0.0	0.1	1.0	10.0	100.0
Fe21+	0.004	0.012	0.024	0.039	0.055	
Fe22+	0.003	0.027	0.044	0.083	0.135	
Fe23+	0.006	0.084	0.122	0.238	0.402	
Fe25+	0.005	0.077	0.126	0.266	0.440	
Fe26+	0.005	0.029	0.056	0.094	0.166	
Mg12+	0.001	0.005	0.003	0.009	0.012	
10.0
Ion	0.0	0.1	1.0	10.0	100.0
Fe21+	0.040	0.027	0.075	0.121	0.185	
Fe22+	0.031	0.097	0.156	0.260	0.442	
Fe23+	0.053	0.132	0.399	0.794	0.023	
Fe25+	0.053	0.064	0.400	0.914	0.020	
Fe26+	0.032	0.098	0.180	0.345	0.622	
Mg12+	0.010	0.040	0.042	0.043	0.010	
Step : 35
100.0
Ion	0.0	0.1	1.0	10.0	100.0
Fe21+	0.003	0.012	0.019	0.043	0.062	
Fe22+	0.003	0.029	0.048	0.076	0.123	
Fe23+	0.001	0.079	0.115	0.249	0.414	
Fe25+	0.002	0.078	0.129	0.221	0.619	
Fe26+	0.005	0.032	0.051	0.106	0.171	
Mg12+	0.001	0.005	0.006	0.009	0.012	
10.0
Ion	0.0	0.1	1.0	10.0	100.0
Fe21+	0.040	0.049	0.066	0.120	0.174	
Fe22+	0.032	0.084	0.168	0.299	0.398	
Fe23+	0.028	0.060	0.386	0.783	0.068	
Fe25+	0.030	0.061	0.377	0.845	0.049	
Fe26+	0.034	0.107	0.184	0.312	0.581	
Mg12+	0.010	0.039	0.042	0.044	0.010	
Step : 40
100.0
Ion	0.0	0.1	1.0	10.0	100.0
Fe21+	0.004	0.011	0.022	0.041	0.055	
Fe22+	0.003	0.028	0.052	0.084	0.130	
Fe23+	0.006	0.083	0.121	0.225	0.451	
Fe25+	0.005	0.084	0.111	0.243	0.547	
Fe26+	0.005	0.028	0.054	0.084	0.152	
Mg12+	0.004	0.004	0.006	0.010	0.013	
10.0
Ion	0.0	0.1	1.0	10.0	100.0
Fe21+	0.040	0.050	0.064	0.127	0.156	
Fe22+	0.032	0.086	0.157	0.265	0.406	
Fe23+	0.029	0.068	0.380	0.752	0.064	
Fe25+	0.055	0.016	0.481	0.861	0.028	
Fe26+	0.044	0.106	0.164	0.326	0.433	
Mg12+	0.039	0.040	0.041	0.045	0.011	
Step : 45
100.0
Ion	0.0	0.1	1.0	10.0	100.0
Fe21+	0.004	0.012	0.025	0.037	0.053	
Fe22+	0.003	0.026	0.044	0.083	0.141	
Fe23+	0.005	0.086	0.121	0.252	0.455	
Fe25+	0.005	0.075	0.114	0.249	0.452	
Fe26+	0.004	0.035	0.056	0.103	0.169	
Mg12+	0.004	0.005	0.006	0.010	0.013	
10.0
Ion	0.0	0.1	1.0	10.0	100.0
Fe21+	0.040	0.049	0.067	0.098	0.164	
Fe22+	0.033	0.082	0.157	0.267	0.472	
Fe23+	0.052	0.065	0.374	0.808	0.055	
Fe25+	0.053	0.063	0.427	0.839	0.023	
Fe26+	0.032	0.107	0.164	0.273	0.591	
Mg12+	0.039	0.040	0.043	0.048	0.033	
Step : 50
100.0
Ion	0.0	0.1	1.0	10.0	100.0
Fe21+	0.004	0.012	0.023	0.036	0.057	
Fe22+	0.003	0.027	0.051	0.080	0.141	
Fe23+	0.004	0.075	0.124	0.249	0.329	
Fe25+	0.005	0.079	0.130	0.231	0.593	
Fe26+	0.005	0.032	0.061	0.109	0.174	
Mg12+	0.004	0.005	0.000	0.011	0.014	
10.0
Ion	0.0	0.1	1.0	10.0	100.0
Fe21+	0.013	0.045	0.062	0.114	0.177	
Fe22+	0.030	0.089	0.146	0.248	0.499	
Fe23+	0.029	0.067	0.457	0.781	0.058	
Fe25+	0.028	0.062	0.434	0.832	0.062	
Fe26+	0.034	0.097	0.169	0.353	0.540	
Mg12+	0.039	0.042	0.043	0.044	0.038	
Step : 55
100.0
Ion	0.0	0.1	1.0	10.0	100.0
Fe21+	0.004	0.011	0.022	0.034	0.046	
Fe22+	0.004	0.028	0.049	0.073	0.147	
Fe23+	0.006	0.077	0.113	0.221	0.441	
Fe25+	0.010	0.092	0.111	0.222	0.483	
Fe26+	0.005	0.033	0.057	0.104	0.164	
Mg12+	0.004	0.005	0.007	0.010	0.013	
10.0
Ion	0.0	0.1	1.0	10.0	100.0
Fe21+	0.040	0.009	0.074	0.114	0.184	
Fe22+	0.034	0.098	0.143	0.265	0.461	
Fe23+	0.052	0.074	0.367	0.929	0.053	
Fe25+	0.030	0.070	0.405	0.858	0.022	
Fe26+	0.030	0.095	0.197	0.297	0.496	
Mg12+	0.039	0.040	0.042	0.044	0.013	
