Step : 1
100.0
Ion	0.0	0.1	1.0	10.0	100.0
Fe7+	0.001	0.010	0.016	0.030	0.043	
10.0
Ion	0.0	0.1	1.0	10.0	100.0
Fe7+	0.040	0.045	0.061	0.081	0.128	
Step : 5
100.0
Ion	0.0	0.1	1.0	10.0	100.0
Fe7+	0.004	0.008	0.016	0.026	0.036	
10.0
Ion	0.0	0.1	1.0	10.0	100.0
Fe7+	0.040	0.005	0.029	0.083	0.106	
Step : 10
100.0
Ion	0.0	0.1	1.0	10.0	100.0
Fe7+	0.001	0.007	0.012	0.021	0.031	
10.0
Ion	0.0	0.1	1.0	10.0	100.0
Fe7+	0.010	0.043	0.030	0.063	0.097	
Step : 15
Step : 20
Step : 25
Step : 30
Step : 35
Step : 40
Step : 45
Step : 50
Step : 55
