Step : 1
100.0
Ion	0.0	0.1	1.0	10.0	100.0
Fe6+	0.004	0.008	0.016	0.021	0.040	
Fe8+	0.004	0.012	0.020	0.035	0.061	
10.0
Ion	0.0	0.1	1.0	10.0	100.0
Fe6+	0.040	0.046	0.056	0.086	0.121	
Fe8+	0.041	0.027	0.070	0.127	0.184	
Step : 5
100.0
Ion	0.0	0.1	1.0	10.0	100.0
Fe6+	0.004	0.009	0.015	0.025	0.033	
Fe8+	0.004	0.012	0.021	0.038	0.054	
10.0
Ion	0.0	0.1	1.0	10.0	100.0
Fe6+	0.040	0.000	0.051	0.091	0.124	
Fe8+	0.040	0.049	0.072	0.124	0.175	
Step : 10
100.0
Ion	0.0	0.1	1.0	10.0	100.0
Fe6+	0.004	0.006	0.014	0.022	0.032	
Fe8+	0.004	0.010	0.021	0.035	0.057	
10.0
Ion	0.0	0.1	1.0	10.0	100.0
Fe6+	0.040	0.042	0.014	0.065	0.096	
Fe8+	0.040	0.029	0.062	0.114	0.166	
Step : 15
100.0
Ion	0.0	0.1	1.0	10.0	100.0
Fe8+	0.004	0.010	0.019	0.037	0.041	
10.0
Ion	0.0	0.1	1.0	10.0	100.0
Fe8+	0.040	0.030	0.059	0.087	0.139	
Step : 20
100.0
Ion	0.0	0.1	1.0	10.0	100.0
Fe8+	0.004	0.010	0.019	0.031	0.042	
10.0
Ion	0.0	0.1	1.0	10.0	100.0
Fe8+	0.040	0.009	0.061	0.094	0.133	
Step : 25
100.0
Ion	0.0	0.1	1.0	10.0	100.0
Fe8+	0.004	0.010	0.019	0.029	0.042	
10.0
Ion	0.0	0.1	1.0	10.0	100.0
Fe8+	0.040	0.050	0.057	0.100	0.154	
Step : 30
100.0
Ion	0.0	0.1	1.0	10.0	100.0
Fe8+	0.004	0.010	0.019	0.031	0.049	
10.0
Ion	0.0	0.1	1.0	10.0	100.0
Fe8+	0.040	0.010	0.067	0.111	0.151	
Step : 35
Step : 40
Step : 45
Step : 50
Step : 55
