Step : 1
100.0
Ion	0.0	0.1	1.0	10.0	100.0
Ca6+	0.005	0.037	0.066	0.102	0.165	
Fe7+	0.003	0.012	0.024	0.043	0.072	
Fe9+	0.003	0.015	0.032	0.050	0.085	
S5+	0.004	0.016	0.025	0.046	0.057	
10.0
Ion	0.0	0.1	1.0	10.0	100.0
Ca6+	0.034	0.121	0.201	0.332	0.696	
Fe7+	0.040	0.014	0.069	0.122	0.213	
Fe9+	0.012	0.031	0.092	0.175	0.232	
S5+	0.029	0.030	0.074	0.116	0.192	
Step : 5
100.0
Ion	0.0	0.1	1.0	10.0	100.0
Ca6+	0.005	0.044	0.069	0.140	0.219	
Fe7+	0.003	0.012	0.024	0.036	0.058	
Fe9+	0.003	0.016	0.026	0.045	0.069	
S5+	0.003	0.020	0.036	0.049	0.079	
10.0
Ion	0.0	0.1	1.0	10.0	100.0
Ca6+	0.048	0.147	0.229	0.385	0.848	
Fe7+	0.012	0.014	0.069	0.129	0.175	
Fe9+	0.028	0.059	0.076	0.165	0.252	
S5+	0.031	0.064	0.099	0.144	0.241	
Step : 10
100.0
Ion	0.0	0.1	1.0	10.0	100.0
Ca6+	0.005	0.055	0.079	0.129	0.245	
Fe7+	0.004	0.011	0.020	0.031	0.041	
Fe9+	0.004	0.016	0.025	0.050	0.071	
S5+	0.003	0.019	0.031	0.059	0.088	
10.0
Ion	0.0	0.1	1.0	10.0	100.0
Ca6+	0.053	0.132	0.241	0.474	0.851	
Fe7+	0.040	0.014	0.065	0.110	0.146	
Fe9+	0.032	0.031	0.084	0.148	0.240	
S5+	0.033	0.071	0.122	0.180	0.258	
Step : 15
100.0
Ion	0.0	0.1	1.0	10.0	100.0
Ca6+	0.005	0.055	0.074	0.121	0.189	
Fe7+	0.004	0.009	0.021	0.033	0.045	
Fe9+	0.003	0.013	0.022	0.042	0.060	
S5+	0.003	0.021	0.038	0.060	0.079	
10.0
Ion	0.0	0.1	1.0	10.0	100.0
Ca6+	0.032	0.074	0.245	0.451	0.699	
Fe7+	0.040	0.047	0.071	0.105	0.142	
Fe9+	0.026	0.030	0.082	0.138	0.205	
S5+	0.032	0.067	0.105	0.162	0.311	
Step : 20
100.0
Ion	0.0	0.1	1.0	10.0	100.0
Ca6+	0.005	0.053	0.079	0.127	0.245	
Fe7+	0.004	0.009	0.018	0.034	0.037	
Fe9+	0.004	0.015	0.024	0.049	0.070	
S5+	0.004	0.017	0.034	0.058	0.085	
10.0
Ion	0.0	0.1	1.0	10.0	100.0
Ca6+	0.032	0.122	0.235	0.478	0.786	
Fe7+	0.040	0.029	0.059	0.101	0.158	
Fe9+	0.040	0.027	0.077	0.157	0.227	
S5+	0.034	0.067	0.095	0.178	0.255	
Step : 25
100.0
Ion	0.0	0.1	1.0	10.0	100.0
Ca6+	0.005	0.052	0.086	0.123	0.186	
Fe7+	0.004	0.009	0.019	0.029	0.047	
Fe9+	0.003	0.012	0.026	0.046	0.065	
S5+	0.003	0.019	0.036	0.057	0.081	
10.0
Ion	0.0	0.1	1.0	10.0	100.0
Ca6+	0.030	0.068	0.245	0.446	0.767	
Fe7+	0.040	0.048	0.061	0.101	0.145	
Fe9+	0.013	0.030	0.075	0.123	0.186	
S5+	0.034	0.029	0.097	0.189	0.302	
Step : 30
100.0
Ion	0.0	0.1	1.0	10.0	100.0
Ca6+	0.005	0.047	0.075	0.145	0.284	
Fe7+	0.004	0.010	0.019	0.033	0.054	
Fe9+	0.004	0.014	0.026	0.048	0.063	
10.0
Ion	0.0	0.1	1.0	10.0	100.0
Ca6+	0.048	0.110	0.271	0.521	0.942	
Fe7+	0.025	0.010	0.062	0.095	0.150	
Fe9+	0.027	0.030	0.079	0.116	0.191	
Step : 35
100.0
Ion	0.0	0.1	1.0	10.0	100.0
Ca6+	0.001	0.053	0.086	0.149	0.262	
Fe9+	0.004	0.014	0.026	0.043	0.061	
10.0
Ion	0.0	0.1	1.0	10.0	100.0
Ca6+	0.029	0.129	0.274	0.488	0.972	
Fe9+	0.041	0.028	0.081	0.122	0.184	
Step : 40
100.0
Ion	0.0	0.1	1.0	10.0	100.0
Fe9+	0.004	0.014	0.027	0.041	0.058	
10.0
Ion	0.0	0.1	1.0	10.0	100.0
Fe9+	0.025	0.030	0.076	0.135	0.198	
Step : 45
Step : 50
Step : 55
