Step : 1
100.0
Ion	0.0	0.1	1.0	10.0	100.0
Ca6+	0.003	0.015	0.026	0.041	0.052	
Ca7+	0.005	0.027	0.046	0.083	0.125	
Fe10+	0.004	0.022	0.042	0.064	0.085	
Fe8+	0.003	0.016	0.031	0.051	0.071	
S6+	0.004	0.008	0.014	0.020	0.028	
Si5+	0.004	0.007	0.011	0.020	0.028	
10.0
Ion	0.0	0.1	1.0	10.0	100.0
Ca6+	0.041	0.031	0.078	0.136	0.177	
Ca7+	0.042	0.097	0.139	0.267	0.388	
Fe10+	0.034	0.075	0.121	0.203	0.292	
Fe8+	0.040	0.059	0.095	0.163	0.263	
S6+	0.040	0.045	0.050	0.063	0.098	
Si5+	0.040	0.005	0.030	0.066	0.093	
Step : 5
100.0
Ion	0.0	0.1	1.0	10.0	100.0
Ca6+	0.003	0.015	0.029	0.044	0.066	
Ca7+	0.005	0.027	0.058	0.087	0.150	
Fe10+	0.004	0.020	0.033	0.069	0.103	
Fe8+	0.004	0.015	0.026	0.049	0.072	
S5+	0.004	0.011	0.018	0.026	0.036	
S6+	0.004	0.010	0.018	0.028	0.037	
Si5+	0.004	0.010	0.019	0.026	0.036	
10.0
Ion	0.0	0.1	1.0	10.0	100.0
Ca6+	0.041	0.031	0.088	0.139	0.178	
Ca7+	0.034	0.088	0.200	0.285	0.451	
Fe10+	0.032	0.080	0.121	0.179	0.289	
Fe8+	0.041	0.059	0.099	0.145	0.254	
S5+	0.041	0.029	0.062	0.086	0.099	
S6+	0.010	0.048	0.055	0.093	0.121	
Si5+	0.040	0.046	0.060	0.080	0.088	
Step : 10
100.0
Ion	0.0	0.1	1.0	10.0	100.0
Ca6+	0.004	0.015	0.025	0.039	0.058	
Ca7+	0.005	0.037	0.067	0.108	0.168	
Fe10+	0.004	0.018	0.036	0.053	0.099	
Fe8+	0.004	0.015	0.025	0.046	0.060	
S5+	0.004	0.012	0.016	0.024	0.036	
S6+	0.004	0.011	0.021	0.033	0.049	
Si5+	0.004	0.011	0.021	0.030	0.041	
10.0
Ion	0.0	0.1	1.0	10.0	100.0
Ca6+	0.030	0.032	0.072	0.128	0.160	
Ca7+	0.036	0.107	0.201	0.323	0.576	
Fe10+	0.029	0.069	0.103	0.212	0.313	
Fe8+	0.040	0.031	0.093	0.158	0.226	
S5+	0.041	0.030	0.068	0.079	0.110	
S6+	0.013	0.046	0.062	0.105	0.154	
Si5+	0.040	0.051	0.069	0.108	0.141	
Step : 15
100.0
Ion	0.0	0.1	1.0	10.0	100.0
Ca6+	0.004	0.011	0.022	0.035	0.048	
Ca7+	0.003	0.036	0.066	0.098	0.182	
Fe10+	0.003	0.021	0.034	0.060	0.091	
Fe8+	0.003	0.014	0.028	0.047	0.067	
S5+	0.004	0.009	0.017	0.027	0.026	
S6+	0.004	0.012	0.023	0.035	0.042	
Si5+	0.004	0.012	0.020	0.031	0.040	
10.0
Ion	0.0	0.1	1.0	10.0	100.0
Ca6+	0.041	0.029	0.068	0.120	0.148	
Ca7+	0.031	0.100	0.180	0.371	0.676	
Fe10+	0.032	0.064	0.102	0.201	0.309	
Fe8+	0.013	0.052	0.090	0.122	0.224	
S5+	0.029	0.028	0.057	0.088	0.094	
S6+	0.040	0.047	0.071	0.111	0.149	
Si5+	0.040	0.030	0.066	0.083	0.110	
Step : 20
100.0
Ion	0.0	0.1	1.0	10.0	100.0
Ca6+	0.003	0.013	0.021	0.031	0.042	
Ca7+	0.003	0.033	0.057	0.099	0.187	
Fe10+	0.004	0.020	0.032	0.061	0.085	
Fe8+	0.003	0.015	0.024	0.042	0.074	
S5+	0.004	0.010	0.016	0.024	0.032	
S6+	0.004	0.011	0.021	0.033	0.047	
Si5+	0.004	0.013	0.018	0.027	0.041	
10.0
Ion	0.0	0.1	1.0	10.0	100.0
Ca6+	0.041	0.032	0.074	0.116	0.151	
Ca7+	0.032	0.120	0.167	0.320	0.607	
Fe10+	0.041	0.070	0.110	0.173	0.291	
Fe8+	0.040	0.028	0.086	0.139	0.208	
S5+	0.041	0.010	0.054	0.070	0.100	
S6+	0.040	0.029	0.066	0.114	0.135	
Si5+	0.041	0.029	0.063	0.102	0.135	
Step : 25
100.0
Ion	0.0	0.1	1.0	10.0	100.0
Ca6+	0.003	0.012	0.021	0.031	0.043	
Ca7+	0.005	0.036	0.061	0.100	0.175	
Fe10+	0.004	0.016	0.033	0.050	0.088	
Fe8+	0.003	0.015	0.026	0.044	0.070	
S5+	0.004	0.010	0.017	0.028	0.034	
S6+	0.004	0.013	0.022	0.034	0.042	
Si5+	0.004	0.012	0.021	0.032	0.042	
10.0
Ion	0.0	0.1	1.0	10.0	100.0
Ca6+	0.013	0.030	0.061	0.108	0.150	
Ca7+	0.033	0.095	0.191	0.360	0.674	
Fe10+	0.030	0.061	0.116	0.179	0.279	
Fe8+	0.040	0.030	0.084	0.132	0.222	
S5+	0.040	0.048	0.031	0.090	0.121	
S6+	0.040	0.050	0.066	0.113	0.148	
Si5+	0.013	0.028	0.066	0.106	0.148	
Step : 30
100.0
Ion	0.0	0.1	1.0	10.0	100.0
Ca6+	0.003	0.013	0.022	0.039	0.058	
Ca7+	0.005	0.038	0.056	0.098	0.139	
Fe10+	0.003	0.019	0.035	0.058	0.080	
Fe8+	0.004	0.013	0.024	0.039	0.068	
S6+	0.003	0.011	0.023	0.032	0.049	
Si5+	0.004	0.011	0.023	0.036	0.042	
10.0
Ion	0.0	0.1	1.0	10.0	100.0
Ca6+	0.032	0.052	0.065	0.105	0.157	
Ca7+	0.032	0.098	0.154	0.361	0.596	
Fe10+	0.041	0.061	0.103	0.170	0.218	
Fe8+	0.041	0.031	0.084	0.137	0.209	
S6+	0.040	0.050	0.069	0.117	0.153	
Si5+	0.012	0.049	0.066	0.117	0.174	
Step : 35
100.0
Ion	0.0	0.1	1.0	10.0	100.0
Ca6+	0.003	0.012	0.023	0.041	0.054	
Ca7+	0.005	0.037	0.062	0.092	0.194	
Fe10+	0.003	0.017	0.031	0.058	0.076	
Fe8+	0.003	0.013	0.027	0.043	0.068	
S6+	0.004	0.011	0.022	0.034	0.047	
10.0
Ion	0.0	0.1	1.0	10.0	100.0
Ca6+	0.041	0.028	0.073	0.132	0.155	
Ca7+	0.033	0.114	0.173	0.325	0.609	
Fe10+	0.032	0.030	0.088	0.189	0.248	
Fe8+	0.040	0.030	0.077	0.124	0.190	
S6+	0.041	0.048	0.067	0.108	0.174	
Step : 40
100.0
Ion	0.0	0.1	1.0	10.0	100.0
Ca7+	0.005	0.033	0.061	0.107	0.180	
Fe10+	0.004	0.019	0.031	0.053	0.074	
Fe8+	0.004	0.014	0.026	0.048	0.064	
S6+	0.004	0.012	0.019	0.034	0.042	
10.0
Ion	0.0	0.1	1.0	10.0	100.0
Ca7+	0.033	0.085	0.194	0.340	0.593	
Fe10+	0.012	0.064	0.101	0.185	0.282	
Fe8+	0.040	0.031	0.080	0.125	0.217	
S6+	0.040	0.010	0.063	0.118	0.150	
Step : 45
Step : 50
Step : 55
