Step : 1
Step : 5
100.0
Ion	0.0	0.1	1.0	10.0	100.0
Mg11+	0.003	0.029	0.046	0.080	0.142	
Mg9+	0.004	0.020	0.044	0.073	0.120	
Ne8+	0.005	0.032	0.050	0.080	0.110	
O7+	0.004	0.019	0.032	0.051	0.062	
S12+	0.004	0.019	0.034	0.060	0.105	
Si10+	0.001	0.012	0.018	0.036	0.049	
Si11+	0.005	0.043	0.079	0.152	0.317	
Si12+	0.005	0.059	0.096	0.191	0.367	
10.0
Ion	0.0	0.1	1.0	10.0	100.0
Mg11+	0.034	0.096	0.152	0.242	0.418	
Mg9+	0.033	0.028	0.120	0.211	0.352	
Ne8+	0.032	0.078	0.156	0.240	0.398	
O7+	0.032	0.065	0.081	0.152	0.189	
S12+	0.030	0.069	0.118	0.200	0.306	
Si10+	0.040	0.012	0.066	0.110	0.158	
Si11+	0.032	0.119	0.240	0.492	0.858	
Si12+	0.053	0.123	0.349	0.672	0.018	
Step : 10
100.0
Ion	0.0	0.1	1.0	10.0	100.0
Mg11+	0.003	0.030	0.046	0.077	0.123	
Mg9+	0.004	0.022	0.038	0.054	0.095	
Ne8+	0.005	0.031	0.053	0.083	0.118	
O7+	0.003	0.019	0.033	0.054	0.075	
S12+	0.003	0.019	0.035	0.064	0.101	
Si10+	0.001	0.010	0.021	0.035	0.047	
Si11+	0.005	0.055	0.089	0.177	0.337	
Si12+	0.005	0.043	0.072	0.159	0.341	
10.0
Ion	0.0	0.1	1.0	10.0	100.0
Mg11+	0.034	0.087	0.127	0.244	0.367	
Mg9+	0.028	0.072	0.135	0.184	0.313	
Ne8+	0.034	0.094	0.159	0.250	0.347	
O7+	0.033	0.074	0.117	0.194	0.249	
S12+	0.032	0.066	0.119	0.206	0.307	
Si10+	0.040	0.049	0.060	0.110	0.141	
Si11+	0.046	0.065	0.290	0.493	0.075	
Si12+	0.044	0.067	0.234	0.491	0.067	
Step : 15
100.0
Ion	0.0	0.1	1.0	10.0	100.0
C6+	0.004	0.005	0.007	0.011	0.015	
Fe20+	0.001	0.004	0.005	0.010	0.017	
Mg11+	0.003	0.023	0.048	0.074	0.120	
Mg9+	0.003	0.018	0.035	0.066	0.100	
N6+	0.004	0.012	0.016	0.027	0.037	
Ne8+	0.003	0.027	0.051	0.076	0.115	
O7+	0.003	0.022	0.039	0.058	0.077	
S12+	0.004	0.021	0.036	0.061	0.112	
Si10+	0.001	0.009	0.019	0.032	0.044	
Si11+	0.005	0.051	0.072	0.160	0.308	
Si12+	0.005	0.042	0.074	0.176	0.329	
10.0
Ion	0.0	0.1	1.0	10.0	100.0
C6+	0.010	0.040	0.041	0.043	0.033	
Fe20+	0.010	0.040	0.040	0.043	0.055	
Mg11+	0.042	0.087	0.151	0.246	0.369	
Mg9+	0.030	0.028	0.104	0.207	0.337	
N6+	0.013	0.050	0.063	0.087	0.109	
Ne8+	0.035	0.096	0.156	0.245	0.356	
O7+	0.035	0.080	0.109	0.189	0.272	
S12+	0.041	0.072	0.121	0.231	0.323	
Si10+	0.040	0.047	0.066	0.112	0.143	
Si11+	0.030	0.116	0.242	0.543	0.906	
Si12+	0.031	0.110	0.241	0.409	0.072	
Step : 20
100.0
Ion	0.0	0.1	1.0	10.0	100.0
C6+	0.004	0.003	0.007	0.012	0.013	
Fe20+	0.001	0.004	0.006	0.012	0.018	
Mg11+	0.004	0.024	0.041	0.075	0.125	
Mg9+	0.003	0.017	0.036	0.058	0.085	
N6+	0.003	0.012	0.022	0.026	0.035	
Ne8+	0.005	0.028	0.052	0.070	0.110	
O7+	0.005	0.022	0.036	0.054	0.105	
S12+	0.003	0.019	0.039	0.063	0.114	
Si10+	0.001	0.011	0.019	0.029	0.046	
Si11+	0.005	0.042	0.082	0.160	0.272	
Si12+	0.005	0.046	0.079	0.139	0.379	
10.0
Ion	0.0	0.1	1.0	10.0	100.0
C6+	0.010	0.041	0.042	0.011	0.032	
Fe20+	0.010	0.040	0.042	0.030	0.034	
Mg11+	0.034	0.085	0.130	0.243	0.346	
Mg9+	0.031	0.066	0.122	0.187	0.304	
N6+	0.041	0.030	0.069	0.095	0.115	
Ne8+	0.033	0.080	0.141	0.252	0.351	
O7+	0.035	0.084	0.135	0.192	0.266	
S12+	0.032	0.073	0.121	0.186	0.347	
Si10+	0.039	0.046	0.008	0.091	0.142	
Si11+	0.052	0.089	0.267	0.537	0.977	
Si12+	0.033	0.068	0.242	0.533	0.087	
Step : 25
100.0
Ion	0.0	0.1	1.0	10.0	100.0
C6+	0.004	0.003	0.007	0.011	0.015	
Fe20+	0.001	0.001	0.007	0.013	0.020	
Mg11+	0.003	0.023	0.043	0.072	0.106	
Mg9+	0.004	0.022	0.034	0.057	0.094	
N6+	0.004	0.013	0.021	0.032	0.032	
N7+	0.004	0.007	0.013	0.022	0.029	
Ne8+	0.005	0.030	0.043	0.075	0.100	
O7+	0.003	0.029	0.041	0.064	0.095	
S12+	0.003	0.020	0.037	0.055	0.107	
Si10+	0.001	0.009	0.017	0.030	0.041	
Si11+	0.005	0.045	0.086	0.147	0.283	
Si12+	0.005	0.038	0.072	0.149	0.319	
10.0
Ion	0.0	0.1	1.0	10.0	100.0
C6+	0.040	0.040	0.005	0.049	0.035	
Fe20+	0.040	0.041	0.041	0.015	0.064	
Mg11+	0.034	0.085	0.111	0.235	0.405	
Mg9+	0.032	0.030	0.128	0.173	0.287	
N6+	0.032	0.032	0.067	0.114	0.120	
N7+	0.040	0.043	0.047	0.066	0.081	
Ne8+	0.033	0.094	0.151	0.259	0.378	
O7+	0.033	0.090	0.146	0.229	0.319	
S12+	0.033	0.030	0.120	0.222	0.334	
Si10+	0.025	0.009	0.029	0.094	0.145	
Si11+	0.030	0.096	0.285	0.503	0.064	
Si12+	0.047	0.105	0.253	0.469	0.061	
Step : 30
100.0
Ion	0.0	0.1	1.0	10.0	100.0
C6+	0.004	0.005	0.010	0.013	0.017	
Fe20+	0.001	0.000	0.006	0.012	0.020	
Mg11+	0.003	0.024	0.045	0.072	0.126	
Mg9+	0.003	0.020	0.037	0.065	0.097	
N6+	0.003	0.014	0.023	0.031	0.034	
N7+	0.004	0.008	0.015	0.023	0.032	
Ne8+	0.005	0.027	0.038	0.068	0.122	
O7+	0.005	0.028	0.040	0.071	0.101	
S12+	0.004	0.020	0.037	0.069	0.090	
Si10+	0.001	0.009	0.018	0.028	0.046	
Si11+	0.005	0.048	0.083	0.149	0.255	
Si12+	0.005	0.045	0.082	0.162	0.347	
10.0
Ion	0.0	0.1	1.0	10.0	100.0
C6+	0.010	0.040	0.043	0.030	0.034	
Fe20+	0.010	0.040	0.004	0.048	0.062	
Mg11+	0.033	0.029	0.122	0.240	0.367	
Mg9+	0.031	0.064	0.122	0.203	0.341	
N6+	0.032	0.031	0.066	0.096	0.106	
N7+	0.040	0.043	0.049	0.065	0.108	
Ne8+	0.033	0.093	0.140	0.266	0.357	
O7+	0.035	0.095	0.158	0.239	0.295	
S12+	0.033	0.066	0.118	0.200	0.341	
Si10+	0.040	0.045	0.059	0.102	0.129	
Si11+	0.048	0.097	0.258	0.526	1.001	
Si12+	0.047	0.069	0.240	0.517	0.064	
Step : 35
100.0
Ion	0.0	0.1	1.0	10.0	100.0
C6+	0.004	0.005	0.008	0.014	0.019	
Fe20+	0.001	0.004	0.006	0.014	0.019	
Mg11+	0.004	0.023	0.045	0.069	0.124	
Mg9+	0.003	0.017	0.037	0.062	0.092	
N6+	0.003	0.015	0.022	0.030	0.046	
N7+	0.004	0.007	0.015	0.022	0.031	
Ne8+	0.003	0.030	0.047	0.072	0.119	
O7+	0.005	0.030	0.045	0.073	0.099	
S12+	0.003	0.020	0.044	0.072	0.093	
Si10+	0.001	0.009	0.017	0.029	0.044	
Si11+	0.005	0.048	0.080	0.153	0.294	
Si12+	0.003	0.043	0.071	0.172	0.344	
10.0
Ion	0.0	0.1	1.0	10.0	100.0
C6+	0.039	0.041	0.043	0.010	0.033	
Fe20+	0.010	0.041	0.043	0.050	0.075	
Mg11+	0.042	0.079	0.127	0.263	0.366	
Mg9+	0.033	0.065	0.113	0.200	0.342	
N6+	0.041	0.032	0.073	0.111	0.153	
N7+	0.040	0.046	0.032	0.073	0.106	
Ne8+	0.031	0.103	0.157	0.245	0.313	
O7+	0.034	0.086	0.157	0.238	0.334	
S12+	0.041	0.062	0.114	0.209	0.308	
Si10+	0.040	0.046	0.056	0.095	0.139	
Si11+	0.047	0.074	0.253	0.505	0.996	
Si12+	0.046	0.121	0.254	0.537	0.069	
Step : 40
100.0
Ion	0.0	0.1	1.0	10.0	100.0
C6+	0.004	0.005	0.010	0.014	0.017	
Fe20+	0.004	0.005	0.007	0.011	0.021	
Mg11+	0.004	0.026	0.042	0.073	0.108	
Mg9+	0.003	0.020	0.038	0.060	0.085	
N6+	0.003	0.013	0.020	0.030	0.036	
N7+	0.004	0.008	0.018	0.021	0.033	
Ne8+	0.003	0.028	0.046	0.071	0.111	
O7+	0.005	0.027	0.046	0.070	0.108	
S12+	0.004	0.019	0.034	0.063	0.104	
Si11+	0.003	0.047	0.084	0.150	0.275	
Si12+	0.005	0.043	0.082	0.167	0.339	
10.0
Ion	0.0	0.1	1.0	10.0	100.0
C6+	0.039	0.041	0.045	0.048	0.034	
Fe20+	0.010	0.040	0.043	0.046	0.061	
Mg11+	0.034	0.084	0.130	0.235	0.354	
Mg9+	0.032	0.065	0.121	0.181	0.306	
N6+	0.028	0.031	0.073	0.093	0.115	
N7+	0.040	0.009	0.034	0.064	0.097	
Ne8+	0.032	0.090	0.139	0.213	0.376	
O7+	0.034	0.090	0.144	0.215	0.323	
S12+	0.042	0.030	0.110	0.193	0.296	
Si11+	0.045	0.077	0.252	0.453	0.062	
Si12+	0.031	0.109	0.237	0.505	0.962	
Step : 45
100.0
Ion	0.0	0.1	1.0	10.0	100.0
C6+	0.004	0.006	0.009	0.015	0.021	
Fe20+	0.001	0.005	0.007	0.013	0.020	
Mg11+	0.003	0.022	0.041	0.069	0.107	
Mg9+	0.004	0.020	0.039	0.061	0.103	
N6+	0.004	0.012	0.025	0.032	0.038	
N7+	0.004	0.008	0.015	0.023	0.030	
Ne8+	0.004	0.027	0.042	0.069	0.104	
O7+	0.003	0.032	0.042	0.073	0.104	
S12+	0.003	0.020	0.036	0.065	0.087	
Si11+	0.005	0.049	0.079	0.161	0.256	
Si12+	0.005	0.046	0.075	0.172	0.360	
10.0
Ion	0.0	0.1	1.0	10.0	100.0
C6+	0.039	0.041	0.043	0.052	0.073	
Fe20+	0.039	0.040	0.042	0.049	0.071	
Mg11+	0.033	0.088	0.140	0.214	0.393	
Mg9+	0.031	0.067	0.114	0.185	0.334	
N6+	0.041	0.029	0.073	0.090	0.105	
N7+	0.040	0.042	0.031	0.069	0.102	
Ne8+	0.042	0.086	0.135	0.219	0.338	
O7+	0.042	0.080	0.151	0.215	0.313	
S12+	0.031	0.030	0.127	0.182	0.325	
Si11+	0.044	0.135	0.232	0.466	0.831	
Si12+	0.045	0.077	0.235	0.528	0.071	
Step : 50
100.0
Ion	0.0	0.1	1.0	10.0	100.0
C6+	0.001	0.006	0.010	0.013	0.019	
Fe20+	0.001	0.005	0.007	0.013	0.020	
Mg11+	0.003	0.021	0.043	0.076	0.125	
Mg9+	0.004	0.020	0.037	0.061	0.094	
N6+	0.004	0.013	0.022	0.035	0.042	
N7+	0.004	0.008	0.017	0.022	0.028	
Ne8+	0.004	0.026	0.049	0.061	0.103	
O7+	0.005	0.028	0.044	0.066	0.095	
S12+	0.003	0.020	0.039	0.064	0.092	
Si11+	0.005	0.045	0.081	0.124	0.260	
Si12+	0.003	0.043	0.080	0.161	0.324	
10.0
Ion	0.0	0.1	1.0	10.0	100.0
C6+	0.039	0.041	0.045	0.049	0.062	
Fe20+	0.010	0.040	0.042	0.049	0.061	
Mg11+	0.042	0.087	0.132	0.236	0.386	
Mg9+	0.041	0.029	0.104	0.184	0.296	
N6+	0.030	0.031	0.072	0.101	0.138	
N7+	0.040	0.005	0.031	0.077	0.113	
Ne8+	0.031	0.087	0.136	0.270	0.364	
O7+	0.033	0.087	0.141	0.254	0.292	
S12+	0.031	0.069	0.109	0.216	0.315	
Si11+	0.033	0.104	0.272	0.470	0.850	
Si12+	0.045	0.112	0.226	0.517	0.085	
Step : 55
100.0
Ion	0.0	0.1	1.0	10.0	100.0
C6+	0.004	0.006	0.009	0.015	0.020	
Fe20+	0.001	0.001	0.006	0.011	0.021	
Mg11+	0.004	0.022	0.042	0.080	0.127	
Mg9+	0.003	0.021	0.036	0.057	0.092	
N6+	0.004	0.013	0.019	0.030	0.039	
N7+	0.004	0.009	0.013	0.024	0.028	
Ne8+	0.003	0.026	0.048	0.073	0.106	
O7+	0.005	0.028	0.041	0.076	0.103	
S12+	0.004	0.019	0.040	0.064	0.104	
Si11+	0.003	0.039	0.072	0.152	0.225	
Si12+	0.005	0.040	0.071	0.177	0.308	
10.0
Ion	0.0	0.1	1.0	10.0	100.0
C6+	0.010	0.042	0.046	0.031	0.069	
Fe20+	0.039	0.041	0.042	0.014	0.062	
Mg11+	0.033	0.080	0.142	0.213	0.376	
Mg9+	0.032	0.067	0.112	0.184	0.293	
N6+	0.040	0.030	0.074	0.105	0.109	
N7+	0.026	0.007	0.033	0.071	0.109	
Ne8+	0.034	0.093	0.145	0.225	0.333	
O7+	0.031	0.088	0.127	0.198	0.320	
S12+	0.031	0.028	0.109	0.223	0.316	
Si11+	0.032	0.073	0.233	0.481	0.842	
Si12+	0.046	0.069	0.249	0.503	0.070	
