Step : 1
Step : 5
100.0
Ion	0.0	0.1	1.0	10.0	100.0
Mg10+	0.003	0.025	0.044	0.096	0.156	
N7+	0.004	0.010	0.015	0.025	0.038	
Ne8+	0.004	0.008	0.012	0.020	0.031	
O7+	0.004	0.010	0.016	0.025	0.035	
O8+	0.003	0.018	0.027	0.044	0.065	
Si11+	0.001	0.011	0.021	0.038	0.052	
Si12+	0.005	0.046	0.073	0.144	0.263	
10.0
Ion	0.0	0.1	1.0	10.0	100.0
Mg10+	0.031	0.082	0.147	0.286	0.577	
N7+	0.040	0.010	0.055	0.082	0.109	
Ne8+	0.040	0.044	0.029	0.069	0.099	
O7+	0.040	0.049	0.033	0.072	0.097	
O8+	0.041	0.060	0.102	0.157	0.242	
Si11+	0.040	0.048	0.065	0.109	0.152	
Si12+	0.046	0.128	0.215	0.417	0.851	
Step : 10
100.0
Ion	0.0	0.1	1.0	10.0	100.0
Mg10+	0.004	0.028	0.042	0.077	0.133	
Mg12+	0.005	0.029	0.057	0.090	0.126	
N7+	0.004	0.011	0.018	0.030	0.044	
Ne8+	0.004	0.006	0.010	0.020	0.025	
O7+	0.004	0.009	0.018	0.027	0.031	
O8+	0.003	0.022	0.031	0.056	0.077	
Si11+	0.004	0.011	0.021	0.031	0.048	
Si12+	0.003	0.042	0.078	0.140	0.251	
10.0
Ion	0.0	0.1	1.0	10.0	100.0
Mg10+	0.034	0.093	0.155	0.265	0.411	
Mg12+	0.033	0.095	0.157	0.265	0.438	
N7+	0.040	0.030	0.068	0.093	0.117	
Ne8+	0.040	0.041	0.045	0.060	0.075	
O7+	0.027	0.046	0.060	0.079	0.102	
O8+	0.040	0.074	0.109	0.172	0.251	
Si11+	0.025	0.030	0.065	0.112	0.183	
Si12+	0.031	0.086	0.230	0.470	0.887	
Step : 15
100.0
Ion	0.0	0.1	1.0	10.0	100.0
Mg10+	0.003	0.022	0.044	0.077	0.119	
Mg12+	0.004	0.029	0.052	0.086	0.141	
N7+	0.003	0.013	0.022	0.030	0.044	
Ne8+	0.004	0.006	0.009	0.017	0.023	
O7+	0.004	0.010	0.017	0.024	0.038	
O8+	0.003	0.021	0.034	0.060	0.086	
Si11+	0.001	0.009	0.021	0.031	0.047	
Si12+	0.005	0.044	0.080	0.136	0.263	
10.0
Ion	0.0	0.1	1.0	10.0	100.0
Mg10+	0.033	0.080	0.132	0.243	0.368	
Mg12+	0.042	0.094	0.152	0.294	0.455	
N7+	0.040	0.047	0.061	0.102	0.154	
Ne8+	0.040	0.042	0.009	0.032	0.073	
O7+	0.012	0.051	0.056	0.087	0.103	
O8+	0.036	0.030	0.110	0.177	0.283	
Si11+	0.040	0.046	0.031	0.104	0.150	
Si12+	0.045	0.103	0.266	0.435	0.881	
Step : 20
100.0
Ion	0.0	0.1	1.0	10.0	100.0
Fe22+	0.001	0.004	0.003	0.010	0.014	
Mg10+	0.003	0.024	0.042	0.070	0.109	
Mg12+	0.005	0.026	0.051	0.080	0.141	
N7+	0.003	0.014	0.021	0.037	0.044	
Ne8+	0.001	0.005	0.011	0.016	0.022	
O7+	0.004	0.008	0.015	0.027	0.030	
O8+	0.003	0.022	0.039	0.058	0.094	
Si11+	0.001	0.009	0.019	0.032	0.042	
Si12+	0.003	0.047	0.076	0.129	0.271	
10.0
Ion	0.0	0.1	1.0	10.0	100.0
Fe22+	0.010	0.040	0.004	0.007	0.031	
Mg10+	0.030	0.080	0.028	0.233	0.365	
Mg12+	0.036	0.092	0.162	0.284	0.495	
N7+	0.012	0.029	0.081	0.118	0.141	
Ne8+	0.040	0.041	0.047	0.030	0.064	
O7+	0.041	0.028	0.063	0.099	0.103	
O8+	0.036	0.030	0.109	0.193	0.301	
Si11+	0.040	0.010	0.056	0.096	0.144	
Si12+	0.047	0.115	0.207	0.401	0.931	
Step : 25
100.0
Ion	0.0	0.1	1.0	10.0	100.0
Fe22+	0.001	0.004	0.006	0.011	0.020	
Mg10+	0.004	0.024	0.039	0.073	0.091	
Mg12+	0.003	0.028	0.049	0.087	0.134	
N7+	0.003	0.013	0.025	0.037	0.050	
Ne8+	0.004	0.003	0.010	0.016	0.024	
O7+	0.003	0.011	0.019	0.030	0.036	
O8+	0.003	0.024	0.037	0.062	0.095	
Si11+	0.001	0.010	0.017	0.032	0.031	
Si12+	0.003	0.037	0.071	0.137	0.232	
10.0
Ion	0.0	0.1	1.0	10.0	100.0
Fe22+	0.039	0.040	0.041	0.051	0.064	
Mg10+	0.032	0.078	0.143	0.278	0.348	
Mg12+	0.032	0.078	0.170	0.249	0.478	
N7+	0.032	0.029	0.080	0.120	0.150	
Ne8+	0.039	0.041	0.006	0.032	0.066	
O7+	0.040	0.000	0.060	0.091	0.120	
O8+	0.032	0.086	0.122	0.192	0.340	
Si11+	0.040	0.045	0.032	0.090	0.129	
Si12+	0.032	0.075	0.218	0.401	0.850	
Step : 30
100.0
Ion	0.0	0.1	1.0	10.0	100.0
Fe22+	0.001	0.001	0.006	0.011	0.019	
Mg10+	0.003	0.022	0.043	0.069	0.124	
Mg12+	0.004	0.026	0.043	0.083	0.134	
N7+	0.003	0.015	0.027	0.038	0.055	
Ne8+	0.004	0.006	0.009	0.017	0.025	
O7+	0.003	0.010	0.018	0.029	0.036	
O8+	0.005	0.024	0.039	0.065	0.101	
Si11+	0.001	0.009	0.018	0.033	0.040	
Si12+	0.005	0.046	0.073	0.126	0.249	
10.0
Ion	0.0	0.1	1.0	10.0	100.0
Fe22+	0.010	0.040	0.042	0.000	0.031	
Mg10+	0.034	0.028	0.142	0.263	0.358	
Mg12+	0.034	0.093	0.152	0.264	0.400	
N7+	0.040	0.029	0.069	0.120	0.145	
Ne8+	0.024	0.040	0.044	0.032	0.069	
O7+	0.040	0.047	0.061	0.094	0.117	
O8+	0.032	0.078	0.122	0.198	0.291	
Si11+	0.040	0.046	0.032	0.104	0.144	
Si12+	0.047	0.117	0.243	0.378	0.882	
Step : 35
100.0
Ion	0.0	0.1	1.0	10.0	100.0
Fe22+	0.001	0.005	0.006	0.012	0.019	
Mg10+	0.003	0.022	0.045	0.071	0.118	
Mg12+	0.004	0.026	0.053	0.093	0.145	
N7+	0.004	0.018	0.025	0.036	0.058	
Ne8+	0.004	0.006	0.009	0.015	0.020	
O7+	0.004	0.012	0.019	0.028	0.039	
O8+	0.003	0.026	0.047	0.068	0.099	
Si11+	0.001	0.010	0.017	0.027	0.047	
Si12+	0.005	0.036	0.068	0.129	0.244	
10.0
Ion	0.0	0.1	1.0	10.0	100.0
Fe22+	0.010	0.039	0.042	0.015	0.000	
Mg10+	0.030	0.080	0.137	0.234	0.400	
Mg12+	0.035	0.080	0.168	0.297	0.485	
N7+	0.032	0.057	0.080	0.143	0.186	
Ne8+	0.040	0.041	0.045	0.031	0.070	
O7+	0.040	0.047	0.064	0.093	0.111	
O8+	0.032	0.083	0.137	0.204	0.290	
Si11+	0.040	0.048	0.060	0.100	0.157	
Si12+	0.045	0.114	0.241	0.425	0.896	
Step : 40
100.0
Ion	0.0	0.1	1.0	10.0	100.0
Fe22+	0.001	0.004	0.007	0.014	0.019	
Mg10+	0.003	0.018	0.041	0.073	0.124	
Mg12+	0.003	0.028	0.050	0.087	0.138	
N7+	0.004	0.015	0.028	0.039	0.054	
Ne8+	0.004	0.006	0.010	0.014	0.020	
O7+	0.004	0.012	0.018	0.030	0.034	
O8+	0.005	0.027	0.040	0.071	0.099	
Si11+	0.001	0.009	0.017	0.033	0.045	
Si12+	0.005	0.040	0.069	0.119	0.240	
10.0
Ion	0.0	0.1	1.0	10.0	100.0
Fe22+	0.010	0.040	0.041	0.048	0.032	
Mg10+	0.031	0.072	0.126	0.218	0.381	
Mg12+	0.033	0.084	0.150	0.290	0.533	
N7+	0.032	0.031	0.080	0.140	0.160	
Ne8+	0.010	0.040	0.045	0.035	0.070	
O7+	0.013	0.011	0.060	0.084	0.104	
O8+	0.042	0.086	0.114	0.200	0.300	
Si11+	0.040	0.045	0.058	0.093	0.152	
Si12+	0.032	0.113	0.226	0.392	0.847	
Step : 45
100.0
Ion	0.0	0.1	1.0	10.0	100.0
Fe22+	0.001	0.005	0.007	0.012	0.020	
Mg10+	0.003	0.023	0.040	0.075	0.106	
Mg12+	0.003	0.028	0.053	0.082	0.140	
N7+	0.003	0.015	0.024	0.044	0.057	
Ne8+	0.004	0.005	0.008	0.013	0.018	
O7+	0.004	0.010	0.018	0.026	0.041	
O8+	0.003	0.023	0.043	0.072	0.101	
Si11+	0.001	0.009	0.018	0.030	0.039	
Si12+	0.005	0.038	0.078	0.138	0.217	
10.0
Ion	0.0	0.1	1.0	10.0	100.0
Fe22+	0.010	0.040	0.042	0.049	0.068	
Mg10+	0.033	0.083	0.135	0.260	0.321	
Mg12+	0.042	0.104	0.144	0.273	0.463	
N7+	0.032	0.031	0.082	0.127	0.167	
Ne8+	0.040	0.041	0.045	0.030	0.063	
O7+	0.013	0.052	0.062	0.087	0.107	
O8+	0.032	0.088	0.143	0.195	0.346	
Si11+	0.040	0.005	0.057	0.086	0.130	
Si12+	0.034	0.085	0.203	0.404	0.942	
Step : 50
100.0
Ion	0.0	0.1	1.0	10.0	100.0
Fe22+	0.001	0.004	0.007	0.013	0.021	
Mg10+	0.004	0.021	0.043	0.066	0.132	
Mg12+	0.003	0.028	0.045	0.088	0.123	
N7+	0.003	0.015	0.027	0.044	0.059	
Ne8+	0.001	0.006	0.008	0.014	0.019	
O7+	0.001	0.012	0.019	0.025	0.036	
O8+	0.005	0.026	0.045	0.075	0.113	
Si11+	0.004	0.009	0.017	0.029	0.044	
Si12+	0.003	0.045	0.071	0.127	0.240	
10.0
Ion	0.0	0.1	1.0	10.0	100.0
Fe22+	0.010	0.040	0.000	0.050	0.067	
Mg10+	0.032	0.085	0.136	0.207	0.374	
Mg12+	0.033	0.098	0.137	0.266	0.416	
N7+	0.041	0.028	0.082	0.130	0.194	
Ne8+	0.040	0.004	0.044	0.030	0.075	
O7+	0.040	0.010	0.055	0.090	0.105	
O8+	0.032	0.075	0.120	0.211	0.312	
Si11+	0.040	0.045	0.056	0.095	0.135	
Si12+	0.033	0.119	0.206	0.471	0.929	
Step : 55
100.0
Ion	0.0	0.1	1.0	10.0	100.0
Fe22+	0.001	0.004	0.007	0.011	0.020	
Mg10+	0.003	0.023	0.044	0.067	0.121	
Mg12+	0.004	0.026	0.049	0.088	0.142	
N7+	0.004	0.017	0.025	0.041	0.060	
Ne8+	0.004	0.001	0.009	0.013	0.020	
O7+	0.004	0.013	0.020	0.025	0.039	
O8+	0.003	0.026	0.041	0.074	0.108	
Si11+	0.001	0.009	0.018	0.029	0.041	
Si12+	0.005	0.036	0.073	0.124	0.206	
10.0
Ion	0.0	0.1	1.0	10.0	100.0
Fe22+	0.010	0.040	0.043	0.009	0.060	
Mg10+	0.031	0.080	0.129	0.254	0.352	
Mg12+	0.031	0.090	0.159	0.249	0.496	
N7+	0.032	0.029	0.091	0.139	0.192	
Ne8+	0.040	0.042	0.045	0.051	0.068	
O7+	0.040	0.029	0.064	0.082	0.116	
O8+	0.030	0.086	0.148	0.209	0.365	
Si11+	0.040	0.047	0.059	0.093	0.119	
Si12+	0.033	0.098	0.231	0.446	0.894	
