Step : 1
Step : 5
Step : 10
100.0
Ion	0.0	0.1	1.0	10.0	100.0
Mg11+	0.004	0.031	0.054	0.085	0.147	
O8+	0.004	0.016	0.024	0.038	0.044	
Si12+	0.001	0.010	0.021	0.037	0.045	
10.0
Ion	0.0	0.1	1.0	10.0	100.0
Mg11+	0.032	0.096	0.152	0.303	0.518	
O8+	0.033	0.062	0.084	0.141	0.144	
Si12+	0.040	0.012	0.068	0.101	0.157	
Step : 15
100.0
Ion	0.0	0.1	1.0	10.0	100.0
Mg11+	0.003	0.029	0.050	0.100	0.157	
O8+	0.004	0.018	0.028	0.039	0.058	
Si12+	0.001	0.010	0.019	0.035	0.055	
10.0
Ion	0.0	0.1	1.0	10.0	100.0
Mg11+	0.033	0.090	0.157	0.254	0.421	
O8+	0.034	0.032	0.089	0.128	0.178	
Si12+	0.040	0.046	0.063	0.107	0.169	
Step : 20
100.0
Ion	0.0	0.1	1.0	10.0	100.0
Fe24+	0.001	0.004	0.003	0.009	0.017	
Mg11+	0.004	0.032	0.055	0.097	0.154	
O8+	0.004	0.019	0.027	0.041	0.057	
Si12+	0.004	0.010	0.018	0.033	0.042	
10.0
Ion	0.0	0.1	1.0	10.0	100.0
Fe24+	0.010	0.040	0.041	0.042	0.029	
Mg11+	0.034	0.085	0.184	0.283	0.518	
O8+	0.031	0.066	0.097	0.155	0.193	
Si12+	0.025	0.049	0.059	0.096	0.168	
Step : 25
100.0
Ion	0.0	0.1	1.0	10.0	100.0
Fe24+	0.001	0.004	0.006	0.011	0.017	
Mg11+	0.004	0.026	0.046	0.095	0.131	
O8+	0.004	0.020	0.030	0.041	0.060	
Si12+	0.001	0.010	0.021	0.029	0.044	
10.0
Ion	0.0	0.1	1.0	10.0	100.0
Fe24+	0.010	0.040	0.040	0.046	0.033	
Mg11+	0.033	0.086	0.165	0.279	0.461	
O8+	0.034	0.031	0.109	0.157	0.176	
Si12+	0.040	0.036	0.061	0.089	0.136	
Step : 30
100.0
Ion	0.0	0.1	1.0	10.0	100.0
Fe24+	0.001	0.004	0.000	0.009	0.021	
Mg11+	0.005	0.030	0.051	0.078	0.134	
O8+	0.004	0.018	0.031	0.045	0.060	
Si12+	0.001	0.010	0.018	0.035	0.045	
10.0
Ion	0.0	0.1	1.0	10.0	100.0
Fe24+	0.010	0.040	0.042	0.047	0.063	
Mg11+	0.043	0.092	0.162	0.269	0.428	
O8+	0.032	0.028	0.096	0.155	0.203	
Si12+	0.039	0.009	0.054	0.111	0.131	
Step : 35
100.0
Ion	0.0	0.1	1.0	10.0	100.0
Fe24+	0.001	0.004	0.007	0.012	0.017	
Mg11+	0.005	0.030	0.054	0.083	0.124	
O8+	0.004	0.019	0.031	0.047	0.051	
Si12+	0.001	0.010	0.019	0.029	0.043	
10.0
Ion	0.0	0.1	1.0	10.0	100.0
Fe24+	0.010	0.040	0.041	0.009	0.061	
Mg11+	0.033	0.095	0.153	0.272	0.485	
O8+	0.042	0.060	0.099	0.154	0.207	
Si12+	0.040	0.010	0.031	0.093	0.149	
Step : 40
100.0
Ion	0.0	0.1	1.0	10.0	100.0
Fe24+	0.001	0.005	0.006	0.012	0.018	
Mg11+	0.003	0.027	0.050	0.092	0.136	
O8+	0.003	0.020	0.032	0.049	0.062	
Si12+	0.001	0.009	0.019	0.031	0.044	
10.0
Ion	0.0	0.1	1.0	10.0	100.0
Fe24+	0.010	0.040	0.042	0.047	0.059	
Mg11+	0.034	0.094	0.151	0.275	0.430	
O8+	0.032	0.061	0.109	0.144	0.200	
Si12+	0.039	0.046	0.058	0.104	0.138	
Step : 45
100.0
Ion	0.0	0.1	1.0	10.0	100.0
Fe24+	0.004	0.004	0.006	0.012	0.018	
Mg11+	0.004	0.025	0.048	0.080	0.151	
O8+	0.004	0.021	0.027	0.045	0.063	
Si12+	0.001	0.010	0.017	0.035	0.047	
10.0
Ion	0.0	0.1	1.0	10.0	100.0
Fe24+	0.010	0.040	0.043	0.049	0.031	
Mg11+	0.032	0.077	0.168	0.295	0.518	
O8+	0.035	0.068	0.097	0.165	0.214	
Si12+	0.040	0.044	0.056	0.093	0.135	
Step : 50
100.0
Ion	0.0	0.1	1.0	10.0	100.0
Fe24+	0.001	0.001	0.007	0.012	0.019	
Mg11+	0.004	0.028	0.057	0.087	0.131	
O8+	0.004	0.020	0.033	0.052	0.069	
Si12+	0.001	0.010	0.017	0.030	0.040	
10.0
Ion	0.0	0.1	1.0	10.0	100.0
Fe24+	0.010	0.040	0.042	0.048	0.064	
Mg11+	0.031	0.087	0.143	0.257	0.424	
O8+	0.031	0.064	0.120	0.129	0.183	
Si12+	0.039	0.045	0.059	0.100	0.130	
Step : 55
100.0
Ion	0.0	0.1	1.0	10.0	100.0
Fe24+	0.001	0.004	0.006	0.011	0.018	
Mg11+	0.004	0.029	0.045	0.071	0.139	
O8+	0.003	0.019	0.033	0.049	0.064	
Si12+	0.001	0.009	0.017	0.030	0.045	
10.0
Ion	0.0	0.1	1.0	10.0	100.0
Fe24+	0.010	0.040	0.042	0.047	0.061	
Mg11+	0.036	0.089	0.153	0.276	0.427	
O8+	0.035	0.068	0.109	0.151	0.198	
Si12+	0.040	0.045	0.031	0.086	0.139	
