Step : 1
100.0
Ion	0.0	0.1	1.0	10.0	100.0
Ca9+	0.004	0.012	0.025	0.041	0.054	
Mg7+	0.004	0.009	0.018	0.029	0.041	
N4+	0.004	0.007	0.013	0.021	0.031	
O4+	0.004	0.015	0.024	0.039	0.044	
S7+	0.001	0.012	0.025	0.042	0.067	
S8+	0.004	0.028	0.062	0.102	0.200	
Si6+	0.001	0.010	0.020	0.036	0.051	
Si7+	0.005	0.064	0.104	0.225	0.590	
Si8+	0.004	0.010	0.020	0.032	0.044	
10.0
Ion	0.0	0.1	1.0	10.0	100.0
Ca9+	0.040	0.027	0.063	0.118	0.156	
Mg7+	0.039	0.012	0.059	0.087	0.141	
N4+	0.040	0.044	0.053	0.064	0.094	
O4+	0.042	0.030	0.093	0.124	0.164	
S7+	0.040	0.052	0.068	0.127	0.236	
S8+	0.031	0.098	0.182	0.337	0.788	
Si6+	0.040	0.045	0.067	0.120	0.162	
Si7+	0.054	0.069	0.314	0.748	0.024	
Si8+	0.040	0.012	0.061	0.099	0.161	
Step : 5
100.0
Ion	0.0	0.1	1.0	10.0	100.0
Ca10+	0.001	0.009	0.019	0.037	0.055	
Ca9+	0.004	0.010	0.023	0.037	0.066	
Mg7+	0.004	0.009	0.015	0.025	0.034	
N4+	0.004	0.011	0.016	0.029	0.035	
O4+	0.004	0.020	0.028	0.044	0.056	
S7+	0.004	0.014	0.026	0.053	0.066	
S8+	0.003	0.026	0.050	0.096	0.207	
S9+	0.004	0.006	0.012	0.020	0.029	
Si6+	0.004	0.010	0.018	0.035	0.042	
Si7+	0.005	0.058	0.106	0.214	0.599	
Si8+	0.004	0.007	0.014	0.027	0.042	
10.0
Ion	0.0	0.1	1.0	10.0	100.0
Ca10+	0.039	0.043	0.059	0.114	0.178	
Ca9+	0.040	0.030	0.069	0.110	0.174	
Mg7+	0.040	0.045	0.031	0.082	0.104	
N4+	0.040	0.048	0.055	0.084	0.115	
O4+	0.032	0.067	0.096	0.132	0.185	
S7+	0.040	0.031	0.080	0.154	0.222	
S8+	0.033	0.087	0.146	0.314	0.733	
S9+	0.039	0.042	0.047	0.070	0.102	
Si6+	0.040	0.028	0.065	0.099	0.143	
Si7+	0.029	0.062	0.386	0.790	0.051	
Si8+	0.040	0.044	0.052	0.084	0.115	
Step : 10
100.0
Ion	0.0	0.1	1.0	10.0	100.0
Ca10+	0.001	0.010	0.021	0.040	0.057	
Ca9+	0.004	0.012	0.022	0.037	0.066	
Fe12+	0.001	0.005	0.007	0.013	0.020	
Mg7+	0.004	0.007	0.016	0.025	0.038	
N4+	0.003	0.003	0.020	0.038	0.052	
O4+	0.004	0.020	0.039	0.050	0.068	
S7+	0.004	0.014	0.027	0.041	0.061	
S8+	0.003	0.028	0.051	0.105	0.232	
S9+	0.001	0.006	0.011	0.021	0.031	
Si6+	0.001	0.009	0.018	0.030	0.037	
Si7+	0.002	0.061	0.121	0.227	0.612	
Si8+	0.004	0.007	0.015	0.029	0.037	
10.0
Ion	0.0	0.1	1.0	10.0	100.0
Ca10+	0.040	0.000	0.060	0.118	0.253	
Ca9+	0.040	0.049	0.072	0.120	0.167	
Fe12+	0.040	0.040	0.041	0.049	0.069	
Mg7+	0.040	0.046	0.033	0.077	0.128	
N4+	0.040	0.030	0.076	0.123	0.146	
O4+	0.033	0.030	0.105	0.153	0.234	
S7+	0.040	0.029	0.078	0.123	0.204	
S8+	0.032	0.090	0.182	0.287	0.773	
S9+	0.039	0.042	0.046	0.068	0.114	
Si6+	0.040	0.045	0.059	0.086	0.129	
Si7+	0.051	0.064	0.384	0.786	0.031	
Si8+	0.040	0.043	0.056	0.078	0.118	
Step : 15
100.0
Ion	0.0	0.1	1.0	10.0	100.0
Ca10+	0.001	0.010	0.025	0.043	0.066	
Ca9+	0.004	0.012	0.022	0.046	0.068	
Fe12+	0.001	0.001	0.007	0.014	0.023	
Mg7+	0.004	0.007	0.014	0.028	0.036	
N4+	0.003	0.014	0.024	0.040	0.055	
O4+	0.004	0.019	0.031	0.055	0.063	
S7+	0.004	0.015	0.025	0.047	0.063	
S8+	0.003	0.026	0.050	0.111	0.194	
S9+	0.001	0.003	0.010	0.018	0.028	
Si7+	0.005	0.075	0.106	0.225	0.606	
Si8+	0.001	0.007	0.014	0.024	0.042	
10.0
Ion	0.0	0.1	1.0	10.0	100.0
Ca10+	0.039	0.048	0.066	0.117	0.192	
Ca9+	0.040	0.050	0.069	0.136	0.256	
Fe12+	0.010	0.040	0.042	0.051	0.074	
Mg7+	0.010	0.042	0.030	0.079	0.112	
N4+	0.041	0.029	0.080	0.150	0.181	
O4+	0.033	0.064	0.099	0.163	0.220	
S7+	0.040	0.030	0.089	0.128	0.220	
S8+	0.042	0.093	0.184	0.312	0.723	
S9+	0.040	0.040	0.028	0.058	0.099	
Si7+	0.050	0.062	0.355	0.920	0.055	
Si8+	0.039	0.044	0.051	0.081	0.139	
Step : 20
100.0
Ion	0.0	0.1	1.0	10.0	100.0
Ca10+	0.001	0.008	0.021	0.039	0.068	
Ca9+	0.004	0.013	0.025	0.041	0.069	
Fe12+	0.001	0.004	0.007	0.013	0.023	
Mg7+	0.004	0.007	0.015	0.021	0.032	
N4+	0.003	0.014	0.025	0.045	0.060	
O4+	0.003	0.020	0.032	0.052	0.070	
S7+	0.004	0.014	0.022	0.039	0.054	
S8+	0.003	0.025	0.055	0.105	0.177	
S9+	0.004	0.006	0.011	0.021	0.032	
Si7+	0.003	0.063	0.118	0.242	0.666	
Si8+	0.004	0.007	0.016	0.025	0.039	
10.0
Ion	0.0	0.1	1.0	10.0	100.0
Ca10+	0.010	0.047	0.068	0.132	0.229	
Ca9+	0.040	0.056	0.071	0.120	0.196	
Fe12+	0.010	0.040	0.043	0.051	0.076	
Mg7+	0.040	0.042	0.031	0.073	0.103	
N4+	0.040	0.029	0.079	0.128	0.193	
O4+	0.041	0.070	0.112	0.181	0.240	
S7+	0.040	0.028	0.076	0.134	0.195	
S8+	0.031	0.098	0.162	0.307	0.720	
S9+	0.010	0.041	0.047	0.057	0.093	
Si7+	0.029	0.070	0.365	0.836	0.016	
Si8+	0.040	0.043	0.035	0.075	0.122	
Step : 25
100.0
Ion	0.0	0.1	1.0	10.0	100.0
Ca10+	0.001	0.010	0.024	0.038	0.076	
Ca9+	0.003	0.011	0.024	0.039	0.068	
Fe12+	0.004	0.001	0.007	0.015	0.023	
Mg7+	0.004	0.007	0.015	0.022	0.028	
N4+	0.003	0.016	0.028	0.046	0.064	
O4+	0.005	0.019	0.035	0.054	0.082	
S7+	0.004	0.012	0.024	0.038	0.058	
S8+	0.004	0.027	0.055	0.108	0.198	
S9+	0.004	0.003	0.012	0.019	0.028	
Si7+	0.005	0.063	0.119	0.257	0.589	
Si8+	0.004	0.008	0.014	0.029	0.039	
10.0
Ion	0.0	0.1	1.0	10.0	100.0
Ca10+	0.040	0.045	0.076	0.129	0.259	
Ca9+	0.013	0.029	0.079	0.128	0.220	
Fe12+	0.010	0.041	0.042	0.032	0.072	
Mg7+	0.040	0.044	0.049	0.076	0.115	
N4+	0.031	0.030	0.089	0.135	0.211	
O4+	0.031	0.028	0.099	0.159	0.247	
S7+	0.040	0.027	0.076	0.138	0.219	
S8+	0.028	0.096	0.171	0.355	0.710	
S9+	0.039	0.041	0.046	0.061	0.094	
Si7+	0.050	0.171	0.393	0.887	0.024	
Si8+	0.039	0.045	0.052	0.077	0.126	
Step : 30
100.0
Ion	0.0	0.1	1.0	10.0	100.0
Ca10+	0.001	0.010	0.023	0.040	0.064	
Ca9+	0.004	0.013	0.021	0.045	0.063	
Fe12+	0.004	0.003	0.008	0.013	0.023	
Mg7+	0.004	0.003	0.014	0.024	0.032	
N4+	0.003	0.016	0.026	0.053	0.067	
O4+	0.003	0.023	0.035	0.062	0.074	
S7+	0.004	0.012	0.021	0.036	0.052	
S8+	0.004	0.027	0.054	0.114	0.216	
S9+	0.004	0.006	0.011	0.023	0.033	
Si7+	0.005	0.064	0.119	0.245	0.501	
Si8+	0.004	0.003	0.016	0.028	0.040	
10.0
Ion	0.0	0.1	1.0	10.0	100.0
Ca10+	0.026	0.045	0.063	0.108	0.198	
Ca9+	0.039	0.052	0.082	0.135	0.233	
Fe12+	0.039	0.040	0.042	0.050	0.066	
Mg7+	0.039	0.006	0.033	0.079	0.110	
N4+	0.029	0.030	0.093	0.137	0.211	
O4+	0.034	0.087	0.111	0.184	0.240	
S7+	0.026	0.027	0.075	0.124	0.207	
S8+	0.030	0.096	0.184	0.332	0.770	
S9+	0.039	0.041	0.046	0.062	0.099	
Si7+	0.030	0.067	0.368	0.868	0.023	
Si8+	0.040	0.004	0.052	0.074	0.137	
Step : 35
100.0
Ion	0.0	0.1	1.0	10.0	100.0
Ca10+	0.001	0.009	0.021	0.046	0.063	
Ca9+	0.004	0.012	0.025	0.046	0.063	
Fe12+	0.001	0.004	0.007	0.014	0.022	
Mg7+	0.004	0.008	0.013	0.021	0.033	
N4+	0.004	0.018	0.030	0.052	0.081	
O4+	0.004	0.023	0.042	0.070	0.093	
S7+	0.001	0.011	0.028	0.043	0.055	
S8+	0.004	0.028	0.058	0.102	0.238	
S9+	0.004	0.003	0.011	0.019	0.029	
Si7+	0.003	0.072	0.109	0.252	0.549	
Si8+	0.004	0.008	0.015	0.030	0.042	
10.0
Ion	0.0	0.1	1.0	10.0	100.0
Ca10+	0.039	0.045	0.073	0.124	0.199	
Ca9+	0.040	0.028	0.074	0.144	0.221	
Fe12+	0.010	0.040	0.006	0.030	0.067	
Mg7+	0.040	0.042	0.029	0.072	0.113	
N4+	0.032	0.063	0.091	0.190	0.259	
O4+	0.033	0.085	0.121	0.235	0.359	
S7+	0.040	0.029	0.075	0.129	0.186	
S8+	0.031	0.098	0.159	0.316	0.823	
S9+	0.010	0.041	0.046	0.064	0.099	
Si7+	0.053	0.010	0.419	1.014	0.048	
Si8+	0.040	0.042	0.031	0.071	0.131	
Step : 40
100.0
Ion	0.0	0.1	1.0	10.0	100.0
Ca10+	0.001	0.011	0.026	0.042	0.069	
Ca9+	0.004	0.012	0.026	0.047	0.063	
Fe12+	0.004	0.004	0.007	0.012	0.022	
Mg7+	0.004	0.007	0.013	0.025	0.032	
N4+	0.003	0.019	0.037	0.058	0.084	
S7+	0.001	0.013	0.023	0.040	0.067	
S8+	0.001	0.026	0.057	0.099	0.200	
S9+	0.001	0.003	0.010	0.019	0.029	
Si7+	0.004	0.069	0.118	0.264	0.730	
Si8+	0.004	0.008	0.016	0.026	0.042	
10.0
Ion	0.0	0.1	1.0	10.0	100.0
Ca10+	0.039	0.050	0.068	0.141	0.225	
Ca9+	0.040	0.029	0.070	0.122	0.231	
Fe12+	0.010	0.040	0.042	0.048	0.068	
Mg7+	0.010	0.043	0.029	0.069	0.112	
N4+	0.041	0.066	0.104	0.154	0.269	
S7+	0.040	0.045	0.066	0.124	0.199	
S8+	0.034	0.095	0.192	0.317	0.861	
S9+	0.039	0.041	0.044	0.057	0.099	
Si7+	0.051	0.069	0.443	0.788	0.021	
Si8+	0.040	0.045	0.050	0.090	0.138	
Step : 45
100.0
Ion	0.0	0.1	1.0	10.0	100.0
Ca10+	0.004	0.010	0.025	0.044	0.058	
Mg7+	0.004	0.007	0.015	0.025	0.028	
N4+	0.004	0.018	0.035	0.064	0.097	
S8+	0.003	0.028	0.054	0.112	0.203	
S9+	0.004	0.006	0.012	0.021	0.031	
Si7+	0.006	0.082	0.120	0.254	0.510	
Si8+	0.004	0.009	0.015	0.026	0.046	
10.0
Ion	0.0	0.1	1.0	10.0	100.0
Ca10+	0.040	0.008	0.068	0.147	0.223	
Mg7+	0.040	0.043	0.028	0.070	0.095	
N4+	0.041	0.069	0.091	0.208	0.290	
S8+	0.033	0.095	0.192	0.344	0.857	
S9+	0.040	0.041	0.010	0.064	0.100	
Si7+	0.029	0.017	0.385	0.858	0.023	
Si8+	0.040	0.047	0.052	0.092	0.137	
Step : 50
100.0
Ion	0.0	0.1	1.0	10.0	100.0
Ca10+	0.001	0.011	0.021	0.041	0.066	
Mg7+	0.004	0.007	0.014	0.022	0.035	
N4+	0.003	0.019	0.035	0.053	0.097	
S8+	0.003	0.029	0.052	0.104	0.187	
S9+	0.001	0.006	0.011	0.017	0.029	
Si7+	0.005	0.075	0.124	0.262	0.754	
Si8+	0.004	0.008	0.016	0.021	0.040	
10.0
Ion	0.0	0.1	1.0	10.0	100.0
Ca10+	0.010	0.047	0.068	0.108	0.216	
Mg7+	0.039	0.043	0.055	0.075	0.110	
N4+	0.030	0.068	0.100	0.197	0.275	
S8+	0.034	0.085	0.160	0.374	0.685	
S9+	0.039	0.041	0.008	0.057	0.118	
Si7+	0.028	0.019	0.402	0.873	0.047	
Si8+	0.040	0.046	0.057	0.075	0.127	
Step : 55
