Step : 1
100.0
Ion	0.0	0.1	1.0	10.0	100.0
Mg6+	0.004	0.009	0.019	0.031	0.036	
O5+	0.003	0.019	0.029	0.051	0.063	
S8+	0.001	0.011	0.017	0.033	0.054	
Si7+	0.004	0.011	0.021	0.039	0.056	
Si8+	0.006	0.087	0.150	0.235	0.505	
10.0
Ion	0.0	0.1	1.0	10.0	100.0
Mg6+	0.026	0.047	0.068	0.081	0.131	
O5+	0.032	0.068	0.106	0.165	0.236	
S8+	0.040	0.047	0.064	0.101	0.175	
Si7+	0.041	0.011	0.069	0.117	0.158	
Si8+	0.052	0.132	0.464	0.859	0.029	
Step : 5
100.0
Ion	0.0	0.1	1.0	10.0	100.0
Ca10+	0.001	0.007	0.013	0.021	0.031	
Ca11+	0.004	0.011	0.025	0.040	0.068	
Mg6+	0.004	0.009	0.017	0.030	0.034	
Mg8+	0.004	0.013	0.023	0.040	0.059	
O5+	0.003	0.022	0.036	0.053	0.071	
S10+	0.004	0.013	0.025	0.049	0.062	
S8+	0.001	0.011	0.019	0.032	0.040	
S9+	0.005	0.027	0.055	0.110	0.207	
Si7+	0.001	0.010	0.020	0.035	0.046	
Si8+	0.001	0.067	0.109	0.241	0.587	
Si9+	0.003	0.014	0.024	0.053	0.083	
10.0
Ion	0.0	0.1	1.0	10.0	100.0
Ca10+	0.010	0.044	0.031	0.072	0.109	
Ca11+	0.026	0.048	0.081	0.114	0.234	
Mg6+	0.039	0.046	0.058	0.085	0.135	
Mg8+	0.040	0.030	0.082	0.129	0.192	
O5+	0.034	0.029	0.097	0.194	0.266	
S10+	0.039	0.048	0.072	0.147	0.255	
S8+	0.040	0.044	0.068	0.106	0.125	
S9+	0.033	0.091	0.177	0.318	0.792	
Si7+	0.040	0.048	0.064	0.123	0.165	
Si8+	0.052	0.065	0.410	0.807	0.063	
Si9+	0.041	0.029	0.078	0.161	0.230	
Step : 10
100.0
Ion	0.0	0.1	1.0	10.0	100.0
C4+	0.004	0.000	0.010	0.016	0.022	
Ca10+	0.001	0.007	0.014	0.025	0.035	
Ca11+	0.004	0.011	0.027	0.049	0.073	
Fe14+	0.001	0.004	0.007	0.012	0.021	
Mg6+	0.004	0.008	0.016	0.024	0.040	
Mg8+	0.004	0.012	0.023	0.034	0.059	
O5+	0.003	0.024	0.046	0.067	0.096	
S10+	0.001	0.013	0.021	0.045	0.068	
S8+	0.001	0.009	0.020	0.034	0.043	
S9+	0.003	0.028	0.063	0.116	0.235	
Si7+	0.004	0.008	0.019	0.029	0.039	
Si8+	0.004	0.081	0.114	0.236	0.506	
Si9+	0.004	0.013	0.031	0.048	0.082	
10.0
Ion	0.0	0.1	1.0	10.0	100.0
C4+	0.040	0.043	0.045	0.053	0.080	
Ca10+	0.040	0.043	0.030	0.085	0.116	
Ca11+	0.040	0.051	0.083	0.146	0.284	
Fe14+	0.010	0.040	0.041	0.009	0.060	
Mg6+	0.040	0.044	0.054	0.084	0.138	
Mg8+	0.013	0.048	0.062	0.158	0.162	
O5+	0.030	0.076	0.117	0.190	0.314	
S10+	0.041	0.050	0.074	0.162	0.256	
S8+	0.040	0.012	0.070	0.102	0.130	
S9+	0.031	0.097	0.186	0.352	0.815	
Si7+	0.040	0.045	0.064	0.109	0.126	
Si8+	0.027	0.060	0.386	0.788	0.017	
Si9+	0.040	0.053	0.080	0.163	0.233	
Step : 15
100.0
Ion	0.0	0.1	1.0	10.0	100.0
C4+	0.003	0.007	0.012	0.018	0.028	
Ca10+	0.001	0.008	0.015	0.024	0.041	
Ca11+	0.004	0.013	0.028	0.055	0.088	
Fe14+	0.001	0.001	0.007	0.013	0.020	
Mg6+	0.004	0.008	0.016	0.024	0.040	
Mg8+	0.004	0.011	0.021	0.032	0.043	
O5+	0.003	0.026	0.049	0.075	0.099	
S10+	0.004	0.012	0.025	0.047	0.063	
S8+	0.001	0.009	0.019	0.034	0.042	
S9+	0.004	0.029	0.058	0.106	0.238	
Si7+	0.001	0.008	0.017	0.026	0.038	
Si8+	0.005	0.078	0.107	0.235	0.507	
Si9+	0.004	0.014	0.027	0.047	0.082	
10.0
Ion	0.0	0.1	1.0	10.0	100.0
C4+	0.040	0.045	0.015	0.065	0.085	
Ca10+	0.039	0.045	0.034	0.076	0.108	
Ca11+	0.040	0.029	0.080	0.168	0.251	
Fe14+	0.010	0.040	0.043	0.011	0.063	
Mg6+	0.040	0.045	0.031	0.083	0.106	
Mg8+	0.040	0.051	0.067	0.116	0.152	
O5+	0.033	0.080	0.143	0.241	0.329	
S10+	0.040	0.049	0.079	0.141	0.241	
S8+	0.040	0.029	0.032	0.110	0.135	
S9+	0.030	0.088	0.210	0.361	0.801	
Si7+	0.039	0.044	0.060	0.093	0.115	
Si8+	0.028	0.017	0.411	0.843	0.067	
Si9+	0.041	0.029	0.082	0.146	0.286	
Step : 20
100.0
Ion	0.0	0.1	1.0	10.0	100.0
C4+	0.004	0.009	0.015	0.020	0.028	
Ca10+	0.004	0.007	0.018	0.029	0.038	
Ca11+	0.004	0.015	0.029	0.051	0.084	
Fe14+	0.001	0.005	0.008	0.011	0.022	
Mg6+	0.004	0.007	0.015	0.024	0.037	
Mg8+	0.004	0.011	0.023	0.037	0.057	
O5+	0.003	0.030	0.051	0.080	0.113	
S10+	0.004	0.011	0.024	0.045	0.075	
S8+	0.001	0.009	0.019	0.028	0.047	
S9+	0.003	0.031	0.057	0.116	0.225	
Si8+	0.005	0.083	0.108	0.260	0.527	
Si9+	0.003	0.014	0.027	0.052	0.082	
10.0
Ion	0.0	0.1	1.0	10.0	100.0
C4+	0.040	0.046	0.032	0.066	0.091	
Ca10+	0.010	0.005	0.033	0.080	0.124	
Ca11+	0.041	0.054	0.081	0.172	0.278	
Fe14+	0.010	0.040	0.042	0.053	0.069	
Mg6+	0.040	0.045	0.049	0.077	0.109	
Mg8+	0.025	0.047	0.066	0.103	0.179	
O5+	0.032	0.089	0.139	0.243	0.339	
S10+	0.040	0.029	0.071	0.128	0.215	
S8+	0.039	0.000	0.064	0.095	0.131	
S9+	0.033	0.095	0.187	0.329	0.818	
Si8+	0.028	0.166	0.385	0.843	0.023	
Si9+	0.041	0.031	0.076	0.154	0.236	
Step : 25
100.0
Ion	0.0	0.1	1.0	10.0	100.0
C4+	0.001	0.009	0.014	0.021	0.027	
Ca10+	0.004	0.007	0.015	0.025	0.039	
Ca11+	0.004	0.013	0.024	0.050	0.094	
Fe14+	0.001	0.005	0.007	0.013	0.022	
Mg6+	0.004	0.007	0.013	0.023	0.031	
Mg8+	0.004	0.012	0.022	0.036	0.050	
O5+	0.005	0.031	0.050	0.083	0.132	
S10+	0.004	0.012	0.023	0.045	0.076	
S9+	0.003	0.029	0.061	0.108	0.239	
Si8+	0.005	0.079	0.121	0.214	0.493	
Si9+	0.004	0.016	0.027	0.053	0.096	
10.0
Ion	0.0	0.1	1.0	10.0	100.0
C4+	0.040	0.007	0.053	0.070	0.099	
Ca10+	0.040	0.043	0.030	0.071	0.119	
Ca11+	0.040	0.032	0.085	0.153	0.282	
Fe14+	0.039	0.040	0.004	0.031	0.072	
Mg6+	0.039	0.043	0.051	0.082	0.109	
Mg8+	0.040	0.028	0.067	0.115	0.164	
O5+	0.033	0.101	0.170	0.271	0.401	
S10+	0.040	0.046	0.085	0.141	0.238	
S9+	0.042	0.104	0.188	0.359	0.740	
Si8+	0.051	0.017	0.470	0.867	0.032	
Si9+	0.041	0.051	0.082	0.143	0.245	
Step : 30
100.0
Ion	0.0	0.1	1.0	10.0	100.0
C4+	0.003	0.010	0.015	0.025	0.037	
Ca10+	0.004	0.008	0.016	0.027	0.040	
Ca11+	0.004	0.014	0.027	0.056	0.090	
Fe14+	0.001	0.001	0.007	0.015	0.022	
Mg6+	0.004	0.007	0.014	0.023	0.031	
Mg8+	0.004	0.012	0.020	0.036	0.053	
O5+	0.005	0.031	0.050	0.091	0.118	
S10+	0.004	0.010	0.025	0.048	0.074	
S9+	0.004	0.030	0.060	0.124	0.218	
Si8+	0.005	0.082	0.114	0.240	0.701	
Si9+	0.004	0.014	0.028	0.047	0.075	
10.0
Ion	0.0	0.1	1.0	10.0	100.0
C4+	0.040	0.028	0.032	0.086	0.108	
Ca10+	0.040	0.041	0.030	0.067	0.110	
Ca11+	0.040	0.055	0.084	0.162	0.316	
Fe14+	0.010	0.041	0.041	0.010	0.071	
Mg6+	0.039	0.042	0.011	0.066	0.118	
Mg8+	0.040	0.049	0.068	0.105	0.160	
O5+	0.033	0.101	0.164	0.286	0.406	
S10+	0.040	0.049	0.073	0.145	0.235	
S9+	0.044	0.094	0.196	0.412	0.790	
Si8+	0.053	0.073	0.375	0.944	0.026	
Si9+	0.040	0.029	0.078	0.143	0.253	
Step : 35
100.0
Ion	0.0	0.1	1.0	10.0	100.0
C4+	0.004	0.009	0.015	0.026	0.035	
Ca10+	0.004	0.008	0.016	0.026	0.040	
Ca11+	0.004	0.014	0.029	0.047	0.083	
Fe14+	0.001	0.004	0.009	0.015	0.025	
Mg6+	0.001	0.007	0.014	0.020	0.034	
Mg8+	0.004	0.013	0.019	0.037	0.055	
N4+	0.004	0.010	0.017	0.027	0.031	
O5+	0.005	0.034	0.056	0.082	0.127	
S10+	0.004	0.012	0.023	0.054	0.082	
S9+	0.003	0.033	0.052	0.115	0.188	
Si8+	0.002	0.071	0.104	0.235	0.569	
Si9+	0.003	0.016	0.029	0.056	0.077	
10.0
Ion	0.0	0.1	1.0	10.0	100.0
C4+	0.040	0.010	0.034	0.078	0.107	
Ca10+	0.010	0.043	0.030	0.075	0.115	
Ca11+	0.040	0.028	0.102	0.148	0.239	
Fe14+	0.040	0.040	0.042	0.032	0.062	
Mg6+	0.040	0.045	0.050	0.077	0.114	
Mg8+	0.040	0.047	0.066	0.108	0.166	
N4+	0.040	0.008	0.057	0.074	0.114	
O5+	0.031	0.094	0.165	0.297	0.374	
S10+	0.010	0.050	0.077	0.141	0.259	
S9+	0.033	0.097	0.183	0.391	0.844	
Si8+	0.053	0.060	0.387	0.806	0.061	
Si9+	0.040	0.030	0.082	0.167	0.264	
Step : 40
100.0
Ion	0.0	0.1	1.0	10.0	100.0
C4+	0.003	0.008	0.016	0.028	0.038	
Ca10+	0.004	0.007	0.013	0.024	0.033	
Ca11+	0.003	0.014	0.027	0.053	0.082	
Fe14+	0.001	0.001	0.007	0.014	0.022	
Mg6+	0.004	0.007	0.015	0.023	0.033	
Mg8+	0.004	0.012	0.020	0.036	0.049	
N4+	0.004	0.011	0.018	0.028	0.034	
O5+	0.003	0.037	0.052	0.086	0.123	
S10+	0.004	0.011	0.027	0.045	0.074	
S9+	0.004	0.032	0.060	0.136	0.228	
Si8+	0.005	0.082	0.110	0.278	0.609	
Si9+	0.003	0.015	0.028	0.046	0.082	
10.0
Ion	0.0	0.1	1.0	10.0	100.0
C4+	0.040	0.009	0.056	0.091	0.151	
Ca10+	0.040	0.045	0.054	0.078	0.128	
Ca11+	0.040	0.053	0.091	0.168	0.287	
Fe14+	0.040	0.040	0.042	0.050	0.076	
Mg6+	0.040	0.042	0.054	0.076	0.123	
Mg8+	0.040	0.031	0.062	0.113	0.162	
N4+	0.040	0.010	0.059	0.081	0.112	
O5+	0.032	0.106	0.154	0.309	0.378	
S10+	0.040	0.031	0.068	0.142	0.264	
S9+	0.033	0.109	0.211	0.403	0.815	
Si8+	0.053	0.068	0.403	0.763	0.028	
Si9+	0.040	0.030	0.089	0.152	0.237	
Step : 45
100.0
Ion	0.0	0.1	1.0	10.0	100.0
C4+	0.004	0.010	0.020	0.027	0.039	
Ca10+	0.001	0.007	0.015	0.023	0.036	
Ca11+	0.004	0.014	0.028	0.050	0.091	
Fe14+	0.001	0.000	0.007	0.014	0.022	
Mg6+	0.004	0.007	0.015	0.023	0.032	
Mg8+	0.004	0.011	0.019	0.035	0.053	
N4+	0.004	0.009	0.019	0.033	0.037	
O5+	0.005	0.035	0.053	0.090	0.145	
S10+	0.004	0.012	0.024	0.045	0.078	
S9+	0.003	0.033	0.063	0.113	0.228	
Si8+	0.005	0.080	0.117	0.232	0.511	
Si9+	0.003	0.014	0.027	0.050	0.081	
10.0
Ion	0.0	0.1	1.0	10.0	100.0
C4+	0.012	0.014	0.058	0.085	0.109	
Ca10+	0.040	0.042	0.053	0.097	0.121	
Ca11+	0.040	0.029	0.081	0.149	0.268	
Fe14+	0.010	0.040	0.046	0.030	0.068	
Mg6+	0.039	0.042	0.051	0.068	0.107	
Mg8+	0.040	0.027	0.067	0.123	0.179	
N4+	0.025	0.048	0.060	0.089	0.122	
O5+	0.034	0.103	0.170	0.290	0.502	
S10+	0.040	0.049	0.079	0.137	0.235	
S9+	0.031	0.109	0.196	0.412	0.845	
Si8+	0.052	0.028	0.375	0.823	0.068	
Si9+	0.040	0.029	0.099	0.148	0.275	
Step : 50
100.0
Ion	0.0	0.1	1.0	10.0	100.0
C4+	0.004	0.011	0.018	0.026	0.039	
Ca10+	0.004	0.007	0.015	0.024	0.040	
Ca11+	0.004	0.013	0.028	0.052	0.099	
Fe14+	0.001	0.003	0.007	0.012	0.023	
Mg6+	0.004	0.007	0.013	0.024	0.032	
Mg8+	0.004	0.011	0.020	0.033	0.055	
N4+	0.004	0.011	0.017	0.032	0.037	
O5+	0.005	0.032	0.054	0.087	0.132	
S10+	0.004	0.013	0.023	0.049	0.083	
S9+	0.003	0.032	0.060	0.103	0.215	
Si8+	0.004	0.073	0.118	0.204	0.434	
Si9+	0.004	0.015	0.031	0.049	0.088	
10.0
Ion	0.0	0.1	1.0	10.0	100.0
C4+	0.040	0.030	0.070	0.087	0.136	
Ca10+	0.040	0.044	0.054	0.077	0.128	
Ca11+	0.040	0.056	0.079	0.177	0.269	
Fe14+	0.010	0.040	0.043	0.032	0.072	
Mg6+	0.040	0.042	0.032	0.077	0.125	
Mg8+	0.040	0.030	0.067	0.115	0.183	
N4+	0.040	0.032	0.000	0.089	0.124	
O5+	0.033	0.112	0.173	0.281	0.382	
S10+	0.040	0.050	0.076	0.131	0.251	
S9+	0.034	0.096	0.169	0.396	0.828	
Si8+	0.050	0.070	0.316	0.851	0.019	
Si9+	0.040	0.026	0.090	0.156	0.268	
Step : 55
100.0
Ion	0.0	0.1	1.0	10.0	100.0
C4+	0.003	0.011	0.018	0.025	0.041	
Mg8+	0.003	0.012	0.018	0.036	0.052	
O5+	0.005	0.032	0.052	0.087	0.138	
S10+	0.004	0.011	0.026	0.045	0.080	
Si8+	0.005	0.076	0.118	0.280	0.644	
Si9+	0.003	0.016	0.024	0.055	0.082	
10.0
Ion	0.0	0.1	1.0	10.0	100.0
C4+	0.013	0.049	0.063	0.111	0.156	
Mg8+	0.040	0.027	0.064	0.125	0.151	
O5+	0.034	0.086	0.173	0.270	0.421	
S10+	0.040	0.028	0.083	0.154	0.243	
Si8+	0.052	0.027	0.391	0.896	0.019	
Si9+	0.040	0.059	0.076	0.154	0.236	
