Step : 1
Step : 5
100.0
Ion	0.0	0.1	1.0	10.0	100.0
Ca12+	0.004	0.009	0.019	0.033	0.052	
Ca13+	0.004	0.010	0.022	0.041	0.062	
Mg7+	0.004	0.012	0.024	0.040	0.060	
Mg9+	0.003	0.016	0.034	0.049	0.079	
N5+	0.003	0.011	0.017	0.027	0.034	
Ne7+	0.003	0.053	0.078	0.138	0.290	
O6+	0.003	0.015	0.028	0.039	0.061	
S10+	0.003	0.027	0.050	0.110	0.173	
S11+	0.004	0.019	0.039	0.080	0.129	
S12+	0.004	0.006	0.012	0.026	0.041	
Si10+	0.004	0.026	0.043	0.083	0.142	
Si11+	0.001	0.003	0.009	0.017	0.029	
Si8+	0.001	0.012	0.022	0.035	0.052	
Si9+	0.005	0.064	0.109	0.204	0.391	
10.0
Ion	0.0	0.1	1.0	10.0	100.0
Ca12+	0.040	0.043	0.059	0.102	0.166	
Ca13+	0.040	0.049	0.071	0.134	0.233	
Mg7+	0.040	0.051	0.078	0.108	0.203	
Mg9+	0.030	0.029	0.089	0.166	0.264	
N5+	0.040	0.010	0.063	0.095	0.096	
Ne7+	0.032	0.065	0.271	0.529	0.879	
O6+	0.030	0.031	0.085	0.120	0.195	
S10+	0.034	0.098	0.177	0.302	0.582	
S11+	0.030	0.030	0.117	0.221	0.439	
S12+	0.040	0.042	0.032	0.076	0.113	
Si10+	0.032	0.077	0.131	0.237	0.443	
Si11+	0.040	0.040	0.046	0.059	0.083	
Si8+	0.040	0.050	0.064	0.116	0.166	
Si9+	0.050	0.065	0.343	0.769	0.059	
Step : 10
100.0
Ion	0.0	0.1	1.0	10.0	100.0
Ca12+	0.004	0.011	0.023	0.040	0.067	
Ca13+	0.001	0.012	0.026	0.045	0.078	
Fe16+	0.001	0.004	0.003	0.009	0.015	
Mg7+	0.004	0.011	0.026	0.034	0.049	
Mg9+	0.003	0.019	0.029	0.051	0.069	
N5+	0.003	0.014	0.024	0.035	0.040	
Ne7+	0.006	0.059	0.104	0.153	0.296	
O5+	0.004	0.009	0.014	0.021	0.026	
O6+	0.003	0.015	0.032	0.050	0.080	
S10+	0.004	0.028	0.060	0.091	0.183	
S11+	0.004	0.020	0.040	0.070	0.121	
S12+	0.004	0.003	0.010	0.018	0.034	
Si10+	0.003	0.021	0.041	0.069	0.138	
Si11+	0.004	0.005	0.009	0.016	0.022	
Si8+	0.001	0.011	0.019	0.032	0.041	
Si9+	0.003	0.065	0.104	0.215	0.494	
10.0
Ion	0.0	0.1	1.0	10.0	100.0
Ca12+	0.040	0.048	0.070	0.125	0.194	
Ca13+	0.040	0.010	0.067	0.143	0.249	
Fe16+	0.010	0.040	0.040	0.046	0.034	
Mg7+	0.040	0.053	0.072	0.113	0.166	
Mg9+	0.030	0.061	0.091	0.159	0.247	
N5+	0.040	0.029	0.064	0.114	0.138	
Ne7+	0.051	0.069	0.312	0.592	0.070	
O5+	0.040	0.047	0.052	0.069	0.092	
O6+	0.031	0.062	0.091	0.165	0.224	
S10+	0.032	0.101	0.170	0.328	0.603	
S11+	0.040	0.071	0.124	0.261	0.390	
S12+	0.040	0.042	0.048	0.070	0.125	
Si10+	0.042	0.084	0.125	0.257	0.467	
Si11+	0.010	0.041	0.045	0.049	0.065	
Si8+	0.040	0.011	0.064	0.088	0.141	
Si9+	0.053	0.068	0.353	0.678	0.030	
Step : 15
100.0
Ion	0.0	0.1	1.0	10.0	100.0
Ca12+	0.004	0.012	0.023	0.038	0.070	
Ca13+	0.001	0.012	0.023	0.039	0.076	
Fe16+	0.001	0.004	0.006	0.010	0.019	
Mg7+	0.004	0.009	0.023	0.032	0.058	
Mg9+	0.003	0.015	0.028	0.057	0.075	
N5+	0.003	0.014	0.024	0.040	0.055	
Ne7+	0.006	0.061	0.094	0.182	0.307	
O5+	0.004	0.008	0.014	0.021	0.026	
O6+	0.004	0.017	0.036	0.052	0.085	
S10+	0.003	0.027	0.049	0.104	0.173	
S11+	0.003	0.016	0.036	0.088	0.132	
S12+	0.004	0.003	0.012	0.021	0.030	
Si10+	0.003	0.021	0.043	0.074	0.138	
Si11+	0.004	0.000	0.008	0.014	0.020	
Si8+	0.001	0.008	0.019	0.030	0.046	
Si9+	0.003	0.074	0.105	0.196	0.460	
10.0
Ion	0.0	0.1	1.0	10.0	100.0
Ca12+	0.040	0.053	0.070	0.119	0.205	
Ca13+	0.040	0.052	0.074	0.146	0.255	
Fe16+	0.039	0.040	0.042	0.047	0.032	
Mg7+	0.025	0.027	0.066	0.109	0.188	
Mg9+	0.040	0.030	0.090	0.167	0.246	
N5+	0.028	0.031	0.077	0.116	0.152	
Ne7+	0.051	0.080	0.270	0.613	0.054	
O5+	0.040	0.043	0.055	0.069	0.088	
O6+	0.041	0.074	0.100	0.192	0.268	
S10+	0.034	0.100	0.180	0.367	0.651	
S11+	0.030	0.028	0.136	0.233	0.392	
S12+	0.039	0.041	0.010	0.065	0.099	
Si10+	0.029	0.030	0.143	0.241	0.483	
Si11+	0.039	0.040	0.041	0.053	0.066	
Si8+	0.039	0.045	0.058	0.090	0.138	
Si9+	0.030	0.064	0.359	0.764	0.027	
Step : 20
100.0
Ion	0.0	0.1	1.0	10.0	100.0
Ca12+	0.004	0.011	0.023	0.042	0.068	
Ca13+	0.001	0.011	0.028	0.045	0.089	
Fe16+	0.001	0.005	0.008	0.012	0.019	
Mg7+	0.004	0.011	0.022	0.036	0.050	
Mg9+	0.004	0.015	0.026	0.046	0.071	
N5+	0.003	0.014	0.026	0.047	0.059	
Ne7+	0.005	0.061	0.099	0.166	0.269	
O5+	0.004	0.008	0.014	0.019	0.031	
O6+	0.004	0.021	0.037	0.062	0.101	
S10+	0.004	0.026	0.057	0.101	0.187	
S11+	0.004	0.021	0.042	0.072	0.139	
S12+	0.001	0.006	0.012	0.023	0.032	
Si10+	0.003	0.022	0.043	0.079	0.119	
Si11+	0.001	0.005	0.007	0.015	0.022	
Si8+	0.001	0.009	0.016	0.027	0.033	
Si9+	0.005	0.077	0.107	0.220	0.509	
10.0
Ion	0.0	0.1	1.0	10.0	100.0
Ca12+	0.025	0.048	0.070	0.135	0.213	
Ca13+	0.040	0.029	0.091	0.161	0.239	
Fe16+	0.010	0.039	0.041	0.047	0.063	
Mg7+	0.040	0.030	0.064	0.121	0.171	
Mg9+	0.029	0.029	0.088	0.156	0.216	
N5+	0.012	0.060	0.078	0.130	0.153	
Ne7+	0.031	0.102	0.291	0.509	0.064	
O5+	0.040	0.047	0.030	0.065	0.097	
O6+	0.028	0.029	0.119	0.169	0.273	
S10+	0.032	0.086	0.173	0.303	0.549	
S11+	0.040	0.066	0.133	0.239	0.469	
S12+	0.039	0.042	0.046	0.063	0.107	
Si10+	0.031	0.074	0.155	0.247	0.452	
Si11+	0.010	0.040	0.042	0.030	0.061	
Si8+	0.040	0.045	0.054	0.087	0.130	
Si9+	0.031	0.061	0.320	0.745	0.065	
Step : 25
100.0
Ion	0.0	0.1	1.0	10.0	100.0
Ca12+	0.003	0.011	0.025	0.038	0.064	
Ca13+	0.001	0.012	0.026	0.049	0.073	
Fe16+	0.004	0.002	0.007	0.011	0.021	
Mg7+	0.004	0.011	0.024	0.037	0.059	
Mg9+	0.004	0.015	0.028	0.048	0.068	
N5+	0.004	0.018	0.029	0.047	0.067	
Ne7+	0.005	0.069	0.094	0.140	0.314	
O5+	0.004	0.008	0.016	0.021	0.028	
O6+	0.003	0.020	0.035	0.056	0.081	
S10+	0.005	0.027	0.053	0.098	0.145	
S11+	0.003	0.020	0.033	0.078	0.137	
S12+	0.004	0.003	0.011	0.018	0.030	
Si10+	0.003	0.023	0.046	0.086	0.149	
Si11+	0.001	0.003	0.008	0.014	0.019	
Si9+	0.005	0.064	0.096	0.216	0.422	
10.0
Ion	0.0	0.1	1.0	10.0	100.0
Ca12+	0.040	0.014	0.069	0.120	0.198	
Ca13+	0.040	0.010	0.086	0.163	0.235	
Fe16+	0.010	0.040	0.042	0.031	0.068	
Mg7+	0.030	0.011	0.062	0.113	0.179	
Mg9+	0.029	0.030	0.093	0.147	0.226	
N5+	0.032	0.032	0.092	0.127	0.206	
Ne7+	0.032	0.094	0.336	0.562	0.066	
O5+	0.040	0.043	0.029	0.074	0.098	
O6+	0.034	0.028	0.120	0.190	0.262	
S10+	0.042	0.098	0.180	0.345	0.587	
S11+	0.028	0.075	0.114	0.268	0.436	
S12+	0.039	0.041	0.011	0.059	0.099	
Si10+	0.030	0.071	0.133	0.239	0.429	
Si11+	0.010	0.040	0.042	0.049	0.066	
Si9+	0.050	0.067	0.351	0.693	0.010	
Step : 30
100.0
Ion	0.0	0.1	1.0	10.0	100.0
Ca12+	0.004	0.011	0.023	0.041	0.065	
Ca13+	0.001	0.012	0.024	0.051	0.088	
Fe16+	0.004	0.001	0.008	0.014	0.022	
Mg7+	0.004	0.010	0.022	0.040	0.053	
Mg9+	0.003	0.013	0.027	0.053	0.079	
N5+	0.004	0.017	0.028	0.046	0.060	
Ne7+	0.003	0.070	0.087	0.151	0.290	
O5+	0.004	0.008	0.013	0.023	0.032	
O6+	0.005	0.020	0.044	0.070	0.086	
S10+	0.003	0.027	0.049	0.094	0.191	
S11+	0.004	0.017	0.041	0.082	0.140	
S12+	0.001	0.006	0.012	0.022	0.029	
Si10+	0.003	0.024	0.042	0.085	0.129	
Si11+	0.004	0.005	0.008	0.014	0.022	
Si9+	0.006	0.068	0.113	0.195	0.473	
10.0
Ion	0.0	0.1	1.0	10.0	100.0
Ca12+	0.040	0.048	0.081	0.123	0.234	
Ca13+	0.010	0.045	0.083	0.154	0.252	
Fe16+	0.039	0.040	0.042	0.032	0.071	
Mg7+	0.040	0.027	0.067	0.123	0.153	
Mg9+	0.041	0.030	0.087	0.170	0.213	
N5+	0.041	0.064	0.085	0.145	0.169	
Ne7+	0.028	0.072	0.326	0.558	0.864	
O5+	0.040	0.046	0.052	0.069	0.101	
O6+	0.033	0.028	0.114	0.180	0.259	
S10+	0.042	0.097	0.182	0.334	0.597	
S11+	0.028	0.031	0.102	0.248	0.412	
S12+	0.040	0.041	0.029	0.061	0.110	
Si10+	0.030	0.082	0.128	0.251	0.434	
Si11+	0.039	0.041	0.043	0.052	0.064	
Si9+	0.030	0.068	0.357	0.775	0.051	
Step : 35
100.0
Ion	0.0	0.1	1.0	10.0	100.0
Ca12+	0.004	0.012	0.026	0.041	0.068	
Ca13+	0.004	0.013	0.024	0.046	0.077	
Fe16+	0.001	0.001	0.008	0.015	0.023	
Mg7+	0.004	0.012	0.020	0.035	0.046	
Mg9+	0.004	0.016	0.029	0.046	0.069	
N5+	0.004	0.018	0.031	0.040	0.064	
Ne7+	0.005	0.066	0.085	0.207	0.294	
O5+	0.004	0.008	0.013	0.020	0.027	
O6+	0.003	0.023	0.038	0.061	0.099	
S10+	0.004	0.032	0.055	0.094	0.189	
S11+	0.004	0.019	0.042	0.077	0.146	
S12+	0.001	0.003	0.012	0.020	0.031	
Si10+	0.003	0.022	0.048	0.084	0.117	
Si11+	0.004	0.004	0.007	0.013	0.020	
Si9+	0.005	0.064	0.102	0.202	0.447	
10.0
Ion	0.0	0.1	1.0	10.0	100.0
Ca12+	0.040	0.028	0.073	0.124	0.209	
Ca13+	0.040	0.048	0.088	0.149	0.254	
Fe16+	0.010	0.040	0.042	0.049	0.065	
Mg7+	0.012	0.047	0.062	0.120	0.166	
Mg9+	0.041	0.030	0.083	0.163	0.224	
N5+	0.032	0.028	0.095	0.162	0.207	
Ne7+	0.029	0.139	0.305	0.636	0.065	
O5+	0.040	0.045	0.031	0.063	0.090	
O6+	0.035	0.082	0.126	0.204	0.305	
S10+	0.041	0.099	0.157	0.277	0.598	
S11+	0.041	0.067	0.134	0.228	0.435	
S12+	0.040	0.041	0.045	0.067	0.084	
Si10+	0.029	0.078	0.145	0.242	0.433	
Si11+	0.010	0.040	0.043	0.048	0.065	
Si9+	0.050	0.070	0.331	0.767	0.060	
Step : 40
100.0
Ion	0.0	0.1	1.0	10.0	100.0
Ca12+	0.004	0.011	0.024	0.042	0.070	
Ca13+	0.004	0.012	0.029	0.055	0.069	
Fe16+	0.004	0.001	0.008	0.015	0.021	
Mg7+	0.004	0.011	0.021	0.034	0.053	
Mg9+	0.004	0.014	0.027	0.046	0.074	
N5+	0.003	0.018	0.030	0.048	0.062	
Ne7+	0.006	0.072	0.098	0.195	0.320	
O5+	0.004	0.008	0.013	0.021	0.026	
O6+	0.004	0.022	0.040	0.059	0.094	
S10+	0.004	0.028	0.059	0.094	0.162	
S11+	0.004	0.019	0.042	0.068	0.145	
S12+	0.004	0.006	0.010	0.019	0.034	
Si10+	0.003	0.020	0.043	0.071	0.134	
Si11+	0.001	0.005	0.008	0.014	0.019	
Si9+	0.005	0.064	0.106	0.210	0.399	
10.0
Ion	0.0	0.1	1.0	10.0	100.0
Ca12+	0.041	0.028	0.079	0.150	0.193	
Ca13+	0.040	0.047	0.080	0.147	0.247	
Fe16+	0.010	0.040	0.042	0.029	0.072	
Mg7+	0.013	0.030	0.060	0.090	0.176	
Mg9+	0.040	0.056	0.093	0.164	0.223	
N5+	0.032	0.061	0.096	0.157	0.210	
Ne7+	0.053	0.107	0.330	0.641	0.067	
O5+	0.040	0.045	0.031	0.064	0.081	
O6+	0.031	0.030	0.134	0.213	0.328	
S10+	0.032	0.093	0.165	0.333	0.652	
S11+	0.031	0.067	0.125	0.191	0.402	
S12+	0.039	0.041	0.011	0.055	0.102	
Si10+	0.031	0.029	0.132	0.278	0.419	
Si11+	0.040	0.040	0.043	0.050	0.067	
Si9+	0.054	0.062	0.311	0.845	0.066	
Step : 45
100.0
Ion	0.0	0.1	1.0	10.0	100.0
Ca12+	0.004	0.011	0.023	0.045	0.074	
Ca13+	0.004	0.013	0.025	0.052	0.089	
Fe16+	0.001	0.005	0.008	0.016	0.024	
Mg7+	0.004	0.011	0.020	0.032	0.048	
Mg9+	0.004	0.015	0.026	0.045	0.074	
N5+	0.003	0.020	0.033	0.054	0.060	
Ne7+	0.006	0.063	0.084	0.193	0.334	
O5+	0.004	0.008	0.015	0.022	0.032	
O6+	0.003	0.022	0.041	0.068	0.105	
S10+	0.003	0.028	0.059	0.102	0.174	
S11+	0.003	0.021	0.042	0.075	0.150	
S12+	0.001	0.006	0.010	0.018	0.030	
Si10+	0.003	0.023	0.046	0.070	0.158	
Si11+	0.004	0.001	0.007	0.016	0.021	
Si9+	0.003	0.066	0.106	0.197	0.451	
10.0
Ion	0.0	0.1	1.0	10.0	100.0
Ca12+	0.040	0.050	0.076	0.129	0.229	
Ca13+	0.040	0.030	0.068	0.143	0.234	
Fe16+	0.010	0.040	0.043	0.030	0.072	
Mg7+	0.040	0.029	0.069	0.100	0.161	
Mg9+	0.032	0.057	0.095	0.128	0.206	
N5+	0.031	0.029	0.102	0.122	0.188	
Ne7+	0.028	0.075	0.326	0.664	0.054	
O5+	0.040	0.043	0.008	0.068	0.096	
O6+	0.034	0.081	0.128	0.231	0.332	
S10+	0.033	0.094	0.193	0.320	0.593	
S11+	0.041	0.072	0.126	0.203	0.424	
S12+	0.039	0.040	0.008	0.059	0.100	
Si10+	0.031	0.028	0.130	0.216	0.432	
Si11+	0.010	0.040	0.043	0.055	0.063	
Si9+	0.030	0.068	0.320	0.748	0.018	
Step : 50
100.0
Ion	0.0	0.1	1.0	10.0	100.0
Ca12+	0.004	0.012	0.024	0.042	0.068	
Ca13+	0.004	0.011	0.027	0.049	0.084	
Fe16+	0.001	0.001	0.007	0.013	0.021	
Mg7+	0.004	0.012	0.020	0.037	0.051	
Mg9+	0.004	0.015	0.029	0.053	0.078	
N5+	0.004	0.022	0.028	0.048	0.076	
Ne7+	0.004	0.063	0.093	0.168	0.285	
O5+	0.004	0.007	0.014	0.021	0.028	
O6+	0.003	0.021	0.038	0.067	0.098	
S10+	0.004	0.030	0.058	0.101	0.191	
S11+	0.004	0.020	0.040	0.075	0.136	
S12+	0.004	0.003	0.010	0.023	0.030	
Si10+	0.004	0.024	0.044	0.086	0.137	
Si11+	0.004	0.005	0.008	0.013	0.021	
Si9+	0.005	0.067	0.106	0.182	0.395	
10.0
Ion	0.0	0.1	1.0	10.0	100.0
Ca12+	0.040	0.049	0.067	0.129	0.225	
Ca13+	0.026	0.050	0.090	0.194	0.270	
Fe16+	0.040	0.010	0.006	0.050	0.065	
Mg7+	0.040	0.048	0.063	0.103	0.156	
Mg9+	0.040	0.063	0.080	0.145	0.265	
N5+	0.041	0.070	0.090	0.165	0.234	
Ne7+	0.048	0.059	0.313	0.603	0.061	
O5+	0.040	0.045	0.029	0.076	0.087	
O6+	0.035	0.030	0.113	0.215	0.297	
S10+	0.037	0.098	0.184	0.308	0.604	
S11+	0.041	0.028	0.122	0.237	0.405	
S12+	0.010	0.041	0.046	0.067	0.098	
Si10+	0.032	0.071	0.141	0.249	0.474	
Si11+	0.039	0.040	0.029	0.052	0.068	
Si9+	0.032	0.063	0.316	0.746	0.027	
Step : 55
100.0
Ion	0.0	0.1	1.0	10.0	100.0
Ca12+	0.004	0.011	0.027	0.043	0.059	
Ca13+	0.004	0.013	0.026	0.045	0.086	
Fe16+	0.001	0.001	0.008	0.014	0.024	
Mg7+	0.004	0.010	0.022	0.037	0.049	
Mg9+	0.003	0.013	0.029	0.051	0.080	
N5+	0.004	0.018	0.030	0.044	0.060	
Ne7+	0.001	0.070	0.091	0.178	0.327	
O5+	0.004	0.008	0.015	0.022	0.033	
O6+	0.003	0.023	0.040	0.069	0.097	
S10+	0.003	0.027	0.053	0.085	0.176	
S11+	0.003	0.018	0.042	0.084	0.150	
S12+	0.004	0.000	0.010	0.021	0.032	
Si10+	0.004	0.023	0.044	0.089	0.146	
Si11+	0.001	0.003	0.008	0.013	0.018	
Si9+	0.005	0.066	0.108	0.199	0.395	
10.0
Ion	0.0	0.1	1.0	10.0	100.0
Ca12+	0.040	0.049	0.074	0.135	0.215	
Ca13+	0.040	0.049	0.084	0.148	0.258	
Fe16+	0.010	0.040	0.042	0.031	0.067	
Mg7+	0.040	0.029	0.062	0.103	0.162	
Mg9+	0.040	0.030	0.083	0.127	0.241	
N5+	0.034	0.066	0.093	0.151	0.181	
Ne7+	0.031	0.069	0.302	0.606	0.058	
O5+	0.040	0.000	0.054	0.064	0.088	
O6+	0.041	0.028	0.140	0.215	0.267	
S10+	0.044	0.095	0.163	0.340	0.631	
S11+	0.041	0.030	0.115	0.264	0.446	
S12+	0.039	0.041	0.010	0.067	0.106	
Si10+	0.032	0.082	0.131	0.250	0.442	
Si11+	0.010	0.041	0.042	0.052	0.065	
Si9+	0.031	0.067	0.380	0.709	0.015	
