Step : 1
Step : 5
100.0
Ion	0.0	0.1	1.0	10.0	100.0
Ca13+	0.004	0.006	0.015	0.025	0.035	
Mg10+	0.003	0.018	0.037	0.071	0.104	
Mg8+	0.004	0.019	0.036	0.058	0.090	
N6+	0.004	0.008	0.013	0.020	0.032	
Ne7+	0.003	0.021	0.037	0.058	0.076	
Ne8+	0.005	0.043	0.076	0.131	0.222	
O6+	0.004	0.014	0.028	0.043	0.048	
O7+	0.004	0.011	0.019	0.030	0.035	
S11+	0.004	0.021	0.042	0.078	0.128	
S12+	0.005	0.030	0.063	0.111	0.164	
Si10+	0.005	0.056	0.090	0.166	0.348	
Si11+	0.003	0.036	0.059	0.114	0.232	
Si12+	0.004	0.010	0.018	0.035	0.048	
Si9+	0.001	0.010	0.020	0.035	0.043	
10.0
Ion	0.0	0.1	1.0	10.0	100.0
Ca13+	0.040	0.042	0.053	0.072	0.115	
Mg10+	0.031	0.084	0.129	0.220	0.314	
Mg8+	0.040	0.031	0.092	0.171	0.247	
N6+	0.040	0.044	0.033	0.062	0.100	
Ne7+	0.032	0.075	0.121	0.188	0.254	
Ne8+	0.032	0.105	0.244	0.388	0.768	
O6+	0.031	0.029	0.077	0.112	0.149	
O7+	0.040	0.046	0.032	0.085	0.110	
S11+	0.041	0.079	0.134	0.236	0.397	
S12+	0.033	0.085	0.164	0.311	0.785	
Si10+	0.031	0.094	0.269	0.554	0.062	
Si11+	0.034	0.099	0.183	0.366	0.951	
Si12+	0.040	0.015	0.063	0.098	0.153	
Si9+	0.040	0.046	0.068	0.106	0.156	
Step : 10
100.0
Ion	0.0	0.1	1.0	10.0	100.0
Ca13+	0.004	0.008	0.016	0.027	0.040	
Ca14+	0.004	0.013	0.023	0.046	0.072	
Mg10+	0.003	0.019	0.037	0.063	0.089	
Mg8+	0.004	0.017	0.030	0.056	0.084	
N6+	0.003	0.009	0.016	0.028	0.038	
Ne7+	0.004	0.020	0.034	0.051	0.072	
Ne8+	0.005	0.049	0.086	0.133	0.274	
O6+	0.004	0.017	0.030	0.043	0.056	
O7+	0.004	0.010	0.018	0.030	0.041	
S11+	0.003	0.026	0.045	0.073	0.124	
S12+	0.004	0.024	0.052	0.114	0.193	
Si10+	0.005	0.060	0.109	0.176	0.337	
Si11+	0.003	0.031	0.055	0.122	0.187	
Si12+	0.004	0.008	0.014	0.027	0.043	
Si9+	0.001	0.008	0.019	0.034	0.049	
10.0
Ion	0.0	0.1	1.0	10.0	100.0
Ca13+	0.039	0.044	0.032	0.101	0.133	
Ca14+	0.041	0.027	0.070	0.142	0.249	
Mg10+	0.012	0.087	0.113	0.175	0.327	
Mg8+	0.040	0.064	0.107	0.176	0.284	
N6+	0.040	0.047	0.062	0.082	0.108	
Ne7+	0.041	0.065	0.116	0.166	0.254	
Ne8+	0.030	0.076	0.213	0.438	0.938	
O6+	0.032	0.066	0.096	0.132	0.184	
O7+	0.040	0.028	0.061	0.097	0.152	
S11+	0.033	0.091	0.148	0.239	0.458	
S12+	0.031	0.079	0.172	0.354	0.783	
Si10+	0.047	0.063	0.311	0.613	0.076	
Si11+	0.043	0.094	0.186	0.352	0.762	
Si12+	0.039	0.043	0.032	0.086	0.121	
Si9+	0.039	0.047	0.003	0.126	0.142	
Step : 15
100.0
Ion	0.0	0.1	1.0	10.0	100.0
Ca13+	0.004	0.009	0.016	0.026	0.046	
Ca14+	0.004	0.012	0.027	0.048	0.080	
Fe18+	0.001	0.004	0.006	0.011	0.017	
Mg10+	0.003	0.022	0.036	0.067	0.090	
Mg8+	0.004	0.016	0.034	0.053	0.071	
N6+	0.004	0.012	0.019	0.031	0.047	
Ne7+	0.004	0.019	0.032	0.055	0.068	
Ne8+	0.005	0.053	0.076	0.133	0.233	
O6+	0.004	0.020	0.027	0.046	0.068	
O7+	0.004	0.012	0.025	0.034	0.050	
S11+	0.003	0.025	0.046	0.076	0.123	
S12+	0.004	0.025	0.054	0.091	0.222	
Si10+	0.005	0.057	0.098	0.177	0.337	
Si11+	0.005	0.034	0.059	0.107	0.205	
Si12+	0.004	0.008	0.015	0.027	0.040	
Si9+	0.001	0.009	0.019	0.030	0.041	
10.0
Ion	0.0	0.1	1.0	10.0	100.0
Ca13+	0.040	0.046	0.055	0.095	0.128	
Ca14+	0.040	0.029	0.081	0.144	0.279	
Fe18+	0.010	0.040	0.040	0.045	0.054	
Mg10+	0.040	0.071	0.123	0.214	0.287	
Mg8+	0.032	0.061	0.092	0.144	0.229	
N6+	0.012	0.052	0.060	0.098	0.146	
Ne7+	0.033	0.031	0.088	0.144	0.234	
Ne8+	0.033	0.073	0.247	0.406	0.926	
O6+	0.035	0.064	0.099	0.148	0.173	
O7+	0.040	0.031	0.069	0.113	0.145	
S11+	0.034	0.091	0.155	0.243	0.430	
S12+	0.030	0.086	0.173	0.296	0.598	
Si10+	0.030	0.072	0.283	0.623	0.029	
Si11+	0.033	0.096	0.180	0.363	0.843	
Si12+	0.040	0.045	0.056	0.085	0.132	
Si9+	0.040	0.048	0.063	0.096	0.142	
Step : 20
100.0
Ion	0.0	0.1	1.0	10.0	100.0
Ca13+	0.004	0.009	0.017	0.026	0.044	
Ca14+	0.004	0.013	0.026	0.044	0.079	
Fe18+	0.001	0.004	0.006	0.013	0.019	
Mg10+	0.003	0.020	0.035	0.060	0.092	
Mg8+	0.004	0.015	0.028	0.049	0.075	
N6+	0.004	0.011	0.021	0.033	0.045	
Ne7+	0.004	0.016	0.033	0.045	0.075	
Ne8+	0.002	0.054	0.079	0.140	0.238	
O6+	0.003	0.022	0.037	0.049	0.063	
O7+	0.001	0.012	0.021	0.042	0.050	
S11+	0.004	0.024	0.048	0.082	0.131	
S12+	0.003	0.028	0.049	0.098	0.181	
Si10+	0.005	0.062	0.102	0.192	0.322	
Si11+	0.005	0.031	0.067	0.119	0.207	
Si12+	0.004	0.007	0.016	0.026	0.043	
Si9+	0.001	0.009	0.016	0.029	0.044	
10.0
Ion	0.0	0.1	1.0	10.0	100.0
Ca13+	0.040	0.045	0.061	0.089	0.158	
Ca14+	0.040	0.052	0.081	0.146	0.277	
Fe18+	0.010	0.040	0.041	0.011	0.074	
Mg10+	0.030	0.028	0.097	0.196	0.283	
Mg8+	0.041	0.029	0.096	0.152	0.243	
N6+	0.012	0.031	0.066	0.118	0.157	
Ne7+	0.041	0.061	0.097	0.158	0.226	
Ne8+	0.031	0.083	0.280	0.428	0.845	
O6+	0.031	0.067	0.110	0.145	0.219	
O7+	0.040	0.029	0.074	0.117	0.186	
S11+	0.033	0.083	0.130	0.236	0.402	
S12+	0.031	0.096	0.158	0.304	0.746	
Si10+	0.047	0.092	0.284	0.666	0.053	
Si11+	0.043	0.098	0.194	0.351	0.745	
Si12+	0.010	0.044	0.053	0.075	0.145	
Si9+	0.025	0.046	0.057	0.091	0.135	
Step : 25
100.0
Ion	0.0	0.1	1.0	10.0	100.0
Ca13+	0.004	0.008	0.016	0.029	0.043	
Ca14+	0.004	0.014	0.024	0.048	0.079	
Fe18+	0.001	0.001	0.006	0.012	0.022	
Mg10+	0.003	0.018	0.038	0.057	0.095	
Mg8+	0.003	0.015	0.024	0.046	0.075	
N6+	0.003	0.014	0.020	0.037	0.056	
Ne7+	0.004	0.017	0.031	0.051	0.065	
Ne8+	0.005	0.050	0.078	0.134	0.259	
O6+	0.003	0.021	0.031	0.048	0.063	
O7+	0.003	0.012	0.023	0.041	0.053	
S11+	0.003	0.022	0.041	0.085	0.143	
S12+	0.004	0.026	0.057	0.109	0.204	
Si10+	0.005	0.055	0.082	0.178	0.360	
Si11+	0.005	0.032	0.061	0.122	0.210	
Si12+	0.003	0.007	0.015	0.023	0.041	
Si9+	0.001	0.009	0.018	0.031	0.040	
10.0
Ion	0.0	0.1	1.0	10.0	100.0
Ca13+	0.040	0.046	0.034	0.100	0.130	
Ca14+	0.041	0.028	0.086	0.190	0.265	
Fe18+	0.039	0.040	0.042	0.031	0.067	
Mg10+	0.041	0.065	0.094	0.194	0.309	
Mg8+	0.027	0.056	0.088	0.149	0.248	
N6+	0.040	0.030	0.078	0.106	0.163	
Ne7+	0.031	0.031	0.079	0.163	0.232	
Ne8+	0.051	0.067	0.274	0.481	0.864	
O6+	0.034	0.073	0.108	0.182	0.190	
O7+	0.040	0.057	0.071	0.124	0.158	
S11+	0.041	0.082	0.154	0.277	0.479	
S12+	0.033	0.088	0.168	0.362	0.719	
Si10+	0.048	0.132	0.282	0.621	0.071	
Si11+	0.044	0.093	0.154	0.351	0.836	
Si12+	0.039	0.044	0.050	0.074	0.118	
Si9+	0.040	0.046	0.053	0.090	0.129	
Step : 30
100.0
Ion	0.0	0.1	1.0	10.0	100.0
Ca13+	0.004	0.008	0.019	0.028	0.044	
Ca14+	0.004	0.016	0.026	0.045	0.088	
Fe18+	0.001	0.001	0.007	0.012	0.020	
Mg10+	0.004	0.017	0.039	0.060	0.096	
Mg8+	0.003	0.015	0.027	0.045	0.070	
N6+	0.004	0.015	0.022	0.039	0.053	
Ne7+	0.003	0.017	0.029	0.046	0.069	
Ne8+	0.005	0.051	0.081	0.149	0.261	
O6+	0.004	0.018	0.031	0.051	0.067	
O7+	0.003	0.015	0.030	0.041	0.051	
S11+	0.003	0.027	0.048	0.077	0.118	
S12+	0.004	0.029	0.044	0.110	0.216	
Si10+	0.005	0.052	0.092	0.172	0.366	
Si11+	0.004	0.036	0.068	0.115	0.198	
Si12+	0.004	0.008	0.013	0.028	0.038	
10.0
Ion	0.0	0.1	1.0	10.0	100.0
Ca13+	0.039	0.046	0.061	0.095	0.151	
Ca14+	0.040	0.028	0.073	0.156	0.258	
Fe18+	0.039	0.040	0.042	0.048	0.068	
Mg10+	0.029	0.076	0.108	0.178	0.311	
Mg8+	0.040	0.030	0.089	0.145	0.232	
N6+	0.031	0.031	0.072	0.105	0.171	
Ne7+	0.040	0.063	0.098	0.134	0.219	
Ne8+	0.032	0.081	0.250	0.529	0.066	
O6+	0.030	0.069	0.098	0.152	0.221	
O7+	0.012	0.029	0.066	0.117	0.178	
S11+	0.035	0.084	0.133	0.234	0.418	
S12+	0.034	0.085	0.176	0.331	0.730	
Si10+	0.029	0.130	0.305	0.590	0.051	
Si11+	0.033	0.092	0.181	0.354	0.819	
Si12+	0.039	0.042	0.030	0.083	0.116	
Step : 35
100.0
Ion	0.0	0.1	1.0	10.0	100.0
C5+	0.004	0.008	0.014	0.023	0.024	
Ca13+	0.004	0.009	0.016	0.032	0.048	
Ca14+	0.004	0.014	0.027	0.051	0.083	
Fe18+	0.004	0.005	0.007	0.011	0.021	
Mg10+	0.004	0.019	0.038	0.061	0.096	
Mg8+	0.004	0.015	0.028	0.046	0.077	
N6+	0.004	0.013	0.024	0.040	0.057	
Ne7+	0.003	0.014	0.030	0.044	0.070	
Ne8+	0.005	0.049	0.087	0.148	0.297	
O6+	0.003	0.022	0.032	0.055	0.060	
O7+	0.004	0.014	0.024	0.044	0.055	
S11+	0.003	0.025	0.041	0.075	0.139	
S12+	0.003	0.028	0.050	0.093	0.169	
Si10+	0.003	0.048	0.096	0.190	0.320	
Si11+	0.005	0.027	0.058	0.117	0.246	
Si12+	0.004	0.009	0.017	0.025	0.045	
10.0
Ion	0.0	0.1	1.0	10.0	100.0
C5+	0.040	0.044	0.053	0.065	0.097	
Ca13+	0.040	0.009	0.057	0.096	0.132	
Ca14+	0.040	0.030	0.089	0.157	0.255	
Fe18+	0.010	0.040	0.042	0.050	0.001	
Mg10+	0.030	0.072	0.122	0.207	0.314	
Mg8+	0.029	0.060	0.079	0.144	0.216	
N6+	0.032	0.055	0.078	0.105	0.173	
Ne7+	0.032	0.031	0.089	0.151	0.186	
Ne8+	0.032	0.065	0.282	0.465	0.888	
O6+	0.032	0.070	0.092	0.154	0.252	
O7+	0.041	0.030	0.070	0.132	0.199	
S11+	0.034	0.073	0.136	0.240	0.427	
S12+	0.030	0.091	0.161	0.336	0.737	
Si10+	0.030	0.064	0.248	0.667	0.063	
Si11+	0.034	0.107	0.203	0.381	0.786	
Si12+	0.040	0.043	0.014	0.094	0.139	
Step : 40
100.0
Ion	0.0	0.1	1.0	10.0	100.0
C5+	0.004	0.009	0.013	0.022	0.024	
Ca13+	0.004	0.008	0.018	0.031	0.044	
Ca14+	0.004	0.014	0.027	0.051	0.084	
Fe18+	0.001	0.005	0.007	0.015	0.023	
Mg10+	0.004	0.018	0.035	0.064	0.094	
Mg8+	0.004	0.017	0.030	0.047	0.071	
N6+	0.003	0.016	0.025	0.038	0.064	
Ne7+	0.003	0.018	0.030	0.045	0.067	
Ne8+	0.005	0.053	0.087	0.156	0.276	
O6+	0.004	0.019	0.036	0.051	0.068	
O7+	0.004	0.013	0.021	0.040	0.047	
S11+	0.004	0.024	0.044	0.084	0.126	
S12+	0.004	0.032	0.047	0.102	0.235	
Si10+	0.003	0.058	0.095	0.178	0.265	
Si11+	0.004	0.032	0.066	0.129	0.213	
Si12+	0.004	0.007	0.015	0.025	0.046	
10.0
Ion	0.0	0.1	1.0	10.0	100.0
C5+	0.040	0.043	0.050	0.065	0.088	
Ca13+	0.040	0.044	0.058	0.094	0.120	
Ca14+	0.041	0.028	0.084	0.165	0.299	
Fe18+	0.010	0.040	0.041	0.031	0.069	
Mg10+	0.032	0.068	0.105	0.184	0.285	
Mg8+	0.030	0.058	0.065	0.157	0.261	
N6+	0.041	0.029	0.030	0.121	0.171	
Ne7+	0.041	0.032	0.101	0.140	0.236	
Ne8+	0.029	0.074	0.251	0.452	0.935	
O6+	0.036	0.084	0.115	0.187	0.238	
O7+	0.032	0.031	0.072	0.149	0.168	
S11+	0.033	0.081	0.142	0.267	0.433	
S12+	0.031	0.099	0.178	0.364	0.771	
Si10+	0.049	0.111	0.305	0.632	0.057	
Si11+	0.031	0.091	0.193	0.401	0.827	
Si12+	0.040	0.044	0.053	0.077	0.122	
Step : 45
100.0
Ion	0.0	0.1	1.0	10.0	100.0
C5+	0.004	0.008	0.016	0.019	0.026	
Ca13+	0.004	0.009	0.018	0.026	0.043	
Ca14+	0.004	0.014	0.028	0.048	0.085	
Fe18+	0.001	0.005	0.007	0.012	0.021	
Mg10+	0.004	0.020	0.035	0.063	0.098	
Mg8+	0.004	0.015	0.032	0.048	0.071	
N6+	0.003	0.013	0.025	0.036	0.052	
Ne7+	0.003	0.017	0.025	0.049	0.071	
Ne8+	0.005	0.052	0.088	0.151	0.232	
O6+	0.003	0.020	0.039	0.053	0.070	
O7+	0.004	0.016	0.029	0.039	0.061	
S11+	0.005	0.023	0.042	0.073	0.143	
S12+	0.004	0.028	0.052	0.099	0.184	
Si10+	0.003	0.052	0.084	0.186	0.343	
Si11+	0.005	0.033	0.064	0.116	0.211	
Si12+	0.004	0.007	0.014	0.026	0.039	
10.0
Ion	0.0	0.1	1.0	10.0	100.0
C5+	0.040	0.043	0.028	0.069	0.091	
Ca13+	0.040	0.045	0.057	0.084	0.137	
Ca14+	0.040	0.031	0.086	0.146	0.255	
Fe18+	0.010	0.040	0.004	0.030	0.074	
Mg10+	0.033	0.070	0.116	0.186	0.294	
Mg8+	0.030	0.028	0.077	0.150	0.223	
N6+	0.026	0.059	0.079	0.139	0.192	
Ne7+	0.012	0.065	0.089	0.149	0.192	
Ne8+	0.031	0.069	0.281	0.404	0.942	
O6+	0.035	0.079	0.103	0.139	0.259	
O7+	0.041	0.052	0.075	0.133	0.182	
S11+	0.042	0.088	0.142	0.275	0.475	
S12+	0.032	0.098	0.157	0.299	0.769	
Si10+	0.048	0.132	0.280	0.532	0.067	
Si11+	0.033	0.091	0.182	0.351	0.895	
Si12+	0.040	0.044	0.051	0.072	0.136	
Step : 50
100.0
Ion	0.0	0.1	1.0	10.0	100.0
C5+	0.004	0.009	0.014	0.023	0.030	
Ca13+	0.004	0.009	0.017	0.031	0.046	
Ca14+	0.004	0.013	0.025	0.051	0.082	
Fe18+	0.004	0.005	0.008	0.015	0.021	
Mg10+	0.004	0.017	0.037	0.050	0.090	
Mg8+	0.003	0.014	0.026	0.049	0.064	
N6+	0.004	0.014	0.024	0.045	0.053	
Ne7+	0.003	0.017	0.031	0.039	0.063	
Ne8+	0.005	0.053	0.086	0.138	0.243	
O6+	0.003	0.021	0.039	0.052	0.071	
O7+	0.004	0.014	0.025	0.045	0.055	
S11+	0.003	0.024	0.046	0.073	0.123	
S12+	0.004	0.025	0.045	0.101	0.189	
Si10+	0.003	0.062	0.089	0.169	0.318	
Si11+	0.005	0.033	0.063	0.121	0.207	
Si12+	0.001	0.007	0.015	0.025	0.041	
10.0
Ion	0.0	0.1	1.0	10.0	100.0
C5+	0.040	0.044	0.031	0.073	0.092	
Ca13+	0.040	0.043	0.055	0.089	0.134	
Ca14+	0.040	0.027	0.090	0.157	0.283	
Fe18+	0.010	0.040	0.043	0.049	0.073	
Mg10+	0.030	0.072	0.129	0.164	0.236	
Mg8+	0.028	0.059	0.086	0.164	0.219	
N6+	0.040	0.028	0.075	0.098	0.197	
Ne7+	0.032	0.031	0.093	0.125	0.205	
Ne8+	0.029	0.116	0.268	0.477	0.918	
O6+	0.033	0.060	0.120	0.171	0.240	
O7+	0.032	0.031	0.083	0.141	0.190	
S11+	0.036	0.090	0.130	0.277	0.434	
S12+	0.033	0.094	0.152	0.329	0.793	
Si10+	0.030	0.091	0.288	0.687	0.066	
Si11+	0.034	0.106	0.192	0.369	0.855	
Si12+	0.040	0.044	0.036	0.079	0.121	
Step : 55
100.0
Ion	0.0	0.1	1.0	10.0	100.0
C5+	0.003	0.009	0.016	0.024	0.037	
Ca13+	0.004	0.008	0.017	0.029	0.038	
Ca14+	0.004	0.013	0.026	0.045	0.076	
Fe18+	0.001	0.001	0.007	0.013	0.020	
Mg10+	0.003	0.020	0.031	0.053	0.097	
Mg8+	0.004	0.016	0.027	0.052	0.064	
N6+	0.004	0.012	0.023	0.043	0.060	
Ne7+	0.004	0.017	0.032	0.047	0.076	
Ne8+	0.005	0.050	0.077	0.155	0.309	
O6+	0.003	0.017	0.034	0.050	0.074	
O7+	0.003	0.014	0.026	0.042	0.057	
S11+	0.004	0.022	0.047	0.085	0.148	
S12+	0.004	0.026	0.063	0.099	0.185	
Si10+	0.005	0.055	0.075	0.176	0.340	
Si11+	0.004	0.035	0.061	0.132	0.226	
Si12+	0.004	0.007	0.014	0.026	0.040	
10.0
Ion	0.0	0.1	1.0	10.0	100.0
C5+	0.040	0.049	0.054	0.078	0.107	
Ca13+	0.040	0.045	0.033	0.081	0.154	
Ca14+	0.040	0.029	0.084	0.162	0.279	
Fe18+	0.010	0.039	0.041	0.051	0.078	
Mg10+	0.042	0.068	0.111	0.190	0.301	
Mg8+	0.041	0.029	0.087	0.165	0.245	
N6+	0.012	0.031	0.071	0.125	0.180	
Ne7+	0.042	0.030	0.085	0.169	0.239	
Ne8+	0.030	0.065	0.275	0.583	0.066	
O6+	0.032	0.068	0.115	0.156	0.236	
O7+	0.040	0.030	0.091	0.152	0.185	
S11+	0.030	0.087	0.159	0.244	0.417	
S12+	0.042	0.088	0.155	0.377	0.734	
Si10+	0.046	0.066	0.269	0.552	0.073	
Si11+	0.033	0.108	0.199	0.367	0.768	
Si12+	0.040	0.043	0.054	0.073	0.125	
