Step : 1
100.0
Ion	0.0	0.1	1.0	10.0	100.0
C4+	0.003	0.022	0.038	0.061	0.094	
C5+	0.004	0.010	0.025	0.035	0.050	
Mg8+	0.004	0.008	0.019	0.035	0.051	
Ne7+	0.004	0.019	0.038	0.076	0.135	
O5+	0.004	0.015	0.032	0.052	0.085	
O6+	0.003	0.030	0.062	0.108	0.202	
10.0
Ion	0.0	0.1	1.0	10.0	100.0
C4+	0.033	0.083	0.133	0.217	0.309	
C5+	0.040	0.052	0.064	0.123	0.189	
Mg8+	0.010	0.046	0.031	0.110	0.168	
Ne7+	0.032	0.068	0.125	0.229	0.397	
O5+	0.013	0.029	0.086	0.131	0.258	
O6+	0.034	0.106	0.179	0.355	0.722	
Step : 5
100.0
Ion	0.0	0.1	1.0	10.0	100.0
C4+	0.003	0.019	0.040	0.061	0.107	
C5+	0.004	0.011	0.021	0.037	0.044	
Mg8+	0.001	0.010	0.020	0.037	0.058	
Ne7+	0.004	0.021	0.044	0.095	0.156	
O5+	0.004	0.014	0.032	0.056	0.065	
O6+	0.004	0.032	0.062	0.115	0.210	
10.0
Ion	0.0	0.1	1.0	10.0	100.0
C4+	0.035	0.078	0.120	0.245	0.340	
C5+	0.040	0.029	0.062	0.125	0.176	
Mg8+	0.039	0.043	0.063	0.111	0.197	
Ne7+	0.012	0.074	0.124	0.238	0.453	
O5+	0.041	0.029	0.092	0.156	0.254	
O6+	0.044	0.092	0.201	0.353	0.719	
Step : 10
100.0
Ion	0.0	0.1	1.0	10.0	100.0
C4+	0.003	0.022	0.035	0.066	0.082	
C5+	0.004	0.012	0.020	0.034	0.044	
Mg8+	0.004	0.011	0.023	0.044	0.072	
Ne7+	0.004	0.027	0.049	0.096	0.176	
Ne8+	0.001	0.003	0.008	0.015	0.025	
O5+	0.004	0.015	0.027	0.052	0.065	
O6+	0.005	0.032	0.055	0.094	0.186	
10.0
Ion	0.0	0.1	1.0	10.0	100.0
C4+	0.031	0.075	0.128	0.208	0.267	
C5+	0.026	0.051	0.064	0.105	0.146	
Mg8+	0.040	0.009	0.065	0.131	0.222	
Ne7+	0.042	0.084	0.163	0.320	0.622	
Ne8+	0.010	0.041	0.044	0.051	0.077	
O5+	0.040	0.057	0.099	0.162	0.226	
O6+	0.042	0.098	0.199	0.336	0.729	
Step : 15
100.0
Ion	0.0	0.1	1.0	10.0	100.0
C4+	0.004	0.022	0.040	0.054	0.101	
C5+	0.004	0.012	0.022	0.033	0.039	
Mg8+	0.004	0.011	0.025	0.049	0.081	
Ne7+	0.003	0.027	0.054	0.095	0.192	
Ne8+	0.004	0.001	0.008	0.015	0.024	
O5+	0.004	0.016	0.030	0.052	0.075	
O6+	0.003	0.035	0.060	0.107	0.198	
10.0
Ion	0.0	0.1	1.0	10.0	100.0
C4+	0.032	0.069	0.128	0.184	0.280	
C5+	0.041	0.049	0.065	0.106	0.142	
Mg8+	0.010	0.050	0.092	0.162	0.268	
Ne7+	0.031	0.093	0.167	0.329	0.845	
Ne8+	0.010	0.041	0.041	0.054	0.032	
O5+	0.040	0.058	0.092	0.163	0.249	
O6+	0.032	0.098	0.182	0.295	0.711	
Step : 20
100.0
Ion	0.0	0.1	1.0	10.0	100.0
C4+	0.003	0.022	0.039	0.054	0.093	
C5+	0.004	0.011	0.021	0.031	0.047	
Mg8+	0.004	0.015	0.027	0.050	0.078	
Ne7+	0.004	0.026	0.055	0.110	0.241	
Ne8+	0.004	0.005	0.009	0.014	0.022	
O5+	0.003	0.016	0.030	0.055	0.084	
O6+	0.003	0.034	0.061	0.104	0.202	
Si9+	0.004	0.006	0.013	0.023	0.039	
10.0
Ion	0.0	0.1	1.0	10.0	100.0
C4+	0.034	0.065	0.105	0.198	0.290	
C5+	0.040	0.050	0.065	0.107	0.148	
Mg8+	0.040	0.052	0.088	0.146	0.298	
Ne7+	0.032	0.097	0.151	0.356	0.773	
Ne8+	0.040	0.041	0.042	0.053	0.071	
O5+	0.041	0.028	0.081	0.152	0.243	
O6+	0.031	0.106	0.181	0.338	0.719	
Si9+	0.040	0.042	0.049	0.073	0.117	
Step : 25
100.0
Ion	0.0	0.1	1.0	10.0	100.0
C4+	0.003	0.024	0.037	0.060	0.089	
C5+	0.004	0.012	0.020	0.034	0.048	
Mg8+	0.004	0.014	0.033	0.059	0.087	
Ne7+	0.003	0.026	0.050	0.109	0.224	
Ne8+	0.004	0.003	0.009	0.015	0.024	
O5+	0.003	0.015	0.030	0.045	0.069	
O6+	0.005	0.030	0.056	0.103	0.193	
Si9+	0.001	0.007	0.013	0.025	0.038	
10.0
Ion	0.0	0.1	1.0	10.0	100.0
C4+	0.042	0.075	0.126	0.195	0.294	
C5+	0.040	0.030	0.064	0.105	0.151	
Mg8+	0.040	0.029	0.086	0.166	0.295	
Ne7+	0.031	0.106	0.199	0.382	0.832	
Ne8+	0.010	0.040	0.043	0.058	0.075	
O5+	0.041	0.053	0.087	0.168	0.227	
O6+	0.032	0.109	0.182	0.338	0.598	
Si9+	0.040	0.042	0.033	0.074	0.124	
Step : 30
100.0
Ion	0.0	0.1	1.0	10.0	100.0
C4+	0.003	0.024	0.035	0.052	0.086	
C5+	0.004	0.011	0.019	0.037	0.045	
Mg8+	0.001	0.015	0.028	0.047	0.088	
Ne7+	0.004	0.031	0.061	0.118	0.230	
Ne8+	0.004	0.003	0.008	0.016	0.025	
O5+	0.004	0.014	0.026	0.053	0.073	
O6+	0.005	0.037	0.063	0.121	0.174	
Si9+	0.001	0.008	0.014	0.026	0.046	
10.0
Ion	0.0	0.1	1.0	10.0	100.0
C4+	0.035	0.081	0.129	0.196	0.286	
C5+	0.013	0.031	0.063	0.118	0.142	
Mg8+	0.040	0.052	0.078	0.189	0.288	
Ne7+	0.035	0.097	0.155	0.381	0.823	
Ne8+	0.039	0.041	0.042	0.055	0.079	
O5+	0.041	0.029	0.088	0.158	0.248	
O6+	0.032	0.086	0.203	0.341	0.717	
Si9+	0.039	0.043	0.047	0.081	0.119	
Step : 35
100.0
Ion	0.0	0.1	1.0	10.0	100.0
C4+	0.004	0.021	0.037	0.067	0.089	
C5+	0.004	0.013	0.019	0.027	0.043	
Mg8+	0.004	0.016	0.032	0.054	0.110	
Ne7+	0.005	0.032	0.067	0.118	0.247	
Ne8+	0.004	0.003	0.009	0.013	0.023	
O5+	0.004	0.017	0.028	0.047	0.078	
O6+	0.005	0.031	0.055	0.101	0.166	
Si9+	0.001	0.008	0.014	0.027	0.042	
10.0
Ion	0.0	0.1	1.0	10.0	100.0
C4+	0.033	0.083	0.124	0.185	0.298	
C5+	0.012	0.027	0.073	0.106	0.133	
Mg8+	0.026	0.057	0.099	0.190	0.324	
Ne7+	0.033	0.113	0.197	0.364	0.863	
Ne8+	0.040	0.040	0.043	0.031	0.076	
O5+	0.026	0.064	0.087	0.144	0.234	
O6+	0.032	0.093	0.160	0.275	0.730	
Si9+	0.039	0.044	0.056	0.087	0.123	
Step : 40
100.0
Ion	0.0	0.1	1.0	10.0	100.0
C4+	0.003	0.023	0.043	0.066	0.105	
C5+	0.004	0.010	0.023	0.028	0.044	
Mg8+	0.004	0.016	0.032	0.057	0.086	
Ne7+	0.004	0.031	0.059	0.132	0.249	
Ne8+	0.004	0.001	0.008	0.014	0.022	
O5+	0.003	0.014	0.028	0.053	0.071	
O6+	0.005	0.028	0.057	0.106	0.192	
Si9+	0.004	0.006	0.016	0.030	0.043	
10.0
Ion	0.0	0.1	1.0	10.0	100.0
C4+	0.032	0.030	0.100	0.198	0.287	
C5+	0.040	0.031	0.066	0.100	0.135	
Mg8+	0.012	0.028	0.099	0.200	0.317	
Ne7+	0.032	0.097	0.191	0.389	0.926	
Ne8+	0.039	0.041	0.044	0.051	0.074	
O5+	0.040	0.031	0.090	0.132	0.219	
O6+	0.043	0.098	0.181	0.365	0.704	
Si9+	0.040	0.043	0.054	0.095	0.150	
Step : 45
100.0
Ion	0.0	0.1	1.0	10.0	100.0
C4+	0.004	0.024	0.043	0.070	0.104	
C5+	0.004	0.011	0.021	0.033	0.045	
Mg8+	0.004	0.013	0.031	0.052	0.116	
Ne7+	0.004	0.031	0.062	0.123	0.229	
Ne8+	0.004	0.002	0.008	0.017	0.026	
O5+	0.004	0.014	0.028	0.041	0.076	
O6+	0.004	0.032	0.058	0.102	0.164	
Si9+	0.001	0.008	0.017	0.026	0.048	
10.0
Ion	0.0	0.1	1.0	10.0	100.0
C4+	0.033	0.079	0.125	0.196	0.351	
C5+	0.026	0.047	0.063	0.107	0.142	
Mg8+	0.040	0.029	0.082	0.183	0.343	
Ne7+	0.043	0.113	0.198	0.442	0.819	
Ne8+	0.039	0.040	0.044	0.055	0.083	
O5+	0.040	0.028	0.090	0.146	0.235	
O6+	0.032	0.103	0.175	0.322	0.601	
Si9+	0.040	0.043	0.052	0.090	0.156	
Step : 50
100.0
Ion	0.0	0.1	1.0	10.0	100.0
C4+	0.003	0.023	0.041	0.062	0.109	
C5+	0.001	0.010	0.021	0.034	0.046	
Mg8+	0.004	0.015	0.029	0.056	0.112	
Ne7+	0.002	0.030	0.061	0.147	0.276	
Ne8+	0.004	0.005	0.007	0.015	0.024	
O5+	0.004	0.016	0.028	0.053	0.072	
O6+	0.004	0.030	0.048	0.103	0.160	
Si9+	0.004	0.007	0.016	0.028	0.042	
10.0
Ion	0.0	0.1	1.0	10.0	100.0
C4+	0.031	0.073	0.134	0.253	0.283	
C5+	0.025	0.028	0.067	0.105	0.133	
Mg8+	0.040	0.055	0.103	0.198	0.326	
Ne7+	0.034	0.114	0.184	0.397	0.888	
Ne8+	0.010	0.040	0.007	0.031	0.082	
O5+	0.040	0.031	0.076	0.157	0.225	
O6+	0.036	0.089	0.194	0.311	0.686	
Si9+	0.039	0.043	0.054	0.087	0.145	
Step : 55
100.0
Ion	0.0	0.1	1.0	10.0	100.0
C4+	0.003	0.021	0.038	0.065	0.125	
C5+	0.001	0.011	0.019	0.028	0.041	
Mg8+	0.004	0.014	0.029	0.061	0.099	
Ne7+	0.004	0.035	0.059	0.128	0.266	
Ne8+	0.001	0.003	0.008	0.015	0.023	
O5+	0.004	0.015	0.025	0.049	0.078	
O6+	0.005	0.027	0.061	0.096	0.185	
Si9+	0.004	0.008	0.015	0.026	0.043	
10.0
Ion	0.0	0.1	1.0	10.0	100.0
C4+	0.028	0.077	0.113	0.238	0.392	
C5+	0.040	0.050	0.062	0.093	0.140	
Mg8+	0.012	0.030	0.095	0.217	0.303	
Ne7+	0.042	0.115	0.212	0.374	0.865	
Ne8+	0.039	0.041	0.042	0.032	0.071	
O5+	0.040	0.029	0.088	0.167	0.236	
O6+	0.033	0.095	0.160	0.335	0.719	
Si9+	0.010	0.000	0.052	0.095	0.129	
