Step : 1
100.0
Ion	0.0	0.1	1.0	10.0	100.0
C5+	0.003	0.045	0.074	0.140	0.183	
C6+	0.001	0.010	0.023	0.034	0.050	
N7+	0.004	0.010	0.018	0.025	0.039	
Ne8+	0.004	0.021	0.044	0.075	0.138	
O6+	0.004	0.014	0.029	0.049	0.072	
O7+	0.005	0.064	0.095	0.191	0.413	
O8+	0.004	0.006	0.015	0.025	0.035	
10.0
Ion	0.0	0.1	1.0	10.0	100.0
C5+	0.031	0.114	0.206	0.357	0.642	
C6+	0.040	0.030	0.064	0.116	0.126	
N7+	0.013	0.049	0.060	0.100	0.120	
Ne8+	0.030	0.080	0.140	0.238	0.442	
O6+	0.041	0.061	0.099	0.177	0.253	
O7+	0.047	0.130	0.325	0.619	0.074	
O8+	0.040	0.045	0.052	0.073	0.096	
Step : 5
100.0
Ion	0.0	0.1	1.0	10.0	100.0
C5+	0.005	0.042	0.063	0.114	0.175	
C6+	0.001	0.012	0.022	0.035	0.045	
Mg9+	0.004	0.006	0.017	0.028	0.040	
N7+	0.004	0.009	0.017	0.028	0.039	
Ne8+	0.003	0.023	0.038	0.076	0.136	
O6+	0.003	0.015	0.028	0.054	0.079	
O7+	0.005	0.055	0.085	0.183	0.393	
O8+	0.001	0.006	0.010	0.017	0.027	
10.0
Ion	0.0	0.1	1.0	10.0	100.0
C5+	0.033	0.096	0.219	0.319	0.627	
C6+	0.040	0.030	0.074	0.116	0.131	
Mg9+	0.040	0.043	0.055	0.090	0.133	
N7+	0.040	0.046	0.030	0.088	0.114	
Ne8+	0.030	0.030	0.128	0.239	0.403	
O6+	0.028	0.058	0.094	0.150	0.264	
O7+	0.048	0.099	0.279	0.600	0.065	
O8+	0.010	0.041	0.029	0.055	0.084	
Step : 10
100.0
Ion	0.0	0.1	1.0	10.0	100.0
C5+	0.005	0.037	0.075	0.113	0.185	
C6+	0.001	0.010	0.022	0.037	0.048	
Mg9+	0.004	0.008	0.021	0.032	0.061	
N7+	0.004	0.008	0.015	0.025	0.036	
Ne8+	0.003	0.025	0.052	0.088	0.194	
O6+	0.004	0.017	0.024	0.054	0.077	
O7+	0.003	0.052	0.091	0.170	0.409	
O8+	0.004	0.003	0.009	0.017	0.025	
10.0
Ion	0.0	0.1	1.0	10.0	100.0
C5+	0.032	0.071	0.235	0.370	0.762	
C6+	0.040	0.050	0.068	0.125	0.160	
Mg9+	0.040	0.045	0.060	0.119	0.179	
N7+	0.010	0.045	0.028	0.089	0.126	
Ne8+	0.031	0.089	0.155	0.312	0.565	
O6+	0.028	0.060	0.090	0.167	0.235	
O7+	0.030	0.099	0.290	0.648	0.062	
O8+	0.010	0.041	0.044	0.029	0.075	
Step : 15
100.0
Ion	0.0	0.1	1.0	10.0	100.0
C5+	0.005	0.040	0.069	0.120	0.200	
C6+	0.004	0.011	0.020	0.035	0.042	
Mg10+	0.001	0.008	0.019	0.040	0.059	
Mg9+	0.004	0.011	0.021	0.036	0.057	
N7+	0.004	0.009	0.016	0.025	0.032	
Ne8+	0.003	0.029	0.050	0.096	0.167	
O6+	0.004	0.016	0.029	0.048	0.081	
O7+	0.003	0.048	0.089	0.199	0.399	
O8+	0.001	0.005	0.010	0.016	0.024	
10.0
Ion	0.0	0.1	1.0	10.0	100.0
C5+	0.033	0.111	0.206	0.375	0.573	
C6+	0.040	0.028	0.064	0.104	0.150	
Mg10+	0.010	0.035	0.061	0.123	0.193	
Mg9+	0.040	0.045	0.061	0.112	0.194	
N7+	0.039	0.044	0.030	0.075	0.123	
Ne8+	0.042	0.087	0.178	0.299	0.620	
O6+	0.031	0.030	0.098	0.163	0.279	
O7+	0.030	0.133	0.309	0.672	0.052	
O8+	0.040	0.040	0.008	0.061	0.079	
Step : 20
100.0
Ion	0.0	0.1	1.0	10.0	100.0
C5+	0.005	0.043	0.060	0.108	0.139	
C6+	0.001	0.011	0.020	0.035	0.049	
Mg10+	0.001	0.009	0.022	0.035	0.063	
Mg9+	0.004	0.012	0.021	0.036	0.062	
N7+	0.004	0.008	0.014	0.025	0.036	
Ne8+	0.003	0.026	0.058	0.106	0.182	
O6+	0.004	0.017	0.027	0.050	0.085	
O7+	0.003	0.056	0.074	0.183	0.379	
O8+	0.004	0.005	0.010	0.017	0.022	
10.0
Ion	0.0	0.1	1.0	10.0	100.0
C5+	0.047	0.094	0.208	0.383	0.649	
C6+	0.040	0.047	0.066	0.105	0.140	
Mg10+	0.039	0.044	0.061	0.110	0.201	
Mg9+	0.040	0.029	0.073	0.130	0.184	
N7+	0.040	0.005	0.056	0.077	0.118	
Ne8+	0.033	0.085	0.178	0.309	0.672	
O6+	0.040	0.031	0.081	0.142	0.254	
O7+	0.047	0.071	0.306	0.598	0.056	
O8+	0.040	0.041	0.008	0.057	0.079	
Step : 25
100.0
Ion	0.0	0.1	1.0	10.0	100.0
C5+	0.005	0.038	0.079	0.104	0.203	
C6+	0.001	0.011	0.022	0.033	0.047	
Mg10+	0.001	0.011	0.022	0.038	0.061	
Mg9+	0.003	0.011	0.023	0.035	0.064	
N7+	0.004	0.007	0.017	0.024	0.037	
Ne8+	0.005	0.034	0.063	0.099	0.228	
O6+	0.004	0.017	0.025	0.050	0.071	
O7+	0.005	0.053	0.091	0.224	0.423	
10.0
Ion	0.0	0.1	1.0	10.0	100.0
C5+	0.034	0.104	0.238	0.379	0.725	
C6+	0.026	0.029	0.061	0.121	0.137	
Mg10+	0.040	0.046	0.071	0.134	0.201	
Mg9+	0.041	0.049	0.074	0.131	0.211	
N7+	0.040	0.045	0.030	0.078	0.102	
Ne8+	0.031	0.104	0.201	0.315	0.735	
O6+	0.026	0.030	0.111	0.139	0.245	
O7+	0.049	0.030	0.347	0.609	0.060	
Step : 30
100.0
Ion	0.0	0.1	1.0	10.0	100.0
C5+	0.005	0.044	0.074	0.108	0.184	
C6+	0.001	0.012	0.019	0.032	0.040	
Mg10+	0.001	0.008	0.025	0.049	0.080	
Mg9+	0.004	0.011	0.024	0.042	0.073	
N7+	0.004	0.008	0.015	0.023	0.035	
Ne8+	0.005	0.033	0.061	0.124	0.195	
O6+	0.004	0.015	0.031	0.052	0.066	
O7+	0.003	0.056	0.096	0.203	0.406	
10.0
Ion	0.0	0.1	1.0	10.0	100.0
C5+	0.031	0.087	0.216	0.372	0.529	
C6+	0.040	0.048	0.068	0.110	0.143	
Mg10+	0.039	0.012	0.068	0.132	0.243	
Mg9+	0.040	0.031	0.076	0.141	0.230	
N7+	0.040	0.044	0.031	0.074	0.105	
Ne8+	0.033	0.117	0.183	0.352	0.883	
O6+	0.030	0.056	0.082	0.186	0.227	
O7+	0.047	0.109	0.271	0.714	1.158	
Step : 35
100.0
Ion	0.0	0.1	1.0	10.0	100.0
C5+	0.005	0.042	0.069	0.123	0.188	
C6+	0.001	0.010	0.022	0.030	0.044	
Mg10+	0.001	0.010	0.021	0.043	0.070	
Mg9+	0.004	0.014	0.023	0.046	0.070	
N7+	0.004	0.008	0.015	0.025	0.033	
Ne8+	0.003	0.032	0.054	0.128	0.216	
O6+	0.004	0.015	0.031	0.051	0.081	
O7+	0.003	0.057	0.083	0.200	0.406	
10.0
Ion	0.0	0.1	1.0	10.0	100.0
C5+	0.034	0.108	0.241	0.376	0.668	
C6+	0.040	0.049	0.062	0.105	0.159	
Mg10+	0.010	0.049	0.072	0.131	0.214	
Mg9+	0.040	0.048	0.069	0.150	0.229	
N7+	0.040	0.045	0.054	0.079	0.115	
Ne8+	0.030	0.101	0.199	0.388	0.739	
O6+	0.040	0.030	0.096	0.159	0.256	
O7+	0.030	0.133	0.318	0.694	0.080	
Step : 40
100.0
Ion	0.0	0.1	1.0	10.0	100.0
C5+	0.005	0.046	0.071	0.101	0.185	
C6+	0.004	0.012	0.022	0.032	0.050	
Mg10+	0.001	0.012	0.023	0.044	0.071	
Mg9+	0.004	0.013	0.024	0.045	0.084	
N7+	0.004	0.008	0.014	0.024	0.036	
Ne8+	0.005	0.033	0.062	0.105	0.211	
O6+	0.004	0.015	0.030	0.056	0.082	
O7+	0.005	0.050	0.085	0.199	0.446	
10.0
Ion	0.0	0.1	1.0	10.0	100.0
C5+	0.034	0.115	0.200	0.365	0.717	
C6+	0.025	0.050	0.061	0.109	0.129	
Mg10+	0.010	0.045	0.070	0.141	0.218	
Mg9+	0.040	0.048	0.067	0.134	0.243	
N7+	0.040	0.043	0.051	0.071	0.123	
Ne8+	0.044	0.109	0.194	0.405	0.827	
O6+	0.041	0.057	0.098	0.137	0.298	
O7+	0.047	0.064	0.270	0.662	0.060	
Step : 45
100.0
Ion	0.0	0.1	1.0	10.0	100.0
C5+	0.005	0.041	0.068	0.125	0.178	
C6+	0.004	0.010	0.021	0.032	0.043	
Mg10+	0.001	0.010	0.025	0.045	0.081	
Mg9+	0.004	0.012	0.023	0.042	0.067	
N7+	0.001	0.007	0.014	0.023	0.032	
Ne8+	0.004	0.035	0.061	0.112	0.243	
O6+	0.004	0.013	0.030	0.046	0.071	
O7+	0.005	0.050	0.081	0.196	0.387	
10.0
Ion	0.0	0.1	1.0	10.0	100.0
C5+	0.030	0.080	0.206	0.381	0.639	
C6+	0.040	0.029	0.062	0.094	0.148	
Mg10+	0.039	0.050	0.077	0.143	0.276	
Mg9+	0.040	0.055	0.074	0.152	0.225	
N7+	0.040	0.043	0.031	0.080	0.120	
Ne8+	0.031	0.087	0.215	0.397	0.893	
O6+	0.041	0.031	0.082	0.139	0.219	
O7+	0.047	0.063	0.296	0.563	0.069	
Step : 50
100.0
Ion	0.0	0.1	1.0	10.0	100.0
C5+	0.005	0.038	0.067	0.129	0.166	
C6+	0.004	0.012	0.021	0.035	0.043	
Mg10+	0.001	0.011	0.023	0.046	0.068	
Mg9+	0.003	0.013	0.022	0.044	0.080	
N7+	0.004	0.007	0.015	0.026	0.032	
Ne8+	0.003	0.035	0.065	0.130	0.245	
O6+	0.004	0.014	0.029	0.053	0.069	
O7+	0.005	0.053	0.087	0.173	0.341	
10.0
Ion	0.0	0.1	1.0	10.0	100.0
C5+	0.046	0.115	0.223	0.405	0.557	
C6+	0.040	0.030	0.064	0.111	0.149	
Mg10+	0.040	0.008	0.076	0.156	0.209	
Mg9+	0.041	0.049	0.073	0.140	0.236	
N7+	0.040	0.043	0.051	0.078	0.102	
Ne8+	0.047	0.099	0.182	0.385	0.860	
O6+	0.012	0.060	0.085	0.160	0.222	
O7+	0.030	0.064	0.303	0.662	0.057	
Step : 55
100.0
Ion	0.0	0.1	1.0	10.0	100.0
C5+	0.005	0.049	0.074	0.123	0.167	
C6+	0.004	0.009	0.020	0.033	0.041	
Mg10+	0.001	0.011	0.024	0.043	0.061	
Mg9+	0.004	0.013	0.024	0.041	0.076	
N7+	0.004	0.008	0.014	0.022	0.033	
Ne8+	0.004	0.037	0.059	0.113	0.221	
O6+	0.004	0.016	0.029	0.052	0.067	
O7+	0.005	0.055	0.085	0.209	0.373	
10.0
Ion	0.0	0.1	1.0	10.0	100.0
C5+	0.032	0.077	0.234	0.385	0.570	
C6+	0.040	0.030	0.066	0.115	0.132	
Mg10+	0.010	0.047	0.071	0.122	0.239	
Mg9+	0.040	0.027	0.085	0.133	0.256	
N7+	0.040	0.006	0.030	0.077	0.104	
Ne8+	0.032	0.109	0.223	0.374	0.833	
O6+	0.041	0.029	0.091	0.145	0.223	
O7+	0.047	0.067	0.278	0.717	0.065	
