Step : 1
Step : 5
100.0
Ion	0.0	0.1	1.0	10.0	100.0
C6+	0.006	0.063	0.097	0.166	0.230	
Mg11+	0.001	0.008	0.020	0.030	0.048	
N6+	0.003	0.010	0.017	0.028	0.040	
O7+	0.004	0.016	0.030	0.056	0.077	
O8+	0.005	0.076	0.135	0.271	0.493	
10.0
Ion	0.0	0.1	1.0	10.0	100.0
C6+	0.031	0.072	0.327	0.539	1.023	
Mg11+	0.040	0.046	0.032	0.094	0.153	
N6+	0.040	0.045	0.057	0.092	0.140	
O7+	0.032	0.059	0.101	0.166	0.250	
O8+	0.031	0.061	0.379	0.919	0.057	
Step : 10
100.0
Ion	0.0	0.1	1.0	10.0	100.0
C6+	0.006	0.075	0.096	0.144	0.266	
Mg11+	0.001	0.009	0.019	0.036	0.057	
N6+	0.004	0.008	0.017	0.029	0.043	
O7+	0.004	0.015	0.032	0.043	0.075	
O8+	0.005	0.078	0.123	0.268	0.658	
Si12+	0.004	0.001	0.007	0.013	0.017	
10.0
Ion	0.0	0.1	1.0	10.0	100.0
C6+	0.056	0.152	0.341	0.595	0.984	
Mg11+	0.039	0.047	0.064	0.110	0.191	
N6+	0.040	0.044	0.058	0.086	0.143	
O7+	0.041	0.063	0.098	0.168	0.231	
O8+	0.049	0.062	0.420	0.784	0.060	
Si12+	0.010	0.040	0.042	0.051	0.066	
Step : 15
100.0
Ion	0.0	0.1	1.0	10.0	100.0
C6+	0.006	0.081	0.100	0.155	0.281	
Mg11+	0.004	0.011	0.022	0.041	0.063	
N6+	0.004	0.008	0.015	0.027	0.037	
O7+	0.004	0.015	0.030	0.057	0.075	
O8+	0.005	0.087	0.126	0.329	0.751	
Si12+	0.001	0.005	0.008	0.015	0.023	
10.0
Ion	0.0	0.1	1.0	10.0	100.0
C6+	0.032	0.073	0.329	0.487	0.900	
Mg11+	0.039	0.046	0.058	0.107	0.189	
N6+	0.040	0.006	0.055	0.077	0.118	
O7+	0.041	0.030	0.093	0.179	0.233	
O8+	0.053	0.066	0.427	0.928	0.054	
Si12+	0.039	0.040	0.043	0.053	0.067	
Step : 20
100.0
Ion	0.0	0.1	1.0	10.0	100.0
C6+	0.002	0.068	0.098	0.167	0.268	
Mg11+	0.004	0.011	0.024	0.040	0.074	
N6+	0.004	0.008	0.015	0.025	0.031	
O7+	0.004	0.015	0.026	0.045	0.074	
O8+	0.005	0.071	0.126	0.261	0.748	
Si12+	0.001	0.003	0.007	0.016	0.026	
10.0
Ion	0.0	0.1	1.0	10.0	100.0
C6+	0.029	0.005	0.310	0.560	0.063	
Mg11+	0.040	0.028	0.074	0.134	0.230	
N6+	0.040	0.044	0.057	0.080	0.102	
O7+	0.040	0.060	0.093	0.166	0.247	
O8+	0.049	0.060	0.464	0.962	0.022	
Si12+	0.040	0.041	0.044	0.052	0.088	
Step : 25
100.0
Ion	0.0	0.1	1.0	10.0	100.0
C6+	0.006	0.071	0.092	0.180	0.267	
Mg10+	0.004	0.007	0.013	0.021	0.034	
Mg11+	0.004	0.012	0.022	0.045	0.079	
N6+	0.004	0.008	0.016	0.026	0.039	
O7+	0.004	0.014	0.029	0.049	0.071	
O8+	0.005	0.080	0.137	0.322	0.699	
Si12+	0.001	0.003	0.009	0.017	0.026	
10.0
Ion	0.0	0.1	1.0	10.0	100.0
C6+	0.052	0.068	0.323	0.551	0.878	
Mg10+	0.040	0.043	0.029	0.074	0.107	
Mg11+	0.040	0.048	0.076	0.148	0.258	
N6+	0.040	0.044	0.030	0.088	0.123	
O7+	0.040	0.029	0.086	0.150	0.227	
O8+	0.052	0.063	0.360	0.903	0.014	
Si12+	0.040	0.041	0.043	0.053	0.088	
Step : 30
100.0
Ion	0.0	0.1	1.0	10.0	100.0
C6+	0.006	0.060	0.101	0.161	0.279	
Mg10+	0.004	0.007	0.015	0.026	0.037	
Mg11+	0.004	0.011	0.025	0.045	0.081	
N6+	0.004	0.007	0.015	0.024	0.035	
O7+	0.003	0.016	0.033	0.047	0.058	
O8+	0.004	0.083	0.111	0.284	0.709	
Si12+	0.004	0.005	0.010	0.018	0.029	
10.0
Ion	0.0	0.1	1.0	10.0	100.0
C6+	0.054	0.151	0.365	0.589	0.056	
Mg10+	0.040	0.044	0.051	0.072	0.110	
Mg11+	0.040	0.029	0.084	0.149	0.237	
N6+	0.040	0.044	0.032	0.064	0.105	
O7+	0.013	0.030	0.088	0.164	0.245	
O8+	0.054	0.068	0.356	0.943	0.049	
Si12+	0.039	0.040	0.044	0.033	0.098	
Step : 35
100.0
Ion	0.0	0.1	1.0	10.0	100.0
C6+	0.006	0.077	0.099	0.170	0.256	
Mg10+	0.004	0.007	0.014	0.022	0.038	
Mg11+	0.004	0.014	0.029	0.042	0.082	
N6+	0.004	0.007	0.016	0.024	0.035	
O7+	0.004	0.013	0.032	0.052	0.074	
O8+	0.006	0.082	0.135	0.281	0.813	
Si12+	0.004	0.003	0.010	0.018	0.031	
10.0
Ion	0.0	0.1	1.0	10.0	100.0
C6+	0.053	0.129	0.318	0.641	0.051	
Mg10+	0.040	0.043	0.050	0.076	0.123	
Mg11+	0.041	0.028	0.070	0.161	0.271	
N6+	0.040	0.043	0.031	0.073	0.127	
O7+	0.012	0.029	0.090	0.160	0.253	
O8+	0.055	0.066	0.441	0.960	0.017	
Si12+	0.039	0.041	0.045	0.032	0.103	
Step : 40
100.0
Ion	0.0	0.1	1.0	10.0	100.0
C6+	0.005	0.084	0.097	0.193	0.281	
Mg10+	0.004	0.007	0.015	0.023	0.034	
Mg11+	0.004	0.013	0.025	0.042	0.088	
N6+	0.004	0.007	0.013	0.024	0.032	
O7+	0.004	0.016	0.031	0.049	0.076	
O8+	0.005	0.076	0.158	0.263	0.575	
Si12+	0.004	0.006	0.010	0.021	0.032	
10.0
Ion	0.0	0.1	1.0	10.0	100.0
C6+	0.050	0.153	0.317	0.675	0.053	
Mg10+	0.040	0.044	0.032	0.069	0.120	
Mg11+	0.040	0.056	0.082	0.143	0.249	
N6+	0.040	0.043	0.034	0.072	0.100	
O7+	0.028	0.063	0.093	0.166	0.215	
O8+	0.028	0.063	0.404	0.979	0.032	
Si12+	0.039	0.041	0.048	0.032	0.113	
Step : 45
100.0
Ion	0.0	0.1	1.0	10.0	100.0
C6+	0.008	0.074	0.098	0.186	0.267	
Mg10+	0.004	0.007	0.015	0.026	0.037	
Mg11+	0.004	0.013	0.030	0.045	0.087	
N6+	0.004	0.007	0.014	0.024	0.034	
O7+	0.004	0.015	0.026	0.047	0.078	
O8+	0.005	0.088	0.145	0.269	0.726	
Si12+	0.004	0.006	0.010	0.018	0.028	
10.0
Ion	0.0	0.1	1.0	10.0	100.0
C6+	0.056	0.026	0.337	0.656	0.828	
Mg10+	0.039	0.043	0.032	0.089	0.116	
Mg11+	0.040	0.030	0.084	0.159	0.257	
N6+	0.040	0.043	0.046	0.073	0.099	
O7+	0.040	0.057	0.086	0.156	0.246	
O8+	0.027	0.062	0.449	0.855	0.055	
Si12+	0.010	0.041	0.044	0.062	0.092	
Step : 50
100.0
Ion	0.0	0.1	1.0	10.0	100.0
C6+	0.006	0.082	0.101	0.179	0.273	
Mg10+	0.004	0.007	0.014	0.025	0.035	
Mg11+	0.004	0.014	0.028	0.051	0.083	
N6+	0.004	0.007	0.015	0.023	0.033	
O7+	0.004	0.015	0.028	0.049	0.066	
O8+	0.004	0.076	0.138	0.286	0.828	
Si12+	0.004	0.006	0.011	0.018	0.033	
10.0
Ion	0.0	0.1	1.0	10.0	100.0
C6+	0.052	0.070	0.347	0.628	0.051	
Mg10+	0.010	0.043	0.051	0.079	0.114	
Mg11+	0.040	0.029	0.084	0.173	0.232	
N6+	0.039	0.043	0.031	0.075	0.103	
O7+	0.034	0.028	0.082	0.145	0.227	
O8+	0.056	0.064	0.405	0.900	0.056	
Si12+	0.040	0.040	0.011	0.060	0.097	
Step : 55
100.0
Ion	0.0	0.1	1.0	10.0	100.0
C6+	0.006	0.073	0.097	0.170	0.318	
Mg10+	0.001	0.007	0.013	0.026	0.037	
Mg11+	0.004	0.013	0.025	0.053	0.082	
N6+	0.001	0.008	0.015	0.025	0.035	
O7+	0.004	0.014	0.027	0.052	0.068	
O8+	0.005	0.087	0.127	0.314	0.781	
Si12+	0.004	0.003	0.010	0.020	0.033	
10.0
Ion	0.0	0.1	1.0	10.0	100.0
C6+	0.053	0.020	0.326	0.672	0.067	
Mg10+	0.039	0.042	0.053	0.091	0.114	
Mg11+	0.040	0.052	0.077	0.164	0.287	
N6+	0.040	0.043	0.032	0.075	0.104	
O7+	0.040	0.059	0.103	0.155	0.202	
O8+	0.027	0.063	0.403	0.901	0.024	
Si12+	0.039	0.041	0.011	0.061	0.110	
