Step : 1
100.0
Ion	0.0	0.1	1.0	10.0	100.0
N5+	0.003	0.024	0.040	0.062	0.087	
O5+	0.004	0.010	0.018	0.027	0.041	
O6+	0.005	0.042	0.060	0.119	0.209	
10.0
Ion	0.0	0.1	1.0	10.0	100.0
N5+	0.035	0.030	0.132	0.202	0.270	
O5+	0.040	0.007	0.063	0.098	0.130	
O6+	0.033	0.086	0.203	0.385	0.776	
Step : 5
100.0
Ion	0.0	0.1	1.0	10.0	100.0
Ca12+	0.001	0.004	0.006	0.011	0.017	
Mg8+	0.005	0.053	0.085	0.169	0.346	
Mg9+	0.004	0.020	0.036	0.066	0.102	
N5+	0.003	0.026	0.037	0.058	0.090	
Ne8+	0.004	0.012	0.024	0.039	0.060	
O5+	0.004	0.008	0.016	0.027	0.036	
O6+	0.005	0.039	0.063	0.113	0.193	
S10+	0.004	0.010	0.020	0.034	0.052	
S11+	0.001	0.010	0.018	0.046	0.060	
Si10+	0.001	0.015	0.026	0.054	0.109	
Si9+	0.004	0.019	0.037	0.076	0.104	
10.0
Ion	0.0	0.1	1.0	10.0	100.0
Ca12+	0.010	0.040	0.042	0.049	0.032	
Mg8+	0.031	0.068	0.276	0.496	0.054	
Mg9+	0.028	0.059	0.114	0.197	0.347	
N5+	0.033	0.079	0.117	0.198	0.250	
Ne8+	0.041	0.029	0.073	0.134	0.194	
O5+	0.040	0.044	0.050	0.083	0.118	
O6+	0.033	0.085	0.223	0.425	0.620	
S10+	0.040	0.009	0.069	0.110	0.174	
S11+	0.010	0.043	0.060	0.113	0.190	
Si10+	0.039	0.028	0.092	0.195	0.309	
Si9+	0.030	0.075	0.116	0.203	0.355	
Step : 10
100.0
Ion	0.0	0.1	1.0	10.0	100.0
C5+	0.004	0.007	0.013	0.022	0.028	
Ca12+	0.004	0.004	0.008	0.016	0.023	
Mg8+	0.005	0.056	0.093	0.160	0.381	
Mg9+	0.004	0.019	0.039	0.056	0.096	
N5+	0.005	0.032	0.048	0.069	0.104	
Ne8+	0.004	0.012	0.023	0.037	0.055	
O5+	0.004	0.009	0.015	0.023	0.043	
O6+	0.003	0.041	0.077	0.133	0.205	
S10+	0.004	0.012	0.022	0.041	0.056	
S11+	0.001	0.009	0.025	0.049	0.069	
Si10+	0.004	0.015	0.033	0.062	0.088	
Si9+	0.003	0.022	0.040	0.075	0.134	
10.0
Ion	0.0	0.1	1.0	10.0	100.0
C5+	0.040	0.043	0.047	0.069	0.093	
Ca12+	0.010	0.040	0.042	0.050	0.064	
Mg8+	0.031	0.062	0.272	0.701	0.070	
Mg9+	0.012	0.029	0.085	0.177	0.319	
N5+	0.034	0.107	0.159	0.208	0.343	
Ne8+	0.040	0.052	0.068	0.132	0.184	
O5+	0.040	0.043	0.061	0.071	0.099	
O6+	0.030	0.112	0.229	0.392	0.810	
S10+	0.040	0.009	0.073	0.116	0.201	
S11+	0.040	0.046	0.071	0.155	0.239	
Si10+	0.040	0.027	0.109	0.202	0.312	
Si9+	0.042	0.085	0.125	0.230	0.385	
Step : 15
100.0
Ion	0.0	0.1	1.0	10.0	100.0
C5+	0.004	0.008	0.014	0.023	0.023	
Ca12+	0.004	0.005	0.008	0.016	0.024	
Mg8+	0.005	0.051	0.094	0.180	0.366	
Mg9+	0.003	0.015	0.028	0.055	0.083	
N5+	0.005	0.035	0.052	0.091	0.132	
Ne8+	0.004	0.010	0.021	0.040	0.055	
O5+	0.004	0.008	0.019	0.025	0.033	
O6+	0.005	0.053	0.082	0.135	0.219	
S10+	0.004	0.012	0.022	0.043	0.069	
S11+	0.001	0.010	0.024	0.042	0.062	
Si10+	0.001	0.015	0.032	0.062	0.102	
Si9+	0.004	0.023	0.038	0.064	0.116	
10.0
Ion	0.0	0.1	1.0	10.0	100.0
C5+	0.040	0.043	0.051	0.084	0.095	
Ca12+	0.010	0.040	0.042	0.032	0.079	
Mg8+	0.031	0.063	0.277	0.613	0.056	
Mg9+	0.012	0.059	0.107	0.180	0.301	
N5+	0.035	0.087	0.197	0.302	0.342	
Ne8+	0.040	0.049	0.082	0.121	0.171	
O5+	0.040	0.044	0.058	0.079	0.116	
O6+	0.049	0.092	0.246	0.461	0.891	
S10+	0.040	0.051	0.069	0.119	0.203	
S11+	0.039	0.048	0.066	0.143	0.204	
Si10+	0.041	0.028	0.100	0.175	0.317	
Si9+	0.041	0.084	0.122	0.237	0.453	
Step : 20
100.0
Ion	0.0	0.1	1.0	10.0	100.0
C5+	0.004	0.008	0.015	0.026	0.035	
Ca12+	0.004	0.002	0.009	0.017	0.028	
Mg8+	0.001	0.052	0.096	0.209	0.388	
Mg9+	0.003	0.016	0.032	0.059	0.095	
N5+	0.003	0.042	0.052	0.082	0.132	
Ne8+	0.003	0.011	0.022	0.043	0.046	
O5+	0.003	0.008	0.016	0.022	0.035	
O6+	0.005	0.049	0.080	0.134	0.239	
S10+	0.004	0.011	0.024	0.042	0.068	
S11+	0.001	0.011	0.022	0.045	0.069	
Si10+	0.004	0.016	0.029	0.058	0.107	
Si9+	0.003	0.022	0.043	0.078	0.134	
10.0
Ion	0.0	0.1	1.0	10.0	100.0
C5+	0.040	0.045	0.057	0.071	0.106	
Ca12+	0.010	0.040	0.043	0.054	0.082	
Mg8+	0.050	0.070	0.311	0.723	0.077	
Mg9+	0.012	0.061	0.080	0.184	0.265	
N5+	0.031	0.108	0.170	0.323	0.429	
Ne8+	0.040	0.052	0.059	0.106	0.175	
O5+	0.040	0.005	0.032	0.078	0.107	
O6+	0.030	0.064	0.288	0.547	0.928	
S10+	0.012	0.027	0.075	0.122	0.204	
S11+	0.040	0.046	0.078	0.131	0.226	
Si10+	0.040	0.030	0.095	0.165	0.345	
Si9+	0.033	0.075	0.135	0.246	0.370	
Step : 25
100.0
Ion	0.0	0.1	1.0	10.0	100.0
C5+	0.004	0.008	0.017	0.024	0.038	
Ca12+	0.004	0.003	0.010	0.016	0.023	
Mg8+	0.005	0.060	0.082	0.189	0.372	
Mg9+	0.004	0.016	0.033	0.051	0.089	
N5+	0.005	0.034	0.060	0.101	0.153	
Ne8+	0.003	0.010	0.018	0.031	0.050	
O5+	0.004	0.009	0.018	0.027	0.037	
O6+	0.005	0.048	0.087	0.164	0.278	
S10+	0.004	0.012	0.023	0.044	0.075	
S11+	0.001	0.010	0.023	0.042	0.060	
Si10+	0.001	0.015	0.035	0.058	0.113	
Si9+	0.004	0.023	0.041	0.075	0.128	
10.0
Ion	0.0	0.1	1.0	10.0	100.0
C5+	0.012	0.048	0.006	0.080	0.104	
Ca12+	0.039	0.041	0.007	0.053	0.075	
Mg8+	0.051	0.068	0.351	0.615	0.058	
Mg9+	0.025	0.058	0.086	0.174	0.252	
N5+	0.033	0.092	0.176	0.312	0.487	
Ne8+	0.026	0.048	0.074	0.098	0.166	
O5+	0.040	0.043	0.034	0.080	0.120	
O6+	0.030	0.069	0.293	0.488	0.963	
S10+	0.040	0.049	0.076	0.135	0.204	
S11+	0.040	0.045	0.072	0.131	0.203	
Si10+	0.025	0.028	0.105	0.180	0.331	
Si9+	0.033	0.085	0.127	0.249	0.437	
Step : 30
100.0
Ion	0.0	0.1	1.0	10.0	100.0
C5+	0.004	0.009	0.017	0.028	0.043	
Ca12+	0.001	0.003	0.009	0.016	0.025	
Mg8+	0.005	0.055	0.098	0.176	0.395	
Mg9+	0.004	0.015	0.029	0.054	0.086	
N5+	0.005	0.035	0.060	0.093	0.111	
Ne8+	0.003	0.011	0.021	0.036	0.049	
O5+	0.004	0.007	0.017	0.026	0.035	
O6+	0.006	0.066	0.093	0.144	0.298	
S10+	0.004	0.010	0.022	0.038	0.059	
S11+	0.001	0.010	0.023	0.044	0.078	
Si10+	0.004	0.014	0.033	0.058	0.107	
Si9+	0.003	0.022	0.044	0.084	0.127	
10.0
Ion	0.0	0.1	1.0	10.0	100.0
C5+	0.039	0.045	0.053	0.083	0.116	
Ca12+	0.039	0.041	0.043	0.057	0.088	
Mg8+	0.047	0.067	0.344	0.694	0.072	
Mg9+	0.040	0.028	0.082	0.180	0.293	
N5+	0.032	0.078	0.191	0.291	0.403	
Ne8+	0.026	0.029	0.066	0.118	0.174	
O5+	0.012	0.045	0.054	0.074	0.115	
O6+	0.031	0.151	0.247	0.534	0.981	
S10+	0.040	0.029	0.065	0.131	0.227	
S11+	0.039	0.048	0.070	0.139	0.249	
Si10+	0.040	0.059	0.093	0.194	0.335	
Si9+	0.032	0.029	0.135	0.243	0.424	
Step : 35
100.0
Ion	0.0	0.1	1.0	10.0	100.0
C5+	0.001	0.009	0.017	0.028	0.040	
Ca12+	0.001	0.003	0.008	0.014	0.027	
Mg8+	0.003	0.052	0.089	0.173	0.389	
Mg9+	0.004	0.015	0.029	0.049	0.088	
N5+	0.005	0.037	0.058	0.101	0.156	
Ne8+	0.004	0.012	0.021	0.034	0.052	
O5+	0.004	0.007	0.016	0.026	0.034	
O6+	0.003	0.058	0.080	0.151	0.283	
S10+	0.004	0.012	0.023	0.046	0.076	
S11+	0.001	0.012	0.023	0.046	0.072	
Si10+	0.001	0.016	0.032	0.066	0.102	
Si9+	0.004	0.024	0.040	0.070	0.128	
10.0
Ion	0.0	0.1	1.0	10.0	100.0
C5+	0.040	0.046	0.053	0.100	0.130	
Ca12+	0.039	0.040	0.000	0.030	0.078	
Mg8+	0.030	0.068	0.337	0.664	0.027	
Mg9+	0.041	0.028	0.088	0.158	0.250	
N5+	0.046	0.111	0.206	0.325	0.446	
Ne8+	0.025	0.054	0.065	0.118	0.152	
O5+	0.040	0.046	0.059	0.086	0.100	
O6+	0.054	0.076	0.308	0.469	0.075	
S10+	0.040	0.051	0.071	0.138	0.210	
S11+	0.010	0.047	0.074	0.122	0.241	
Si10+	0.040	0.029	0.107	0.172	0.317	
Si9+	0.033	0.070	0.113	0.232	0.435	
Step : 40
100.0
Ion	0.0	0.1	1.0	10.0	100.0
C4+	0.004	0.008	0.015	0.022	0.026	
C5+	0.004	0.010	0.019	0.027	0.030	
Ca12+	0.001	0.003	0.009	0.016	0.027	
Mg8+	0.005	0.054	0.099	0.206	0.362	
Mg9+	0.003	0.016	0.031	0.064	0.084	
N5+	0.005	0.046	0.065	0.102	0.155	
Ne8+	0.004	0.012	0.022	0.039	0.048	
O5+	0.004	0.009	0.016	0.027	0.036	
O6+	0.005	0.060	0.079	0.168	0.271	
S10+	0.004	0.012	0.025	0.041	0.067	
S11+	0.001	0.011	0.022	0.040	0.069	
Si10+	0.004	0.016	0.033	0.057	0.103	
Si9+	0.003	0.023	0.040	0.073	0.135	
10.0
Ion	0.0	0.1	1.0	10.0	100.0
C4+	0.040	0.010	0.052	0.071	0.089	
C5+	0.040	0.046	0.061	0.087	0.134	
Ca12+	0.039	0.040	0.045	0.058	0.092	
Mg8+	0.030	0.068	0.313	0.653	0.065	
Mg9+	0.026	0.029	0.088	0.179	0.306	
N5+	0.048	0.097	0.230	0.314	0.558	
Ne8+	0.040	0.047	0.060	0.107	0.172	
O5+	0.039	0.044	0.062	0.073	0.118	
O6+	0.034	0.112	0.256	0.553	1.081	
S10+	0.040	0.050	0.076	0.122	0.232	
S11+	0.040	0.050	0.070	0.139	0.244	
Si10+	0.040	0.059	0.096	0.150	0.288	
Si9+	0.012	0.030	0.133	0.254	0.372	
Step : 45
100.0
Ion	0.0	0.1	1.0	10.0	100.0
C4+	0.004	0.008	0.015	0.021	0.026	
C5+	0.004	0.011	0.017	0.023	0.042	
Ca12+	0.004	0.003	0.009	0.017	0.026	
Mg8+	0.005	0.057	0.087	0.210	0.440	
Mg9+	0.004	0.016	0.028	0.052	0.080	
N5+	0.005	0.044	0.062	0.099	0.149	
Ne8+	0.004	0.012	0.023	0.034	0.045	
O5+	0.003	0.008	0.015	0.023	0.035	
O6+	0.005	0.057	0.094	0.168	0.316	
S10+	0.004	0.012	0.023	0.038	0.067	
S11+	0.001	0.011	0.025	0.041	0.082	
Si10+	0.001	0.017	0.026	0.068	0.095	
Si9+	0.003	0.022	0.044	0.087	0.123	
10.0
Ion	0.0	0.1	1.0	10.0	100.0
C4+	0.040	0.044	0.052	0.065	0.089	
C5+	0.026	0.031	0.060	0.093	0.123	
Ca12+	0.039	0.041	0.044	0.059	0.085	
Mg8+	0.032	0.086	0.329	0.727	0.061	
Mg9+	0.040	0.063	0.086	0.168	0.256	
N5+	0.035	0.092	0.179	0.288	0.513	
Ne8+	0.040	0.049	0.064	0.114	0.160	
O5+	0.040	0.042	0.054	0.082	0.096	
O6+	0.030	0.107	0.282	0.507	1.030	
S10+	0.040	0.050	0.073	0.137	0.199	
S11+	0.040	0.011	0.069	0.143	0.222	
Si10+	0.040	0.028	0.083	0.194	0.330	
Si9+	0.032	0.074	0.136	0.271	0.461	
Step : 50
100.0
Ion	0.0	0.1	1.0	10.0	100.0
C4+	0.004	0.007	0.015	0.024	0.029	
C5+	0.004	0.010	0.017	0.029	0.039	
Ca12+	0.001	0.003	0.009	0.019	0.025	
Mg8+	0.005	0.067	0.100	0.204	0.329	
Mg9+	0.004	0.015	0.030	0.048	0.084	
N5+	0.003	0.041	0.064	0.094	0.164	
Ne8+	0.004	0.010	0.019	0.031	0.051	
O5+	0.004	0.008	0.017	0.028	0.034	
O6+	0.005	0.054	0.082	0.177	0.256	
S10+	0.004	0.011	0.024	0.040	0.071	
S11+	0.001	0.010	0.022	0.045	0.067	
Si10+	0.004	0.015	0.031	0.056	0.114	
Si9+	0.004	0.023	0.037	0.075	0.132	
10.0
Ion	0.0	0.1	1.0	10.0	100.0
C4+	0.040	0.008	0.055	0.071	0.088	
C5+	0.040	0.045	0.062	0.094	0.136	
Ca12+	0.039	0.041	0.042	0.055	0.072	
Mg8+	0.047	0.123	0.298	0.617	0.062	
Mg9+	0.040	0.060	0.087	0.159	0.268	
N5+	0.035	0.106	0.176	0.306	0.612	
Ne8+	0.041	0.011	0.063	0.112	0.184	
O5+	0.040	0.044	0.054	0.073	0.119	
O6+	0.028	0.097	0.254	0.491	0.066	
S10+	0.040	0.049	0.062	0.153	0.212	
S11+	0.010	0.047	0.074	0.133	0.216	
Si10+	0.040	0.030	0.124	0.217	0.362	
Si9+	0.035	0.077	0.126	0.242	0.380	
Step : 55
100.0
Ion	0.0	0.1	1.0	10.0	100.0
C4+	0.004	0.008	0.015	0.024	0.030	
C5+	0.004	0.009	0.018	0.030	0.041	
Ca12+	0.004	0.000	0.007	0.017	0.025	
Mg8+	0.003	0.054	0.102	0.176	0.368	
Mg9+	0.004	0.014	0.028	0.055	0.083	
N5+	0.005	0.043	0.065	0.107	0.147	
Ne8+	0.004	0.010	0.021	0.031	0.056	
O5+	0.004	0.009	0.015	0.024	0.037	
O6+	0.005	0.061	0.085	0.171	0.280	
S10+	0.004	0.012	0.025	0.044	0.065	
S11+	0.001	0.010	0.023	0.041	0.073	
Si10+	0.004	0.013	0.031	0.065	0.105	
Si9+	0.004	0.020	0.044	0.081	0.132	
10.0
Ion	0.0	0.1	1.0	10.0	100.0
C4+	0.010	0.045	0.054	0.072	0.109	
C5+	0.040	0.048	0.032	0.105	0.122	
Ca12+	0.010	0.040	0.044	0.056	0.074	
Mg8+	0.030	0.102	0.329	0.672	0.066	
Mg9+	0.041	0.029	0.098	0.145	0.251	
N5+	0.031	0.100	0.180	0.328	0.496	
Ne8+	0.040	0.049	0.068	0.109	0.182	
O5+	0.040	0.046	0.031	0.070	0.112	
O6+	0.029	0.087	0.258	0.524	0.867	
S10+	0.040	0.047	0.069	0.121	0.196	
S11+	0.040	0.012	0.069	0.136	0.250	
Si10+	0.040	0.029	0.088	0.179	0.341	
Si9+	0.034	0.075	0.141	0.242	0.429	
