Step : 1
Step : 5
100.0
Ion	0.0	0.1	1.0	10.0	100.0
C5+	0.004	0.013	0.018	0.027	0.033	
Mg10+	0.003	0.026	0.056	0.097	0.191	
Mg11+	0.004	0.006	0.014	0.025	0.039	
Mg9+	0.005	0.042	0.069	0.138	0.267	
N6+	0.003	0.024	0.038	0.069	0.096	
Ne7+	0.004	0.013	0.022	0.041	0.058	
O6+	0.004	0.019	0.033	0.061	0.085	
O7+	0.003	0.032	0.055	0.094	0.122	
S11+	0.001	0.007	0.014	0.024	0.037	
S12+	0.004	0.012	0.022	0.043	0.072	
Si10+	0.004	0.015	0.029	0.051	0.083	
Si11+	0.004	0.023	0.037	0.083	0.129	
Si12+	0.004	0.010	0.021	0.035	0.063	
10.0
Ion	0.0	0.1	1.0	10.0	100.0
C5+	0.040	0.030	0.057	0.090	0.094	
Mg10+	0.029	0.090	0.182	0.280	0.659	
Mg11+	0.025	0.041	0.049	0.069	0.108	
Mg9+	0.032	0.119	0.232	0.459	0.924	
N6+	0.034	0.088	0.125	0.203	0.309	
Ne7+	0.040	0.054	0.075	0.113	0.177	
O6+	0.030	0.071	0.101	0.186	0.260	
O7+	0.031	0.094	0.170	0.299	0.408	
S11+	0.039	0.042	0.031	0.078	0.117	
S12+	0.040	0.048	0.069	0.145	0.227	
Si10+	0.041	0.030	0.095	0.159	0.284	
Si11+	0.029	0.069	0.115	0.225	0.393	
Si12+	0.040	0.049	0.060	0.126	0.198	
Step : 10
100.0
Ion	0.0	0.1	1.0	10.0	100.0
C5+	0.003	0.014	0.024	0.035	0.040	
Ca14+	0.001	0.001	0.008	0.016	0.026	
Mg10+	0.003	0.024	0.045	0.091	0.185	
Mg11+	0.004	0.003	0.011	0.020	0.027	
Mg9+	0.003	0.051	0.080	0.147	0.250	
N6+	0.003	0.025	0.050	0.083	0.115	
Ne7+	0.003	0.012	0.022	0.038	0.047	
O6+	0.003	0.020	0.036	0.049	0.079	
O7+	0.005	0.037	0.054	0.105	0.147	
S11+	0.001	0.007	0.014	0.024	0.033	
S12+	0.004	0.014	0.025	0.046	0.091	
Si10+	0.004	0.017	0.030	0.055	0.105	
Si11+	0.003	0.022	0.045	0.078	0.136	
Si12+	0.004	0.009	0.017	0.035	0.048	
10.0
Ion	0.0	0.1	1.0	10.0	100.0
C5+	0.032	0.028	0.070	0.113	0.136	
Ca14+	0.010	0.039	0.042	0.031	0.070	
Mg10+	0.042	0.090	0.162	0.315	0.590	
Mg11+	0.040	0.042	0.046	0.066	0.099	
Mg9+	0.047	0.109	0.269	0.538	0.974	
N6+	0.033	0.089	0.163	0.246	0.366	
Ne7+	0.040	0.030	0.068	0.117	0.157	
O6+	0.031	0.075	0.104	0.173	0.264	
O7+	0.032	0.102	0.168	0.295	0.480	
S11+	0.040	0.043	0.032	0.078	0.127	
S12+	0.040	0.051	0.070	0.169	0.274	
Si10+	0.041	0.062	0.101	0.190	0.287	
Si11+	0.040	0.070	0.110	0.265	0.477	
Si12+	0.040	0.044	0.058	0.110	0.179	
Step : 15
100.0
Ion	0.0	0.1	1.0	10.0	100.0
C5+	0.003	0.016	0.022	0.035	0.048	
Ca14+	0.001	0.005	0.009	0.017	0.027	
Mg10+	0.004	0.021	0.048	0.077	0.165	
Mg11+	0.001	0.006	0.012	0.017	0.028	
Mg9+	0.005	0.041	0.079	0.139	0.260	
N5+	0.004	0.003	0.008	0.014	0.019	
N6+	0.005	0.031	0.048	0.083	0.144	
Ne7+	0.004	0.012	0.021	0.038	0.065	
O6+	0.003	0.021	0.035	0.054	0.075	
O7+	0.003	0.035	0.061	0.097	0.164	
S11+	0.004	0.008	0.016	0.028	0.044	
S12+	0.004	0.013	0.024	0.044	0.078	
Si10+	0.002	0.016	0.032	0.053	0.093	
Si11+	0.004	0.022	0.041	0.077	0.154	
Si12+	0.001	0.008	0.018	0.028	0.048	
10.0
Ion	0.0	0.1	1.0	10.0	100.0
C5+	0.026	0.030	0.083	0.123	0.160	
Ca14+	0.010	0.040	0.043	0.059	0.094	
Mg10+	0.041	0.080	0.139	0.293	0.504	
Mg11+	0.040	0.041	0.044	0.059	0.095	
Mg9+	0.033	0.114	0.247	0.441	0.073	
N5+	0.040	0.040	0.043	0.032	0.033	
N6+	0.033	0.100	0.166	0.273	0.468	
Ne7+	0.040	0.030	0.066	0.124	0.172	
O6+	0.030	0.030	0.107	0.185	0.272	
O7+	0.046	0.100	0.194	0.367	0.674	
S11+	0.039	0.042	0.031	0.086	0.125	
S12+	0.040	0.027	0.076	0.141	0.281	
Si10+	0.041	0.062	0.104	0.193	0.332	
Si11+	0.041	0.066	0.136	0.255	0.551	
Si12+	0.040	0.042	0.033	0.099	0.181	
Step : 20
100.0
Ion	0.0	0.1	1.0	10.0	100.0
C5+	0.003	0.016	0.025	0.039	0.048	
Ca14+	0.004	0.005	0.009	0.018	0.034	
Mg10+	0.004	0.026	0.049	0.093	0.172	
Mg11+	0.001	0.003	0.010	0.018	0.028	
Mg9+	0.003	0.048	0.083	0.156	0.277	
N5+	0.004	0.003	0.008	0.013	0.016	
N6+	0.005	0.030	0.054	0.103	0.138	
Ne7+	0.004	0.010	0.024	0.031	0.053	
O6+	0.003	0.019	0.035	0.052	0.089	
O7+	0.004	0.035	0.066	0.104	0.166	
S11+	0.004	0.008	0.015	0.031	0.044	
S12+	0.004	0.014	0.026	0.052	0.088	
Si10+	0.003	0.018	0.032	0.056	0.090	
Si11+	0.004	0.022	0.043	0.084	0.145	
Si12+	0.001	0.007	0.014	0.032	0.050	
10.0
Ion	0.0	0.1	1.0	10.0	100.0
C5+	0.032	0.029	0.081	0.118	0.149	
Ca14+	0.039	0.041	0.044	0.058	0.091	
Mg10+	0.033	0.084	0.142	0.316	0.511	
Mg11+	0.010	0.040	0.044	0.031	0.093	
Mg9+	0.031	0.099	0.287	0.552	0.079	
N5+	0.010	0.041	0.045	0.014	0.057	
N6+	0.032	0.106	0.151	0.268	0.441	
Ne7+	0.040	0.050	0.069	0.114	0.172	
O6+	0.041	0.072	0.085	0.181	0.253	
O7+	0.032	0.121	0.212	0.326	0.606	
S11+	0.010	0.044	0.057	0.094	0.133	
S12+	0.040	0.050	0.096	0.155	0.269	
Si10+	0.040	0.066	0.103	0.190	0.311	
Si11+	0.033	0.086	0.132	0.247	0.517	
Si12+	0.040	0.045	0.056	0.109	0.162	
Step : 25
100.0
Ion	0.0	0.1	1.0	10.0	100.0
C5+	0.003	0.018	0.027	0.044	0.052	
Ca14+	0.004	0.005	0.011	0.018	0.027	
Mg10+	0.004	0.023	0.047	0.089	0.159	
Mg11+	0.004	0.003	0.009	0.016	0.029	
Mg9+	0.005	0.050	0.078	0.179	0.286	
N5+	0.004	0.005	0.009	0.013	0.019	
N6+	0.005	0.036	0.060	0.096	0.151	
Ne7+	0.004	0.011	0.023	0.033	0.056	
O6+	0.003	0.020	0.036	0.052	0.093	
O7+	0.005	0.034	0.057	0.112	0.158	
S11+	0.004	0.008	0.016	0.025	0.043	
S12+	0.001	0.011	0.026	0.051	0.073	
Si10+	0.004	0.019	0.035	0.050	0.094	
Si11+	0.004	0.022	0.042	0.075	0.148	
Si12+	0.004	0.008	0.019	0.033	0.044	
10.0
Ion	0.0	0.1	1.0	10.0	100.0
C5+	0.031	0.029	0.092	0.127	0.178	
Ca14+	0.010	0.040	0.045	0.059	0.097	
Mg10+	0.028	0.086	0.139	0.241	0.566	
Mg11+	0.010	0.040	0.046	0.033	0.080	
Mg9+	0.048	0.064	0.235	0.532	0.062	
N5+	0.039	0.041	0.043	0.049	0.068	
N6+	0.033	0.095	0.187	0.304	0.469	
Ne7+	0.040	0.052	0.067	0.110	0.194	
O6+	0.035	0.029	0.108	0.185	0.259	
O7+	0.033	0.101	0.204	0.306	0.585	
S11+	0.040	0.044	0.030	0.090	0.158	
S12+	0.040	0.052	0.078	0.153	0.246	
Si10+	0.028	0.063	0.101	0.180	0.327	
Si11+	0.041	0.074	0.124	0.287	0.537	
Si12+	0.040	0.043	0.058	0.105	0.160	
Step : 30
100.0
Ion	0.0	0.1	1.0	10.0	100.0
C5+	0.004	0.021	0.029	0.048	0.060	
Ca14+	0.004	0.004	0.011	0.018	0.030	
Mg10+	0.003	0.026	0.048	0.084	0.153	
Mg11+	0.004	0.003	0.009	0.016	0.024	
Mg9+	0.005	0.049	0.080	0.163	0.368	
N5+	0.004	0.005	0.009	0.013	0.017	
N6+	0.005	0.036	0.051	0.112	0.142	
Ne7+	0.004	0.010	0.021	0.034	0.053	
O6+	0.003	0.021	0.034	0.058	0.093	
O7+	0.003	0.038	0.063	0.116	0.176	
S11+	0.004	0.007	0.017	0.026	0.048	
S12+	0.004	0.013	0.025	0.048	0.085	
Si10+	0.003	0.017	0.034	0.060	0.097	
Si11+	0.004	0.021	0.045	0.074	0.131	
Si12+	0.004	0.008	0.016	0.030	0.046	
10.0
Ion	0.0	0.1	1.0	10.0	100.0
C5+	0.031	0.064	0.082	0.148	0.199	
Ca14+	0.039	0.042	0.046	0.057	0.089	
Mg10+	0.030	0.079	0.137	0.277	0.562	
Mg11+	0.039	0.041	0.005	0.057	0.074	
Mg9+	0.047	0.064	0.277	0.545	0.817	
N5+	0.010	0.042	0.043	0.031	0.058	
N6+	0.033	0.113	0.181	0.337	0.448	
Ne7+	0.040	0.029	0.074	0.114	0.186	
O6+	0.027	0.067	0.118	0.186	0.276	
O7+	0.033	0.116	0.217	0.344	0.561	
S11+	0.039	0.048	0.052	0.085	0.134	
S12+	0.040	0.028	0.077	0.170	0.280	
Si10+	0.041	0.029	0.112	0.192	0.293	
Si11+	0.031	0.082	0.159	0.244	0.457	
Si12+	0.040	0.043	0.059	0.105	0.152	
Step : 35
100.0
Ion	0.0	0.1	1.0	10.0	100.0
C5+	0.004	0.018	0.028	0.043	0.053	
Ca14+	0.004	0.003	0.009	0.018	0.030	
Mg10+	0.004	0.025	0.044	0.090	0.153	
Mg11+	0.004	0.003	0.009	0.018	0.024	
Mg9+	0.005	0.050	0.089	0.170	0.300	
N5+	0.001	0.005	0.007	0.013	0.017	
N6+	0.005	0.034	0.055	0.120	0.167	
Ne7+	0.004	0.010	0.020	0.035	0.051	
O6+	0.003	0.017	0.038	0.054	0.076	
O7+	0.005	0.038	0.060	0.106	0.187	
S11+	0.004	0.003	0.015	0.029	0.044	
S12+	0.004	0.013	0.025	0.045	0.088	
Si10+	0.003	0.020	0.034	0.057	0.091	
Si11+	0.003	0.021	0.043	0.079	0.159	
Si12+	0.004	0.009	0.016	0.028	0.058	
10.0
Ion	0.0	0.1	1.0	10.0	100.0
C5+	0.028	0.067	0.087	0.142	0.186	
Ca14+	0.039	0.040	0.006	0.031	0.095	
Mg10+	0.030	0.080	0.132	0.282	0.549	
Mg11+	0.010	0.041	0.010	0.031	0.079	
Mg9+	0.032	0.110	0.239	0.507	0.818	
N5+	0.040	0.042	0.043	0.033	0.033	
N6+	0.032	0.094	0.202	0.351	0.533	
Ne7+	0.040	0.048	0.067	0.115	0.171	
O6+	0.033	0.070	0.128	0.212	0.273	
O7+	0.032	0.102	0.201	0.370	0.693	
S11+	0.040	0.045	0.055	0.087	0.125	
S12+	0.040	0.027	0.076	0.153	0.278	
Si10+	0.040	0.065	0.093	0.183	0.304	
Si11+	0.029	0.070	0.143	0.249	0.521	
Si12+	0.039	0.000	0.058	0.089	0.168	
Step : 40
100.0
Ion	0.0	0.1	1.0	10.0	100.0
C5+	0.003	0.018	0.033	0.045	0.058	
Ca14+	0.001	0.005	0.008	0.019	0.031	
Mg10+	0.003	0.026	0.048	0.083	0.166	
Mg11+	0.004	0.005	0.009	0.016	0.024	
Mg9+	0.005	0.049	0.080	0.173	0.289	
N5+	0.004	0.003	0.008	0.014	0.018	
N6+	0.005	0.039	0.062	0.092	0.167	
Ne7+	0.004	0.012	0.021	0.036	0.051	
O6+	0.003	0.019	0.034	0.071	0.091	
O7+	0.003	0.038	0.065	0.100	0.176	
S11+	0.004	0.008	0.016	0.031	0.045	
S12+	0.004	0.013	0.026	0.049	0.084	
Si10+	0.003	0.016	0.031	0.065	0.086	
Si11+	0.004	0.021	0.040	0.086	0.161	
Si12+	0.001	0.007	0.016	0.024	0.051	
10.0
Ion	0.0	0.1	1.0	10.0	100.0
C5+	0.032	0.033	0.100	0.159	0.163	
Ca14+	0.040	0.040	0.045	0.053	0.102	
Mg10+	0.031	0.083	0.141	0.279	0.505	
Mg11+	0.040	0.040	0.044	0.030	0.085	
Mg9+	0.031	0.088	0.283	0.488	0.053	
N5+	0.040	0.042	0.044	0.030	0.062	
N6+	0.032	0.103	0.194	0.348	0.558	
Ne7+	0.040	0.046	0.066	0.116	0.146	
O6+	0.041	0.029	0.138	0.177	0.265	
O7+	0.032	0.107	0.192	0.362	0.573	
S11+	0.040	0.046	0.055	0.092	0.135	
S12+	0.040	0.030	0.084	0.135	0.259	
Si10+	0.041	0.066	0.105	0.177	0.280	
Si11+	0.032	0.076	0.148	0.264	0.455	
Si12+	0.010	0.043	0.056	0.095	0.149	
Step : 45
100.0
Ion	0.0	0.1	1.0	10.0	100.0
C5+	0.003	0.021	0.026	0.051	0.056	
Ca14+	0.004	0.005	0.011	0.019	0.029	
Mg10+	0.003	0.023	0.048	0.080	0.153	
Mg11+	0.001	0.003	0.009	0.016	0.026	
Mg9+	0.003	0.048	0.091	0.162	0.290	
N5+	0.004	0.005	0.009	0.014	0.017	
N6+	0.005	0.037	0.065	0.122	0.157	
Ne7+	0.004	0.010	0.023	0.040	0.054	
O6+	0.004	0.024	0.038	0.063	0.084	
O7+	0.005	0.038	0.064	0.106	0.179	
S11+	0.004	0.008	0.019	0.034	0.049	
S12+	0.004	0.013	0.026	0.051	0.093	
Si10+	0.004	0.017	0.033	0.055	0.101	
Si11+	0.003	0.022	0.047	0.081	0.167	
Si12+	0.004	0.010	0.016	0.031	0.043	
10.0
Ion	0.0	0.1	1.0	10.0	100.0
C5+	0.033	0.029	0.098	0.144	0.175	
Ca14+	0.040	0.040	0.008	0.064	0.085	
Mg10+	0.033	0.083	0.132	0.305	0.438	
Mg11+	0.010	0.040	0.045	0.056	0.081	
Mg9+	0.031	0.073	0.274	0.547	0.051	
N5+	0.040	0.041	0.044	0.051	0.033	
N6+	0.033	0.090	0.212	0.350	0.528	
Ne7+	0.040	0.048	0.072	0.102	0.153	
O6+	0.042	0.074	0.121	0.206	0.273	
O7+	0.031	0.104	0.205	0.352	0.630	
S11+	0.040	0.044	0.056	0.095	0.129	
S12+	0.040	0.052	0.078	0.155	0.244	
Si10+	0.040	0.027	0.102	0.172	0.306	
Si11+	0.030	0.083	0.122	0.280	0.528	
Si12+	0.040	0.044	0.059	0.095	0.155	
Step : 50
100.0
Ion	0.0	0.1	1.0	10.0	100.0
C5+	0.003	0.018	0.033	0.046	0.062	
Ca14+	0.004	0.003	0.012	0.020	0.029	
Mg10+	0.004	0.024	0.042	0.084	0.146	
Mg11+	0.004	0.005	0.010	0.015	0.023	
Mg9+	0.005	0.045	0.076	0.161	0.320	
N5+	0.004	0.005	0.009	0.013	0.022	
N6+	0.003	0.038	0.071	0.114	0.155	
Ne7+	0.003	0.013	0.024	0.030	0.050	
O6+	0.003	0.020	0.035	0.064	0.089	
O7+	0.005	0.037	0.069	0.117	0.178	
S11+	0.004	0.007	0.016	0.029	0.049	
S12+	0.004	0.013	0.027	0.053	0.082	
Si10+	0.004	0.018	0.032	0.053	0.104	
Si11+	0.004	0.022	0.041	0.081	0.146	
Si12+	0.004	0.003	0.019	0.030	0.049	
10.0
Ion	0.0	0.1	1.0	10.0	100.0
C5+	0.030	0.063	0.097	0.171	0.177	
Ca14+	0.040	0.042	0.007	0.062	0.088	
Mg10+	0.029	0.077	0.164	0.290	0.500	
Mg11+	0.010	0.042	0.045	0.031	0.082	
Mg9+	0.047	0.068	0.280	0.549	0.999	
N5+	0.040	0.040	0.044	0.032	0.060	
N6+	0.030	0.080	0.223	0.345	0.639	
Ne7+	0.040	0.048	0.076	0.115	0.184	
O6+	0.042	0.064	0.120	0.171	0.302	
O7+	0.032	0.111	0.192	0.339	0.729	
S11+	0.039	0.043	0.031	0.093	0.146	
S12+	0.040	0.051	0.091	0.150	0.257	
Si10+	0.041	0.066	0.097	0.190	0.319	
Si11+	0.032	0.083	0.132	0.287	0.472	
Si12+	0.040	0.044	0.033	0.095	0.162	
Step : 55
100.0
Ion	0.0	0.1	1.0	10.0	100.0
C5+	0.004	0.020	0.031	0.051	0.068	
Ca14+	0.004	0.003	0.011	0.018	0.027	
Mg10+	0.003	0.023	0.047	0.075	0.133	
Mg11+	0.004	0.005	0.009	0.016	0.027	
Mg9+	0.003	0.050	0.088	0.169	0.345	
N5+	0.004	0.005	0.009	0.012	0.018	
N6+	0.003	0.038	0.056	0.089	0.165	
Ne7+	0.004	0.012	0.019	0.034	0.050	
O6+	0.004	0.021	0.036	0.065	0.075	
O7+	0.005	0.040	0.070	0.102	0.192	
S11+	0.004	0.009	0.018	0.027	0.048	
S12+	0.004	0.014	0.026	0.047	0.083	
Si10+	0.003	0.017	0.037	0.056	0.087	
Si11+	0.004	0.019	0.039	0.090	0.147	
Si12+	0.004	0.009	0.018	0.029	0.050	
10.0
Ion	0.0	0.1	1.0	10.0	100.0
C5+	0.033	0.074	0.111	0.167	0.182	
Ca14+	0.040	0.042	0.010	0.064	0.083	
Mg10+	0.031	0.076	0.146	0.284	0.509	
Mg11+	0.010	0.040	0.045	0.031	0.082	
Mg9+	0.047	0.129	0.285	0.573	0.062	
N5+	0.010	0.041	0.043	0.010	0.059	
N6+	0.048	0.100	0.216	0.389	0.578	
Ne7+	0.040	0.048	0.064	0.119	0.165	
O6+	0.034	0.075	0.119	0.220	0.242	
O7+	0.032	0.095	0.202	0.378	0.597	
S11+	0.040	0.045	0.056	0.093	0.147	
S12+	0.040	0.054	0.083	0.167	0.293	
Si10+	0.041	0.028	0.087	0.195	0.289	
Si11+	0.030	0.074	0.119	0.270	0.474	
Si12+	0.040	0.006	0.053	0.081	0.169	
