Step : 1
100.0
Ion	0.0	0.1	1.0	10.0	100.0
C4+	0.005	0.031	0.055	0.087	0.113	
Mg7+	0.004	0.003	0.029	0.058	0.095	
N4+	0.003	0.019	0.029	0.058	0.071	
N5+	0.003	0.018	0.029	0.051	0.077	
Ne7+	0.004	0.008	0.017	0.031	0.051	
Si8+	0.004	0.007	0.014	0.027	0.040	
10.0
Ion	0.0	0.1	1.0	10.0	100.0
C4+	0.035	0.102	0.156	0.272	0.451	
Mg7+	0.040	0.031	0.104	0.196	0.330	
N4+	0.033	0.061	0.104	0.181	0.272	
N5+	0.029	0.030	0.091	0.177	0.217	
Ne7+	0.040	0.045	0.057	0.101	0.140	
Si8+	0.039	0.043	0.048	0.086	0.147	
Step : 5
100.0
Ion	0.0	0.1	1.0	10.0	100.0
C4+	0.003	0.033	0.056	0.090	0.152	
Mg7+	0.003	0.018	0.039	0.067	0.127	
N4+	0.003	0.017	0.030	0.055	0.076	
N5+	0.004	0.017	0.029	0.051	0.066	
Ne7+	0.001	0.008	0.016	0.027	0.041	
Si8+	0.004	0.009	0.019	0.034	0.050	
10.0
Ion	0.0	0.1	1.0	10.0	100.0
C4+	0.033	0.094	0.172	0.303	0.506	
Mg7+	0.033	0.069	0.123	0.212	0.376	
N4+	0.041	0.061	0.105	0.164	0.257	
N5+	0.029	0.031	0.097	0.151	0.233	
Ne7+	0.040	0.043	0.053	0.091	0.138	
Si8+	0.039	0.043	0.062	0.097	0.183	
Step : 10
100.0
Ion	0.0	0.1	1.0	10.0	100.0
C4+	0.005	0.033	0.053	0.100	0.146	
Mg7+	0.003	0.023	0.043	0.082	0.147	
Mg8+	0.001	0.007	0.014	0.027	0.043	
N4+	0.003	0.016	0.034	0.059	0.070	
N5+	0.004	0.016	0.027	0.049	0.061	
Ne7+	0.004	0.007	0.018	0.026	0.039	
Si8+	0.004	0.011	0.020	0.035	0.068	
10.0
Ion	0.0	0.1	1.0	10.0	100.0
C4+	0.046	0.106	0.173	0.307	0.576	
Mg7+	0.033	0.084	0.134	0.283	0.457	
Mg8+	0.039	0.043	0.031	0.076	0.138	
N4+	0.031	0.065	0.086	0.145	0.207	
N5+	0.013	0.061	0.032	0.174	0.219	
Ne7+	0.040	0.044	0.031	0.090	0.137	
Si8+	0.040	0.030	0.066	0.115	0.206	
Step : 15
100.0
Ion	0.0	0.1	1.0	10.0	100.0
C4+	0.005	0.037	0.058	0.093	0.151	
Mg7+	0.003	0.025	0.049	0.088	0.170	
Mg8+	0.001	0.007	0.013	0.025	0.041	
N4+	0.003	0.015	0.032	0.053	0.076	
N5+	0.003	0.014	0.030	0.051	0.061	
Ne7+	0.004	0.009	0.016	0.027	0.046	
S9+	0.001	0.006	0.013	0.023	0.039	
Si8+	0.004	0.011	0.023	0.043	0.079	
10.0
Ion	0.0	0.1	1.0	10.0	100.0
C4+	0.033	0.105	0.210	0.322	0.524	
Mg7+	0.034	0.082	0.151	0.329	0.476	
Mg8+	0.010	0.044	0.030	0.089	0.128	
N4+	0.040	0.031	0.090	0.148	0.237	
N5+	0.041	0.066	0.105	0.138	0.227	
Ne7+	0.040	0.047	0.058	0.095	0.152	
S9+	0.010	0.042	0.013	0.077	0.114	
Si8+	0.040	0.011	0.069	0.145	0.229	
Step : 20
100.0
Ion	0.0	0.1	1.0	10.0	100.0
C4+	0.003	0.038	0.064	0.110	0.165	
Mg7+	0.004	0.027	0.052	0.089	0.179	
Mg8+	0.004	0.007	0.014	0.028	0.047	
N4+	0.003	0.017	0.028	0.051	0.072	
N5+	0.004	0.015	0.026	0.045	0.065	
Ne7+	0.004	0.007	0.016	0.030	0.042	
S9+	0.004	0.006	0.013	0.029	0.042	
Si8+	0.004	0.012	0.025	0.042	0.070	
10.0
Ion	0.0	0.1	1.0	10.0	100.0
C4+	0.045	0.102	0.192	0.308	0.611	
Mg7+	0.034	0.091	0.149	0.307	0.521	
Mg8+	0.040	0.042	0.049	0.085	0.127	
N4+	0.030	0.028	0.089	0.144	0.220	
N5+	0.040	0.059	0.086	0.140	0.261	
Ne7+	0.040	0.044	0.053	0.097	0.129	
S9+	0.039	0.042	0.032	0.077	0.132	
Si8+	0.040	0.028	0.072	0.157	0.223	
Step : 25
100.0
Ion	0.0	0.1	1.0	10.0	100.0
C4+	0.005	0.035	0.064	0.108	0.173	
Mg7+	0.003	0.025	0.047	0.107	0.174	
Mg8+	0.004	0.003	0.013	0.027	0.042	
N4+	0.003	0.015	0.026	0.046	0.075	
N5+	0.004	0.015	0.032	0.048	0.075	
Ne7+	0.001	0.008	0.016	0.029	0.042	
S9+	0.001	0.006	0.014	0.028	0.040	
Si8+	0.004	0.013	0.026	0.048	0.082	
10.0
Ion	0.0	0.1	1.0	10.0	100.0
C4+	0.034	0.103	0.189	0.393	0.527	
Mg7+	0.032	0.093	0.169	0.344	0.572	
Mg8+	0.040	0.042	0.053	0.075	0.137	
N4+	0.030	0.028	0.094	0.148	0.222	
N5+	0.040	0.064	0.076	0.143	0.225	
Ne7+	0.040	0.045	0.032	0.090	0.143	
S9+	0.040	0.041	0.033	0.073	0.130	
Si8+	0.040	0.046	0.072	0.154	0.225	
Step : 30
100.0
Ion	0.0	0.1	1.0	10.0	100.0
C4+	0.005	0.043	0.063	0.115	0.163	
Mg7+	0.004	0.022	0.057	0.099	0.173	
Mg8+	0.004	0.006	0.014	0.025	0.036	
N4+	0.003	0.014	0.026	0.048	0.068	
N5+	0.003	0.013	0.029	0.047	0.056	
Ne7+	0.004	0.007	0.016	0.026	0.040	
S9+	0.001	0.007	0.014	0.023	0.043	
Si8+	0.004	0.013	0.028	0.050	0.081	
10.0
Ion	0.0	0.1	1.0	10.0	100.0
C4+	0.047	0.088	0.223	0.399	0.501	
Mg7+	0.042	0.089	0.154	0.307	0.596	
Mg8+	0.039	0.042	0.029	0.081	0.132	
N4+	0.041	0.030	0.101	0.148	0.248	
N5+	0.040	0.029	0.076	0.138	0.199	
Ne7+	0.040	0.044	0.054	0.083	0.131	
S9+	0.039	0.042	0.031	0.078	0.138	
Si8+	0.040	0.049	0.086	0.149	0.258	
Step : 35
100.0
Ion	0.0	0.1	1.0	10.0	100.0
C4+	0.003	0.038	0.070	0.107	0.190	
Mg7+	0.004	0.026	0.051	0.096	0.180	
Mg8+	0.004	0.007	0.015	0.028	0.042	
N4+	0.004	0.018	0.031	0.050	0.076	
N5+	0.003	0.016	0.027	0.051	0.066	
Ne7+	0.004	0.003	0.016	0.028	0.041	
S9+	0.004	0.008	0.016	0.031	0.046	
Si8+	0.004	0.012	0.025	0.053	0.082	
10.0
Ion	0.0	0.1	1.0	10.0	100.0
C4+	0.032	0.114	0.215	0.375	0.624	
Mg7+	0.034	0.083	0.170	0.339	0.696	
Mg8+	0.040	0.043	0.051	0.076	0.137	
N4+	0.041	0.060	0.099	0.146	0.224	
N5+	0.041	0.057	0.086	0.174	0.214	
Ne7+	0.040	0.044	0.054	0.086	0.134	
S9+	0.040	0.042	0.050	0.083	0.134	
Si8+	0.040	0.027	0.082	0.146	0.275	
Step : 40
100.0
Ion	0.0	0.1	1.0	10.0	100.0
C4+	0.003	0.040	0.060	0.135	0.245	
Mg7+	0.004	0.029	0.058	0.101	0.175	
Mg8+	0.001	0.006	0.015	0.023	0.043	
N4+	0.003	0.016	0.031	0.055	0.079	
N5+	0.003	0.016	0.030	0.047	0.075	
Ne7+	0.004	0.007	0.016	0.026	0.040	
S9+	0.001	0.007	0.013	0.029	0.043	
Si8+	0.004	0.014	0.026	0.052	0.088	
10.0
Ion	0.0	0.1	1.0	10.0	100.0
C4+	0.031	0.078	0.215	0.389	0.769	
Mg7+	0.033	0.095	0.194	0.344	0.687	
Mg8+	0.040	0.042	0.051	0.078	0.128	
N4+	0.041	0.059	0.091	0.139	0.283	
N5+	0.012	0.067	0.104	0.156	0.216	
Ne7+	0.040	0.042	0.051	0.086	0.136	
S9+	0.039	0.042	0.052	0.083	0.138	
Si8+	0.040	0.028	0.095	0.174	0.254	
Step : 45
100.0
Ion	0.0	0.1	1.0	10.0	100.0
C4+	0.005	0.036	0.075	0.126	0.250	
Mg7+	0.004	0.027	0.056	0.104	0.183	
Mg8+	0.004	0.007	0.013	0.022	0.039	
N4+	0.003	0.003	0.031	0.058	0.076	
N5+	0.004	0.018	0.027	0.049	0.067	
Ne7+	0.004	0.008	0.014	0.026	0.042	
S9+	0.004	0.008	0.016	0.027	0.043	
Si8+	0.004	0.003	0.027	0.053	0.082	
10.0
Ion	0.0	0.1	1.0	10.0	100.0
C4+	0.031	0.102	0.221	0.415	0.669	
Mg7+	0.033	0.085	0.173	0.316	0.635	
Mg8+	0.039	0.043	0.030	0.093	0.116	
N4+	0.028	0.031	0.097	0.151	0.212	
N5+	0.032	0.031	0.098	0.158	0.201	
Ne7+	0.040	0.044	0.058	0.075	0.137	
S9+	0.040	0.043	0.032	0.097	0.137	
Si8+	0.040	0.052	0.074	0.166	0.244	
Step : 50
100.0
Ion	0.0	0.1	1.0	10.0	100.0
C4+	0.005	0.039	0.070	0.133	0.239	
Mg7+	0.003	0.026	0.051	0.111	0.188	
Mg8+	0.004	0.007	0.012	0.026	0.042	
N5+	0.004	0.016	0.031	0.050	0.058	
Ne7+	0.004	0.007	0.016	0.027	0.043	
S9+	0.001	0.007	0.017	0.026	0.047	
Si8+	0.004	0.014	0.030	0.043	0.089	
10.0
Ion	0.0	0.1	1.0	10.0	100.0
C4+	0.032	0.085	0.232	0.370	0.830	
Mg7+	0.042	0.098	0.171	0.369	0.754	
Mg8+	0.040	0.042	0.052	0.071	0.125	
N5+	0.032	0.031	0.080	0.140	0.199	
Ne7+	0.040	0.043	0.052	0.083	0.134	
S9+	0.040	0.043	0.053	0.079	0.140	
Si8+	0.025	0.053	0.083	0.166	0.289	
Step : 55
100.0
Ion	0.0	0.1	1.0	10.0	100.0
C4+	0.005	0.041	0.078	0.133	0.237	
Mg7+	0.004	0.030	0.053	0.098	0.206	
Mg8+	0.004	0.008	0.015	0.023	0.039	
N5+	0.004	0.015	0.029	0.045	0.068	
Ne7+	0.004	0.007	0.017	0.026	0.037	
Si8+	0.004	0.013	0.027	0.050	0.088	
10.0
Ion	0.0	0.1	1.0	10.0	100.0
C4+	0.030	0.112	0.223	0.445	0.836	
Mg7+	0.042	0.094	0.183	0.289	0.746	
Mg8+	0.010	0.029	0.053	0.077	0.113	
N5+	0.031	0.060	0.099	0.164	0.241	
Ne7+	0.040	0.044	0.033	0.079	0.130	
Si8+	0.040	0.051	0.078	0.181	0.309	
