Step : 1
100.0
Ion	0.0	0.1	1.0	10.0	100.0
C4+	0.004	0.006	0.012	0.016	0.024	
C5+	0.004	0.022	0.036	0.065	0.092	
Mg8+	0.004	0.013	0.026	0.037	0.070	
N5+	0.003	0.036	0.050	0.096	0.166	
N6+	0.004	0.016	0.026	0.049	0.062	
Ne7+	0.005	0.035	0.067	0.119	0.201	
Ne8+	0.004	0.019	0.042	0.075	0.121	
O7+	0.004	0.010	0.018	0.030	0.040	
Si9+	0.004	0.006	0.010	0.020	0.026	
10.0
Ion	0.0	0.1	1.0	10.0	100.0
C4+	0.040	0.042	0.011	0.054	0.068	
C5+	0.031	0.065	0.115	0.177	0.309	
Mg8+	0.041	0.053	0.077	0.143	0.232	
N5+	0.036	0.107	0.194	0.332	0.525	
N6+	0.041	0.067	0.096	0.161	0.218	
Ne7+	0.032	0.103	0.202	0.354	0.794	
Ne8+	0.029	0.078	0.121	0.207	0.391	
O7+	0.040	0.014	0.058	0.104	0.136	
Si9+	0.040	0.042	0.047	0.059	0.101	
Step : 5
100.0
Ion	0.0	0.1	1.0	10.0	100.0
C4+	0.004	0.003	0.010	0.014	0.021	
C5+	0.004	0.022	0.038	0.071	0.100	
Mg8+	0.004	0.013	0.027	0.050	0.074	
Mg9+	0.001	0.014	0.027	0.044	0.079	
N5+	0.005	0.035	0.054	0.097	0.144	
N6+	0.004	0.018	0.030	0.054	0.065	
Ne7+	0.005	0.038	0.065	0.124	0.223	
Ne8+	0.004	0.018	0.037	0.066	0.104	
O7+	0.004	0.009	0.018	0.028	0.041	
Si9+	0.004	0.006	0.012	0.022	0.033	
10.0
Ion	0.0	0.1	1.0	10.0	100.0
C4+	0.040	0.042	0.045	0.055	0.085	
C5+	0.030	0.082	0.135	0.219	0.373	
Mg8+	0.012	0.029	0.074	0.128	0.232	
Mg9+	0.040	0.029	0.091	0.167	0.271	
N5+	0.033	0.097	0.172	0.268	0.499	
N6+	0.031	0.056	0.089	0.169	0.196	
Ne7+	0.031	0.103	0.211	0.380	0.911	
Ne8+	0.041	0.031	0.109	0.215	0.289	
O7+	0.040	0.047	0.055	0.098	0.145	
Si9+	0.010	0.041	0.009	0.062	0.095	
Step : 10
100.0
Ion	0.0	0.1	1.0	10.0	100.0
C4+	0.004	0.003	0.009	0.014	0.018	
C5+	0.004	0.025	0.037	0.071	0.095	
Mg8+	0.004	0.018	0.031	0.054	0.100	
Mg9+	0.001	0.016	0.029	0.053	0.091	
N5+	0.003	0.034	0.055	0.104	0.167	
N6+	0.003	0.016	0.031	0.045	0.066	
Ne7+	0.005	0.042	0.074	0.135	0.293	
Ne8+	0.004	0.021	0.031	0.061	0.106	
O7+	0.004	0.009	0.014	0.025	0.035	
Si10+	0.001	0.008	0.020	0.034	0.063	
Si9+	0.004	0.006	0.012	0.027	0.040	
10.0
Ion	0.0	0.1	1.0	10.0	100.0
C4+	0.039	0.041	0.007	0.031	0.068	
C5+	0.035	0.091	0.134	0.208	0.347	
Mg8+	0.040	0.060	0.100	0.196	0.303	
Mg9+	0.026	0.030	0.093	0.182	0.298	
N5+	0.034	0.106	0.183	0.301	0.448	
N6+	0.012	0.031	0.090	0.168	0.216	
Ne7+	0.034	0.116	0.253	0.454	0.954	
Ne8+	0.041	0.067	0.092	0.222	0.314	
O7+	0.040	0.046	0.054	0.081	0.123	
Si10+	0.039	0.043	0.068	0.095	0.173	
Si9+	0.039	0.044	0.049	0.071	0.114	
Step : 15
100.0
Ion	0.0	0.1	1.0	10.0	100.0
C4+	0.004	0.005	0.009	0.016	0.019	
C5+	0.003	0.026	0.049	0.066	0.094	
Mg8+	0.003	0.016	0.034	0.058	0.102	
Mg9+	0.001	0.017	0.028	0.057	0.100	
N5+	0.005	0.039	0.060	0.105	0.139	
N6+	0.003	0.016	0.029	0.050	0.073	
Ne7+	0.003	0.041	0.082	0.166	0.308	
Ne8+	0.004	0.018	0.036	0.061	0.115	
O7+	0.004	0.007	0.016	0.024	0.038	
Si10+	0.001	0.009	0.020	0.039	0.061	
Si9+	0.004	0.008	0.013	0.031	0.037	
10.0
Ion	0.0	0.1	1.0	10.0	100.0
C4+	0.039	0.041	0.045	0.031	0.066	
C5+	0.031	0.028	0.137	0.234	0.344	
Mg8+	0.040	0.065	0.116	0.198	0.292	
Mg9+	0.040	0.058	0.099	0.174	0.311	
N5+	0.033	0.086	0.171	0.290	0.553	
N6+	0.041	0.030	0.074	0.160	0.240	
Ne7+	0.033	0.119	0.251	0.511	0.890	
Ne8+	0.026	0.060	0.095	0.199	0.348	
O7+	0.040	0.044	0.054	0.071	0.132	
Si10+	0.039	0.000	0.066	0.126	0.209	
Si9+	0.040	0.005	0.030	0.079	0.133	
Step : 20
100.0
Ion	0.0	0.1	1.0	10.0	100.0
C4+	0.004	0.006	0.009	0.015	0.019	
C5+	0.003	0.024	0.045	0.068	0.107	
Mg8+	0.003	0.016	0.036	0.067	0.104	
Mg9+	0.004	0.015	0.032	0.055	0.097	
N5+	0.005	0.036	0.063	0.088	0.151	
N6+	0.004	0.016	0.030	0.042	0.064	
Ne7+	0.003	0.045	0.096	0.158	0.309	
Ne8+	0.003	0.020	0.034	0.067	0.095	
O7+	0.004	0.008	0.015	0.026	0.038	
Si10+	0.001	0.010	0.020	0.044	0.063	
Si9+	0.004	0.009	0.014	0.029	0.044	
10.0
Ion	0.0	0.1	1.0	10.0	100.0
C4+	0.010	0.041	0.005	0.031	0.063	
C5+	0.034	0.077	0.139	0.215	0.366	
Mg8+	0.031	0.068	0.112	0.175	0.306	
Mg9+	0.040	0.062	0.102	0.210	0.324	
N5+	0.032	0.107	0.181	0.343	0.520	
N6+	0.041	0.064	0.090	0.148	0.208	
Ne7+	0.030	0.102	0.293	0.498	0.075	
Ne8+	0.030	0.028	0.109	0.197	0.333	
O7+	0.039	0.005	0.052	0.085	0.109	
Si10+	0.040	0.010	0.067	0.117	0.172	
Si9+	0.040	0.044	0.032	0.087	0.125	
Step : 25
100.0
Ion	0.0	0.1	1.0	10.0	100.0
C4+	0.003	0.005	0.009	0.015	0.018	
C5+	0.003	0.023	0.039	0.062	0.123	
Mg8+	0.004	0.020	0.034	0.069	0.097	
Mg9+	0.004	0.016	0.034	0.059	0.104	
N5+	0.005	0.031	0.065	0.083	0.159	
N6+	0.004	0.016	0.026	0.045	0.069	
Ne7+	0.005	0.046	0.080	0.175	0.272	
Ne8+	0.003	0.016	0.037	0.053	0.112	
O7+	0.004	0.008	0.015	0.025	0.033	
Si10+	0.001	0.010	0.024	0.040	0.063	
Si9+	0.004	0.008	0.015	0.031	0.051	
10.0
Ion	0.0	0.1	1.0	10.0	100.0
C4+	0.040	0.040	0.043	0.031	0.068	
C5+	0.042	0.082	0.135	0.227	0.358	
Mg8+	0.032	0.029	0.110	0.218	0.348	
Mg9+	0.040	0.060	0.105	0.195	0.389	
N5+	0.033	0.090	0.156	0.312	0.541	
N6+	0.040	0.030	0.095	0.158	0.184	
Ne7+	0.048	0.064	0.245	0.622	0.051	
Ne8+	0.030	0.065	0.109	0.174	0.348	
O7+	0.040	0.045	0.051	0.086	0.110	
Si10+	0.040	0.048	0.065	0.117	0.230	
Si9+	0.040	0.045	0.055	0.074	0.147	
Step : 30
100.0
Ion	0.0	0.1	1.0	10.0	100.0
C4+	0.004	0.006	0.009	0.015	0.019	
C5+	0.003	0.025	0.040	0.077	0.111	
Mg8+	0.003	0.018	0.037	0.077	0.120	
Mg9+	0.001	0.018	0.031	0.065	0.116	
N5+	0.005	0.033	0.060	0.092	0.148	
N6+	0.004	0.017	0.028	0.047	0.067	
Ne7+	0.005	0.053	0.084	0.156	0.331	
Ne8+	0.004	0.018	0.035	0.068	0.100	
O7+	0.004	0.008	0.014	0.025	0.031	
Si10+	0.001	0.011	0.024	0.038	0.068	
Si9+	0.004	0.008	0.018	0.032	0.050	
10.0
Ion	0.0	0.1	1.0	10.0	100.0
C4+	0.039	0.042	0.005	0.033	0.062	
C5+	0.033	0.096	0.141	0.230	0.345	
Mg8+	0.034	0.029	0.113	0.226	0.333	
Mg9+	0.040	0.058	0.104	0.204	0.357	
N5+	0.033	0.088	0.185	0.293	0.545	
N6+	0.040	0.031	0.096	0.157	0.217	
Ne7+	0.048	0.116	0.272	0.584	0.052	
Ne8+	0.012	0.062	0.117	0.200	0.355	
O7+	0.040	0.043	0.055	0.070	0.095	
Si10+	0.010	0.015	0.068	0.126	0.230	
Si9+	0.040	0.044	0.055	0.100	0.145	
Step : 35
100.0
Ion	0.0	0.1	1.0	10.0	100.0
C4+	0.004	0.003	0.009	0.014	0.018	
C5+	0.005	0.026	0.048	0.070	0.097	
Mg8+	0.003	0.019	0.047	0.065	0.126	
Mg9+	0.004	0.019	0.033	0.066	0.115	
N5+	0.003	0.037	0.062	0.087	0.170	
N6+	0.003	0.016	0.028	0.048	0.066	
Ne7+	0.005	0.060	0.089	0.177	0.350	
Ne8+	0.004	0.020	0.036	0.069	0.103	
O7+	0.004	0.008	0.016	0.021	0.036	
Si10+	0.004	0.012	0.027	0.041	0.072	
Si9+	0.004	0.009	0.018	0.030	0.051	
10.0
Ion	0.0	0.1	1.0	10.0	100.0
C4+	0.040	0.041	0.046	0.052	0.034	
C5+	0.042	0.080	0.139	0.239	0.375	
Mg8+	0.041	0.074	0.136	0.211	0.366	
Mg9+	0.030	0.066	0.107	0.212	0.380	
N5+	0.032	0.092	0.189	0.309	0.593	
N6+	0.030	0.059	0.082	0.181	0.192	
Ne7+	0.053	0.106	0.259	0.572	0.058	
Ne8+	0.034	0.067	0.119	0.211	0.352	
O7+	0.039	0.045	0.054	0.079	0.112	
Si10+	0.040	0.047	0.067	0.159	0.221	
Si9+	0.040	0.043	0.056	0.093	0.136	
Step : 40
100.0
Ion	0.0	0.1	1.0	10.0	100.0
C4+	0.004	0.005	0.011	0.016	0.025	
C5+	0.005	0.022	0.044	0.080	0.118	
Mg8+	0.004	0.021	0.043	0.075	0.104	
Mg9+	0.003	0.018	0.038	0.067	0.127	
N5+	0.003	0.029	0.057	0.099	0.155	
N6+	0.004	0.014	0.027	0.053	0.072	
Ne7+	0.005	0.050	0.098	0.168	0.345	
Ne8+	0.004	0.020	0.036	0.068	0.102	
O7+	0.004	0.008	0.015	0.023	0.037	
Si10+	0.004	0.011	0.023	0.050	0.078	
Si9+	0.004	0.009	0.018	0.033	0.047	
10.0
Ion	0.0	0.1	1.0	10.0	100.0
C4+	0.040	0.030	0.009	0.051	0.059	
C5+	0.042	0.087	0.121	0.226	0.356	
Mg8+	0.030	0.030	0.103	0.241	0.379	
Mg9+	0.041	0.065	0.120	0.221	0.351	
N5+	0.043	0.110	0.189	0.300	0.530	
N6+	0.041	0.030	0.095	0.150	0.229	
Ne7+	0.046	0.111	0.288	0.684	0.058	
Ne8+	0.042	0.066	0.114	0.209	0.339	
O7+	0.040	0.046	0.048	0.072	0.116	
Si10+	0.040	0.028	0.084	0.128	0.241	
Si9+	0.040	0.045	0.057	0.097	0.139	
Step : 45
100.0
Ion	0.0	0.1	1.0	10.0	100.0
C4+	0.004	0.006	0.008	0.012	0.021	
C5+	0.004	0.025	0.044	0.078	0.116	
Mg8+	0.003	0.021	0.043	0.067	0.108	
Mg9+	0.004	0.016	0.033	0.057	0.106	
N5+	0.005	0.034	0.052	0.099	0.139	
N6+	0.004	0.017	0.029	0.042	0.068	
Ne7+	0.003	0.058	0.087	0.190	0.300	
Ne8+	0.004	0.020	0.040	0.066	0.106	
O7+	0.001	0.008	0.012	0.022	0.033	
Si10+	0.004	0.011	0.026	0.043	0.075	
Si9+	0.004	0.009	0.018	0.030	0.049	
10.0
Ion	0.0	0.1	1.0	10.0	100.0
C4+	0.039	0.042	0.045	0.052	0.073	
C5+	0.042	0.078	0.027	0.245	0.337	
Mg8+	0.033	0.073	0.131	0.215	0.371	
Mg9+	0.041	0.032	0.113	0.195	0.345	
N5+	0.031	0.099	0.191	0.312	0.598	
N6+	0.040	0.058	0.091	0.140	0.223	
Ne7+	0.031	0.073	0.278	0.575	0.027	
Ne8+	0.031	0.067	0.116	0.195	0.378	
O7+	0.040	0.006	0.029	0.077	0.100	
Si10+	0.039	0.051	0.078	0.140	0.202	
Si9+	0.040	0.044	0.054	0.093	0.127	
Step : 50
100.0
Ion	0.0	0.1	1.0	10.0	100.0
C4+	0.004	0.003	0.009	0.018	0.025	
C5+	0.005	0.028	0.042	0.079	0.120	
Mg8+	0.003	0.018	0.042	0.071	0.114	
Mg9+	0.004	0.015	0.037	0.071	0.131	
N5+	0.005	0.033	0.059	0.103	0.125	
N6+	0.003	0.018	0.033	0.045	0.077	
Ne7+	0.002	0.055	0.079	0.171	0.303	
Ne8+	0.004	0.017	0.035	0.067	0.093	
O7+	0.004	0.007	0.016	0.025	0.027	
Si10+	0.001	0.012	0.025	0.043	0.078	
Si9+	0.004	0.008	0.017	0.033	0.045	
10.0
Ion	0.0	0.1	1.0	10.0	100.0
C4+	0.010	0.041	0.047	0.056	0.085	
C5+	0.032	0.089	0.131	0.220	0.338	
Mg8+	0.029	0.073	0.139	0.230	0.377	
Mg9+	0.041	0.065	0.101	0.253	0.391	
N5+	0.034	0.100	0.154	0.314	0.444	
N6+	0.040	0.029	0.102	0.146	0.228	
Ne7+	0.029	0.069	0.315	0.557	0.974	
Ne8+	0.032	0.062	0.109	0.202	0.304	
O7+	0.040	0.042	0.053	0.078	0.103	
Si10+	0.040	0.012	0.071	0.147	0.293	
Si9+	0.010	0.043	0.065	0.104	0.138	
Step : 55
100.0
Ion	0.0	0.1	1.0	10.0	100.0
C4+	0.004	0.006	0.010	0.016	0.024	
C5+	0.004	0.025	0.042	0.081	0.098	
Mg8+	0.004	0.023	0.037	0.076	0.122	
Mg9+	0.004	0.016	0.038	0.064	0.105	
N5+	0.005	0.032	0.054	0.094	0.160	
N6+	0.004	0.015	0.032	0.052	0.069	
Ne7+	0.003	0.052	0.080	0.176	0.313	
Ne8+	0.004	0.019	0.037	0.060	0.110	
O7+	0.004	0.007	0.015	0.024	0.033	
Si10+	0.001	0.012	0.023	0.052	0.086	
Si9+	0.004	0.008	0.017	0.031	0.043	
10.0
Ion	0.0	0.1	1.0	10.0	100.0
C4+	0.040	0.040	0.044	0.033	0.076	
C5+	0.035	0.086	0.131	0.264	0.331	
Mg8+	0.033	0.074	0.129	0.203	0.419	
Mg9+	0.041	0.066	0.117	0.202	0.352	
N5+	0.032	0.115	0.167	0.315	0.447	
N6+	0.013	0.059	0.085	0.151	0.221	
Ne7+	0.031	0.063	0.275	0.600	0.032	
Ne8+	0.041	0.066	0.118	0.184	0.333	
O7+	0.040	0.043	0.048	0.074	0.092	
Si10+	0.040	0.029	0.069	0.169	0.263	
Si9+	0.040	0.043	0.060	0.111	0.156	
