Step : 1
100.0
Ion	0.0	0.1	1.0	10.0	100.0
C5+	0.003	0.018	0.028	0.042	0.067	
C6+	0.003	0.013	0.028	0.037	0.065	
N6+	0.006	0.065	0.091	0.161	0.333	
N7+	0.003	0.017	0.031	0.048	0.065	
Ne8+	0.004	0.023	0.048	0.090	0.154	
O6+	0.004	0.009	0.017	0.030	0.041	
O8+	0.003	0.016	0.030	0.045	0.066	
10.0
Ion	0.0	0.1	1.0	10.0	100.0
C5+	0.041	0.032	0.086	0.149	0.193	
C6+	0.012	0.030	0.084	0.147	0.178	
N6+	0.053	0.071	0.311	0.639	0.072	
N7+	0.032	0.067	0.101	0.167	0.207	
Ne8+	0.033	0.103	0.175	0.278	0.568	
O6+	0.040	0.001	0.063	0.106	0.123	
O8+	0.027	0.031	0.091	0.139	0.220	
Step : 5
100.0
Ion	0.0	0.1	1.0	10.0	100.0
C5+	0.003	0.017	0.027	0.042	0.058	
C6+	0.004	0.016	0.031	0.042	0.064	
Mg10+	0.004	0.016	0.035	0.064	0.104	
Mg11+	0.004	0.008	0.017	0.030	0.051	
Mg9+	0.004	0.009	0.018	0.030	0.040	
N6+	0.005	0.055	0.092	0.157	0.268	
N7+	0.003	0.018	0.032	0.056	0.064	
Ne8+	0.005	0.031	0.051	0.089	0.144	
O6+	0.004	0.009	0.016	0.029	0.041	
O8+	0.004	0.013	0.021	0.037	0.057	
Si11+	0.004	0.007	0.015	0.025	0.047	
10.0
Ion	0.0	0.1	1.0	10.0	100.0
C5+	0.031	0.064	0.091	0.155	0.193	
C6+	0.031	0.030	0.086	0.137	0.209	
Mg10+	0.040	0.058	0.091	0.202	0.340	
Mg11+	0.040	0.044	0.059	0.107	0.139	
Mg9+	0.040	0.011	0.058	0.110	0.154	
N6+	0.053	0.131	0.296	0.513	0.886	
N7+	0.041	0.062	0.102	0.175	0.208	
Ne8+	0.031	0.092	0.158	0.293	0.507	
O6+	0.040	0.000	0.032	0.101	0.127	
O8+	0.032	0.054	0.070	0.135	0.181	
Si11+	0.040	0.042	0.051	0.084	0.130	
Step : 10
100.0
Ion	0.0	0.1	1.0	10.0	100.0
C5+	0.003	0.017	0.027	0.042	0.061	
C6+	0.003	0.017	0.025	0.047	0.079	
Mg10+	0.004	0.020	0.034	0.070	0.114	
Mg11+	0.001	0.008	0.018	0.029	0.050	
Mg9+	0.004	0.011	0.018	0.039	0.059	
N6+	0.006	0.060	0.095	0.166	0.286	
N7+	0.003	0.016	0.030	0.049	0.068	
Ne8+	0.004	0.028	0.047	0.099	0.188	
O6+	0.001	0.008	0.015	0.024	0.036	
O8+	0.004	0.011	0.023	0.039	0.052	
S12+	0.004	0.005	0.007	0.015	0.023	
Si11+	0.004	0.009	0.018	0.026	0.053	
10.0
Ion	0.0	0.1	1.0	10.0	100.0
C5+	0.030	0.062	0.082	0.142	0.180	
C6+	0.041	0.063	0.097	0.157	0.238	
Mg10+	0.041	0.029	0.128	0.239	0.372	
Mg11+	0.040	0.042	0.033	0.086	0.161	
Mg9+	0.026	0.027	0.064	0.114	0.174	
N6+	0.049	0.004	0.316	0.520	0.920	
N7+	0.012	0.031	0.097	0.169	0.224	
Ne8+	0.042	0.088	0.175	0.279	0.632	
O6+	0.040	0.044	0.052	0.078	0.111	
O8+	0.040	0.029	0.064	0.119	0.179	
S12+	0.039	0.040	0.043	0.054	0.070	
Si11+	0.040	0.042	0.064	0.092	0.166	
Step : 15
100.0
Ion	0.0	0.1	1.0	10.0	100.0
C5+	0.003	0.017	0.028	0.040	0.063	
C6+	0.004	0.016	0.032	0.048	0.071	
Mg10+	0.004	0.022	0.035	0.080	0.146	
Mg11+	0.001	0.008	0.017	0.031	0.047	
Mg9+	0.001	0.013	0.024	0.038	0.056	
N6+	0.006	0.061	0.088	0.144	0.269	
N7+	0.004	0.017	0.030	0.048	0.081	
Ne8+	0.005	0.033	0.051	0.109	0.198	
O6+	0.004	0.009	0.016	0.024	0.030	
O8+	0.004	0.013	0.022	0.036	0.051	
S12+	0.001	0.003	0.008	0.016	0.026	
Si11+	0.004	0.009	0.018	0.036	0.057	
10.0
Ion	0.0	0.1	1.0	10.0	100.0
C5+	0.034	0.030	0.088	0.155	0.194	
C6+	0.041	0.060	0.103	0.163	0.204	
Mg10+	0.030	0.069	0.126	0.225	0.403	
Mg11+	0.040	0.043	0.058	0.106	0.136	
Mg9+	0.040	0.053	0.066	0.112	0.180	
N6+	0.054	0.068	0.315	0.579	0.984	
N7+	0.030	0.069	0.083	0.150	0.236	
Ne8+	0.031	0.100	0.190	0.341	0.694	
O6+	0.040	0.044	0.054	0.076	0.116	
O8+	0.040	0.051	0.064	0.131	0.191	
S12+	0.040	0.040	0.045	0.055	0.075	
Si11+	0.040	0.046	0.063	0.111	0.169	
Step : 20
100.0
Ion	0.0	0.1	1.0	10.0	100.0
C5+	0.003	0.016	0.026	0.042	0.057	
C6+	0.003	0.016	0.034	0.055	0.071	
Mg10+	0.004	0.019	0.040	0.088	0.152	
Mg11+	0.004	0.009	0.018	0.036	0.057	
Mg9+	0.004	0.012	0.023	0.043	0.051	
N6+	0.005	0.065	0.091	0.169	0.267	
N7+	0.003	0.017	0.030	0.049	0.071	
Ne8+	0.004	0.033	0.062	0.104	0.163	
O6+	0.004	0.008	0.015	0.024	0.038	
O8+	0.004	0.012	0.023	0.036	0.055	
S12+	0.004	0.005	0.010	0.017	0.026	
Si11+	0.004	0.010	0.021	0.041	0.051	
10.0
Ion	0.0	0.1	1.0	10.0	100.0
C5+	0.041	0.066	0.106	0.140	0.187	
C6+	0.041	0.060	0.099	0.140	0.225	
Mg10+	0.032	0.028	0.132	0.266	0.469	
Mg11+	0.010	0.045	0.062	0.113	0.177	
Mg9+	0.040	0.051	0.076	0.121	0.193	
N6+	0.032	0.066	0.281	0.603	0.933	
N7+	0.041	0.063	0.088	0.160	0.216	
Ne8+	0.047	0.102	0.179	0.352	0.628	
O6+	0.040	0.042	0.051	0.069	0.108	
O8+	0.040	0.047	0.072	0.116	0.156	
S12+	0.039	0.040	0.042	0.052	0.087	
Si11+	0.040	0.045	0.063	0.113	0.220	
Step : 25
100.0
Ion	0.0	0.1	1.0	10.0	100.0
C5+	0.004	0.017	0.026	0.049	0.069	
C6+	0.004	0.016	0.034	0.049	0.080	
Mg10+	0.003	0.023	0.041	0.079	0.150	
Mg11+	0.004	0.009	0.019	0.034	0.054	
Mg9+	0.004	0.012	0.023	0.046	0.066	
N6+	0.005	0.055	0.098	0.162	0.272	
N7+	0.004	0.014	0.029	0.047	0.059	
Ne8+	0.005	0.036	0.067	0.111	0.189	
O6+	0.004	0.007	0.015	0.023	0.030	
O8+	0.004	0.012	0.022	0.037	0.051	
S12+	0.004	0.005	0.010	0.018	0.028	
Si11+	0.004	0.011	0.020	0.041	0.064	
10.0
Ion	0.0	0.1	1.0	10.0	100.0
C5+	0.031	0.066	0.099	0.149	0.208	
C6+	0.041	0.065	0.090	0.165	0.237	
Mg10+	0.041	0.072	0.145	0.232	0.448	
Mg11+	0.040	0.046	0.060	0.099	0.158	
Mg9+	0.012	0.032	0.072	0.130	0.176	
N6+	0.053	0.068	0.308	0.481	0.878	
N7+	0.041	0.056	0.088	0.143	0.221	
Ne8+	0.035	0.111	0.187	0.365	0.605	
O6+	0.040	0.044	0.029	0.074	0.099	
O8+	0.039	0.029	0.069	0.114	0.160	
S12+	0.039	0.041	0.044	0.060	0.082	
Si11+	0.039	0.009	0.062	0.134	0.183	
Step : 30
100.0
Ion	0.0	0.1	1.0	10.0	100.0
C5+	0.004	0.016	0.028	0.042	0.063	
C6+	0.004	0.017	0.031	0.050	0.076	
Mg10+	0.004	0.021	0.045	0.086	0.180	
Mg11+	0.001	0.008	0.020	0.032	0.054	
Mg9+	0.004	0.012	0.022	0.046	0.071	
N6+	0.005	0.073	0.084	0.166	0.220	
N7+	0.004	0.017	0.026	0.042	0.061	
Ne8+	0.004	0.031	0.056	0.117	0.148	
O6+	0.004	0.007	0.015	0.024	0.033	
O8+	0.003	0.012	0.024	0.037	0.047	
S12+	0.001	0.005	0.009	0.017	0.029	
Si11+	0.004	0.012	0.022	0.036	0.066	
Si12+	0.001	0.009	0.019	0.035	0.050	
10.0
Ion	0.0	0.1	1.0	10.0	100.0
C5+	0.030	0.060	0.090	0.139	0.176	
C6+	0.031	0.064	0.089	0.178	0.215	
Mg10+	0.041	0.071	0.141	0.260	0.606	
Mg11+	0.039	0.045	0.060	0.098	0.144	
Mg9+	0.040	0.028	0.079	0.127	0.223	
N6+	0.030	0.096	0.287	0.498	0.910	
N7+	0.012	0.060	0.088	0.170	0.210	
Ne8+	0.036	0.095	0.171	0.340	0.736	
O6+	0.010	0.043	0.009	0.073	0.107	
O8+	0.040	0.030	0.064	0.119	0.165	
S12+	0.039	0.040	0.008	0.032	0.086	
Si11+	0.040	0.049	0.070	0.117	0.189	
Si12+	0.039	0.043	0.061	0.105	0.173	
Step : 35
100.0
Ion	0.0	0.1	1.0	10.0	100.0
C5+	0.003	0.018	0.026	0.039	0.065	
C6+	0.003	0.016	0.032	0.054	0.074	
Mg10+	0.003	0.023	0.043	0.079	0.159	
Mg11+	0.001	0.008	0.021	0.029	0.049	
Mg9+	0.004	0.012	0.022	0.047	0.065	
N6+	0.006	0.064	0.091	0.159	0.267	
N7+	0.003	0.017	0.028	0.044	0.065	
Ne8+	0.005	0.037	0.056	0.106	0.175	
O6+	0.004	0.008	0.012	0.026	0.031	
O8+	0.004	0.012	0.021	0.038	0.049	
S12+	0.001	0.003	0.010	0.016	0.027	
Si11+	0.004	0.010	0.023	0.044	0.070	
Si12+	0.001	0.008	0.017	0.033	0.050	
10.0
Ion	0.0	0.1	1.0	10.0	100.0
C5+	0.034	0.060	0.090	0.135	0.194	
C6+	0.040	0.031	0.086	0.168	0.228	
Mg10+	0.028	0.082	0.140	0.273	0.466	
Mg11+	0.040	0.043	0.034	0.102	0.171	
Mg9+	0.040	0.028	0.070	0.137	0.229	
N6+	0.049	0.128	0.275	0.502	0.996	
N7+	0.033	0.033	0.103	0.173	0.235	
Ne8+	0.031	0.104	0.173	0.383	0.779	
O6+	0.040	0.044	0.055	0.074	0.115	
O8+	0.026	0.028	0.064	0.112	0.169	
S12+	0.040	0.041	0.046	0.057	0.089	
Si11+	0.040	0.025	0.066	0.118	0.199	
Si12+	0.010	0.043	0.059	0.114	0.173	
Step : 40
100.0
Ion	0.0	0.1	1.0	10.0	100.0
C5+	0.004	0.015	0.033	0.047	0.065	
C6+	0.003	0.018	0.029	0.046	0.080	
Mg10+	0.003	0.020	0.046	0.083	0.156	
Mg11+	0.004	0.008	0.021	0.037	0.049	
Mg9+	0.004	0.013	0.028	0.041	0.066	
N6+	0.006	0.073	0.088	0.151	0.263	
N7+	0.004	0.017	0.031	0.055	0.062	
Ne8+	0.003	0.037	0.061	0.100	0.194	
O6+	0.004	0.007	0.016	0.027	0.037	
O8+	0.004	0.011	0.020	0.036	0.047	
S12+	0.004	0.005	0.011	0.019	0.032	
Si11+	0.004	0.010	0.024	0.046	0.057	
Si12+	0.001	0.008	0.019	0.035	0.052	
10.0
Ion	0.0	0.1	1.0	10.0	100.0
C5+	0.029	0.065	0.076	0.152	0.200	
C6+	0.027	0.030	0.100	0.132	0.248	
Mg10+	0.032	0.072	0.168	0.257	0.485	
Mg11+	0.040	0.044	0.058	0.109	0.178	
Mg9+	0.040	0.029	0.076	0.124	0.200	
N6+	0.031	0.076	0.302	0.553	0.929	
N7+	0.040	0.032	0.103	0.174	0.245	
Ne8+	0.034	0.102	0.210	0.359	0.734	
O6+	0.040	0.043	0.049	0.072	0.115	
O8+	0.040	0.027	0.075	0.103	0.190	
S12+	0.039	0.040	0.043	0.059	0.092	
Si11+	0.040	0.048	0.068	0.107	0.209	
Si12+	0.039	0.046	0.061	0.105	0.173	
Step : 45
100.0
Ion	0.0	0.1	1.0	10.0	100.0
C5+	0.003	0.017	0.029	0.043	0.063	
C6+	0.003	0.017	0.034	0.051	0.072	
Mg10+	0.003	0.021	0.053	0.087	0.163	
Mg11+	0.004	0.009	0.019	0.035	0.053	
Mg9+	0.004	0.014	0.024	0.043	0.061	
N6+	0.006	0.069	0.076	0.142	0.236	
N7+	0.003	0.015	0.031	0.047	0.075	
Ne8+	0.004	0.038	0.065	0.122	0.184	
O6+	0.001	0.007	0.013	0.023	0.031	
O8+	0.002	0.013	0.025	0.036	0.053	
S12+	0.004	0.006	0.011	0.020	0.029	
Si11+	0.004	0.012	0.022	0.035	0.072	
Si12+	0.001	0.008	0.018	0.038	0.061	
10.0
Ion	0.0	0.1	1.0	10.0	100.0
C5+	0.041	0.066	0.086	0.138	0.194	
C6+	0.041	0.056	0.095	0.170	0.214	
Mg10+	0.030	0.086	0.158	0.259	0.559	
Mg11+	0.040	0.034	0.058	0.118	0.168	
Mg9+	0.040	0.031	0.072	0.149	0.206	
N6+	0.030	0.127	0.317	0.484	0.897	
N7+	0.031	0.058	0.088	0.151	0.239	
Ne8+	0.034	0.105	0.182	0.364	0.740	
O6+	0.040	0.043	0.029	0.065	0.104	
O8+	0.040	0.051	0.069	0.111	0.145	
S12+	0.010	0.040	0.013	0.065	0.098	
Si11+	0.040	0.027	0.066	0.126	0.231	
Si12+	0.039	0.044	0.061	0.101	0.222	
Step : 50
100.0
Ion	0.0	0.1	1.0	10.0	100.0
C5+	0.003	0.015	0.026	0.046	0.066	
C6+	0.004	0.017	0.031	0.051	0.075	
Mg10+	0.002	0.023	0.042	0.084	0.150	
Mg11+	0.004	0.009	0.020	0.034	0.055	
Mg9+	0.004	0.014	0.028	0.044	0.064	
N6+	0.005	0.062	0.087	0.142	0.265	
N7+	0.003	0.014	0.028	0.050	0.060	
Ne8+	0.002	0.038	0.052	0.114	0.225	
O6+	0.001	0.007	0.014	0.023	0.031	
O8+	0.003	0.012	0.018	0.037	0.058	
S12+	0.001	0.005	0.012	0.018	0.030	
Si11+	0.004	0.011	0.023	0.042	0.062	
Si12+	0.001	0.009	0.018	0.034	0.060	
10.0
Ion	0.0	0.1	1.0	10.0	100.0
C5+	0.040	0.061	0.104	0.143	0.204	
C6+	0.030	0.063	0.106	0.146	0.244	
Mg10+	0.041	0.028	0.173	0.316	0.600	
Mg11+	0.040	0.047	0.059	0.113	0.190	
Mg9+	0.040	0.029	0.068	0.147	0.227	
N6+	0.030	0.075	0.301	0.571	0.054	
N7+	0.030	0.029	0.090	0.146	0.193	
Ne8+	0.034	0.101	0.196	0.372	0.812	
O6+	0.040	0.043	0.030	0.073	0.111	
O8+	0.040	0.052	0.067	0.121	0.165	
S12+	0.039	0.041	0.047	0.058	0.095	
Si11+	0.040	0.049	0.074	0.134	0.211	
Si12+	0.010	0.046	0.059	0.118	0.195	
Step : 55
100.0
Ion	0.0	0.1	1.0	10.0	100.0
C5+	0.003	0.017	0.029	0.044	0.053	
C6+	0.004	0.017	0.033	0.051	0.074	
Mg10+	0.004	0.024	0.043	0.098	0.161	
Mg11+	0.001	0.009	0.017	0.036	0.062	
Mg9+	0.004	0.013	0.027	0.045	0.071	
N6+	0.005	0.064	0.085	0.167	0.232	
N7+	0.003	0.016	0.025	0.045	0.065	
Ne8+	0.004	0.036	0.063	0.106	0.213	
O6+	0.004	0.008	0.014	0.026	0.034	
O8+	0.003	0.010	0.022	0.035	0.049	
S12+	0.001	0.006	0.011	0.022	0.030	
Si11+	0.004	0.013	0.025	0.039	0.062	
Si12+	0.001	0.010	0.019	0.039	0.060	
10.0
Ion	0.0	0.1	1.0	10.0	100.0
C5+	0.035	0.070	0.094	0.144	0.186	
C6+	0.040	0.063	0.091	0.179	0.268	
Mg10+	0.030	0.079	0.153	0.323	0.574	
Mg11+	0.040	0.045	0.064	0.109	0.189	
Mg9+	0.025	0.052	0.079	0.137	0.203	
N6+	0.047	0.095	0.285	0.555	0.813	
N7+	0.012	0.029	0.097	0.150	0.212	
Ne8+	0.043	0.095	0.225	0.357	0.585	
O6+	0.010	0.043	0.030	0.078	0.104	
O8+	0.040	0.050	0.068	0.126	0.147	
S12+	0.039	0.041	0.047	0.066	0.099	
Si11+	0.040	0.050	0.071	0.143	0.236	
Si12+	0.010	0.045	0.063	0.122	0.203	
