Step : 1
100.0
Ion	0.0	0.1	1.0	10.0	100.0
C6+	0.005	0.034	0.064	0.106	0.189	
N6+	0.004	0.007	0.014	0.025	0.034	
N7+	0.011	0.110	0.193	0.447	0.003	
O7+	0.001	0.015	0.029	0.055	0.083	
10.0
Ion	0.0	0.1	1.0	10.0	100.0
C6+	0.033	0.095	0.164	0.260	0.673	
N6+	0.010	0.045	0.029	0.074	0.105	
N7+	0.053	0.067	0.652	1.094	0.021	
O7+	0.029	0.061	0.097	0.163	0.292	
Step : 5
100.0
Ion	0.0	0.1	1.0	10.0	100.0
C6+	0.005	0.030	0.043	0.061	0.095	
Mg11+	0.004	0.016	0.029	0.058	0.098	
Mg12+	0.001	0.015	0.028	0.048	0.087	
N6+	0.004	0.000	0.010	0.018	0.028	
N7+	0.006	0.082	0.108	0.230	0.369	
O7+	0.004	0.014	0.023	0.045	0.061	
Si12+	0.001	0.005	0.010	0.017	0.027	
10.0
Ion	0.0	0.1	1.0	10.0	100.0
C6+	0.032	0.093	0.149	0.194	0.309	
Mg11+	0.040	0.054	0.096	0.179	0.279	
Mg12+	0.040	0.029	0.087	0.170	0.257	
N6+	0.039	0.042	0.045	0.032	0.092	
N7+	0.055	0.088	0.412	0.773	0.049	
O7+	0.040	0.052	0.070	0.128	0.219	
Si12+	0.040	0.040	0.043	0.053	0.084	
Step : 10
100.0
Ion	0.0	0.1	1.0	10.0	100.0
C6+	0.005	0.028	0.051	0.058	0.111	
Mg11+	0.004	0.017	0.027	0.056	0.100	
Mg12+	0.004	0.012	0.025	0.053	0.095	
N6+	0.004	0.006	0.009	0.016	0.021	
N7+	0.006	0.093	0.133	0.234	0.350	
O7+	0.003	0.011	0.024	0.040	0.057	
Si12+	0.004	0.006	0.013	0.022	0.035	
10.0
Ion	0.0	0.1	1.0	10.0	100.0
C6+	0.035	0.089	0.161	0.257	0.331	
Mg11+	0.041	0.028	0.111	0.191	0.306	
Mg12+	0.040	0.048	0.085	0.188	0.273	
N6+	0.039	0.004	0.047	0.056	0.068	
N7+	0.053	0.071	0.409	0.791	0.051	
O7+	0.040	0.052	0.077	0.127	0.184	
Si12+	0.040	0.042	0.048	0.072	0.100	
Step : 15
100.0
Ion	0.0	0.1	1.0	10.0	100.0
C6+	0.005	0.032	0.049	0.078	0.073	
Mg11+	0.003	0.018	0.033	0.073	0.110	
Mg12+	0.001	0.014	0.030	0.051	0.100	
N6+	0.004	0.003	0.010	0.016	0.021	
N7+	0.006	0.090	0.137	0.218	0.324	
O7+	0.004	0.009	0.024	0.035	0.062	
Si12+	0.004	0.006	0.014	0.022	0.036	
10.0
Ion	0.0	0.1	1.0	10.0	100.0
C6+	0.044	0.085	0.153	0.262	0.341	
Mg11+	0.040	0.066	0.114	0.218	0.396	
Mg12+	0.040	0.054	0.090	0.192	0.280	
N6+	0.040	0.042	0.045	0.032	0.076	
N7+	0.054	0.061	0.364	0.868	0.023	
O7+	0.040	0.029	0.076	0.142	0.186	
Si12+	0.040	0.044	0.015	0.072	0.129	
Step : 20
100.0
Ion	0.0	0.1	1.0	10.0	100.0
C6+	0.003	0.030	0.051	0.067	0.116	
Mg11+	0.004	0.021	0.038	0.072	0.118	
Mg12+	0.004	0.015	0.032	0.063	0.083	
N6+	0.004	0.003	0.009	0.014	0.021	
N7+	0.008	0.089	0.121	0.226	0.310	
O7+	0.003	0.012	0.024	0.040	0.055	
Si12+	0.004	0.006	0.014	0.024	0.037	
10.0
Ion	0.0	0.1	1.0	10.0	100.0
C6+	0.043	0.100	0.168	0.222	0.313	
Mg11+	0.031	0.067	0.139	0.230	0.415	
Mg12+	0.040	0.029	0.081	0.170	0.324	
N6+	0.039	0.043	0.008	0.052	0.064	
N7+	0.058	0.064	0.446	0.818	0.023	
O7+	0.041	0.029	0.062	0.120	0.187	
Si12+	0.040	0.042	0.031	0.077	0.124	
Step : 25
100.0
Ion	0.0	0.1	1.0	10.0	100.0
C6+	0.005	0.029	0.053	0.075	0.101	
Mg11+	0.004	0.018	0.042	0.062	0.135	
Mg12+	0.004	0.014	0.032	0.059	0.092	
N7+	0.006	0.092	0.121	0.230	0.410	
O7+	0.003	0.012	0.021	0.038	0.048	
Si12+	0.004	0.007	0.015	0.026	0.048	
10.0
Ion	0.0	0.1	1.0	10.0	100.0
C6+	0.036	0.083	0.172	0.241	0.357	
Mg11+	0.040	0.072	0.122	0.244	0.387	
Mg12+	0.040	0.030	0.093	0.187	0.365	
N7+	0.057	0.084	0.378	0.843	0.010	
O7+	0.041	0.014	0.071	0.107	0.171	
Si12+	0.039	0.045	0.051	0.085	0.135	
Step : 30
100.0
Ion	0.0	0.1	1.0	10.0	100.0
C6+	0.003	0.028	0.053	0.090	0.115	
Mg11+	0.004	0.021	0.048	0.074	0.119	
Mg12+	0.001	0.016	0.033	0.057	0.106	
N7+	0.009	0.094	0.132	0.231	0.403	
O7+	0.004	0.012	0.021	0.030	0.050	
Si12+	0.001	0.007	0.014	0.024	0.043	
10.0
Ion	0.0	0.1	1.0	10.0	100.0
C6+	0.032	0.107	0.148	0.268	0.368	
Mg11+	0.030	0.075	0.123	0.229	0.443	
Mg12+	0.041	0.060	0.103	0.193	0.311	
N7+	0.055	0.061	0.436	0.765	0.007	
O7+	0.040	0.014	0.060	0.104	0.180	
Si12+	0.039	0.043	0.032	0.069	0.121	
Step : 35
100.0
Ion	0.0	0.1	1.0	10.0	100.0
C6+	0.005	0.034	0.052	0.077	0.118	
Mg11+	0.003	0.019	0.041	0.079	0.128	
Mg12+	0.001	0.015	0.032	0.063	0.105	
N7+	0.006	0.098	0.136	0.238	0.378	
O7+	0.004	0.012	0.022	0.036	0.055	
Si12+	0.004	0.007	0.015	0.028	0.045	
10.0
Ion	0.0	0.1	1.0	10.0	100.0
C6+	0.037	0.106	0.168	0.253	0.386	
Mg11+	0.029	0.079	0.144	0.262	0.351	
Mg12+	0.040	0.064	0.107	0.199	0.351	
N7+	0.057	0.067	0.399	0.736	0.052	
O7+	0.040	0.048	0.069	0.129	0.171	
Si12+	0.039	0.043	0.052	0.091	0.136	
Step : 40
100.0
Ion	0.0	0.1	1.0	10.0	100.0
C6+	0.005	0.030	0.052	0.088	0.121	
Mg11+	0.004	0.022	0.046	0.079	0.137	
Mg12+	0.001	0.015	0.027	0.053	0.094	
N7+	0.010	0.091	0.129	0.184	0.420	
O7+	0.004	0.011	0.020	0.036	0.053	
Si12+	0.004	0.008	0.016	0.028	0.040	
10.0
Ion	0.0	0.1	1.0	10.0	100.0
C6+	0.036	0.097	0.175	0.297	0.369	
Mg11+	0.013	0.074	0.114	0.234	0.406	
Mg12+	0.040	0.030	0.099	0.168	0.317	
N7+	0.056	0.059	0.433	0.832	0.024	
O7+	0.013	0.051	0.060	0.108	0.186	
Si12+	0.040	0.043	0.031	0.073	0.140	
Step : 45
100.0
Ion	0.0	0.1	1.0	10.0	100.0
C6+	0.005	0.031	0.051	0.083	0.107	
Mg11+	0.004	0.022	0.042	0.081	0.135	
Mg12+	0.001	0.016	0.032	0.061	0.102	
N7+	0.005	0.092	0.120	0.218	0.442	
O7+	0.004	0.012	0.021	0.041	0.059	
Si12+	0.004	0.008	0.014	0.029	0.044	
10.0
Ion	0.0	0.1	1.0	10.0	100.0
C6+	0.032	0.088	0.164	0.243	0.366	
Mg11+	0.032	0.081	0.129	0.243	0.480	
Mg12+	0.040	0.030	0.098	0.176	0.310	
N7+	0.056	0.066	0.446	0.812	0.051	
O7+	0.025	0.012	0.060	0.106	0.169	
Si12+	0.040	0.044	0.054	0.077	0.026	
Step : 50
100.0
Ion	0.0	0.1	1.0	10.0	100.0
C6+	0.003	0.030	0.052	0.076	0.102	
Mg11+	0.003	0.023	0.045	0.078	0.151	
Mg12+	0.004	0.016	0.030	0.062	0.097	
N7+	0.006	0.088	0.124	0.213	0.394	
O7+	0.004	0.010	0.025	0.037	0.057	
Si12+	0.004	0.008	0.019	0.029	0.039	
10.0
Ion	0.0	0.1	1.0	10.0	100.0
C6+	0.035	0.106	0.140	0.237	0.343	
Mg11+	0.029	0.029	0.132	0.251	0.467	
Mg12+	0.041	0.031	0.104	0.197	0.337	
N7+	0.056	0.167	0.429	0.814	0.059	
O7+	0.040	0.050	0.063	0.102	0.167	
Si12+	0.040	0.045	0.034	0.096	0.160	
Step : 55
100.0
Ion	0.0	0.1	1.0	10.0	100.0
C6+	0.003	0.032	0.054	0.084	0.118	
Mg11+	0.004	0.023	0.043	0.074	0.149	
Mg12+	0.001	0.016	0.034	0.060	0.100	
N7+	0.009	0.092	0.138	0.227	0.461	
O7+	0.003	0.013	0.020	0.037	0.053	
Si12+	0.001	0.008	0.018	0.025	0.046	
10.0
Ion	0.0	0.1	1.0	10.0	100.0
C6+	0.033	0.098	0.155	0.213	0.390	
Mg11+	0.032	0.074	0.138	0.258	0.446	
Mg12+	0.040	0.058	0.116	0.190	0.331	
N7+	0.055	0.063	0.463	0.830	0.056	
O7+	0.040	0.048	0.067	0.106	0.174	
Si12+	0.040	0.044	0.033	0.084	0.139	
