Step : 1
Step : 5
100.0
Ion	0.0	0.1	1.0	10.0	100.0
Ca11+	0.004	0.017	0.027	0.059	0.081	
Ca12+	0.005	0.044	0.081	0.152	0.370	
Ca13+	0.003	0.033	0.067	0.104	0.188	
Fe15+	0.004	0.007	0.015	0.025	0.034	
Fe16+	0.004	0.013	0.026	0.042	0.071	
Mg7+	0.004	0.013	0.020	0.039	0.051	
Mg8+	0.005	0.029	0.046	0.093	0.124	
Ne7+	0.004	0.011	0.020	0.030	0.041	
S11+	0.003	0.022	0.047	0.075	0.121	
S9+	0.003	0.021	0.037	0.070	0.107	
Si10+	0.003	0.018	0.029	0.048	0.069	
Si8+	0.003	0.017	0.035	0.052	0.092	
Si9+	0.002	0.091	0.142	0.221	0.461	
10.0
Ion	0.0	0.1	1.0	10.0	100.0
Ca11+	0.041	0.029	0.094	0.196	0.265	
Ca12+	0.033	0.066	0.252	0.471	0.078	
Ca13+	0.033	0.116	0.174	0.373	0.689	
Fe15+	0.039	0.044	0.033	0.077	0.109	
Fe16+	0.026	0.030	0.082	0.112	0.208	
Mg7+	0.041	0.055	0.068	0.129	0.179	
Mg8+	0.033	0.090	0.156	0.283	0.472	
Ne7+	0.040	0.048	0.062	0.105	0.141	
S11+	0.029	0.083	0.159	0.244	0.368	
S9+	0.042	0.067	0.116	0.224	0.350	
Si10+	0.031	0.031	0.103	0.152	0.241	
Si8+	0.042	0.064	0.102	0.162	0.262	
Si9+	0.054	0.068	0.401	0.815	0.021	
Step : 10
100.0
Ion	0.0	0.1	1.0	10.0	100.0
Ca11+	0.004	0.015	0.029	0.058	0.085	
Ca12+	0.005	0.048	0.096	0.195	0.390	
Ca13+	0.004	0.030	0.058	0.113	0.208	
Ca14+	0.004	0.010	0.018	0.033	0.063	
Fe15+	0.004	0.008	0.017	0.029	0.052	
Fe16+	0.004	0.014	0.031	0.055	0.089	
Fe17+	0.001	0.014	0.026	0.057	0.105	
Fe18+	0.001	0.009	0.016	0.034	0.052	
Mg7+	0.003	0.015	0.024	0.036	0.047	
Mg8+	0.003	0.034	0.046	0.089	0.146	
Ne7+	0.003	0.013	0.022	0.035	0.047	
S11+	0.004	0.022	0.045	0.066	0.123	
S9+	0.003	0.016	0.032	0.070	0.088	
Si10+	0.004	0.017	0.029	0.046	0.060	
Si8+	0.003	0.017	0.032	0.052	0.095	
Si9+	0.005	0.101	0.139	0.251	0.506	
10.0
Ion	0.0	0.1	1.0	10.0	100.0
Ca11+	0.031	0.062	0.088	0.162	0.279	
Ca12+	0.029	0.066	0.319	0.635	0.063	
Ca13+	0.042	0.096	0.160	0.343	0.622	
Ca14+	0.040	0.047	0.059	0.105	0.159	
Fe15+	0.040	0.000	0.055	0.093	0.145	
Fe16+	0.041	0.056	0.088	0.160	0.275	
Fe17+	0.040	0.028	0.093	0.182	0.289	
Fe18+	0.010	0.033	0.061	0.106	0.163	
Mg7+	0.032	0.028	0.064	0.128	0.185	
Mg8+	0.034	0.107	0.183	0.251	0.433	
Ne7+	0.012	0.031	0.072	0.112	0.136	
S11+	0.035	0.088	0.144	0.222	0.405	
S9+	0.041	0.063	0.109	0.225	0.343	
Si10+	0.012	0.061	0.077	0.136	0.192	
Si8+	0.041	0.066	0.110	0.167	0.246	
Si9+	0.054	0.014	0.501	0.926	0.020	
Step : 15
100.0
Ion	0.0	0.1	1.0	10.0	100.0
Ca11+	0.004	0.015	0.035	0.052	0.086	
Ca12+	0.003	0.059	0.095	0.197	0.365	
Ca13+	0.003	0.025	0.051	0.117	0.207	
Ca14+	0.004	0.009	0.018	0.027	0.049	
Fe15+	0.004	0.009	0.021	0.027	0.050	
Fe16+	0.004	0.016	0.031	0.056	0.089	
Fe17+	0.004	0.014	0.028	0.060	0.093	
Fe18+	0.001	0.008	0.018	0.037	0.064	
Mg7+	0.003	0.013	0.024	0.038	0.043	
Mg8+	0.003	0.030	0.056	0.084	0.156	
Ne7+	0.004	0.013	0.022	0.031	0.046	
S11+	0.004	0.023	0.044	0.072	0.100	
S9+	0.003	0.020	0.037	0.062	0.090	
Si10+	0.004	0.014	0.030	0.042	0.063	
Si8+	0.004	0.016	0.031	0.048	0.075	
Si9+	0.005	0.089	0.131	0.274	0.529	
10.0
Ion	0.0	0.1	1.0	10.0	100.0
Ca11+	0.041	0.063	0.087	0.162	0.273	
Ca12+	0.049	0.113	0.317	0.640	0.063	
Ca13+	0.031	0.088	0.149	0.323	0.756	
Ca14+	0.040	0.000	0.058	0.094	0.154	
Fe15+	0.040	0.044	0.062	0.093	0.152	
Fe16+	0.026	0.064	0.108	0.173	0.316	
Fe17+	0.040	0.031	0.098	0.182	0.310	
Fe18+	0.039	0.009	0.059	0.117	0.180	
Mg7+	0.031	0.061	0.068	0.119	0.153	
Mg8+	0.036	0.095	0.164	0.292	0.453	
Ne7+	0.031	0.030	0.068	0.115	0.156	
S11+	0.031	0.077	0.147	0.231	0.370	
S9+	0.032	0.062	0.103	0.181	0.268	
Si10+	0.030	0.059	0.092	0.145	0.202	
Si8+	0.031	0.062	0.101	0.143	0.221	
Si9+	0.057	0.075	0.453	0.893	0.059	
Step : 20
100.0
Ion	0.0	0.1	1.0	10.0	100.0
Ca11+	0.004	0.018	0.031	0.050	0.077	
Ca12+	0.005	0.055	0.084	0.200	0.462	
Ca13+	0.004	0.031	0.057	0.097	0.209	
Ca14+	0.004	0.008	0.016	0.032	0.049	
Fe15+	0.004	0.011	0.020	0.034	0.053	
Fe16+	0.003	0.017	0.031	0.056	0.104	
Fe17+	0.004	0.016	0.034	0.065	0.094	
Fe18+	0.001	0.009	0.019	0.035	0.062	
Mg7+	0.004	0.014	0.027	0.038	0.056	
Mg8+	0.005	0.034	0.046	0.091	0.159	
Ne7+	0.001	0.013	0.023	0.037	0.051	
S11+	0.004	0.023	0.044	0.069	0.107	
S9+	0.004	0.018	0.032	0.056	0.097	
Si10+	0.001	0.016	0.028	0.047	0.059	
Si8+	0.003	0.018	0.030	0.046	0.069	
Si9+	0.013	0.090	0.138	0.262	0.459	
10.0
Ion	0.0	0.1	1.0	10.0	100.0
Ca11+	0.029	0.063	0.095	0.169	0.261	
Ca12+	0.030	0.060	0.294	0.601	0.055	
Ca13+	0.031	0.094	0.167	0.319	0.701	
Ca14+	0.040	0.009	0.056	0.099	0.162	
Fe15+	0.040	0.009	0.059	0.103	0.167	
Fe16+	0.032	0.030	0.103	0.196	0.318	
Fe17+	0.040	0.054	0.089	0.188	0.303	
Fe18+	0.040	0.044	0.059	0.107	0.207	
Mg7+	0.030	0.030	0.068	0.118	0.180	
Mg8+	0.033	0.088	0.144	0.266	0.474	
Ne7+	0.040	0.029	0.072	0.135	0.175	
S11+	0.033	0.029	0.147	0.256	0.373	
S9+	0.032	0.027	0.105	0.199	0.292	
Si10+	0.041	0.029	0.080	0.140	0.197	
Si8+	0.029	0.032	0.091	0.138	0.204	
Si9+	0.055	0.064	0.526	0.943	0.030	
Step : 25
100.0
Ion	0.0	0.1	1.0	10.0	100.0
Ca11+	0.004	0.017	0.028	0.054	0.080	
Ca12+	0.005	0.070	0.112	0.202	0.397	
Ca13+	0.004	0.029	0.059	0.101	0.183	
Ca14+	0.004	0.009	0.017	0.028	0.041	
Fe15+	0.004	0.011	0.021	0.036	0.051	
Fe16+	0.003	0.017	0.033	0.054	0.109	
Fe17+	0.001	0.016	0.035	0.065	0.107	
Fe18+	0.001	0.009	0.020	0.036	0.064	
Mg7+	0.003	0.012	0.026	0.042	0.055	
Mg8+	0.003	0.033	0.056	0.086	0.152	
Ne7+	0.003	0.011	0.024	0.039	0.055	
S11+	0.003	0.018	0.037	0.078	0.104	
S9+	0.003	0.017	0.037	0.063	0.084	
Si10+	0.003	0.014	0.027	0.052	0.063	
Si8+	0.003	0.018	0.030	0.049	0.066	
Si9+	0.008	0.096	0.141	0.231	0.442	
10.0
Ion	0.0	0.1	1.0	10.0	100.0
Ca11+	0.040	0.063	0.094	0.191	0.248	
Ca12+	0.048	0.128	0.315	0.653	0.061	
Ca13+	0.041	0.091	0.146	0.323	0.774	
Ca14+	0.039	0.046	0.056	0.103	0.132	
Fe15+	0.040	0.047	0.065	0.108	0.166	
Fe16+	0.041	0.059	0.113	0.205	0.327	
Fe17+	0.040	0.056	0.117	0.202	0.319	
Fe18+	0.039	0.044	0.032	0.115	0.199	
Mg7+	0.041	0.028	0.076	0.120	0.167	
Mg8+	0.035	0.106	0.156	0.287	0.457	
Ne7+	0.013	0.030	0.073	0.103	0.182	
S11+	0.034	0.086	0.134	0.193	0.292	
S9+	0.012	0.066	0.105	0.187	0.298	
Si10+	0.041	0.033	0.080	0.141	0.187	
Si8+	0.041	0.062	0.095	0.170	0.232	
Si9+	0.054	0.016	0.446	0.873	0.052	
Step : 30
100.0
Ion	0.0	0.1	1.0	10.0	100.0
Ca11+	0.004	0.016	0.033	0.051	0.079	
Ca12+	0.001	0.061	0.101	0.189	0.408	
Ca13+	0.003	0.030	0.053	0.083	0.213	
Ca14+	0.004	0.010	0.015	0.034	0.045	
Fe15+	0.004	0.011	0.018	0.036	0.057	
Fe16+	0.003	0.017	0.036	0.064	0.094	
Fe17+	0.004	0.014	0.032	0.063	0.122	
Fe18+	0.001	0.009	0.019	0.035	0.057	
Mg7+	0.003	0.015	0.024	0.040	0.052	
Mg8+	0.003	0.031	0.049	0.103	0.133	
Ne7+	0.004	0.014	0.024	0.032	0.055	
S11+	0.003	0.020	0.040	0.066	0.104	
S9+	0.003	0.017	0.033	0.056	0.083	
Si10+	0.004	0.016	0.028	0.048	0.063	
Si8+	0.004	0.015	0.029	0.050	0.070	
Si9+	0.006	0.098	0.142	0.232	0.477	
10.0
Ion	0.0	0.1	1.0	10.0	100.0
Ca11+	0.029	0.058	0.090	0.178	0.263	
Ca12+	0.048	0.129	0.332	0.743	0.064	
Ca13+	0.034	0.093	0.162	0.313	0.646	
Ca14+	0.040	0.045	0.055	0.084	0.154	
Fe15+	0.040	0.027	0.066	0.117	0.181	
Fe16+	0.041	0.063	0.107	0.193	0.334	
Fe17+	0.040	0.059	0.089	0.213	0.336	
Fe18+	0.010	0.045	0.058	0.113	0.212	
Mg7+	0.041	0.030	0.078	0.125	0.165	
Mg8+	0.035	0.106	0.177	0.277	0.501	
Ne7+	0.040	0.028	0.069	0.109	0.169	
S11+	0.041	0.074	0.119	0.242	0.331	
S9+	0.030	0.029	0.102	0.182	0.235	
Si10+	0.030	0.062	0.090	0.162	0.173	
Si8+	0.040	0.031	0.102	0.158	0.238	
Si9+	0.056	0.136	0.440	0.964	0.055	
Step : 35
100.0
Ion	0.0	0.1	1.0	10.0	100.0
Ca11+	0.004	0.015	0.029	0.056	0.079	
Ca12+	0.005	0.066	0.102	0.202	0.432	
Ca13+	0.004	0.027	0.051	0.103	0.180	
Ca14+	0.004	0.009	0.015	0.032	0.043	
Fe15+	0.001	0.012	0.021	0.038	0.058	
Fe16+	0.004	0.018	0.034	0.059	0.098	
Fe17+	0.001	0.016	0.032	0.060	0.122	
Fe18+	0.001	0.010	0.021	0.032	0.060	
Mg7+	0.003	0.014	0.026	0.037	0.056	
Mg8+	0.005	0.033	0.050	0.087	0.140	
Ne7+	0.003	0.013	0.021	0.037	0.049	
S11+	0.004	0.021	0.041	0.060	0.102	
S9+	0.003	0.016	0.036	0.055	0.075	
Si10+	0.003	0.014	0.025	0.044	0.064	
Si8+	0.004	0.016	0.030	0.047	0.063	
Si9+	0.009	0.103	0.155	0.287	0.692	
10.0
Ion	0.0	0.1	1.0	10.0	100.0
Ca11+	0.041	0.030	0.109	0.167	0.243	
Ca12+	0.030	0.087	0.341	0.566	0.053	
Ca13+	0.031	0.099	0.182	0.337	0.707	
Ca14+	0.040	0.045	0.053	0.093	0.145	
Fe15+	0.040	0.028	0.062	0.129	0.150	
Fe16+	0.041	0.066	0.112	0.202	0.356	
Fe17+	0.040	0.063	0.093	0.191	0.345	
Fe18+	0.010	0.044	0.058	0.101	0.169	
Mg7+	0.041	0.028	0.072	0.131	0.172	
Mg8+	0.031	0.093	0.181	0.225	0.452	
Ne7+	0.041	0.049	0.071	0.112	0.152	
S11+	0.031	0.079	0.134	0.235	0.363	
S9+	0.031	0.066	0.114	0.186	0.289	
Si10+	0.041	0.057	0.083	0.157	0.210	
Si8+	0.012	0.062	0.079	0.160	0.234	
Si9+	0.055	0.073	0.485	0.916	0.053	
Step : 40
100.0
Ion	0.0	0.1	1.0	10.0	100.0
Ca11+	0.004	0.016	0.031	0.051	0.084	
Ca12+	0.005	0.051	0.097	0.192	0.423	
Ca13+	0.004	0.026	0.049	0.102	0.170	
Ca14+	0.004	0.007	0.017	0.029	0.050	
Fe15+	0.004	0.010	0.021	0.032	0.054	
Fe16+	0.003	0.018	0.035	0.064	0.109	
Fe17+	0.001	0.015	0.035	0.061	0.115	
Fe18+	0.001	0.009	0.017	0.035	0.056	
Mg7+	0.004	0.014	0.024	0.037	0.056	
Mg8+	0.005	0.034	0.053	0.087	0.147	
Ne7+	0.004	0.014	0.026	0.038	0.051	
S11+	0.003	0.023	0.039	0.065	0.114	
S9+	0.002	0.019	0.035	0.063	0.092	
Si10+	0.004	0.014	0.027	0.042	0.060	
Si8+	0.003	0.015	0.028	0.048	0.074	
Si9+	0.006	0.087	0.145	0.266	0.495	
10.0
Ion	0.0	0.1	1.0	10.0	100.0
Ca11+	0.041	0.059	0.095	0.183	0.279	
Ca12+	0.048	0.165	0.313	0.678	0.016	
Ca13+	0.034	0.101	0.182	0.306	0.636	
Ca14+	0.040	0.044	0.031	0.082	0.147	
Fe15+	0.040	0.028	0.066	0.113	0.176	
Fe16+	0.012	0.029	0.116	0.208	0.328	
Fe17+	0.025	0.056	0.106	0.210	0.371	
Fe18+	0.010	0.043	0.071	0.111	0.193	
Mg7+	0.041	0.029	0.072	0.115	0.163	
Mg8+	0.035	0.095	0.180	0.283	0.482	
Ne7+	0.041	0.028	0.073	0.113	0.165	
S11+	0.032	0.076	0.108	0.223	0.413	
S9+	0.041	0.030	0.106	0.194	0.292	
Si10+	0.040	0.030	0.088	0.133	0.194	
Si8+	0.041	0.031	0.083	0.160	0.192	
Si9+	0.055	0.064	0.497	0.936	0.053	
Step : 45
100.0
Ion	0.0	0.1	1.0	10.0	100.0
Ca11+	0.004	0.017	0.029	0.051	0.080	
Ca12+	0.005	0.064	0.088	0.199	0.489	
Ca13+	0.003	0.025	0.049	0.093	0.194	
Ca14+	0.004	0.008	0.015	0.025	0.047	
Fe15+	0.004	0.011	0.019	0.039	0.055	
Fe16+	0.003	0.016	0.037	0.065	0.100	
Fe17+	0.001	0.017	0.031	0.062	0.106	
Fe18+	0.001	0.009	0.020	0.039	0.058	
Mg7+	0.003	0.015	0.026	0.037	0.047	
Mg8+	0.005	0.032	0.056	0.085	0.148	
Ne7+	0.004	0.013	0.023	0.042	0.054	
S11+	0.004	0.020	0.035	0.069	0.111	
S9+	0.004	0.018	0.033	0.058	0.090	
Si10+	0.004	0.014	0.028	0.049	0.056	
Si8+	0.004	0.015	0.028	0.039	0.061	
Si9+	0.002	0.095	0.127	0.266	0.518	
10.0
Ion	0.0	0.1	1.0	10.0	100.0
Ca11+	0.041	0.061	0.093	0.176	0.274	
Ca12+	0.031	0.071	0.321	0.568	0.028	
Ca13+	0.031	0.086	0.156	0.338	0.630	
Ca14+	0.040	0.043	0.054	0.087	0.139	
Fe15+	0.040	0.048	0.066	0.107	0.172	
Fe16+	0.040	0.056	0.096	0.205	0.373	
Fe17+	0.013	0.030	0.106	0.191	0.319	
Fe18+	0.010	0.044	0.060	0.099	0.206	
Mg7+	0.034	0.028	0.068	0.120	0.165	
Mg8+	0.033	0.099	0.180	0.305	0.500	
Ne7+	0.040	0.029	0.070	0.119	0.155	
S11+	0.031	0.077	0.130	0.201	0.335	
S9+	0.031	0.068	0.111	0.177	0.324	
Si10+	0.013	0.049	0.071	0.150	0.210	
Si8+	0.032	0.029	0.090	0.137	0.217	
Si9+	0.054	0.061	0.468	0.902	0.008	
Step : 50
100.0
Ion	0.0	0.1	1.0	10.0	100.0
Ca11+	0.001	0.017	0.032	0.056	0.071	
Ca12+	0.005	0.056	0.100	0.211	0.418	
Ca13+	0.003	0.026	0.055	0.094	0.209	
Ca14+	0.004	0.008	0.015	0.029	0.051	
Fe15+	0.004	0.011	0.018	0.035	0.051	
Fe16+	0.004	0.020	0.032	0.055	0.104	
Fe17+	0.001	0.015	0.030	0.058	0.107	
Fe18+	0.001	0.009	0.017	0.038	0.057	
Mg7+	0.003	0.015	0.023	0.037	0.047	
Mg8+	0.003	0.034	0.056	0.088	0.135	
Ne7+	0.003	0.014	0.026	0.038	0.058	
S11+	0.004	0.024	0.040	0.075	0.111	
S9+	0.003	0.018	0.032	0.064	0.088	
Si10+	0.003	0.015	0.026	0.046	0.066	
Si8+	0.004	0.015	0.030	0.046	0.069	
Si9+	0.009	0.095	0.145	0.270	0.563	
10.0
Ion	0.0	0.1	1.0	10.0	100.0
Ca11+	0.040	0.031	0.082	0.186	0.236	
Ca12+	0.031	0.128	0.318	0.726	0.064	
Ca13+	0.032	0.088	0.147	0.306	0.525	
Ca14+	0.040	0.045	0.053	0.089	0.118	
Fe15+	0.025	0.046	0.060	0.104	0.168	
Fe16+	0.025	0.063	0.091	0.204	0.328	
Fe17+	0.040	0.061	0.102	0.207	0.294	
Fe18+	0.040	0.042	0.057	0.114	0.170	
Mg7+	0.012	0.029	0.071	0.098	0.155	
Mg8+	0.036	0.099	0.162	0.291	0.533	
Ne7+	0.041	0.027	0.072	0.120	0.145	
S11+	0.042	0.029	0.118	0.200	0.343	
S9+	0.032	0.064	0.104	0.194	0.263	
Si10+	0.030	0.029	0.074	0.131	0.191	
Si8+	0.041	0.029	0.084	0.141	0.226	
Si9+	0.057	0.065	0.458	0.835	0.030	
Step : 55
100.0
Ion	0.0	0.1	1.0	10.0	100.0
Ca12+	0.005	0.065	0.116	0.178	0.395	
Ca13+	0.004	0.028	0.055	0.102	0.181	
Ca14+	0.004	0.008	0.015	0.028	0.046	
Fe16+	0.003	0.015	0.032	0.061	0.121	
Fe17+	0.004	0.017	0.033	0.062	0.113	
Fe18+	0.001	0.009	0.016	0.030	0.060	
Mg7+	0.003	0.014	0.028	0.035	0.056	
Mg8+	0.005	0.034	0.050	0.094	0.168	
Ne7+	0.004	0.013	0.023	0.036	0.050	
S11+	0.004	0.024	0.034	0.067	0.121	
Si10+	0.004	0.016	0.026	0.047	0.071	
Si8+	0.003	0.015	0.030	0.050	0.063	
Si9+	0.006	0.095	0.143	0.271	0.460	
10.0
Ion	0.0	0.1	1.0	10.0	100.0
Ca12+	0.051	0.095	0.301	0.658	0.055	
Ca13+	0.042	0.100	0.174	0.289	0.679	
Ca14+	0.040	0.043	0.053	0.079	0.150	
Fe16+	0.041	0.068	0.120	0.197	0.341	
Fe17+	0.041	0.031	0.107	0.205	0.362	
Fe18+	0.040	0.045	0.063	0.119	0.193	
Mg7+	0.041	0.030	0.080	0.126	0.143	
Mg8+	0.035	0.100	0.153	0.278	0.469	
Ne7+	0.041	0.030	0.069	0.117	0.181	
S11+	0.031	0.075	0.131	0.231	0.294	
Si10+	0.012	0.030	0.081	0.139	0.214	
Si8+	0.029	0.062	0.083	0.131	0.225	
Si9+	0.055	0.065	0.518	0.943	0.047	
