Step : 1
Step : 5
100.0
Ion	0.0	0.1	1.0	10.0	100.0
Ca12+	0.001	0.015	0.025	0.042	0.067	
Ca13+	0.004	0.047	0.080	0.134	0.220	
Mg8+	0.004	0.025	0.036	0.056	0.079	
Mg9+	0.004	0.022	0.037	0.078	0.117	
Ne7+	0.004	0.012	0.021	0.030	0.033	
Ne8+	0.004	0.007	0.013	0.022	0.026	
S10+	0.004	0.026	0.047	0.079	0.137	
S12+	0.003	0.033	0.056	0.097	0.135	
Si10+	0.006	0.079	0.124	0.253	0.487	
Si11+	0.004	0.016	0.027	0.052	0.074	
Si9+	0.005	0.028	0.043	0.080	0.121	
10.0
Ion	0.0	0.1	1.0	10.0	100.0
Ca12+	0.033	0.055	0.085	0.149	0.241	
Ca13+	0.030	0.077	0.276	0.414	0.904	
Mg8+	0.034	0.090	0.113	0.171	0.270	
Mg9+	0.032	0.028	0.125	0.249	0.341	
Ne7+	0.029	0.031	0.069	0.098	0.117	
Ne8+	0.040	0.043	0.052	0.064	0.099	
S10+	0.034	0.085	0.136	0.258	0.400	
S12+	0.033	0.086	0.169	0.303	0.392	
Si10+	0.051	0.073	0.385	0.861	0.059	
Si11+	0.013	0.031	0.105	0.190	0.228	
Si9+	0.034	0.085	0.159	0.247	0.385	
Step : 10
100.0
Ion	0.0	0.1	1.0	10.0	100.0
Ca12+	0.004	0.015	0.029	0.052	0.070	
Ca13+	0.003	0.042	0.077	0.145	0.337	
Ca14+	0.005	0.040	0.067	0.129	0.270	
Fe17+	0.004	0.013	0.018	0.039	0.060	
Fe18+	0.004	0.013	0.026	0.048	0.075	
Fe19+	0.001	0.012	0.026	0.046	0.080	
Mg8+	0.003	0.022	0.038	0.063	0.079	
Mg9+	0.003	0.022	0.045	0.077	0.112	
Ne7+	0.004	0.014	0.023	0.034	0.042	
Ne8+	0.004	0.009	0.013	0.024	0.038	
S10+	0.003	0.025	0.045	0.078	0.118	
S12+	0.003	0.023	0.051	0.087	0.158	
Si10+	0.011	0.082	0.114	0.241	0.373	
Si11+	0.004	0.014	0.025	0.051	0.054	
Si9+	0.005	0.024	0.048	0.069	0.116	
10.0
Ion	0.0	0.1	1.0	10.0	100.0
Ca12+	0.040	0.028	0.088	0.152	0.247	
Ca13+	0.031	0.112	0.284	0.525	0.956	
Ca14+	0.044	0.080	0.265	0.435	0.852	
Fe17+	0.025	0.028	0.068	0.118	0.192	
Fe18+	0.025	0.029	0.081	0.166	0.271	
Fe19+	0.040	0.046	0.078	0.148	0.251	
Mg8+	0.041	0.088	0.134	0.175	0.304	
Mg9+	0.034	0.082	0.143	0.233	0.365	
Ne7+	0.041	0.030	0.075	0.104	0.123	
Ne8+	0.026	0.044	0.032	0.074	0.101	
S10+	0.030	0.081	0.138	0.259	0.412	
S12+	0.030	0.096	0.177	0.290	0.558	
Si10+	0.052	0.067	0.344	0.808	0.027	
Si11+	0.041	0.053	0.087	0.139	0.194	
Si9+	0.034	0.091	0.157	0.225	0.396	
Step : 15
100.0
Ion	0.0	0.1	1.0	10.0	100.0
Ca12+	0.001	0.015	0.025	0.044	0.076	
Ca13+	0.001	0.051	0.074	0.156	0.304	
Ca14+	0.005	0.037	0.069	0.137	0.298	
Fe17+	0.004	0.013	0.023	0.042	0.066	
Fe18+	0.004	0.015	0.030	0.059	0.087	
Fe19+	0.001	0.015	0.028	0.055	0.098	
Mg8+	0.004	0.023	0.035	0.067	0.089	
Mg9+	0.004	0.023	0.043	0.082	0.128	
Ne7+	0.004	0.012	0.025	0.030	0.039	
Ne8+	0.004	0.009	0.017	0.025	0.042	
S10+	0.004	0.022	0.039	0.072	0.121	
S12+	0.003	0.028	0.047	0.091	0.130	
Si10+	0.005	0.086	0.122	0.245	0.398	
Si11+	0.004	0.016	0.031	0.044	0.061	
Si9+	0.005	0.025	0.039	0.073	0.118	
10.0
Ion	0.0	0.1	1.0	10.0	100.0
Ca12+	0.040	0.058	0.092	0.162	0.225	
Ca13+	0.033	0.086	0.266	0.500	0.711	
Ca14+	0.031	0.101	0.207	0.486	0.069	
Fe17+	0.040	0.028	0.079	0.140	0.200	
Fe18+	0.012	0.029	0.094	0.203	0.331	
Fe19+	0.040	0.030	0.085	0.167	0.318	
Mg8+	0.034	0.084	0.135	0.214	0.254	
Mg9+	0.035	0.083	0.137	0.247	0.362	
Ne7+	0.040	0.030	0.067	0.103	0.130	
Ne8+	0.040	0.046	0.031	0.077	0.114	
S10+	0.031	0.073	0.140	0.233	0.368	
S12+	0.030	0.094	0.150	0.212	0.414	
Si10+	0.053	0.183	0.405	0.803	0.054	
Si11+	0.040	0.051	0.031	0.144	0.179	
Si9+	0.034	0.087	0.142	0.228	0.373	
Step : 20
100.0
Ion	0.0	0.1	1.0	10.0	100.0
Ca12+	0.004	0.015	0.026	0.052	0.069	
Ca13+	0.003	0.040	0.079	0.167	0.336	
Ca14+	0.004	0.042	0.057	0.119	0.300	
Fe17+	0.004	0.015	0.023	0.050	0.073	
Fe18+	0.004	0.014	0.031	0.058	0.099	
Fe19+	0.001	0.014	0.030	0.045	0.080	
Fe20+	0.001	0.007	0.020	0.030	0.052	
Mg8+	0.003	0.026	0.035	0.061	0.086	
Mg9+	0.005	0.027	0.047	0.071	0.097	
Ne7+	0.004	0.014	0.022	0.033	0.041	
Ne8+	0.004	0.009	0.017	0.026	0.037	
S10+	0.003	0.024	0.044	0.067	0.097	
S12+	0.004	0.027	0.046	0.079	0.141	
Si10+	0.005	0.086	0.124	0.241	0.521	
Si11+	0.004	0.017	0.031	0.047	0.064	
Si9+	0.003	0.026	0.042	0.071	0.113	
10.0
Ion	0.0	0.1	1.0	10.0	100.0
Ca12+	0.012	0.055	0.084	0.163	0.224	
Ca13+	0.032	0.104	0.267	0.576	0.968	
Ca14+	0.033	0.098	0.243	0.507	1.046	
Fe17+	0.040	0.029	0.090	0.149	0.219	
Fe18+	0.040	0.031	0.104	0.233	0.327	
Fe19+	0.040	0.028	0.076	0.170	0.259	
Fe20+	0.039	0.043	0.057	0.087	0.175	
Mg8+	0.034	0.088	0.144	0.184	0.248	
Mg9+	0.041	0.084	0.124	0.224	0.395	
Ne7+	0.031	0.028	0.066	0.100	0.117	
Ne8+	0.040	0.045	0.052	0.088	0.118	
S10+	0.030	0.082	0.125	0.205	0.379	
S12+	0.033	0.092	0.175	0.265	0.484	
Si10+	0.028	0.070	0.400	0.835	0.020	
Si11+	0.041	0.029	0.088	0.141	0.227	
Si9+	0.034	0.087	0.137	0.223	0.292	
Step : 25
100.0
Ion	0.0	0.1	1.0	10.0	100.0
Ca12+	0.004	0.014	0.027	0.046	0.061	
Ca13+	0.005	0.046	0.081	0.175	0.318	
Ca14+	0.004	0.036	0.081	0.122	0.252	
Fe17+	0.004	0.014	0.027	0.048	0.072	
Fe18+	0.004	0.017	0.033	0.059	0.118	
Fe19+	0.001	0.013	0.027	0.063	0.088	
Fe20+	0.001	0.008	0.017	0.031	0.054	
Mg8+	0.003	0.023	0.040	0.065	0.087	
Mg9+	0.003	0.027	0.045	0.076	0.119	
Ne7+	0.004	0.013	0.022	0.035	0.039	
Ne8+	0.004	0.009	0.016	0.025	0.032	
S10+	0.004	0.021	0.041	0.072	0.123	
S12+	0.004	0.028	0.048	0.084	0.148	
Si10+	0.005	0.088	0.126	0.229	0.424	
Si11+	0.003	0.014	0.029	0.045	0.066	
Si9+	0.005	0.022	0.046	0.065	0.106	
10.0
Ion	0.0	0.1	1.0	10.0	100.0
Ca12+	0.030	0.028	0.087	0.136	0.220	
Ca13+	0.030	0.128	0.279	0.516	0.058	
Ca14+	0.045	0.119	0.217	0.466	1.003	
Fe17+	0.040	0.053	0.076	0.134	0.231	
Fe18+	0.040	0.065	0.111	0.211	0.391	
Fe19+	0.040	0.030	0.100	0.157	0.304	
Fe20+	0.039	0.043	0.061	0.100	0.172	
Mg8+	0.030	0.081	0.127	0.202	0.294	
Mg9+	0.033	0.084	0.147	0.255	0.337	
Ne7+	0.040	0.028	0.064	0.105	0.138	
Ne8+	0.040	0.009	0.057	0.080	0.113	
S10+	0.032	0.030	0.123	0.238	0.389	
S12+	0.032	0.100	0.157	0.276	0.433	
Si10+	0.028	0.017	0.424	0.862	0.063	
Si11+	0.041	0.029	0.090	0.142	0.238	
Si9+	0.035	0.085	0.137	0.201	0.328	
Step : 30
100.0
Ion	0.0	0.1	1.0	10.0	100.0
Ca12+	0.001	0.013	0.028	0.051	0.075	
Ca13+	0.005	0.044	0.082	0.145	0.319	
Ca14+	0.005	0.046	0.082	0.135	0.300	
Fe17+	0.003	0.015	0.025	0.046	0.083	
Fe18+	0.004	0.017	0.036	0.062	0.114	
Fe19+	0.001	0.016	0.030	0.048	0.105	
Fe20+	0.001	0.007	0.016	0.032	0.054	
Mg8+	0.005	0.022	0.040	0.066	0.075	
Mg9+	0.004	0.027	0.043	0.076	0.118	
Ne7+	0.004	0.013	0.020	0.034	0.038	
Ne8+	0.003	0.009	0.015	0.029	0.041	
S10+	0.004	0.022	0.041	0.067	0.099	
S12+	0.004	0.024	0.048	0.082	0.122	
Si10+	0.006	0.090	0.133	0.243	0.369	
Si11+	0.003	0.018	0.025	0.048	0.069	
Si9+	0.005	0.025	0.037	0.076	0.098	
10.0
Ion	0.0	0.1	1.0	10.0	100.0
Ca12+	0.040	0.030	0.082	0.150	0.217	
Ca13+	0.030	0.064	0.280	0.449	0.055	
Ca14+	0.031	0.122	0.233	0.446	0.062	
Fe17+	0.040	0.053	0.089	0.161	0.248	
Fe18+	0.029	0.060	0.127	0.190	0.359	
Fe19+	0.040	0.029	0.090	0.196	0.299	
Fe20+	0.040	0.043	0.029	0.110	0.168	
Mg8+	0.033	0.085	0.113	0.209	0.222	
Mg9+	0.032	0.089	0.138	0.235	0.393	
Ne7+	0.032	0.031	0.073	0.097	0.139	
Ne8+	0.040	0.045	0.058	0.087	0.114	
S10+	0.033	0.075	0.134	0.232	0.361	
S12+	0.041	0.098	0.147	0.263	0.400	
Si10+	0.028	0.026	0.426	0.821	0.056	
Si11+	0.041	0.029	0.082	0.144	0.209	
Si9+	0.033	0.086	0.153	0.215	0.353	
Step : 35
100.0
Ion	0.0	0.1	1.0	10.0	100.0
Ca12+	0.001	0.014	0.025	0.046	0.063	
Ca13+	0.005	0.044	0.093	0.161	0.296	
Ca14+	0.003	0.035	0.069	0.132	0.301	
Fe17+	0.004	0.013	0.028	0.046	0.079	
Fe18+	0.003	0.017	0.035	0.075	0.105	
Fe19+	0.001	0.017	0.032	0.061	0.089	
Fe20+	0.001	0.007	0.017	0.028	0.050	
Mg8+	0.003	0.026	0.039	0.065	0.075	
Mg9+	0.004	0.025	0.050	0.077	0.107	
Ne7+	0.003	0.013	0.023	0.032	0.042	
Ne8+	0.004	0.008	0.014	0.028	0.033	
S10+	0.003	0.024	0.037	0.077	0.108	
S12+	0.004	0.027	0.047	0.084	0.105	
Si10+	0.005	0.074	0.117	0.222	0.496	
Si11+	0.004	0.016	0.024	0.043	0.057	
Si9+	0.004	0.020	0.042	0.069	0.108	
10.0
Ion	0.0	0.1	1.0	10.0	100.0
Ca12+	0.041	0.056	0.086	0.148	0.220	
Ca13+	0.029	0.111	0.276	0.532	0.072	
Ca14+	0.033	0.120	0.231	0.468	0.925	
Fe17+	0.012	0.031	0.095	0.156	0.276	
Fe18+	0.041	0.068	0.112	0.205	0.360	
Fe19+	0.040	0.055	0.085	0.172	0.266	
Fe20+	0.040	0.043	0.063	0.098	0.178	
Mg8+	0.033	0.075	0.135	0.180	0.290	
Mg9+	0.033	0.086	0.156	0.281	0.377	
Ne7+	0.029	0.032	0.074	0.105	0.134	
Ne8+	0.040	0.045	0.057	0.078	0.120	
S10+	0.032	0.075	0.123	0.239	0.348	
S12+	0.036	0.086	0.147	0.276	0.386	
Si10+	0.053	0.066	0.437	0.907	0.062	
Si11+	0.040	0.029	0.087	0.135	0.215	
Si9+	0.034	0.028	0.151	0.218	0.277	
Step : 40
100.0
Ion	0.0	0.1	1.0	10.0	100.0
Ca12+	0.004	0.014	0.027	0.049	0.072	
Ca13+	0.003	0.052	0.086	0.154	0.320	
Ca14+	0.005	0.036	0.070	0.133	0.284	
Fe17+	0.004	0.015	0.027	0.051	0.081	
Fe18+	0.004	0.019	0.033	0.067	0.107	
Fe19+	0.001	0.013	0.026	0.054	0.099	
Fe20+	0.001	0.008	0.018	0.033	0.050	
Mg8+	0.003	0.028	0.040	0.064	0.084	
Mg9+	0.004	0.023	0.041	0.071	0.115	
Ne7+	0.004	0.014	0.022	0.033	0.045	
Ne8+	0.004	0.009	0.019	0.027	0.042	
S10+	0.003	0.021	0.038	0.078	0.107	
S12+	0.003	0.025	0.051	0.080	0.124	
Si10+	0.006	0.091	0.138	0.237	0.372	
Si11+	0.004	0.013	0.030	0.047	0.063	
Si9+	0.003	0.023	0.042	0.072	0.105	
10.0
Ion	0.0	0.1	1.0	10.0	100.0
Ca12+	0.041	0.030	0.079	0.158	0.221	
Ca13+	0.032	0.078	0.266	0.540	0.849	
Ca14+	0.033	0.092	0.245	0.428	0.882	
Fe17+	0.012	0.028	0.093	0.154	0.275	
Fe18+	0.030	0.067	0.116	0.224	0.368	
Fe19+	0.040	0.051	0.095	0.167	0.291	
Fe20+	0.040	0.043	0.055	0.103	0.165	
Mg8+	0.035	0.073	0.113	0.177	0.273	
Mg9+	0.042	0.093	0.145	0.242	0.363	
Ne7+	0.041	0.054	0.063	0.107	0.132	
Ne8+	0.040	0.046	0.057	0.086	0.110	
S10+	0.032	0.079	0.120	0.232	0.332	
S12+	0.033	0.095	0.162	0.275	0.439	
Si10+	0.052	0.065	0.442	0.878	0.064	
Si11+	0.013	0.030	0.075	0.150	0.181	
Si9+	0.036	0.084	0.129	0.221	0.335	
Step : 45
100.0
Ion	0.0	0.1	1.0	10.0	100.0
Ca12+	0.004	0.013	0.029	0.050	0.070	
Ca13+	0.005	0.055	0.099	0.166	0.350	
Ca14+	0.005	0.039	0.068	0.143	0.255	
Fe17+	0.004	0.014	0.028	0.040	0.086	
Fe18+	0.004	0.018	0.035	0.065	0.125	
Fe19+	0.001	0.014	0.031	0.058	0.101	
Fe20+	0.004	0.008	0.018	0.032	0.047	
Mg8+	0.003	0.025	0.042	0.058	0.081	
Mg9+	0.003	0.026	0.044	0.071	0.116	
Ne7+	0.003	0.013	0.022	0.033	0.044	
Ne8+	0.003	0.009	0.017	0.024	0.035	
S10+	0.004	0.021	0.040	0.068	0.100	
S12+	0.005	0.023	0.046	0.074	0.127	
Si10+	0.008	0.079	0.133	0.251	0.436	
Si11+	0.004	0.016	0.025	0.045	0.066	
Si9+	0.003	0.026	0.047	0.067	0.099	
10.0
Ion	0.0	0.1	1.0	10.0	100.0
Ca12+	0.041	0.031	0.081	0.140	0.220	
Ca13+	0.031	0.107	0.315	0.580	0.073	
Ca14+	0.033	0.107	0.215	0.466	0.065	
Fe17+	0.041	0.054	0.078	0.161	0.257	
Fe18+	0.040	0.064	0.102	0.216	0.379	
Fe19+	0.012	0.029	0.089	0.177	0.277	
Fe20+	0.040	0.043	0.033	0.091	0.151	
Mg8+	0.033	0.086	0.110	0.201	0.300	
Mg9+	0.042	0.090	0.140	0.230	0.325	
Ne7+	0.041	0.052	0.067	0.092	0.128	
Ne8+	0.041	0.031	0.053	0.075	0.105	
S10+	0.033	0.028	0.126	0.243	0.347	
S12+	0.031	0.089	0.166	0.273	0.396	
Si10+	0.055	0.065	0.437	0.768	0.057	
Si11+	0.042	0.063	0.074	0.152	0.227	
Si9+	0.033	0.086	0.138	0.229	0.301	
Step : 50
100.0
Ion	0.0	0.1	1.0	10.0	100.0
Ca12+	0.004	0.014	0.026	0.049	0.065	
Ca13+	0.003	0.049	0.092	0.154	0.352	
Ca14+	0.005	0.041	0.068	0.133	0.298	
Fe17+	0.003	0.014	0.024	0.043	0.074	
Fe18+	0.003	0.018	0.038	0.067	0.110	
Fe19+	0.001	0.014	0.030	0.059	0.102	
Fe20+	0.004	0.008	0.016	0.034	0.048	
Mg8+	0.004	0.028	0.039	0.066	0.080	
Mg9+	0.005	0.026	0.045	0.072	0.104	
Ne7+	0.004	0.013	0.022	0.033	0.045	
Ne8+	0.004	0.010	0.017	0.026	0.037	
S10+	0.003	0.021	0.041	0.067	0.099	
S12+	0.005	0.030	0.055	0.086	0.141	
Si10+	0.006	0.085	0.140	0.274	0.450	
Si11+	0.003	0.014	0.026	0.042	0.063	
Si9+	0.004	0.024	0.041	0.067	0.097	
10.0
Ion	0.0	0.1	1.0	10.0	100.0
Ca12+	0.040	0.030	0.083	0.148	0.213	
Ca13+	0.031	0.068	0.325	0.590	0.065	
Ca14+	0.032	0.106	0.206	0.519	1.004	
Fe17+	0.040	0.029	0.075	0.154	0.261	
Fe18+	0.040	0.062	0.105	0.191	0.363	
Fe19+	0.040	0.029	0.085	0.178	0.321	
Fe20+	0.040	0.043	0.059	0.105	0.179	
Mg8+	0.031	0.083	0.125	0.180	0.267	
Mg9+	0.034	0.077	0.142	0.222	0.378	
Ne7+	0.032	0.028	0.066	0.106	0.120	
Ne8+	0.040	0.032	0.054	0.083	0.116	
S10+	0.031	0.028	0.124	0.236	0.344	
S12+	0.031	0.090	0.148	0.254	0.389	
Si10+	0.054	0.064	0.432	0.794	0.021	
Si11+	0.040	0.028	0.081	0.172	0.223	
Si9+	0.031	0.083	0.130	0.234	0.340	
Step : 55
100.0
Ion	0.0	0.1	1.0	10.0	100.0
Ca12+	0.004	0.014	0.028	0.048	0.072	
Ca13+	0.005	0.052	0.082	0.148	0.335	
Ca14+	0.005	0.035	0.074	0.166	0.305	
Fe17+	0.004	0.013	0.027	0.044	0.081	
Fe18+	0.003	0.017	0.036	0.065	0.115	
Fe19+	0.001	0.015	0.031	0.054	0.089	
Fe20+	0.001	0.008	0.017	0.033	0.052	
Mg8+	0.004	0.024	0.035	0.065	0.084	
Mg9+	0.003	0.022	0.046	0.078	0.114	
Ne7+	0.003	0.015	0.027	0.034	0.047	
Ne8+	0.003	0.009	0.018	0.028	0.036	
S10+	0.004	0.024	0.043	0.071	0.104	
S12+	0.004	0.027	0.048	0.089	0.123	
Si10+	0.006	0.079	0.127	0.248	0.458	
Si11+	0.004	0.016	0.028	0.047	0.057	
Si9+	0.004	0.023	0.040	0.063	0.095	
10.0
Ion	0.0	0.1	1.0	10.0	100.0
Ca12+	0.041	0.027	0.083	0.155	0.214	
Ca13+	0.030	0.123	0.279	0.482	0.074	
Ca14+	0.034	0.075	0.198	0.449	0.950	
Fe17+	0.041	0.054	0.080	0.170	0.231	
Fe18+	0.040	0.063	0.109	0.215	0.352	
Fe19+	0.012	0.030	0.089	0.176	0.300	
Fe20+	0.040	0.043	0.033	0.097	0.161	
Mg8+	0.034	0.079	0.129	0.194	0.298	
Mg9+	0.033	0.089	0.121	0.243	0.370	
Ne7+	0.041	0.029	0.077	0.127	0.128	
Ne8+	0.040	0.044	0.056	0.096	0.123	
S10+	0.035	0.085	0.119	0.215	0.314	
S12+	0.033	0.091	0.146	0.240	0.393	
Si10+	0.053	0.066	0.456	0.909	0.017	
Si11+	0.029	0.028	0.077	0.151	0.200	
Si9+	0.033	0.080	0.139	0.225	0.320	
