Step : 1
Step : 5
100.0
Ion	0.0	0.1	1.0	10.0	100.0
Ca12+	0.001	0.001	0.005	0.007	0.008	
Ca13+	0.001	0.012	0.023	0.042	0.054	
Mg10+	0.003	0.021	0.040	0.065	0.089	
Mg11+	0.001	0.004	0.007	0.013	0.014	
Mg7+	0.001	0.001	0.001	0.001	0.001	
Mg8+	0.004	0.007	0.014	0.021	0.028	
Mg9+	0.005	0.035	0.047	0.102	0.144	
N6+	0.001	0.004	0.004	0.005	0.003	
Ne7+	0.004	0.003	0.010	0.014	0.015	
Ne8+	0.003	0.014	0.023	0.035	0.046	
O6+	0.001	0.004	0.003	0.004	0.004	
O7+	0.004	0.004	0.005	0.007	0.009	
S10+	0.001	0.006	0.010	0.017	0.029	
S11+	0.004	0.027	0.060	0.097	0.171	
Si10+	0.003	0.043	0.074	0.118	0.252	
Si11+	0.005	0.080	0.102	0.202	0.507	
Si12+	0.004	0.017	0.028	0.053	0.079	
Si9+	0.004	0.007	0.012	0.019	0.028	
10.0
Ion	0.0	0.1	1.0	10.0	100.0
Ca12+	0.010	0.010	0.040	0.042	0.041	
Ca13+	0.040	0.028	0.078	0.125	0.202	
Mg10+	0.032	0.066	0.110	0.181	0.286	
Mg11+	0.010	0.040	0.044	0.013	0.035	
Mg7+	0.010	0.010	0.010	0.010	0.010	
Mg8+	0.040	0.044	0.051	0.072	0.084	
Mg9+	0.031	0.089	0.157	0.282	0.459	
N6+	0.010	0.040	0.040	0.040	0.040	
Ne7+	0.039	0.042	0.044	0.035	0.035	
Ne8+	0.032	0.029	0.074	0.125	0.149	
O6+	0.010	0.039	0.040	0.040	0.040	
O7+	0.039	0.039	0.040	0.043	0.042	
S10+	0.010	0.041	0.047	0.056	0.091	
S11+	0.043	0.093	0.196	0.321	0.618	
Si10+	0.033	0.081	0.243	0.460	0.779	
Si11+	0.053	0.061	0.353	0.661	0.061	
Si12+	0.040	0.063	0.109	0.147	0.225	
Si9+	0.040	0.005	0.048	0.057	0.090	
Step : 10
100.0
Ion	0.0	0.1	1.0	10.0	100.0
Ca12+	0.001	0.004	0.005	0.006	0.007	
Ca13+	0.004	0.013	0.022	0.047	0.055	
Ca14+	0.003	0.037	0.063	0.137	0.216	
Fe17+	0.001	0.004	0.007	0.012	0.012	
Fe18+	0.001	0.007	0.016	0.024	0.035	
Fe19+	0.004	0.014	0.024	0.043	0.067	
Fe20+	0.004	0.013	0.026	0.048	0.080	
Fe21+	0.001	0.008	0.021	0.040	0.070	
Fe22+	0.001	0.003	0.013	0.023	0.032	
Fe23+	0.001	0.004	0.007	0.012	0.019	
Fe24+	0.001	0.004	0.004	0.005	0.003	
Mg10+	0.004	0.019	0.037	0.062	0.086	
Mg11+	0.001	0.003	0.008	0.015	0.016	
Mg8+	0.004	0.006	0.012	0.017	0.025	
Mg9+	0.003	0.034	0.051	0.079	0.117	
N6+	0.001	0.004	0.004	0.006	0.003	
Ne7+	0.004	0.006	0.008	0.012	0.015	
Ne8+	0.003	0.014	0.025	0.035	0.054	
O6+	0.001	0.004	0.003	0.004	0.004	
O7+	0.004	0.005	0.007	0.010	0.016	
S10+	0.001	0.003	0.008	0.017	0.021	
S11+	0.003	0.029	0.051	0.098	0.143	
Si10+	0.003	0.038	0.061	0.104	0.158	
Si11+	0.006	0.071	0.102	0.198	0.337	
Si12+	0.004	0.016	0.027	0.045	0.061	
Si9+	0.001	0.003	0.009	0.018	0.024	
10.0
Ion	0.0	0.1	1.0	10.0	100.0
Ca12+	0.010	0.040	0.041	0.029	0.041	
Ca13+	0.040	0.029	0.070	0.136	0.176	
Ca14+	0.031	0.117	0.222	0.433	0.788	
Fe17+	0.039	0.040	0.042	0.047	0.038	
Fe18+	0.040	0.043	0.032	0.075	0.114	
Fe19+	0.040	0.049	0.090	0.145	0.231	
Fe20+	0.041	0.049	0.080	0.153	0.248	
Fe21+	0.040	0.046	0.064	0.115	0.179	
Fe22+	0.039	0.041	0.048	0.069	0.098	
Fe23+	0.010	0.040	0.041	0.047	0.033	
Fe24+	0.010	0.040	0.010	0.040	0.040	
Mg10+	0.029	0.070	0.105	0.202	0.320	
Mg11+	0.010	0.041	0.044	0.034	0.038	
Mg8+	0.010	0.043	0.011	0.062	0.093	
Mg9+	0.033	0.092	0.143	0.263	0.368	
N6+	0.010	0.040	0.040	0.040	0.042	
Ne7+	0.040	0.040	0.042	0.046	0.035	
Ne8+	0.040	0.031	0.071	0.131	0.173	
O6+	0.010	0.040	0.042	0.040	0.040	
O7+	0.010	0.042	0.044	0.008	0.034	
S10+	0.039	0.040	0.044	0.034	0.057	
S11+	0.033	0.090	0.163	0.275	0.486	
Si10+	0.035	0.087	0.195	0.324	0.515	
Si11+	0.050	0.065	0.312	0.608	0.063	
Si12+	0.031	0.031	0.070	0.142	0.187	
Si9+	0.039	0.042	0.010	0.033	0.087	
Step : 15
100.0
Ion	0.0	0.1	1.0	10.0	100.0
Ca12+	0.001	0.004	0.003	0.007	0.008	
Ca13+	0.004	0.012	0.026	0.046	0.063	
Ca14+	0.005	0.042	0.074	0.136	0.255	
Fe17+	0.001	0.004	0.006	0.011	0.013	
Fe18+	0.004	0.010	0.016	0.029	0.039	
Fe19+	0.004	0.014	0.028	0.054	0.081	
Fe20+	0.004	0.015	0.027	0.055	0.108	
Fe21+	0.001	0.010	0.024	0.041	0.074	
Fe22+	0.001	0.007	0.013	0.027	0.045	
Fe23+	0.001	0.004	0.006	0.014	0.019	
Fe24+	0.001	0.004	0.004	0.006	0.007	
Fe25+	0.001	0.001	0.004	0.004	0.004	
Mg10+	0.003	0.020	0.036	0.067	0.104	
Mg11+	0.001	0.004	0.009	0.011	0.013	
Mg8+	0.004	0.006	0.010	0.015	0.025	
Mg9+	0.003	0.030	0.052	0.091	0.119	
N6+	0.001	0.004	0.005	0.007	0.009	
Ne7+	0.001	0.003	0.007	0.011	0.013	
Ne8+	0.003	0.016	0.028	0.045	0.057	
O6+	0.001	0.004	0.003	0.004	0.004	
O7+	0.004	0.003	0.003	0.013	0.018	
S10+	0.004	0.003	0.008	0.013	0.019	
S11+	0.005	0.030	0.046	0.084	0.139	
Si10+	0.005	0.036	0.055	0.088	0.158	
Si11+	0.005	0.075	0.120	0.209	0.363	
Si12+	0.003	0.019	0.032	0.043	0.062	
Si9+	0.004	0.003	0.010	0.012	0.024	
10.0
Ion	0.0	0.1	1.0	10.0	100.0
Ca12+	0.010	0.040	0.040	0.040	0.040	
Ca13+	0.040	0.029	0.085	0.145	0.175	
Ca14+	0.046	0.117	0.222	0.381	0.868	
Fe17+	0.039	0.039	0.041	0.011	0.009	
Fe18+	0.040	0.045	0.065	0.090	0.131	
Fe19+	0.040	0.029	0.076	0.168	0.270	
Fe20+	0.040	0.031	0.097	0.025	0.319	
Fe21+	0.040	0.048	0.072	0.168	0.258	
Fe22+	0.039	0.043	0.031	0.079	0.126	
Fe23+	0.010	0.039	0.043	0.030	0.069	
Fe24+	0.010	0.040	0.039	0.041	0.041	
Fe25+	0.010	0.010	0.010	0.010	0.010	
Mg10+	0.034	0.078	0.121	0.187	0.270	
Mg11+	0.010	0.042	0.008	0.009	0.036	
Mg8+	0.040	0.043	0.049	0.032	0.072	
Mg9+	0.036	0.116	0.149	0.286	0.333	
N6+	0.040	0.040	0.040	0.042	0.043	
Ne7+	0.040	0.041	0.043	0.045	0.036	
Ne8+	0.041	0.061	0.071	0.120	0.159	
O6+	0.010	0.039	0.041	0.040	0.040	
O7+	0.039	0.041	0.042	0.014	0.061	
S10+	0.010	0.040	0.043	0.047	0.061	
S11+	0.034	0.091	0.139	0.275	0.458	
Si10+	0.032	0.110	0.190	0.298	0.502	
Si11+	0.031	0.063	0.318	0.751	0.059	
Si12+	0.041	0.029	0.089	0.163	0.255	
Si9+	0.040	0.043	0.006	0.053	0.065	
Step : 20
100.0
Ion	0.0	0.1	1.0	10.0	100.0
Ca12+	0.001	0.004	0.003	0.006	0.003	
Ca13+	0.004	0.012	0.026	0.040	0.069	
Ca14+	0.005	0.047	0.074	0.132	0.235	
Fe17+	0.001	0.005	0.007	0.014	0.016	
Fe18+	0.004	0.009	0.020	0.029	0.046	
Fe19+	0.004	0.015	0.030	0.054	0.083	
Fe20+	0.004	0.015	0.030	0.058	0.110	
Fe21+	0.001	0.011	0.027	0.047	0.074	
Fe22+	0.001	0.007	0.015	0.027	0.048	
Fe23+	0.001	0.001	0.007	0.014	0.020	
Fe24+	0.001	0.004	0.005	0.003	0.008	
Fe25+	0.001	0.001	0.001	0.004	0.004	
Mg10+	0.004	0.024	0.037	0.069	0.099	
Mg11+	0.001	0.005	0.007	0.012	0.012	
Mg8+	0.004	0.006	0.012	0.018	0.024	
Mg9+	0.005	0.028	0.048	0.075	0.112	
N6+	0.004	0.001	0.006	0.008	0.009	
Ne7+	0.001	0.003	0.008	0.010	0.012	
Ne8+	0.004	0.016	0.027	0.034	0.056	
O6+	0.001	0.004	0.006	0.008	0.006	
O7+	0.004	0.006	0.008	0.013	0.016	
S10+	0.001	0.003	0.008	0.013	0.016	
S11+	0.004	0.028	0.053	0.089	0.136	
Si10+	0.005	0.034	0.062	0.084	0.165	
Si11+	0.006	0.078	0.116	0.196	0.397	
Si12+	0.004	0.016	0.028	0.042	0.062	
Si9+	0.004	0.003	0.009	0.015	0.021	
10.0
Ion	0.0	0.1	1.0	10.0	100.0
Ca12+	0.010	0.039	0.039	0.040	0.040	
Ca13+	0.040	0.029	0.073	0.138	0.208	
Ca14+	0.032	0.118	0.210	0.424	0.877	
Fe17+	0.010	0.040	0.044	0.033	0.037	
Fe18+	0.040	0.048	0.067	0.111	0.162	
Fe19+	0.041	0.029	0.083	0.157	0.289	
Fe20+	0.040	0.028	0.102	0.209	0.356	
Fe21+	0.040	0.044	0.083	0.177	0.262	
Fe22+	0.010	0.041	0.032	0.086	0.143	
Fe23+	0.010	0.040	0.042	0.051	0.065	
Fe24+	0.010	0.039	0.040	0.042	0.043	
Fe25+	0.010	0.010	0.010	0.010	0.040	
Mg10+	0.042	0.084	0.118	0.202	0.326	
Mg11+	0.010	0.041	0.043	0.034	0.035	
Mg8+	0.039	0.043	0.011	0.032	0.081	
Mg9+	0.032	0.097	0.184	0.245	0.365	
N6+	0.010	0.040	0.042	0.042	0.034	
Ne7+	0.040	0.040	0.043	0.045	0.035	
Ne8+	0.032	0.059	0.091	0.127	0.177	
O6+	0.010	0.040	0.044	0.041	0.032	
O7+	0.040	0.040	0.045	0.053	0.063	
S10+	0.040	0.040	0.007	0.009	0.034	
S11+	0.033	0.079	0.142	0.249	0.456	
Si10+	0.033	0.097	0.166	0.280	0.464	
Si11+	0.030	0.024	0.327	0.738	0.025	
Si12+	0.031	0.031	0.081	0.154	0.247	
Si9+	0.040	0.040	0.043	0.014	0.063	
Step : 25
100.0
Ion	0.0	0.1	1.0	10.0	100.0
Ca12+	0.001	0.004	0.005	0.006	0.003	
Ca13+	0.004	0.011	0.027	0.044	0.061	
Ca14+	0.005	0.041	0.070	0.130	0.230	
Fe17+	0.001	0.001	0.007	0.014	0.016	
Fe18+	0.004	0.008	0.020	0.036	0.049	
Fe19+	0.003	0.019	0.030	0.050	0.087	
Fe20+	0.004	0.017	0.033	0.067	0.125	
Fe21+	0.001	0.013	0.028	0.052	0.072	
Fe22+	0.001	0.007	0.013	0.029	0.043	
Fe23+	0.001	0.004	0.007	0.012	0.023	
Fe24+	0.001	0.004	0.004	0.003	0.008	
Fe25+	0.001	0.001	0.004	0.004	0.004	
Mg10+	0.003	0.021	0.035	0.062	0.083	
Mg11+	0.001	0.004	0.007	0.011	0.012	
Mg8+	0.004	0.006	0.011	0.018	0.025	
Mg9+	0.005	0.033	0.048	0.078	0.113	
N6+	0.001	0.004	0.006	0.009	0.009	
Ne7+	0.001	0.005	0.007	0.011	0.013	
Ne8+	0.004	0.016	0.027	0.046	0.052	
O6+	0.001	0.005	0.006	0.008	0.008	
O7+	0.004	0.003	0.009	0.014	0.021	
S10+	0.001	0.003	0.009	0.013	0.020	
S11+	0.003	0.027	0.051	0.084	0.128	
Si10+	0.003	0.036	0.063	0.096	0.150	
Si11+	0.002	0.067	0.108	0.207	0.446	
Si12+	0.004	0.014	0.025	0.042	0.062	
Si9+	0.004	0.003	0.009	0.015	0.018	
10.0
Ion	0.0	0.1	1.0	10.0	100.0
Ca12+	0.010	0.010	0.040	0.040	0.040	
Ca13+	0.040	0.054	0.071	0.140	0.201	
Ca14+	0.045	0.080	0.234	0.475	0.836	
Fe17+	0.039	0.041	0.043	0.031	0.036	
Fe18+	0.040	0.015	0.064	0.109	0.148	
Fe19+	0.030	0.030	0.109	0.189	0.301	
Fe20+	0.040	0.067	0.104	0.169	0.345	
Fe21+	0.040	0.053	0.078	0.149	0.245	
Fe22+	0.040	0.043	0.032	0.087	0.131	
Fe23+	0.010	0.040	0.042	0.052	0.070	
Fe24+	0.010	0.040	0.039	0.040	0.029	
Fe25+	0.010	0.010	0.010	0.010	0.010	
Mg10+	0.032	0.071	0.120	0.200	0.298	
Mg11+	0.010	0.040	0.043	0.008	0.033	
Mg8+	0.040	0.043	0.043	0.032	0.079	
Mg9+	0.034	0.094	0.172	0.293	0.404	
N6+	0.010	0.040	0.041	0.006	0.034	
Ne7+	0.040	0.042	0.043	0.011	0.039	
Ne8+	0.034	0.061	0.080	0.131	0.172	
O6+	0.010	0.040	0.030	0.013	0.041	
O7+	0.040	0.041	0.045	0.033	0.062	
S10+	0.039	0.040	0.042	0.047	0.061	
S11+	0.033	0.081	0.149	0.266	0.433	
Si10+	0.031	0.093	0.202	0.342	0.550	
Si11+	0.030	0.025	0.369	0.684	0.051	
Si12+	0.041	0.028	0.085	0.150	0.213	
Si9+	0.040	0.039	0.043	0.053	0.066	
Step : 30
100.0
Ion	0.0	0.1	1.0	10.0	100.0
Ca12+	0.001	0.004	0.001	0.007	0.007	
Ca13+	0.004	0.014	0.023	0.045	0.064	
Ca14+	0.005	0.043	0.077	0.136	0.227	
Fe17+	0.001	0.001	0.007	0.012	0.016	
Fe18+	0.004	0.010	0.020	0.033	0.051	
Fe19+	0.003	0.015	0.032	0.055	0.098	
Fe20+	0.004	0.016	0.034	0.064	0.109	
Fe21+	0.001	0.013	0.028	0.039	0.078	
Fe22+	0.001	0.003	0.016	0.027	0.048	
Fe23+	0.001	0.000	0.007	0.013	0.021	
Fe24+	0.001	0.004	0.004	0.005	0.007	
Fe25+	0.001	0.004	0.004	0.004	0.004	
Mg10+	0.004	0.021	0.035	0.067	0.094	
Mg11+	0.001	0.002	0.008	0.012	0.012	
Mg8+	0.004	0.006	0.012	0.018	0.021	
Mg9+	0.005	0.033	0.056	0.093	0.116	
N6+	0.004	0.001	0.006	0.008	0.010	
Ne7+	0.004	0.003	0.007	0.011	0.012	
Ne8+	0.003	0.015	0.026	0.044	0.055	
O6+	0.001	0.003	0.006	0.010	0.009	
O7+	0.004	0.006	0.009	0.015	0.020	
S10+	0.001	0.003	0.008	0.011	0.016	
S11+	0.004	0.025	0.045	0.085	0.142	
Si10+	0.003	0.034	0.055	0.105	0.145	
Si11+	0.006	0.075	0.121	0.198	0.398	
Si12+	0.004	0.015	0.028	0.047	0.070	
Si9+	0.004	0.006	0.009	0.014	0.023	
10.0
Ion	0.0	0.1	1.0	10.0	100.0
Ca12+	0.010	0.039	0.040	0.040	0.041	
Ca13+	0.040	0.029	0.085	0.120	0.190	
Ca14+	0.033	0.112	0.248	0.446	0.902	
Fe17+	0.010	0.040	0.004	0.032	0.037	
Fe18+	0.040	0.009	0.062	0.112	0.153	
Fe19+	0.013	0.030	0.100	0.173	0.291	
Fe20+	0.041	0.058	0.107	0.211	0.345	
Fe21+	0.040	0.028	0.093	0.143	0.295	
Fe22+	0.010	0.041	0.050	0.088	0.128	
Fe23+	0.010	0.039	0.042	0.030	0.071	
Fe24+	0.010	0.010	0.040	0.040	0.004	
Fe25+	0.010	0.010	0.010	0.010	0.039	
Mg10+	0.034	0.029	0.123	0.201	0.298	
Mg11+	0.010	0.040	0.042	0.009	0.035	
Mg8+	0.040	0.005	0.046	0.031	0.070	
Mg9+	0.033	0.095	0.181	0.292	0.353	
N6+	0.039	0.040	0.041	0.041	0.042	
Ne7+	0.040	0.040	0.042	0.045	0.010	
Ne8+	0.029	0.060	0.081	0.118	0.166	
O6+	0.039	0.041	0.041	0.041	0.034	
O7+	0.040	0.042	0.046	0.031	0.071	
S10+	0.039	0.041	0.042	0.032	0.034	
S11+	0.032	0.085	0.173	0.277	0.411	
Si10+	0.031	0.090	0.177	0.299	0.462	
Si11+	0.052	0.026	0.348	0.722	0.023	
Si12+	0.040	0.057	0.091	0.132	0.201	
Si9+	0.040	0.040	0.042	0.033	0.070	
Step : 35
100.0
Ion	0.0	0.1	1.0	10.0	100.0
Ca12+	0.001	0.001	0.001	0.003	0.007	
Ca13+	0.004	0.012	0.025	0.047	0.065	
Ca14+	0.002	0.044	0.068	0.124	0.235	
Fe17+	0.001	0.000	0.008	0.012	0.013	
Fe18+	0.004	0.010	0.020	0.036	0.046	
Fe19+	0.004	0.015	0.033	0.055	0.098	
Fe20+	0.003	0.018	0.031	0.066	0.116	
Fe21+	0.001	0.013	0.025	0.050	0.080	
Fe22+	0.001	0.007	0.016	0.029	0.048	
Fe23+	0.001	0.004	0.008	0.012	0.020	
Fe24+	0.001	0.004	0.004	0.003	0.008	
Fe25+	0.001	0.004	0.004	0.004	0.004	
Mg10+	0.004	0.020	0.036	0.070	0.091	
Mg11+	0.001	0.001	0.007	0.011	0.011	
Mg8+	0.004	0.006	0.009	0.016	0.022	
Mg9+	0.005	0.032	0.056	0.087	0.130	
N6+	0.001	0.005	0.006	0.009	0.011	
Ne7+	0.001	0.003	0.007	0.011	0.012	
Ne8+	0.004	0.016	0.024	0.040	0.053	
O6+	0.001	0.001	0.007	0.009	0.008	
O7+	0.004	0.006	0.009	0.016	0.021	
S10+	0.004	0.003	0.007	0.013	0.018	
S11+	0.004	0.026	0.048	0.074	0.120	
Si10+	0.005	0.035	0.055	0.097	0.146	
Si11+	0.006	0.081	0.113	0.212	0.377	
Si12+	0.004	0.014	0.025	0.043	0.067	
Si9+	0.004	0.005	0.009	0.013	0.019	
10.0
Ion	0.0	0.1	1.0	10.0	100.0
Ca12+	0.010	0.039	0.041	0.040	0.040	
Ca13+	0.040	0.028	0.033	0.132	0.201	
Ca14+	0.029	0.079	0.190	0.396	0.918	
Fe17+	0.010	0.040	0.041	0.014	0.037	
Fe18+	0.040	0.010	0.067	0.111	0.149	
Fe19+	0.012	0.028	0.103	0.168	0.290	
Fe20+	0.040	0.030	0.101	0.194	0.366	
Fe21+	0.040	0.029	0.079	0.143	0.267	
Fe22+	0.039	0.042	0.051	0.100	0.148	
Fe23+	0.010	0.040	0.042	0.029	0.061	
Fe24+	0.010	0.039	0.040	0.040	0.042	
Fe25+	0.010	0.010	0.010	0.010	0.039	
Mg10+	0.032	0.080	0.115	0.215	0.294	
Mg11+	0.010	0.040	0.043	0.035	0.035	
Mg8+	0.040	0.041	0.047	0.033	0.089	
Mg9+	0.034	0.103	0.179	0.249	0.369	
N6+	0.010	0.040	0.042	0.044	0.010	
Ne7+	0.040	0.040	0.041	0.011	0.036	
Ne8+	0.041	0.030	0.071	0.123	0.178	
O6+	0.010	0.040	0.041	0.012	0.032	
O7+	0.040	0.042	0.046	0.031	0.071	
S10+	0.040	0.040	0.042	0.012	0.031	
S11+	0.032	0.085	0.165	0.268	0.430	
Si10+	0.034	0.089	0.163	0.288	0.526	
Si11+	0.052	0.086	0.353	0.744	0.020	
Si12+	0.040	0.032	0.097	0.148	0.226	
Si9+	0.040	0.041	0.046	0.032	0.062	
Step : 40
100.0
Ion	0.0	0.1	1.0	10.0	100.0
Ca12+	0.001	0.004	0.001	0.001	0.004	
Ca13+	0.001	0.013	0.024	0.041	0.066	
Ca14+	0.005	0.038	0.060	0.121	0.239	
Fe17+	0.001	0.004	0.007	0.013	0.016	
Fe18+	0.004	0.010	0.018	0.034	0.056	
Fe19+	0.003	0.017	0.033	0.061	0.099	
Fe20+	0.004	0.017	0.030	0.075	0.122	
Fe21+	0.001	0.012	0.027	0.050	0.079	
Fe22+	0.004	0.007	0.018	0.031	0.046	
Fe23+	0.001	0.001	0.007	0.013	0.020	
Fe24+	0.001	0.001	0.004	0.003	0.007	
Fe25+	0.001	0.001	0.001	0.004	0.000	
Mg10+	0.004	0.020	0.038	0.062	0.093	
Mg11+	0.001	0.003	0.007	0.010	0.011	
Mg8+	0.004	0.007	0.011	0.016	0.023	
Mg9+	0.003	0.034	0.054	0.066	0.124	
N6+	0.004	0.005	0.006	0.009	0.012	
Ne7+	0.004	0.005	0.007	0.010	0.014	
Ne8+	0.003	0.016	0.028	0.043	0.056	
O6+	0.001	0.005	0.007	0.009	0.010	
O7+	0.004	0.006	0.009	0.016	0.022	
S10+	0.004	0.003	0.007	0.010	0.015	
S11+	0.003	0.024	0.050	0.076	0.129	
Si10+	0.003	0.029	0.052	0.115	0.140	
Si11+	0.002	0.072	0.116	0.202	0.384	
Si12+	0.004	0.017	0.028	0.045	0.068	
Si9+	0.004	0.003	0.008	0.013	0.017	
10.0
Ion	0.0	0.1	1.0	10.0	100.0
Ca12+	0.010	0.039	0.039	0.040	0.040	
Ca13+	0.040	0.029	0.090	0.129	0.181	
Ca14+	0.045	0.110	0.229	0.394	0.921	
Fe17+	0.010	0.040	0.044	0.011	0.032	
Fe18+	0.040	0.009	0.065	0.113	0.167	
Fe19+	0.013	0.060	0.090	0.193	0.305	
Fe20+	0.031	0.062	0.106	0.184	0.355	
Fe21+	0.040	0.029	0.091	0.163	0.282	
Fe22+	0.039	0.045	0.056	0.092	0.152	
Fe23+	0.010	0.040	0.044	0.013	0.057	
Fe24+	0.010	0.039	0.040	0.040	0.043	
Fe25+	0.010	0.010	0.010	0.010	0.039	
Mg10+	0.032	0.068	0.121	0.219	0.314	
Mg11+	0.010	0.040	0.043	0.036	0.035	
Mg8+	0.039	0.042	0.045	0.059	0.078	
Mg9+	0.034	0.090	0.156	0.248	0.348	
N6+	0.040	0.040	0.042	0.032	0.042	
Ne7+	0.040	0.042	0.043	0.046	0.035	
Ne8+	0.033	0.030	0.077	0.131	0.188	
O6+	0.040	0.042	0.042	0.041	0.033	
O7+	0.040	0.042	0.045	0.053	0.067	
S10+	0.010	0.039	0.043	0.033	0.034	
S11+	0.029	0.094	0.148	0.252	0.453	
Si10+	0.032	0.089	0.193	0.310	0.571	
Si11+	0.053	0.069	0.363	0.756	0.024	
Si12+	0.032	0.065	0.083	0.136	0.217	
Si9+	0.040	0.041	0.043	0.031	0.060	
Step : 45
100.0
Ion	0.0	0.1	1.0	10.0	100.0
Ca12+	0.001	0.004	0.000	0.006	0.003	
Ca13+	0.001	0.012	0.025	0.040	0.063	
Ca14+	0.005	0.038	0.071	0.142	0.229	
Fe17+	0.001	0.005	0.008	0.012	0.014	
Fe18+	0.004	0.009	0.018	0.034	0.041	
Fe19+	0.003	0.017	0.034	0.051	0.095	
Fe20+	0.004	0.017	0.036	0.072	0.118	
Fe21+	0.001	0.013	0.033	0.054	0.094	
Fe22+	0.001	0.007	0.016	0.027	0.051	
Fe23+	0.001	0.004	0.007	0.015	0.023	
Fe24+	0.001	0.001	0.004	0.006	0.010	
Fe25+	0.001	0.004	0.004	0.004	0.004	
Mg10+	0.004	0.022	0.039	0.062	0.080	
Mg11+	0.001	0.000	0.007	0.011	0.012	
Mg8+	0.004	0.006	0.012	0.015	0.024	
Mg9+	0.003	0.036	0.053	0.084	0.110	
N6+	0.004	0.001	0.006	0.010	0.012	
Ne7+	0.001	0.005	0.008	0.011	0.014	
Ne8+	0.003	0.016	0.025	0.045	0.053	
O6+	0.001	0.005	0.007	0.009	0.010	
O7+	0.004	0.006	0.010	0.016	0.021	
S10+	0.001	0.005	0.007	0.012	0.014	
S11+	0.003	0.026	0.046	0.078	0.136	
Si10+	0.005	0.032	0.054	0.099	0.145	
Si11+	0.005	0.075	0.105	0.205	0.392	
Si12+	0.004	0.016	0.029	0.044	0.057	
Si9+	0.004	0.005	0.009	0.013	0.022	
10.0
Ion	0.0	0.1	1.0	10.0	100.0
Ca12+	0.010	0.010	0.010	0.032	0.040	
Ca13+	0.040	0.027	0.082	0.134	0.210	
Ca14+	0.047	0.101	0.267	0.399	0.833	
Fe17+	0.010	0.040	0.043	0.047	0.039	
Fe18+	0.040	0.051	0.058	0.088	0.168	
Fe19+	0.028	0.062	0.110	0.196	0.345	
Fe20+	0.040	0.028	0.101	0.187	0.380	
Fe21+	0.040	0.053	0.091	0.156	0.281	
Fe22+	0.010	0.043	0.030	0.080	0.142	
Fe23+	0.010	0.040	0.041	0.031	0.060	
Fe24+	0.010	0.010	0.040	0.041	0.043	
Fe25+	0.010	0.010	0.010	0.010	0.010	
Mg10+	0.032	0.028	0.117	0.169	0.268	
Mg11+	0.010	0.040	0.043	0.047	0.036	
Mg8+	0.040	0.042	0.047	0.061	0.080	
Mg9+	0.035	0.103	0.175	0.274	0.380	
N6+	0.010	0.040	0.041	0.042	0.011	
Ne7+	0.010	0.041	0.044	0.048	0.032	
Ne8+	0.041	0.031	0.072	0.120	0.213	
O6+	0.010	0.040	0.042	0.032	0.033	
O7+	0.039	0.042	0.044	0.054	0.066	
S10+	0.039	0.040	0.042	0.044	0.036	
S11+	0.030	0.080	0.144	0.256	0.447	
Si10+	0.043	0.094	0.181	0.330	0.398	
Si11+	0.052	0.027	0.356	0.775	0.059	
Si12+	0.028	0.030	0.091	0.135	0.196	
Si9+	0.040	0.040	0.042	0.033	0.062	
Step : 50
100.0
Ion	0.0	0.1	1.0	10.0	100.0
Ca12+	0.001	0.001	0.001	0.006	0.003	
Ca13+	0.004	0.012	0.026	0.041	0.059	
Ca14+	0.003	0.043	0.076	0.129	0.256	
Fe17+	0.001	0.003	0.008	0.012	0.015	
Fe18+	0.004	0.010	0.020	0.033	0.057	
Fe19+	0.004	0.017	0.038	0.056	0.088	
Fe20+	0.001	0.018	0.038	0.058	0.126	
Fe21+	0.001	0.013	0.026	0.055	0.095	
Fe22+	0.001	0.007	0.016	0.025	0.046	
Fe23+	0.001	0.001	0.007	0.013	0.021	
Fe24+	0.001	0.004	0.004	0.003	0.007	
Fe25+	0.001	0.001	0.004	0.004	0.004	
Mg10+	0.003	0.020	0.036	0.056	0.082	
Mg11+	0.001	0.003	0.006	0.012	0.015	
Mg8+	0.004	0.007	0.010	0.016	0.023	
Mg9+	0.003	0.035	0.056	0.084	0.109	
N6+	0.001	0.001	0.006	0.011	0.014	
Ne7+	0.001	0.003	0.008	0.010	0.011	
Ne8+	0.003	0.015	0.028	0.040	0.057	
O6+	0.001	0.005	0.006	0.008	0.007	
O7+	0.004	0.007	0.010	0.017	0.023	
S10+	0.001	0.005	0.007	0.013	0.015	
S11+	0.004	0.028	0.046	0.084	0.144	
Si10+	0.005	0.029	0.063	0.096	0.153	
Si11+	0.001	0.074	0.121	0.210	0.432	
Si12+	0.003	0.015	0.028	0.046	0.068	
Si9+	0.004	0.005	0.008	0.014	0.016	
10.0
Ion	0.0	0.1	1.0	10.0	100.0
Ca12+	0.010	0.010	0.040	0.040	0.041	
Ca13+	0.041	0.056	0.070	0.125	0.200	
Ca14+	0.033	0.107	0.231	0.534	0.923	
Fe17+	0.010	0.040	0.044	0.010	0.037	
Fe18+	0.040	0.049	0.060	0.116	0.166	
Fe19+	0.040	0.062	0.095	0.170	0.318	
Fe20+	0.040	0.030	0.137	0.187	0.368	
Fe21+	0.040	0.031	0.083	0.159	0.263	
Fe22+	0.010	0.043	0.030	0.093	0.165	
Fe23+	0.010	0.040	0.043	0.054	0.067	
Fe24+	0.010	0.010	0.040	0.040	0.043	
Fe25+	0.010	0.010	0.010	0.039	0.039	
Mg10+	0.033	0.075	0.132	0.188	0.271	
Mg11+	0.010	0.042	0.044	0.048	0.040	
Mg8+	0.040	0.042	0.048	0.052	0.069	
Mg9+	0.034	0.104	0.166	0.259	0.404	
N6+	0.040	0.041	0.042	0.046	0.035	
Ne7+	0.010	0.040	0.042	0.033	0.014	
Ne8+	0.012	0.059	0.099	0.130	0.179	
O6+	0.010	0.041	0.033	0.041	0.040	
O7+	0.040	0.041	0.046	0.032	0.070	
S10+	0.039	0.041	0.041	0.030	0.035	
S11+	0.034	0.083	0.153	0.280	0.430	
Si10+	0.036	0.105	0.184	0.290	0.552	
Si11+	0.054	0.105	0.333	0.692	0.057	
Si12+	0.041	0.060	0.083	0.151	0.161	
Si9+	0.010	0.041	0.045	0.049	0.065	
Step : 55
100.0
Ion	0.0	0.1	1.0	10.0	100.0
Ca12+	0.001	0.004	0.000	0.001	0.004	
Ca13+	0.001	0.013	0.024	0.040	0.056	
Ca14+	0.005	0.044	0.085	0.124	0.218	
Fe17+	0.001	0.001	0.008	0.012	0.018	
Fe18+	0.004	0.012	0.020	0.035	0.049	
Fe19+	0.003	0.019	0.030	0.052	0.102	
Fe20+	0.004	0.017	0.038	0.065	0.114	
Fe21+	0.001	0.012	0.031	0.051	0.087	
Fe22+	0.001	0.007	0.016	0.028	0.045	
Fe23+	0.001	0.005	0.007	0.015	0.021	
Fe24+	0.001	0.004	0.000	0.005	0.008	
Fe25+	0.001	0.004	0.004	0.004	0.004	
Mg10+	0.004	0.019	0.041	0.054	0.099	
Mg11+	0.001	0.003	0.007	0.012	0.012	
Mg8+	0.004	0.006	0.012	0.018	0.026	
Mg9+	0.005	0.028	0.054	0.087	0.110	
N6+	0.004	0.002	0.006	0.009	0.011	
Ne7+	0.001	0.005	0.008	0.012	0.015	
Ne8+	0.003	0.018	0.028	0.043	0.060	
O6+	0.001	0.005	0.007	0.009	0.010	
O7+	0.004	0.006	0.011	0.018	0.023	
S10+	0.001	0.004	0.008	0.013	0.016	
S11+	0.004	0.025	0.047	0.081	0.124	
Si10+	0.005	0.036	0.056	0.094	0.151	
Si11+	0.002	0.075	0.108	0.215	0.460	
Si12+	0.004	0.015	0.026	0.044	0.069	
Si9+	0.004	0.003	0.009	0.012	0.018	
10.0
Ion	0.0	0.1	1.0	10.0	100.0
Ca12+	0.010	0.010	0.039	0.040	0.040	
Ca13+	0.040	0.050	0.073	0.126	0.163	
Ca14+	0.047	0.113	0.242	0.424	0.921	
Fe17+	0.010	0.040	0.043	0.012	0.047	
Fe18+	0.040	0.048	0.065	0.107	0.150	
Fe19+	0.029	0.031	0.093	0.166	0.321	
Fe20+	0.041	0.065	0.095	0.221	0.389	
Fe21+	0.039	0.048	0.085	0.161	0.274	
Fe22+	0.039	0.042	0.054	0.095	0.136	
Fe23+	0.010	0.040	0.042	0.009	0.066	
Fe24+	0.010	0.010	0.010	0.041	0.042	
Fe25+	0.010	0.010	0.010	0.039	0.010	
Mg10+	0.030	0.071	0.116	0.196	0.296	
Mg11+	0.010	0.041	0.005	0.012	0.038	
Mg8+	0.040	0.043	0.010	0.060	0.081	
Mg9+	0.032	0.101	0.184	0.267	0.364	
N6+	0.039	0.040	0.042	0.044	0.008	
Ne7+	0.010	0.040	0.042	0.044	0.033	
Ne8+	0.032	0.030	0.087	0.126	0.202	
O6+	0.010	0.041	0.043	0.042	0.035	
O7+	0.040	0.044	0.011	0.057	0.064	
S10+	0.039	0.041	0.042	0.008	0.031	
S11+	0.042	0.079	0.128	0.254	0.454	
Si10+	0.043	0.100	0.173	0.275	0.465	
Si11+	0.053	0.062	0.324	0.711	0.049	
Si12+	0.041	0.029	0.082	0.157	0.182	
Si9+	0.040	0.041	0.044	0.054	0.033	
