Step : 1
100.0
Ion	0.0	0.1	1.0	10.0	100.0
Ca7+	0.005	0.041	0.066	0.126	0.230	
Ca8+	0.004	0.020	0.043	0.076	0.108	
Fe10+	0.004	0.013	0.027	0.050	0.077	
Fe9+	0.001	0.007	0.013	0.024	0.037	
Mg5+	0.003	0.020	0.030	0.065	0.083	
S7+	0.004	0.009	0.016	0.033	0.040	
Si5+	0.005	0.037	0.064	0.108	0.159	
Si6+	0.004	0.016	0.029	0.043	0.065	
10.0
Ion	0.0	0.1	1.0	10.0	100.0
Ca7+	0.030	0.093	0.204	0.407	0.864	
Ca8+	0.040	0.069	0.134	0.263	0.455	
Fe10+	0.040	0.051	0.069	0.154	0.247	
Fe9+	0.039	0.042	0.031	0.067	0.123	
Mg5+	0.032	0.071	0.121	0.189	0.309	
S7+	0.040	0.043	0.031	0.092	0.124	
Si5+	0.033	0.089	0.216	0.351	0.496	
Si6+	0.041	0.031	0.103	0.163	0.234	
Step : 5
100.0
Ion	0.0	0.1	1.0	10.0	100.0
Ca7+	0.003	0.043	0.080	0.128	0.231	
Ca8+	0.003	0.018	0.037	0.075	0.104	
Fe10+	0.004	0.014	0.031	0.055	0.100	
Fe9+	0.004	0.009	0.017	0.030	0.048	
Mg5+	0.004	0.018	0.040	0.059	0.093	
S7+	0.004	0.007	0.017	0.026	0.036	
Si5+	0.003	0.029	0.063	0.099	0.148	
Si6+	0.004	0.017	0.028	0.047	0.063	
10.0
Ion	0.0	0.1	1.0	10.0	100.0
Ca7+	0.029	0.111	0.203	0.368	0.967	
Ca8+	0.028	0.072	0.121	0.172	0.392	
Fe10+	0.040	0.058	0.095	0.196	0.343	
Fe9+	0.039	0.045	0.056	0.103	0.127	
Mg5+	0.032	0.071	0.119	0.184	0.287	
S7+	0.040	0.043	0.032	0.083	0.114	
Si5+	0.032	0.105	0.192	0.320	0.440	
Si6+	0.031	0.060	0.086	0.166	0.231	
Step : 10
100.0
Ion	0.0	0.1	1.0	10.0	100.0
Ca7+	0.003	0.043	0.076	0.121	0.230	
Ca8+	0.003	0.019	0.039	0.074	0.110	
Fe10+	0.004	0.017	0.035	0.064	0.124	
Fe9+	0.004	0.011	0.023	0.036	0.052	
Mg5+	0.003	0.022	0.036	0.062	0.084	
S7+	0.004	0.008	0.015	0.022	0.029	
Si5+	0.005	0.034	0.053	0.088	0.149	
Si6+	0.004	0.016	0.032	0.046	0.068	
10.0
Ion	0.0	0.1	1.0	10.0	100.0
Ca7+	0.033	0.092	0.243	0.483	0.854	
Ca8+	0.041	0.061	0.119	0.206	0.374	
Fe10+	0.040	0.029	0.105	0.214	0.366	
Fe9+	0.040	0.047	0.067	0.113	0.168	
Mg5+	0.041	0.072	0.106	0.203	0.266	
S7+	0.040	0.042	0.030	0.070	0.105	
Si5+	0.032	0.096	0.172	0.301	0.563	
Si6+	0.012	0.029	0.083	0.172	0.202	
Step : 15
100.0
Ion	0.0	0.1	1.0	10.0	100.0
Ca7+	0.005	0.037	0.073	0.125	0.209	
Ca8+	0.004	0.020	0.031	0.072	0.098	
Fe10+	0.001	0.018	0.037	0.059	0.118	
Fe9+	0.004	0.009	0.022	0.036	0.053	
Mg5+	0.004	0.020	0.031	0.055	0.086	
S7+	0.001	0.007	0.011	0.022	0.027	
Si5+	0.005	0.028	0.061	0.087	0.138	
Si6+	0.004	0.014	0.026	0.045	0.061	
10.0
Ion	0.0	0.1	1.0	10.0	100.0
Ca7+	0.044	0.106	0.186	0.470	0.938	
Ca8+	0.030	0.029	0.126	0.204	0.359	
Fe10+	0.040	0.028	0.115	0.210	0.380	
Fe9+	0.040	0.046	0.067	0.106	0.171	
Mg5+	0.032	0.065	0.106	0.198	0.313	
S7+	0.040	0.044	0.032	0.081	0.109	
Si5+	0.030	0.105	0.181	0.291	0.530	
Si6+	0.040	0.028	0.078	0.136	0.189	
Step : 20
100.0
Ion	0.0	0.1	1.0	10.0	100.0
Ca7+	0.005	0.050	0.070	0.134	0.254	
Ca8+	0.003	0.017	0.037	0.055	0.102	
Fe10+	0.003	0.016	0.036	0.062	0.131	
Fe9+	0.004	0.011	0.024	0.033	0.055	
Mg5+	0.004	0.017	0.036	0.059	0.080	
S7+	0.004	0.007	0.013	0.021	0.029	
Si5+	0.005	0.027	0.048	0.090	0.144	
Si6+	0.004	0.015	0.025	0.047	0.058	
10.0
Ion	0.0	0.1	1.0	10.0	100.0
Ca7+	0.033	0.087	0.247	0.495	0.903	
Ca8+	0.041	0.061	0.113	0.210	0.342	
Fe10+	0.032	0.058	0.106	0.209	0.367	
Fe9+	0.039	0.048	0.068	0.130	0.225	
Mg5+	0.042	0.069	0.109	0.180	0.306	
S7+	0.040	0.042	0.047	0.066	0.100	
Si5+	0.045	0.097	0.165	0.276	0.441	
Si6+	0.031	0.029	0.081	0.152	0.208	
Step : 25
100.0
Ion	0.0	0.1	1.0	10.0	100.0
Ca7+	0.003	0.042	0.081	0.152	0.241	
Ca8+	0.004	0.018	0.036	0.067	0.107	
Fe10+	0.001	0.016	0.035	0.060	0.112	
Fe9+	0.004	0.011	0.022	0.039	0.064	
Mg5+	0.004	0.018	0.034	0.055	0.085	
S7+	0.004	0.007	0.013	0.025	0.030	
Si5+	0.005	0.029	0.046	0.092	0.158	
Si6+	0.004	0.015	0.028	0.041	0.055	
10.0
Ion	0.0	0.1	1.0	10.0	100.0
Ca7+	0.032	0.123	0.237	0.450	0.978	
Ca8+	0.041	0.067	0.124	0.182	0.339	
Fe10+	0.040	0.058	0.102	0.211	0.382	
Fe9+	0.040	0.047	0.068	0.121	0.180	
Mg5+	0.033	0.062	0.111	0.168	0.249	
S7+	0.040	0.043	0.050	0.060	0.091	
Si5+	0.032	0.104	0.158	0.281	0.511	
Si6+	0.040	0.029	0.032	0.155	0.210	
Step : 30
100.0
Ion	0.0	0.1	1.0	10.0	100.0
Ca7+	0.005	0.042	0.065	0.131	0.274	
Ca8+	0.004	0.017	0.031	0.066	0.100	
Fe10+	0.004	0.016	0.031	0.062	0.109	
Fe9+	0.004	0.011	0.021	0.037	0.051	
Mg5+	0.004	0.020	0.035	0.060	0.076	
Si5+	0.004	0.029	0.054	0.095	0.168	
Si6+	0.004	0.014	0.024	0.041	0.052	
10.0
Ion	0.0	0.1	1.0	10.0	100.0
Ca7+	0.031	0.116	0.236	0.457	0.990	
Ca8+	0.012	0.065	0.109	0.198	0.314	
Fe10+	0.040	0.063	0.095	0.207	0.330	
Fe9+	0.040	0.012	0.068	0.104	0.181	
Mg5+	0.029	0.065	0.110	0.186	0.262	
Si5+	0.034	0.088	0.152	0.354	0.529	
Si6+	0.032	0.031	0.077	0.138	0.201	
Step : 35
100.0
Ion	0.0	0.1	1.0	10.0	100.0
Ca7+	0.005	0.036	0.081	0.142	0.238	
Ca8+	0.004	0.018	0.033	0.068	0.105	
Fe10+	0.004	0.018	0.034	0.064	0.096	
Fe9+	0.004	0.010	0.021	0.039	0.052	
Mg5+	0.003	0.019	0.037	0.054	0.089	
Si6+	0.004	0.014	0.026	0.047	0.067	
10.0
Ion	0.0	0.1	1.0	10.0	100.0
Ca7+	0.047	0.094	0.220	0.458	0.840	
Ca8+	0.040	0.027	0.115	0.182	0.357	
Fe10+	0.041	0.030	0.106	0.213	0.356	
Fe9+	0.040	0.013	0.063	0.110	0.160	
Mg5+	0.012	0.065	0.119	0.188	0.253	
Si6+	0.012	0.054	0.090	0.139	0.179	
Step : 40
100.0
Ion	0.0	0.1	1.0	10.0	100.0
Ca7+	0.005	0.050	0.080	0.149	0.270	
Ca8+	0.003	0.018	0.032	0.066	0.094	
Fe10+	0.001	0.018	0.036	0.066	0.111	
Fe9+	0.004	0.011	0.023	0.040	0.063	
Mg5+	0.003	0.017	0.032	0.056	0.084	
Si6+	0.003	0.016	0.026	0.045	0.064	
10.0
Ion	0.0	0.1	1.0	10.0	100.0
Ca7+	0.031	0.087	0.263	0.446	0.923	
Ca8+	0.041	0.062	0.110	0.209	0.278	
Fe10+	0.041	0.062	0.118	0.208	0.412	
Fe9+	0.012	0.048	0.068	0.112	0.166	
Mg5+	0.034	0.073	0.110	0.185	0.237	
Si6+	0.031	0.030	0.070	0.148	0.197	
Step : 45
Step : 50
Step : 55
