Step : 1
100.0
Ion	0.0	0.1	1.0	10.0	100.0
Ca8+	0.004	0.026	0.044	0.095	0.157	
Ca9+	0.006	0.047	0.071	0.151	0.237	
Mg5+	0.003	0.019	0.030	0.056	0.067	
Mg6+	0.003	0.014	0.023	0.042	0.053	
S6+	0.004	0.010	0.016	0.031	0.037	
S8+	0.003	0.015	0.027	0.049	0.071	
Si6+	0.006	0.063	0.089	0.140	0.275	
Si7+	0.003	0.016	0.030	0.053	0.079	
10.0
Ion	0.0	0.1	1.0	10.0	100.0
Ca8+	0.042	0.082	0.167	0.317	0.555	
Ca9+	0.033	0.089	0.235	0.433	0.992	
Mg5+	0.034	0.061	0.108	0.175	0.205	
Mg6+	0.029	0.031	0.082	0.126	0.173	
S6+	0.039	0.048	0.055	0.088	0.113	
S8+	0.012	0.030	0.089	0.153	0.203	
Si6+	0.029	0.066	0.298	0.509	0.790	
Si7+	0.032	0.057	0.096	0.151	0.226	
Step : 5
100.0
Ion	0.0	0.1	1.0	10.0	100.0
Ca10+	0.004	0.006	0.014	0.023	0.029	
Ca8+	0.003	0.029	0.046	0.099	0.183	
Ca9+	0.005	0.031	0.059	0.130	0.230	
Fe11+	0.004	0.013	0.027	0.047	0.062	
Fe12+	0.004	0.014	0.025	0.051	0.081	
Mg5+	0.003	0.021	0.034	0.055	0.067	
Mg6+	0.001	0.016	0.024	0.046	0.069	
O4+	0.004	0.006	0.009	0.013	0.020	
S6+	0.004	0.008	0.013	0.027	0.035	
S8+	0.004	0.014	0.024	0.044	0.061	
Si6+	0.006	0.059	0.094	0.140	0.248	
Si7+	0.004	0.016	0.031	0.048	0.070	
10.0
Ion	0.0	0.1	1.0	10.0	100.0
Ca10+	0.040	0.042	0.015	0.070	0.101	
Ca8+	0.032	0.091	0.171	0.297	0.632	
Ca9+	0.032	0.102	0.191	0.393	0.869	
Fe11+	0.040	0.053	0.079	0.142	0.217	
Fe12+	0.040	0.031	0.088	0.156	0.284	
Mg5+	0.033	0.078	0.088	0.146	0.204	
Mg6+	0.012	0.030	0.079	0.130	0.211	
O4+	0.040	0.041	0.044	0.032	0.033	
S6+	0.040	0.043	0.049	0.075	0.125	
S8+	0.040	0.049	0.071	0.121	0.190	
Si6+	0.054	0.118	0.314	0.489	0.912	
Si7+	0.041	0.062	0.083	0.168	0.202	
Step : 10
100.0
Ion	0.0	0.1	1.0	10.0	100.0
Ca10+	0.004	0.003	0.011	0.023	0.029	
Ca8+	0.003	0.031	0.050	0.102	0.164	
Ca9+	0.004	0.032	0.062	0.138	0.259	
Fe11+	0.004	0.015	0.034	0.051	0.079	
Fe12+	0.001	0.014	0.032	0.056	0.097	
Mg5+	0.003	0.018	0.028	0.045	0.063	
Mg6+	0.004	0.015	0.023	0.042	0.063	
O4+	0.004	0.007	0.014	0.019	0.024	
S6+	0.004	0.007	0.014	0.024	0.035	
S8+	0.004	0.012	0.020	0.034	0.051	
Si6+	0.005	0.061	0.084	0.140	0.246	
Si7+	0.004	0.014	0.024	0.045	0.060	
10.0
Ion	0.0	0.1	1.0	10.0	100.0
Ca10+	0.039	0.043	0.046	0.068	0.117	
Ca8+	0.042	0.108	0.166	0.333	0.630	
Ca9+	0.029	0.117	0.196	0.399	0.873	
Fe11+	0.041	0.030	0.094	0.188	0.283	
Fe12+	0.040	0.059	0.081	0.146	0.301	
Mg5+	0.030	0.029	0.097	0.162	0.218	
Mg6+	0.041	0.051	0.071	0.124	0.187	
O4+	0.010	0.043	0.047	0.033	0.080	
S6+	0.039	0.043	0.031	0.081	0.120	
S8+	0.040	0.010	0.063	0.111	0.180	
Si6+	0.049	0.070	0.293	0.498	0.785	
Si7+	0.032	0.030	0.085	0.153	0.174	
Step : 15
100.0
Ion	0.0	0.1	1.0	10.0	100.0
Ca10+	0.001	0.006	0.012	0.019	0.031	
Ca8+	0.004	0.032	0.058	0.101	0.168	
Ca9+	0.005	0.034	0.070	0.121	0.225	
Fe11+	0.004	0.017	0.032	0.058	0.090	
Fe12+	0.001	0.018	0.035	0.056	0.103	
Mg5+	0.003	0.020	0.034	0.051	0.073	
Mg6+	0.004	0.015	0.025	0.046	0.055	
O4+	0.004	0.007	0.014	0.020	0.028	
S6+	0.001	0.007	0.013	0.022	0.032	
S8+	0.004	0.010	0.021	0.038	0.051	
Si6+	0.005	0.058	0.094	0.159	0.250	
Si7+	0.004	0.015	0.027	0.043	0.060	
10.0
Ion	0.0	0.1	1.0	10.0	100.0
Ca10+	0.040	0.041	0.047	0.061	0.097	
Ca8+	0.031	0.098	0.177	0.290	0.558	
Ca9+	0.033	0.100	0.198	0.407	0.872	
Fe11+	0.033	0.059	0.096	0.197	0.286	
Fe12+	0.040	0.059	0.091	0.182	0.323	
Mg5+	0.034	0.068	0.101	0.147	0.216	
Mg6+	0.040	0.030	0.069	0.136	0.177	
O4+	0.040	0.042	0.049	0.064	0.090	
S6+	0.040	0.044	0.050	0.079	0.088	
S8+	0.040	0.046	0.064	0.112	0.148	
Si6+	0.053	0.072	0.286	0.520	0.903	
Si7+	0.041	0.058	0.080	0.156	0.227	
Step : 20
100.0
Ion	0.0	0.1	1.0	10.0	100.0
Ca10+	0.004	0.006	0.010	0.020	0.029	
Ca8+	0.004	0.030	0.055	0.086	0.173	
Ca9+	0.004	0.033	0.066	0.115	0.244	
Fe11+	0.004	0.017	0.033	0.053	0.093	
Fe12+	0.004	0.014	0.032	0.057	0.087	
Mg5+	0.004	0.020	0.031	0.044	0.067	
Mg6+	0.004	0.014	0.024	0.039	0.056	
O4+	0.004	0.008	0.015	0.023	0.027	
S6+	0.001	0.006	0.014	0.019	0.029	
S8+	0.004	0.011	0.021	0.036	0.052	
Si6+	0.006	0.066	0.086	0.145	0.244	
Si7+	0.004	0.013	0.026	0.047	0.062	
10.0
Ion	0.0	0.1	1.0	10.0	100.0
Ca10+	0.039	0.042	0.007	0.065	0.094	
Ca8+	0.034	0.085	0.166	0.327	0.554	
Ca9+	0.033	0.098	0.191	0.391	0.823	
Fe11+	0.040	0.057	0.089	0.184	0.289	
Fe12+	0.040	0.056	0.097	0.184	0.288	
Mg5+	0.033	0.070	0.092	0.163	0.227	
Mg6+	0.041	0.029	0.074	0.104	0.187	
O4+	0.040	0.043	0.031	0.074	0.090	
S6+	0.040	0.042	0.050	0.069	0.085	
S8+	0.040	0.031	0.067	0.107	0.149	
Si6+	0.032	0.079	0.279	0.436	0.966	
Si7+	0.040	0.029	0.085	0.139	0.205	
Step : 25
100.0
Ion	0.0	0.1	1.0	10.0	100.0
Ca10+	0.004	0.006	0.011	0.021	0.027	
Ca8+	0.004	0.032	0.057	0.096	0.161	
Ca9+	0.004	0.033	0.065	0.113	0.239	
Fe11+	0.004	0.016	0.037	0.055	0.098	
Fe12+	0.001	0.014	0.031	0.057	0.112	
Mg5+	0.003	0.020	0.031	0.045	0.076	
Mg6+	0.004	0.015	0.024	0.036	0.052	
O4+	0.004	0.009	0.015	0.025	0.027	
S6+	0.001	0.006	0.014	0.021	0.025	
S8+	0.004	0.010	0.020	0.035	0.047	
Si6+	0.003	0.049	0.083	0.155	0.267	
Si7+	0.004	0.016	0.025	0.045	0.059	
10.0
Ion	0.0	0.1	1.0	10.0	100.0
Ca10+	0.010	0.042	0.011	0.062	0.088	
Ca8+	0.032	0.110	0.181	0.291	0.526	
Ca9+	0.042	0.101	0.208	0.357	0.778	
Fe11+	0.031	0.060	0.101	0.173	0.297	
Fe12+	0.040	0.029	0.098	0.192	0.321	
Mg5+	0.034	0.063	0.113	0.166	0.260	
Mg6+	0.041	0.052	0.072	0.120	0.189	
O4+	0.039	0.045	0.030	0.068	0.101	
S6+	0.040	0.042	0.049	0.061	0.099	
S8+	0.040	0.047	0.072	0.103	0.164	
Si6+	0.031	0.075	0.282	0.473	0.873	
Si7+	0.041	0.032	0.089	0.146	0.193	
Step : 30
100.0
Ion	0.0	0.1	1.0	10.0	100.0
Ca10+	0.004	0.006	0.011	0.018	0.027	
Ca8+	0.004	0.033	0.061	0.099	0.185	
Ca9+	0.005	0.028	0.048	0.120	0.261	
Fe11+	0.004	0.015	0.032	0.054	0.100	
Fe12+	0.001	0.014	0.028	0.061	0.087	
Mg5+	0.003	0.019	0.035	0.054	0.078	
Mg6+	0.004	0.012	0.025	0.038	0.052	
O4+	0.004	0.008	0.015	0.023	0.036	
S8+	0.004	0.010	0.019	0.033	0.048	
Si6+	0.005	0.052	0.097	0.131	0.247	
Si7+	0.004	0.015	0.029	0.038	0.057	
10.0
Ion	0.0	0.1	1.0	10.0	100.0
Ca10+	0.010	0.040	0.010	0.061	0.095	
Ca8+	0.043	0.094	0.180	0.271	0.553	
Ca9+	0.032	0.097	0.205	0.376	0.825	
Fe11+	0.040	0.068	0.097	0.180	0.288	
Fe12+	0.041	0.031	0.099	0.173	0.300	
Mg5+	0.041	0.073	0.094	0.187	0.250	
Mg6+	0.040	0.054	0.071	0.119	0.188	
O4+	0.040	0.043	0.053	0.069	0.097	
S8+	0.040	0.012	0.062	0.097	0.147	
Si6+	0.048	0.077	0.257	0.512	0.943	
Si7+	0.041	0.030	0.079	0.130	0.204	
Step : 35
100.0
Ion	0.0	0.1	1.0	10.0	100.0
Ca10+	0.001	0.003	0.009	0.018	0.028	
Ca8+	0.004	0.028	0.049	0.106	0.182	
Ca9+	0.003	0.028	0.055	0.127	0.230	
Fe11+	0.003	0.017	0.032	0.056	0.097	
Fe12+	0.001	0.013	0.028	0.053	0.088	
Mg5+	0.004	0.023	0.039	0.060	0.085	
Mg6+	0.004	0.013	0.021	0.039	0.055	
O4+	0.004	0.010	0.017	0.031	0.042	
S8+	0.004	0.009	0.019	0.031	0.043	
Si6+	0.005	0.058	0.081	0.128	0.213	
Si7+	0.004	0.015	0.029	0.045	0.059	
10.0
Ion	0.0	0.1	1.0	10.0	100.0
Ca10+	0.040	0.040	0.046	0.056	0.084	
Ca8+	0.043	0.101	0.187	0.316	0.609	
Ca9+	0.044	0.096	0.218	0.385	0.834	
Fe11+	0.027	0.028	0.095	0.155	0.335	
Fe12+	0.040	0.028	0.104	0.173	0.272	
Mg5+	0.033	0.081	0.112	0.172	0.307	
Mg6+	0.040	0.052	0.069	0.131	0.185	
O4+	0.040	0.010	0.061	0.084	0.128	
S8+	0.040	0.048	0.067	0.098	0.170	
Si6+	0.051	0.087	0.271	0.469	0.846	
Si7+	0.041	0.031	0.076	0.159	0.198	
Step : 40
100.0
Ion	0.0	0.1	1.0	10.0	100.0
Ca10+	0.001	0.003	0.010	0.018	0.027	
Ca8+	0.004	0.028	0.051	0.103	0.176	
Ca9+	0.004	0.033	0.059	0.119	0.224	
Fe11+	0.004	0.016	0.025	0.048	0.094	
Fe12+	0.001	0.012	0.027	0.058	0.096	
Mg5+	0.003	0.021	0.043	0.057	0.105	
Mg6+	0.001	0.013	0.024	0.039	0.050	
S8+	0.004	0.010	0.022	0.030	0.049	
Si6+	0.005	0.053	0.093	0.136	0.203	
Si7+	0.001	0.016	0.025	0.042	0.062	
10.0
Ion	0.0	0.1	1.0	10.0	100.0
Ca10+	0.040	0.040	0.015	0.055	0.094	
Ca8+	0.035	0.091	0.189	0.297	0.591	
Ca9+	0.033	0.096	0.188	0.335	0.788	
Fe11+	0.030	0.058	0.097	0.170	0.291	
Fe12+	0.040	0.026	0.079	0.194	0.293	
Mg5+	0.033	0.079	0.117	0.238	0.369	
Mg6+	0.040	0.031	0.068	0.123	0.136	
S8+	0.025	0.048	0.062	0.101	0.159	
Si6+	0.031	0.121	0.220	0.484	0.815	
Si7+	0.040	0.030	0.096	0.139	0.220	
Step : 45
Step : 50
Step : 55
