Step : 1
100.0
Ion	0.0	0.1	1.0	10.0	100.0
Ca9+	0.003	0.026	0.040	0.085	0.137	
Mg6+	0.005	0.030	0.049	0.086	0.161	
Mg7+	0.001	0.011	0.019	0.031	0.043	
S7+	0.004	0.014	0.028	0.045	0.070	
Si6+	0.004	0.006	0.011	0.021	0.032	
Si7+	0.005	0.102	0.143	0.360	0.920	
Si8+	0.003	0.017	0.029	0.046	0.057	
10.0
Ion	0.0	0.1	1.0	10.0	100.0
Ca9+	0.041	0.085	0.155	0.251	0.360	
Mg6+	0.033	0.096	0.190	0.312	0.426	
Mg7+	0.013	0.049	0.066	0.100	0.127	
S7+	0.040	0.031	0.079	0.157	0.226	
Si6+	0.040	0.043	0.034	0.078	0.101	
Si7+	0.053	0.072	0.431	0.865	0.059	
Si8+	0.031	0.061	0.107	0.143	0.186	
Step : 5
100.0
Ion	0.0	0.1	1.0	10.0	100.0
Ca10+	0.005	0.040	0.072	0.163	0.349	
Ca11+	0.004	0.012	0.023	0.048	0.074	
Ca9+	0.004	0.025	0.044	0.078	0.136	
Fe12+	0.004	0.009	0.014	0.026	0.039	
Fe13+	0.004	0.013	0.025	0.047	0.079	
Fe14+	0.001	0.009	0.020	0.040	0.065	
Mg6+	0.005	0.034	0.056	0.074	0.115	
Mg7+	0.001	0.011	0.019	0.033	0.042	
S7+	0.002	0.014	0.023	0.042	0.055	
S9+	0.004	0.016	0.032	0.051	0.078	
Si6+	0.001	0.006	0.011	0.016	0.022	
Si7+	0.006	0.088	0.135	0.239	0.334	
Si8+	0.004	0.014	0.026	0.048	0.073	
10.0
Ion	0.0	0.1	1.0	10.0	100.0
Ca10+	0.046	0.063	0.240	0.560	0.028	
Ca11+	0.012	0.030	0.075	0.134	0.239	
Ca9+	0.030	0.079	0.143	0.286	0.423	
Fe12+	0.039	0.044	0.053	0.083	0.130	
Fe13+	0.040	0.053	0.082	0.146	0.248	
Fe14+	0.040	0.046	0.062	0.111	0.187	
Mg6+	0.034	0.087	0.152	0.231	0.296	
Mg7+	0.040	0.050	0.061	0.089	0.138	
S7+	0.040	0.054	0.070	0.138	0.184	
S9+	0.028	0.028	0.031	0.168	0.242	
Si6+	0.039	0.041	0.047	0.054	0.067	
Si7+	0.058	0.077	0.441	0.771	0.022	
Si8+	0.040	0.063	0.094	0.142	0.225	
Step : 10
100.0
Ion	0.0	0.1	1.0	10.0	100.0
Ca10+	0.003	0.051	0.084	0.171	0.413	
Ca11+	0.004	0.013	0.021	0.042	0.063	
Ca9+	0.004	0.022	0.042	0.078	0.137	
Fe12+	0.004	0.010	0.020	0.028	0.048	
Fe13+	0.003	0.016	0.031	0.056	0.100	
Fe14+	0.001	0.012	0.025	0.052	0.077	
Mg6+	0.003	0.035	0.049	0.083	0.116	
Mg7+	0.001	0.010	0.019	0.033	0.042	
S7+	0.004	0.011	0.018	0.037	0.054	
S9+	0.004	0.017	0.026	0.046	0.078	
Si6+	0.004	0.005	0.009	0.014	0.019	
Si7+	0.003	0.097	0.127	0.220	0.397	
Si8+	0.004	0.013	0.030	0.046	0.063	
10.0
Ion	0.0	0.1	1.0	10.0	100.0
Ca10+	0.047	0.071	0.309	0.621	0.056	
Ca11+	0.040	0.047	0.072	0.118	0.232	
Ca9+	0.029	0.087	0.119	0.231	0.447	
Fe12+	0.040	0.046	0.065	0.105	0.142	
Fe13+	0.025	0.067	0.114	0.198	0.335	
Fe14+	0.025	0.051	0.070	0.181	0.234	
Mg6+	0.033	0.100	0.176	0.237	0.353	
Mg7+	0.040	0.013	0.062	0.097	0.134	
S7+	0.040	0.050	0.074	0.094	0.175	
S9+	0.032	0.029	0.103	0.172	0.228	
Si6+	0.039	0.041	0.044	0.031	0.032	
Si7+	0.056	0.023	0.419	0.811	0.025	
Si8+	0.041	0.028	0.090	0.142	0.223	
Step : 15
100.0
Ion	0.0	0.1	1.0	10.0	100.0
Ca10+	0.003	0.051	0.089	0.185	0.409	
Ca11+	0.004	0.012	0.022	0.039	0.060	
Ca9+	0.002	0.023	0.051	0.085	0.125	
Fe12+	0.001	0.010	0.020	0.037	0.050	
Fe13+	0.004	0.018	0.035	0.061	0.113	
Fe14+	0.001	0.012	0.024	0.051	0.087	
Mg6+	0.005	0.036	0.050	0.085	0.107	
Mg7+	0.001	0.010	0.018	0.031	0.041	
S7+	0.004	0.012	0.022	0.033	0.053	
S9+	0.004	0.015	0.029	0.045	0.071	
Si6+	0.001	0.005	0.009	0.015	0.019	
Si7+	0.006	0.094	0.121	0.219	0.347	
Si8+	0.003	0.015	0.025	0.045	0.058	
10.0
Ion	0.0	0.1	1.0	10.0	100.0
Ca10+	0.046	0.068	0.282	0.653	0.063	
Ca11+	0.041	0.013	0.067	0.124	0.225	
Ca9+	0.031	0.090	0.136	0.243	0.454	
Fe12+	0.040	0.049	0.066	0.116	0.148	
Fe13+	0.041	0.062	0.114	0.215	0.327	
Fe14+	0.040	0.028	0.086	0.145	0.281	
Mg6+	0.035	0.094	0.181	0.271	0.374	
Mg7+	0.040	0.046	0.064	0.102	0.118	
S7+	0.040	0.031	0.065	0.107	0.164	
S9+	0.041	0.063	0.079	0.157	0.217	
Si6+	0.010	0.040	0.043	0.050	0.033	
Si7+	0.055	0.153	0.398	0.722	0.048	
Si8+	0.029	0.057	0.076	0.141	0.212	
Step : 20
100.0
Ion	0.0	0.1	1.0	10.0	100.0
Ca10+	0.005	0.051	0.101	0.197	0.415	
Ca11+	0.004	0.010	0.024	0.033	0.059	
Ca9+	0.004	0.026	0.038	0.071	0.117	
Fe12+	0.004	0.011	0.022	0.035	0.054	
Fe13+	0.004	0.018	0.039	0.071	0.122	
Fe14+	0.001	0.012	0.025	0.048	0.081	
Mg6+	0.005	0.034	0.049	0.085	0.115	
Mg7+	0.001	0.009	0.016	0.025	0.035	
S7+	0.003	0.010	0.021	0.034	0.050	
S9+	0.004	0.014	0.029	0.049	0.061	
Si7+	0.006	0.086	0.137	0.224	0.421	
Si8+	0.004	0.015	0.025	0.048	0.065	
10.0
Ion	0.0	0.1	1.0	10.0	100.0
Ca10+	0.031	0.118	0.287	0.645	0.069	
Ca11+	0.040	0.028	0.077	0.116	0.210	
Ca9+	0.033	0.029	0.136	0.238	0.376	
Fe12+	0.040	0.049	0.065	0.118	0.194	
Fe13+	0.040	0.061	0.113	0.213	0.392	
Fe14+	0.040	0.028	0.076	0.151	0.293	
Mg6+	0.034	0.102	0.167	0.270	0.381	
Mg7+	0.040	0.044	0.057	0.095	0.122	
S7+	0.040	0.045	0.070	0.114	0.149	
S9+	0.040	0.027	0.074	0.157	0.199	
Si7+	0.054	0.166	0.429	0.758	0.019	
Si8+	0.030	0.060	0.079	0.157	0.220	
Step : 25
100.0
Ion	0.0	0.1	1.0	10.0	100.0
Ca10+	0.005	0.053	0.089	0.163	0.489	
Ca11+	0.004	0.011	0.021	0.037	0.066	
Ca9+	0.004	0.024	0.046	0.074	0.110	
Fe12+	0.004	0.011	0.019	0.035	0.055	
Fe13+	0.003	0.018	0.036	0.068	0.127	
Fe14+	0.001	0.011	0.029	0.050	0.076	
Mg6+	0.005	0.032	0.059	0.087	0.114	
S7+	0.004	0.011	0.019	0.032	0.050	
S9+	0.003	0.014	0.026	0.044	0.073	
Si7+	0.006	0.086	0.118	0.217	0.317	
Si8+	0.003	0.015	0.028	0.046	0.057	
10.0
Ion	0.0	0.1	1.0	10.0	100.0
Ca10+	0.046	0.068	0.284	0.585	0.053	
Ca11+	0.040	0.048	0.072	0.128	0.203	
Ca9+	0.042	0.076	0.141	0.261	0.442	
Fe12+	0.040	0.045	0.062	0.109	0.152	
Fe13+	0.040	0.062	0.109	0.167	0.381	
Fe14+	0.040	0.030	0.080	0.142	0.231	
Mg6+	0.033	0.093	0.184	0.253	0.401	
S7+	0.040	0.011	0.060	0.110	0.145	
S9+	0.030	0.029	0.087	0.150	0.233	
Si7+	0.030	0.116	0.450	0.769	0.039	
Si8+	0.032	0.030	0.078	0.135	0.174	
Step : 30
100.0
Ion	0.0	0.1	1.0	10.0	100.0
Ca10+	0.005	0.045	0.088	0.188	0.341	
Ca11+	0.004	0.011	0.021	0.044	0.057	
Ca9+	0.004	0.025	0.047	0.085	0.124	
Fe12+	0.004	0.009	0.022	0.036	0.056	
Fe13+	0.004	0.018	0.037	0.066	0.110	
Fe14+	0.004	0.011	0.026	0.049	0.084	
Mg6+	0.003	0.036	0.056	0.099	0.133	
S7+	0.004	0.010	0.020	0.031	0.046	
S9+	0.004	0.015	0.027	0.048	0.065	
Si7+	0.006	0.080	0.127	0.220	0.392	
Si8+	0.004	0.015	0.029	0.044	0.063	
10.0
Ion	0.0	0.1	1.0	10.0	100.0
Ca10+	0.030	0.077	0.285	0.656	0.025	
Ca11+	0.040	0.050	0.077	0.141	0.190	
Ca9+	0.033	0.077	0.123	0.231	0.441	
Fe12+	0.040	0.050	0.061	0.115	0.189	
Fe13+	0.012	0.065	0.102	0.217	0.398	
Fe14+	0.040	0.029	0.072	0.159	0.235	
Mg6+	0.034	0.105	0.164	0.272	0.380	
S7+	0.040	0.045	0.065	0.108	0.137	
S9+	0.040	0.031	0.085	0.142	0.199	
Si7+	0.057	0.065	0.363	0.745	0.059	
Si8+	0.041	0.031	0.086	0.127	0.198	
Step : 35
100.0
Ion	0.0	0.1	1.0	10.0	100.0
Ca10+	0.005	0.053	0.089	0.200	0.367	
Ca11+	0.004	0.012	0.019	0.037	0.060	
Ca9+	0.004	0.022	0.050	0.080	0.113	
Fe12+	0.004	0.009	0.021	0.040	0.051	
Fe13+	0.003	0.017	0.037	0.066	0.132	
Fe14+	0.001	0.011	0.025	0.047	0.081	
Mg6+	0.005	0.034	0.058	0.083	0.116	
S7+	0.004	0.011	0.019	0.031	0.041	
S9+	0.004	0.013	0.024	0.043	0.076	
Si7+	0.006	0.097	0.111	0.209	0.386	
Si8+	0.004	0.014	0.027	0.049	0.063	
10.0
Ion	0.0	0.1	1.0	10.0	100.0
Ca10+	0.048	0.086	0.268	0.603	0.013	
Ca11+	0.041	0.051	0.066	0.127	0.192	
Ca9+	0.041	0.084	0.136	0.248	0.448	
Fe12+	0.040	0.047	0.061	0.118	0.170	
Fe13+	0.030	0.062	0.107	0.213	0.364	
Fe14+	0.040	0.047	0.072	0.140	0.243	
Mg6+	0.047	0.094	0.170	0.294	0.396	
S7+	0.040	0.029	0.068	0.102	0.155	
S9+	0.041	0.029	0.084	0.132	0.213	
Si7+	0.058	0.064	0.401	0.731	0.051	
Si8+	0.041	0.031	0.103	0.131	0.171	
Step : 40
100.0
Ion	0.0	0.1	1.0	10.0	100.0
Ca10+	0.004	0.044	0.075	0.192	0.431	
Ca11+	0.004	0.011	0.023	0.038	0.067	
Ca9+	0.004	0.020	0.044	0.074	0.138	
Fe12+	0.004	0.011	0.017	0.033	0.052	
Fe13+	0.004	0.016	0.038	0.064	0.107	
Fe14+	0.001	0.010	0.024	0.050	0.075	
Mg6+	0.005	0.032	0.053	0.088	0.112	
N4+	0.001	0.006	0.012	0.016	0.023	
S7+	0.004	0.011	0.019	0.031	0.051	
S9+	0.004	0.015	0.027	0.042	0.067	
Si7+	0.009	0.087	0.110	0.209	0.407	
Si8+	0.003	0.015	0.029	0.045	0.064	
10.0
Ion	0.0	0.1	1.0	10.0	100.0
Ca10+	0.044	0.094	0.278	0.700	0.050	
Ca11+	0.040	0.046	0.069	0.124	0.182	
Ca9+	0.033	0.090	0.135	0.238	0.390	
Fe12+	0.040	0.048	0.067	0.119	0.163	
Fe13+	0.040	0.030	0.116	0.197	0.334	
Fe14+	0.040	0.027	0.075	0.136	0.300	
Mg6+	0.034	0.101	0.173	0.289	0.383	
N4+	0.040	0.043	0.048	0.059	0.069	
S7+	0.040	0.011	0.060	0.106	0.171	
S9+	0.040	0.029	0.086	0.141	0.198	
Si7+	0.054	0.067	0.357	0.775	0.028	
Si8+	0.040	0.029	0.092	0.124	0.167	
Step : 45
100.0
Ion	0.0	0.1	1.0	10.0	100.0
Ca10+	0.005	0.048	0.089	0.192	0.435	
Ca11+	0.004	0.011	0.021	0.032	0.059	
Fe13+	0.004	0.015	0.033	0.066	0.123	
Fe14+	0.001	0.010	0.026	0.042	0.075	
Mg6+	0.003	0.031	0.057	0.087	0.144	
N4+	0.004	0.006	0.012	0.020	0.027	
S9+	0.003	0.013	0.027	0.049	0.066	
Si7+	0.006	0.091	0.122	0.224	0.396	
Si8+	0.003	0.015	0.027	0.044	0.076	
10.0
Ion	0.0	0.1	1.0	10.0	100.0
Ca10+	0.031	0.121	0.308	0.628	0.076	
Ca11+	0.039	0.014	0.067	0.109	0.196	
Fe13+	0.040	0.067	0.109	0.219	0.366	
Fe14+	0.010	0.048	0.081	0.150	0.206	
Mg6+	0.035	0.100	0.177	0.262	0.460	
N4+	0.040	0.005	0.049	0.057	0.077	
S9+	0.013	0.029	0.090	0.147	0.197	
Si7+	0.028	0.110	0.434	0.762	0.055	
Si8+	0.041	0.058	0.085	0.143	0.198	
Step : 50
100.0
Ion	0.0	0.1	1.0	10.0	100.0
Ca10+	0.003	0.045	0.094	0.155	0.422	
Ca11+	0.004	0.012	0.020	0.035	0.064	
Fe13+	0.003	0.018	0.035	0.060	0.120	
Fe14+	0.001	0.010	0.025	0.051	0.072	
Mg6+	0.005	0.035	0.054	0.093	0.116	
N4+	0.004	0.006	0.012	0.018	0.025	
S9+	0.003	0.015	0.027	0.039	0.061	
Si7+	0.008	0.083	0.119	0.220	0.359	
Si8+	0.003	0.013	0.029	0.044	0.059	
10.0
Ion	0.0	0.1	1.0	10.0	100.0
Ca10+	0.032	0.070	0.295	0.620	0.062	
Ca11+	0.040	0.050	0.065	0.104	0.205	
Fe13+	0.012	0.059	0.121	0.193	0.363	
Fe14+	0.040	0.048	0.085	0.131	0.253	
Mg6+	0.034	0.106	0.178	0.321	0.386	
N4+	0.039	0.041	0.046	0.061	0.080	
S9+	0.026	0.030	0.078	0.121	0.199	
Si7+	0.056	0.065	0.425	0.716	0.026	
Si8+	0.041	0.030	0.091	0.147	0.185	
Step : 55
