Step : 1
Step : 5
100.0
Ion	0.0	0.1	1.0	10.0	100.0
Ca10+	0.003	0.019	0.035	0.060	0.104	
Ca11+	0.005	0.053	0.081	0.186	0.391	
Ca12+	0.003	0.019	0.040	0.076	0.118	
Ca13+	0.004	0.006	0.012	0.020	0.030	
Fe14+	0.004	0.010	0.019	0.034	0.052	
Fe15+	0.004	0.012	0.025	0.046	0.084	
Mg6+	0.004	0.007	0.011	0.019	0.024	
Mg7+	0.003	0.031	0.063	0.093	0.132	
S10+	0.003	0.022	0.040	0.061	0.098	
S8+	0.003	0.014	0.029	0.048	0.078	
Si7+	0.004	0.010	0.020	0.039	0.047	
Si8+	0.011	0.092	0.135	0.249	0.412	
Si9+	0.003	0.016	0.028	0.048	0.068	
10.0
Ion	0.0	0.1	1.0	10.0	100.0
Ca10+	0.041	0.067	0.108	0.194	0.312	
Ca11+	0.030	0.068	0.311	0.598	0.878	
Ca12+	0.028	0.077	0.114	0.220	0.401	
Ca13+	0.010	0.042	0.047	0.066	0.110	
Fe14+	0.040	0.049	0.067	0.110	0.193	
Fe15+	0.040	0.027	0.073	0.140	0.224	
Mg6+	0.040	0.044	0.010	0.055	0.079	
Mg7+	0.035	0.087	0.193	0.278	0.482	
S10+	0.030	0.028	0.134	0.196	0.308	
S8+	0.041	0.062	0.100	0.156	0.233	
Si7+	0.040	0.026	0.073	0.107	0.154	
Si8+	0.054	0.170	0.464	0.925	0.011	
Si9+	0.041	0.029	0.090	0.136	0.173	
Step : 10
100.0
Ion	0.0	0.1	1.0	10.0	100.0
Ca10+	0.004	0.017	0.034	0.068	0.098	
Ca11+	0.005	0.056	0.119	0.219	0.456	
Ca12+	0.003	0.020	0.038	0.075	0.120	
Ca13+	0.004	0.003	0.010	0.018	0.028	
Fe14+	0.003	0.013	0.024	0.039	0.071	
Fe15+	0.004	0.017	0.029	0.058	0.100	
Fe16+	0.001	0.010	0.023	0.039	0.065	
Mg6+	0.004	0.007	0.011	0.018	0.026	
Mg7+	0.005	0.035	0.061	0.095	0.143	
S10+	0.003	0.019	0.036	0.066	0.102	
S8+	0.004	0.016	0.030	0.052	0.071	
Si7+	0.003	0.009	0.018	0.031	0.040	
Si8+	0.010	0.093	0.146	0.289	0.561	
Si9+	0.004	0.015	0.029	0.048	0.059	
10.0
Ion	0.0	0.1	1.0	10.0	100.0
Ca10+	0.031	0.069	0.124	0.210	0.313	
Ca11+	0.049	0.068	0.330	0.737	0.056	
Ca12+	0.012	0.070	0.124	0.224	0.407	
Ca13+	0.039	0.040	0.043	0.059	0.091	
Fe14+	0.041	0.052	0.091	0.147	0.221	
Fe15+	0.041	0.060	0.099	0.183	0.345	
Fe16+	0.039	0.048	0.065	0.132	0.188	
Mg6+	0.010	0.043	0.044	0.034	0.084	
Mg7+	0.044	0.091	0.205	0.334	0.433	
S10+	0.031	0.028	0.112	0.192	0.293	
S8+	0.032	0.058	0.079	0.150	0.202	
Si7+	0.039	0.011	0.064	0.096	0.148	
Si8+	0.056	0.074	0.405	0.898	0.053	
Si9+	0.040	0.031	0.089	0.144	0.185	
Step : 15
100.0
Ion	0.0	0.1	1.0	10.0	100.0
Ca10+	0.004	0.021	0.037	0.060	0.088	
Ca11+	0.003	0.067	0.105	0.222	0.552	
Ca12+	0.003	0.020	0.033	0.059	0.131	
Ca13+	0.004	0.003	0.011	0.016	0.023	
Fe14+	0.004	0.014	0.030	0.044	0.085	
Fe15+	0.004	0.017	0.035	0.058	0.123	
Fe16+	0.001	0.010	0.024	0.046	0.069	
Mg6+	0.004	0.006	0.011	0.016	0.023	
Mg7+	0.005	0.035	0.059	0.095	0.150	
O5+	0.004	0.007	0.011	0.020	0.020	
S10+	0.003	0.016	0.034	0.060	0.089	
S8+	0.003	0.013	0.028	0.047	0.076	
Si7+	0.004	0.010	0.019	0.029	0.042	
Si8+	0.005	0.096	0.142	0.256	0.456	
Si9+	0.004	0.014	0.026	0.042	0.061	
10.0
Ion	0.0	0.1	1.0	10.0	100.0
Ca10+	0.033	0.066	0.101	0.194	0.303	
Ca11+	0.030	0.064	0.362	0.775	0.060	
Ca12+	0.041	0.070	0.119	0.180	0.360	
Ca13+	0.039	0.041	0.045	0.057	0.088	
Fe14+	0.041	0.031	0.091	0.170	0.256	
Fe15+	0.041	0.062	0.090	0.187	0.321	
Fe16+	0.040	0.030	0.074	0.135	0.201	
Mg6+	0.040	0.042	0.047	0.056	0.083	
Mg7+	0.034	0.102	0.185	0.318	0.518	
O5+	0.040	0.043	0.030	0.058	0.088	
S10+	0.030	0.026	0.107	0.181	0.271	
S8+	0.041	0.029	0.077	0.149	0.234	
Si7+	0.040	0.047	0.060	0.094	0.128	
Si8+	0.053	0.070	0.536	0.855	0.048	
Si9+	0.041	0.030	0.072	0.138	0.211	
Step : 20
100.0
Ion	0.0	0.1	1.0	10.0	100.0
Ca10+	0.004	0.019	0.032	0.063	0.094	
Ca11+	0.005	0.061	0.092	0.191	0.448	
Ca12+	0.003	0.018	0.039	0.072	0.118	
Ca13+	0.004	0.002	0.008	0.017	0.025	
Fe14+	0.004	0.015	0.033	0.051	0.092	
Fe15+	0.003	0.020	0.031	0.061	0.106	
Fe16+	0.001	0.010	0.022	0.041	0.069	
Mg6+	0.004	0.007	0.011	0.016	0.023	
Mg7+	0.003	0.037	0.054	0.104	0.151	
O5+	0.004	0.008	0.003	0.018	0.030	
S10+	0.003	0.019	0.035	0.054	0.091	
S8+	0.004	0.015	0.030	0.045	0.072	
Si7+	0.004	0.009	0.017	0.026	0.044	
Si8+	0.006	0.099	0.157	0.309	0.475	
Si9+	0.004	0.016	0.027	0.050	0.069	
10.0
Ion	0.0	0.1	1.0	10.0	100.0
Ca10+	0.032	0.064	0.117	0.183	0.321	
Ca11+	0.030	0.123	0.352	0.753	0.063	
Ca12+	0.013	0.060	0.096	0.205	0.299	
Ca13+	0.040	0.041	0.044	0.056	0.080	
Fe14+	0.040	0.029	0.092	0.144	0.240	
Fe15+	0.026	0.061	0.117	0.203	0.384	
Fe16+	0.040	0.046	0.074	0.138	0.216	
Mg6+	0.040	0.043	0.046	0.032	0.063	
Mg7+	0.033	0.093	0.205	0.317	0.493	
O5+	0.039	0.044	0.048	0.063	0.080	
S10+	0.032	0.068	0.121	0.192	0.287	
S8+	0.012	0.033	0.092	0.141	0.232	
Si7+	0.013	0.045	0.030	0.096	0.127	
Si8+	0.060	0.073	0.478	0.816	0.052	
Si9+	0.033	0.058	0.085	0.144	0.215	
Step : 25
100.0
Ion	0.0	0.1	1.0	10.0	100.0
Ca10+	0.003	0.018	0.036	0.062	0.104	
Ca11+	0.005	0.062	0.095	0.228	0.488	
Ca12+	0.003	0.020	0.042	0.069	0.117	
Ca13+	0.004	0.003	0.010	0.015	0.022	
Fe14+	0.004	0.013	0.030	0.054	0.082	
Fe15+	0.003	0.018	0.037	0.062	0.132	
Fe16+	0.001	0.010	0.023	0.041	0.071	
Mg6+	0.004	0.006	0.011	0.018	0.025	
Mg7+	0.003	0.038	0.059	0.097	0.165	
O5+	0.004	0.007	0.015	0.023	0.027	
S10+	0.004	0.017	0.035	0.056	0.093	
S8+	0.004	0.014	0.026	0.050	0.078	
Si7+	0.004	0.010	0.016	0.025	0.039	
Si8+	0.006	0.098	0.151	0.316	0.533	
Si9+	0.004	0.015	0.023	0.044	0.062	
10.0
Ion	0.0	0.1	1.0	10.0	100.0
Ca10+	0.031	0.072	0.111	0.210	0.329	
Ca11+	0.045	0.138	0.365	0.743	0.075	
Ca12+	0.040	0.028	0.119	0.248	0.363	
Ca13+	0.040	0.041	0.043	0.053	0.073	
Fe14+	0.040	0.030	0.090	0.154	0.275	
Fe15+	0.041	0.028	0.109	0.229	0.356	
Fe16+	0.040	0.048	0.066	0.130	0.222	
Mg6+	0.040	0.042	0.049	0.055	0.081	
Mg7+	0.032	0.092	0.185	0.314	0.509	
O5+	0.040	0.044	0.030	0.070	0.093	
S10+	0.041	0.064	0.115	0.175	0.310	
S8+	0.041	0.028	0.099	0.160	0.231	
Si7+	0.040	0.050	0.058	0.080	0.126	
Si8+	0.056	0.065	0.527	0.839	0.054	
Si9+	0.028	0.059	0.075	0.140	0.195	
Step : 30
100.0
Ion	0.0	0.1	1.0	10.0	100.0
Ca10+	0.003	0.018	0.036	0.059	0.088	
Ca11+	0.005	0.058	0.112	0.221	0.564	
Ca12+	0.003	0.017	0.034	0.064	0.110	
Ca13+	0.001	0.005	0.009	0.016	0.024	
Fe14+	0.004	0.015	0.027	0.061	0.090	
Fe15+	0.003	0.016	0.034	0.073	0.127	
Fe16+	0.001	0.010	0.020	0.041	0.063	
Mg6+	0.004	0.006	0.010	0.016	0.024	
Mg7+	0.005	0.041	0.057	0.105	0.130	
O5+	0.004	0.008	0.014	0.023	0.028	
S10+	0.003	0.016	0.030	0.053	0.088	
S8+	0.003	0.015	0.026	0.049	0.078	
Si7+	0.004	0.010	0.016	0.027	0.039	
Si8+	0.006	0.102	0.148	0.265	0.470	
Si9+	0.004	0.014	0.028	0.045	0.064	
10.0
Ion	0.0	0.1	1.0	10.0	100.0
Ca10+	0.031	0.065	0.106	0.212	0.349	
Ca11+	0.048	0.066	0.353	0.755	0.063	
Ca12+	0.041	0.031	0.102	0.206	0.368	
Ca13+	0.039	0.041	0.045	0.054	0.080	
Fe14+	0.012	0.029	0.088	0.161	0.272	
Fe15+	0.041	0.064	0.116	0.218	0.387	
Fe16+	0.040	0.049	0.065	0.120	0.209	
Mg6+	0.040	0.041	0.009	0.059	0.077	
Mg7+	0.045	0.111	0.220	0.306	0.489	
O5+	0.040	0.010	0.057	0.073	0.091	
S10+	0.031	0.030	0.107	0.208	0.300	
S8+	0.032	0.030	0.107	0.144	0.220	
Si7+	0.025	0.047	0.056	0.078	0.127	
Si8+	0.055	0.074	0.407	0.897	0.061	
Si9+	0.012	0.030	0.077	0.142	0.192	
Step : 35
100.0
Ion	0.0	0.1	1.0	10.0	100.0
Ca10+	0.003	0.021	0.036	0.072	0.094	
Ca11+	0.003	0.056	0.111	0.223	0.442	
Ca12+	0.004	0.017	0.034	0.060	0.110	
Ca13+	0.001	0.005	0.008	0.016	0.020	
Fe14+	0.004	0.014	0.026	0.050	0.084	
Fe15+	0.001	0.015	0.037	0.066	0.130	
Fe16+	0.001	0.010	0.022	0.041	0.063	
Mg6+	0.004	0.006	0.011	0.017	0.020	
Mg7+	0.003	0.031	0.061	0.110	0.167	
O5+	0.004	0.007	0.015	0.019	0.024	
S10+	0.003	0.021	0.036	0.059	0.085	
S8+	0.003	0.014	0.027	0.049	0.063	
Si7+	0.003	0.009	0.015	0.029	0.039	
Si8+	0.008	0.105	0.146	0.280	0.555	
Si9+	0.004	0.016	0.025	0.044	0.070	
10.0
Ion	0.0	0.1	1.0	10.0	100.0
Ca10+	0.028	0.071	0.104	0.219	0.347	
Ca11+	0.030	0.027	0.343	0.790	0.058	
Ca12+	0.012	0.066	0.101	0.189	0.333	
Ca13+	0.010	0.040	0.044	0.031	0.082	
Fe14+	0.025	0.030	0.090	0.175	0.265	
Fe15+	0.040	0.060	0.112	0.220	0.386	
Fe16+	0.010	0.046	0.064	0.122	0.236	
Mg6+	0.039	0.041	0.045	0.033	0.075	
Mg7+	0.033	0.100	0.202	0.282	0.402	
O5+	0.040	0.043	0.030	0.071	0.094	
S10+	0.033	0.031	0.099	0.163	0.290	
S8+	0.040	0.028	0.082	0.145	0.228	
Si7+	0.040	0.045	0.056	0.084	0.125	
Si8+	0.053	0.065	0.498	0.915	0.057	
Si9+	0.040	0.029	0.079	0.151	0.218	
Step : 40
100.0
Ion	0.0	0.1	1.0	10.0	100.0
Ca10+	0.002	0.020	0.034	0.066	0.114	
Ca11+	0.005	0.067	0.108	0.213	0.483	
Ca12+	0.003	0.018	0.036	0.066	0.109	
Ca13+	0.001	0.005	0.008	0.016	0.022	
Fe14+	0.003	0.016	0.030	0.047	0.087	
Fe15+	0.004	0.019	0.033	0.067	0.123	
Fe16+	0.001	0.011	0.021	0.042	0.058	
Mg6+	0.004	0.006	0.011	0.019	0.024	
Mg7+	0.003	0.037	0.066	0.101	0.147	
O5+	0.004	0.009	0.014	0.021	0.032	
S10+	0.003	0.017	0.032	0.060	0.091	
S8+	0.004	0.014	0.023	0.046	0.066	
Si7+	0.004	0.010	0.018	0.028	0.040	
Si8+	0.002	0.100	0.125	0.259	0.445	
Si9+	0.003	0.015	0.030	0.043	0.069	
10.0
Ion	0.0	0.1	1.0	10.0	100.0
Ca10+	0.041	0.070	0.100	0.210	0.346	
Ca11+	0.051	0.063	0.341	0.796	0.063	
Ca12+	0.041	0.062	0.102	0.207	0.363	
Ca13+	0.039	0.040	0.043	0.057	0.073	
Fe14+	0.033	0.029	0.085	0.160	0.239	
Fe15+	0.041	0.062	0.114	0.203	0.409	
Fe16+	0.040	0.049	0.072	0.132	0.256	
Mg6+	0.040	0.043	0.045	0.033	0.076	
Mg7+	0.032	0.108	0.177	0.286	0.461	
O5+	0.013	0.045	0.033	0.075	0.101	
S10+	0.034	0.067	0.114	0.180	0.284	
S8+	0.040	0.029	0.076	0.147	0.231	
Si7+	0.040	0.044	0.054	0.093	0.133	
Si8+	0.056	0.011	0.536	0.953	0.018	
Si9+	0.041	0.030	0.075	0.141	0.220	
Step : 45
100.0
Ion	0.0	0.1	1.0	10.0	100.0
Ca10+	0.004	0.019	0.031	0.066	0.095	
Ca11+	0.003	0.072	0.100	0.211	0.622	
Ca12+	0.003	0.019	0.037	0.069	0.103	
Ca13+	0.001	0.003	0.008	0.014	0.022	
Fe14+	0.004	0.013	0.030	0.056	0.082	
Fe15+	0.004	0.018	0.038	0.061	0.120	
Fe16+	0.001	0.011	0.024	0.039	0.077	
Mg6+	0.004	0.007	0.011	0.019	0.025	
Mg7+	0.005	0.040	0.056	0.100	0.153	
O5+	0.003	0.008	0.016	0.024	0.033	
S10+	0.004	0.016	0.032	0.065	0.084	
S8+	0.004	0.013	0.029	0.046	0.055	
Si7+	0.004	0.010	0.015	0.026	0.043	
Si8+	0.006	0.098	0.150	0.257	0.457	
Si9+	0.004	0.015	0.031	0.041	0.058	
10.0
Ion	0.0	0.1	1.0	10.0	100.0
Ca10+	0.029	0.029	0.113	0.188	0.301	
Ca11+	0.046	0.070	0.345	0.775	0.029	
Ca12+	0.033	0.066	0.120	0.203	0.352	
Ca13+	0.039	0.041	0.042	0.054	0.073	
Fe14+	0.041	0.029	0.091	0.166	0.258	
Fe15+	0.028	0.064	0.114	0.210	0.318	
Fe16+	0.040	0.047	0.070	0.130	0.232	
Mg6+	0.040	0.043	0.049	0.032	0.076	
Mg7+	0.034	0.104	0.161	0.333	0.594	
O5+	0.040	0.047	0.054	0.082	0.106	
S10+	0.041	0.069	0.104	0.163	0.288	
S8+	0.041	0.054	0.090	0.149	0.228	
Si7+	0.040	0.044	0.050	0.084	0.129	
Si8+	0.055	0.017	0.493	0.908	0.016	
Si9+	0.032	0.060	0.084	0.130	0.198	
Step : 50
100.0
Ion	0.0	0.1	1.0	10.0	100.0
Ca10+	0.004	0.019	0.039	0.065	0.105	
Ca11+	0.005	0.070	0.111	0.208	0.440	
Ca12+	0.003	0.020	0.037	0.061	0.111	
Ca13+	0.001	0.003	0.007	0.013	0.023	
Fe14+	0.003	0.014	0.030	0.049	0.088	
Fe15+	0.004	0.018	0.037	0.069	0.118	
Fe16+	0.001	0.010	0.019	0.045	0.059	
Mg6+	0.004	0.007	0.011	0.018	0.022	
Mg7+	0.003	0.038	0.063	0.108	0.122	
O5+	0.004	0.008	0.015	0.022	0.031	
S10+	0.003	0.017	0.035	0.055	0.095	
S8+	0.004	0.013	0.026	0.043	0.057	
Si7+	0.004	0.010	0.019	0.026	0.038	
Si8+	0.006	0.090	0.166	0.254	0.577	
Si9+	0.004	0.016	0.029	0.044	0.063	
10.0
Ion	0.0	0.1	1.0	10.0	100.0
Ca10+	0.034	0.066	0.119	0.209	0.302	
Ca11+	0.030	0.064	0.344	0.825	0.011	
Ca12+	0.041	0.063	0.106	0.202	0.321	
Ca13+	0.010	0.041	0.044	0.055	0.072	
Fe14+	0.041	0.058	0.088	0.155	0.249	
Fe15+	0.032	0.061	0.110	0.232	0.387	
Fe16+	0.040	0.045	0.061	0.132	0.187	
Mg6+	0.040	0.043	0.011	0.057	0.071	
Mg7+	0.033	0.102	0.216	0.329	0.502	
O5+	0.040	0.029	0.053	0.066	0.107	
S10+	0.012	0.062	0.108	0.183	0.248	
S8+	0.040	0.028	0.083	0.144	0.208	
Si7+	0.040	0.044	0.056	0.085	0.118	
Si8+	0.053	0.066	0.465	0.922	0.025	
Si9+	0.040	0.030	0.088	0.138	0.231	
Step : 55
