Step : 1
Step : 5
100.0
Ion	0.0	0.1	1.0	10.0	100.0
Ca13+	0.003	0.019	0.041	0.071	0.096	
Mg10+	0.001	0.011	0.020	0.031	0.046	
Mg8+	0.003	0.023	0.044	0.076	0.096	
Mg9+	0.003	0.062	0.084	0.157	0.298	
Ne7+	0.003	0.019	0.032	0.041	0.061	
Ne8+	0.003	0.017	0.029	0.049	0.062	
S10+	0.004	0.017	0.026	0.056	0.078	
S11+	0.006	0.079	0.124	0.244	0.476	
S12+	0.005	0.042	0.071	0.124	0.265	
Si11+	0.005	0.022	0.041	0.071	0.142	
Si9+	0.004	0.020	0.042	0.073	0.099	
10.0
Ion	0.0	0.1	1.0	10.0	100.0
Ca13+	0.027	0.029	0.117	0.215	0.299	
Mg10+	0.040	0.047	0.074	0.117	0.133	
Mg8+	0.032	0.085	0.148	0.211	0.366	
Mg9+	0.050	0.070	0.291	0.545	0.922	
Ne7+	0.035	0.063	0.100	0.149	0.198	
Ne8+	0.030	0.061	0.088	0.152	0.211	
S10+	0.030	0.029	0.089	0.197	0.237	
S11+	0.050	0.064	0.380	0.786	0.019	
S12+	0.033	0.085	0.219	0.456	0.950	
Si11+	0.035	0.087	0.146	0.258	0.463	
Si9+	0.029	0.070	0.119	0.211	0.333	
Step : 10
100.0
Ion	0.0	0.1	1.0	10.0	100.0
Ca13+	0.003	0.021	0.039	0.064	0.112	
Ca14+	0.003	0.023	0.047	0.087	0.169	
Fe18+	0.004	0.007	0.013	0.028	0.041	
Mg10+	0.001	0.013	0.018	0.031	0.047	
Mg8+	0.003	0.024	0.040	0.074	0.112	
Mg9+	0.005	0.061	0.090	0.180	0.271	
Ne7+	0.003	0.018	0.034	0.047	0.056	
Ne8+	0.004	0.017	0.029	0.056	0.073	
O6+	0.004	0.010	0.018	0.028	0.030	
S10+	0.004	0.014	0.028	0.051	0.073	
S11+	0.005	0.082	0.127	0.234	0.437	
S12+	0.003	0.031	0.064	0.111	0.204	
Si11+	0.003	0.024	0.047	0.074	0.122	
Si9+	0.004	0.022	0.039	0.056	0.108	
10.0
Ion	0.0	0.1	1.0	10.0	100.0
Ca13+	0.031	0.028	0.130	0.197	0.380	
Ca14+	0.041	0.080	0.156	0.287	0.603	
Fe18+	0.039	0.042	0.057	0.068	0.138	
Mg10+	0.040	0.013	0.060	0.099	0.137	
Mg8+	0.033	0.092	0.129	0.251	0.331	
Mg9+	0.032	0.073	0.284	0.544	0.889	
Ne7+	0.033	0.061	0.088	0.149	0.213	
Ne8+	0.029	0.066	0.105	0.168	0.235	
O6+	0.040	0.027	0.058	0.092	0.092	
S10+	0.013	0.030	0.093	0.163	0.242	
S11+	0.052	0.026	0.388	0.780	0.014	
S12+	0.033	0.101	0.189	0.359	0.833	
Si11+	0.033	0.071	0.130	0.245	0.411	
Si9+	0.035	0.066	0.107	0.181	0.305	
Step : 15
100.0
Ion	0.0	0.1	1.0	10.0	100.0
Ca13+	0.003	0.022	0.041	0.082	0.122	
Ca14+	0.003	0.026	0.046	0.107	0.164	
Fe17+	0.004	0.006	0.011	0.021	0.026	
Fe18+	0.004	0.008	0.019	0.032	0.050	
Fe19+	0.001	0.008	0.017	0.031	0.056	
Mg10+	0.001	0.011	0.020	0.028	0.039	
Mg8+	0.003	0.022	0.041	0.068	0.113	
Mg9+	0.006	0.063	0.091	0.188	0.344	
Ne7+	0.003	0.019	0.032	0.048	0.065	
Ne8+	0.003	0.017	0.031	0.060	0.077	
O6+	0.004	0.013	0.019	0.027	0.037	
S10+	0.004	0.016	0.029	0.051	0.079	
S11+	0.005	0.079	0.120	0.255	0.546	
S12+	0.004	0.034	0.063	0.126	0.194	
Si11+	0.004	0.022	0.043	0.072	0.103	
Si9+	0.003	0.016	0.039	0.061	0.099	
10.0
Ion	0.0	0.1	1.0	10.0	100.0
Ca13+	0.030	0.084	0.135	0.235	0.382	
Ca14+	0.042	0.086	0.159	0.282	0.670	
Fe17+	0.010	0.041	0.011	0.059	0.098	
Fe18+	0.040	0.006	0.056	0.082	0.146	
Fe19+	0.010	0.043	0.052	0.105	0.173	
Mg10+	0.040	0.047	0.063	0.088	0.117	
Mg8+	0.034	0.028	0.124	0.224	0.337	
Mg9+	0.048	0.061	0.322	0.630	0.072	
Ne7+	0.034	0.067	0.087	0.135	0.196	
Ne8+	0.030	0.066	0.096	0.169	0.274	
O6+	0.026	0.050	0.064	0.084	0.108	
S10+	0.012	0.029	0.086	0.142	0.207	
S11+	0.056	0.065	0.367	0.808	0.049	
S12+	0.033	0.092	0.190	0.352	0.807	
Si11+	0.033	0.030	0.126	0.241	0.335	
Si9+	0.031	0.064	0.115	0.183	0.277	
Step : 20
100.0
Ion	0.0	0.1	1.0	10.0	100.0
Ca13+	0.003	0.021	0.044	0.077	0.124	
Ca14+	0.004	0.026	0.051	0.100	0.200	
Fe17+	0.004	0.006	0.012	0.023	0.034	
Fe18+	0.004	0.009	0.019	0.032	0.050	
Fe19+	0.001	0.008	0.017	0.033	0.047	
Mg10+	0.001	0.010	0.018	0.029	0.043	
Mg8+	0.005	0.023	0.039	0.068	0.102	
Mg9+	0.000	0.056	0.090	0.189	0.285	
Ne7+	0.004	0.020	0.032	0.051	0.056	
Ne8+	0.004	0.018	0.033	0.060	0.077	
O6+	0.003	0.015	0.020	0.032	0.039	
S10+	0.004	0.014	0.027	0.048	0.055	
S11+	0.005	0.088	0.133	0.238	0.503	
S12+	0.004	0.030	0.055	0.119	0.208	
Si11+	0.004	0.024	0.043	0.073	0.115	
Si9+	0.004	0.020	0.035	0.060	0.096	
10.0
Ion	0.0	0.1	1.0	10.0	100.0
Ca13+	0.032	0.075	0.141	0.242	0.382	
Ca14+	0.029	0.085	0.152	0.303	0.755	
Fe17+	0.039	0.044	0.013	0.070	0.092	
Fe18+	0.040	0.043	0.031	0.110	0.163	
Fe19+	0.040	0.043	0.031	0.091	0.161	
Mg10+	0.040	0.009	0.056	0.088	0.132	
Mg8+	0.032	0.078	0.128	0.238	0.343	
Mg9+	0.051	0.101	0.236	0.487	0.027	
Ne7+	0.033	0.030	0.111	0.152	0.197	
Ne8+	0.041	0.065	0.096	0.176	0.230	
O6+	0.041	0.049	0.067	0.101	0.133	
S10+	0.030	0.029	0.091	0.145	0.216	
S11+	0.029	0.066	0.385	0.870	0.023	
S12+	0.033	0.105	0.183	0.336	0.753	
Si11+	0.036	0.079	0.122	0.214	0.381	
Si9+	0.041	0.029	0.099	0.208	0.299	
Step : 25
100.0
Ion	0.0	0.1	1.0	10.0	100.0
Ca13+	0.004	0.021	0.042	0.079	0.142	
Ca14+	0.003	0.026	0.051	0.095	0.181	
Fe17+	0.001	0.006	0.013	0.022	0.031	
Fe18+	0.004	0.009	0.018	0.037	0.054	
Fe19+	0.004	0.008	0.018	0.037	0.051	
Mg10+	0.004	0.009	0.020	0.030	0.039	
Mg8+	0.003	0.025	0.040	0.071	0.109	
Mg9+	0.004	0.056	0.099	0.169	0.274	
Ne7+	0.003	0.020	0.030	0.050	0.060	
Ne8+	0.003	0.019	0.033	0.054	0.078	
O6+	0.003	0.014	0.024	0.034	0.040	
S10+	0.004	0.013	0.026	0.044	0.075	
S11+	0.005	0.079	0.113	0.267	0.503	
S12+	0.003	0.032	0.060	0.101	0.182	
Si11+	0.004	0.024	0.037	0.073	0.113	
Si9+	0.004	0.021	0.034	0.057	0.089	
10.0
Ion	0.0	0.1	1.0	10.0	100.0
Ca13+	0.029	0.075	0.137	0.242	0.355	
Ca14+	0.032	0.087	0.170	0.266	0.671	
Fe17+	0.040	0.042	0.031	0.069	0.110	
Fe18+	0.040	0.044	0.056	0.105	0.165	
Fe19+	0.040	0.043	0.061	0.110	0.189	
Mg10+	0.012	0.046	0.061	0.102	0.121	
Mg8+	0.033	0.074	0.146	0.222	0.346	
Mg9+	0.030	0.073	0.274	0.567	0.911	
Ne7+	0.034	0.065	0.094	0.135	0.209	
Ne8+	0.032	0.064	0.114	0.169	0.225	
O6+	0.032	0.029	0.075	0.124	0.130	
S10+	0.040	0.030	0.088	0.160	0.258	
S11+	0.055	0.062	0.442	0.815	0.058	
S12+	0.031	0.082	0.179	0.385	0.768	
Si11+	0.030	0.079	0.122	0.227	0.333	
Si9+	0.032	0.064	0.118	0.186	0.281	
Step : 30
100.0
Ion	0.0	0.1	1.0	10.0	100.0
Ca13+	0.004	0.021	0.047	0.072	0.135	
Ca14+	0.003	0.025	0.048	0.099	0.202	
Fe17+	0.001	0.006	0.012	0.021	0.035	
Fe18+	0.004	0.009	0.020	0.032	0.062	
Fe19+	0.001	0.008	0.019	0.036	0.048	
Mg10+	0.004	0.009	0.017	0.029	0.039	
Mg8+	0.005	0.025	0.047	0.076	0.122	
Mg9+	0.005	0.058	0.090	0.170	0.306	
Ne7+	0.003	0.020	0.029	0.045	0.061	
Ne8+	0.003	0.017	0.034	0.061	0.074	
O6+	0.003	0.013	0.023	0.035	0.047	
S10+	0.004	0.015	0.027	0.043	0.072	
S11+	0.005	0.082	0.115	0.270	0.728	
S12+	0.004	0.034	0.059	0.121	0.199	
Si11+	0.003	0.022	0.040	0.072	0.118	
Si9+	0.003	0.017	0.033	0.060	0.089	
10.0
Ion	0.0	0.1	1.0	10.0	100.0
Ca13+	0.030	0.082	0.149	0.238	0.397	
Ca14+	0.041	0.084	0.167	0.285	0.669	
Fe17+	0.039	0.042	0.050	0.077	0.120	
Fe18+	0.040	0.046	0.057	0.113	0.211	
Fe19+	0.039	0.043	0.057	0.105	0.159	
Mg10+	0.040	0.009	0.007	0.088	0.110	
Mg8+	0.034	0.089	0.148	0.211	0.344	
Mg9+	0.031	0.072	0.285	0.561	1.073	
Ne7+	0.033	0.065	0.104	0.157	0.210	
Ne8+	0.034	0.065	0.108	0.184	0.286	
O6+	0.041	0.031	0.074	0.123	0.138	
S10+	0.040	0.029	0.080	0.149	0.206	
S11+	0.054	0.017	0.425	0.737	0.026	
S12+	0.034	0.098	0.179	0.332	0.730	
Si11+	0.031	0.077	0.127	0.257	0.373	
Si9+	0.041	0.068	0.121	0.184	0.298	
Step : 35
100.0
Ion	0.0	0.1	1.0	10.0	100.0
Ca13+	0.003	0.024	0.043	0.073	0.135	
Ca14+	0.004	0.025	0.054	0.103	0.179	
Fe17+	0.004	0.007	0.013	0.023	0.036	
Fe18+	0.004	0.011	0.022	0.035	0.053	
Fe19+	0.001	0.010	0.017	0.030	0.054	
Mg10+	0.004	0.010	0.018	0.027	0.037	
Mg8+	0.003	0.023	0.046	0.083	0.100	
Mg9+	0.005	0.062	0.086	0.150	0.256	
Ne7+	0.003	0.019	0.030	0.051	0.060	
Ne8+	0.003	0.018	0.032	0.056	0.086	
O6+	0.003	0.015	0.026	0.039	0.047	
S10+	0.004	0.015	0.029	0.046	0.078	
S11+	0.005	0.079	0.108	0.264	0.504	
S12+	0.003	0.027	0.059	0.110	0.190	
Si11+	0.004	0.023	0.042	0.080	0.101	
Si9+	0.003	0.019	0.036	0.057	0.096	
10.0
Ion	0.0	0.1	1.0	10.0	100.0
Ca13+	0.033	0.028	0.150	0.228	0.421	
Ca14+	0.031	0.089	0.167	0.319	0.731	
Fe17+	0.040	0.042	0.050	0.075	0.114	
Fe18+	0.040	0.044	0.058	0.105	0.172	
Fe19+	0.040	0.043	0.057	0.103	0.201	
Mg10+	0.040	0.046	0.060	0.081	0.125	
Mg8+	0.034	0.085	0.130	0.202	0.335	
Mg9+	0.048	0.077	0.293	0.488	0.063	
Ne7+	0.031	0.064	0.098	0.162	0.211	
Ne8+	0.032	0.064	0.109	0.171	0.230	
O6+	0.012	0.031	0.066	0.106	0.126	
S10+	0.031	0.031	0.095	0.139	0.223	
S11+	0.052	0.067	0.392	0.772	0.020	
S12+	0.036	0.088	0.162	0.329	0.744	
Si11+	0.034	0.030	0.115	0.227	0.303	
Si9+	0.012	0.067	0.112	0.181	0.266	
Step : 40
100.0
Ion	0.0	0.1	1.0	10.0	100.0
Ca13+	0.003	0.022	0.042	0.075	0.109	
Ca14+	0.004	0.026	0.050	0.088	0.202	
Fe17+	0.004	0.007	0.013	0.020	0.037	
Fe18+	0.004	0.009	0.019	0.035	0.060	
Fe19+	0.004	0.010	0.019	0.037	0.060	
Mg8+	0.003	0.025	0.042	0.075	0.123	
Mg9+	0.005	0.059	0.092	0.171	0.264	
Ne7+	0.004	0.017	0.032	0.046	0.067	
Ne8+	0.004	0.018	0.034	0.057	0.080	
O6+	0.002	0.014	0.022	0.036	0.046	
S10+	0.001	0.013	0.028	0.044	0.072	
S11+	0.005	0.087	0.122	0.234	0.627	
S12+	0.003	0.031	0.055	0.100	0.205	
Si11+	0.003	0.023	0.039	0.071	0.107	
Si9+	0.004	0.017	0.035	0.046	0.091	
10.0
Ion	0.0	0.1	1.0	10.0	100.0
Ca13+	0.041	0.083	0.131	0.211	0.434	
Ca14+	0.032	0.097	0.161	0.314	0.697	
Fe17+	0.039	0.043	0.032	0.070	0.118	
Fe18+	0.040	0.045	0.061	0.120	0.195	
Fe19+	0.039	0.043	0.034	0.107	0.191	
Mg8+	0.034	0.083	0.133	0.211	0.338	
Mg9+	0.030	0.123	0.272	0.625	0.977	
Ne7+	0.031	0.070	0.092	0.145	0.213	
Ne8+	0.032	0.067	0.105	0.175	0.210	
O6+	0.031	0.060	0.096	0.100	0.165	
S10+	0.040	0.030	0.082	0.168	0.201	
S11+	0.053	0.064	0.368	0.894	0.056	
S12+	0.034	0.103	0.189	0.351	0.775	
Si11+	0.041	0.078	0.113	0.217	0.348	
Si9+	0.031	0.064	0.119	0.183	0.276	
Step : 45
100.0
Ion	0.0	0.1	1.0	10.0	100.0
Ca13+	0.003	0.023	0.042	0.080	0.146	
Ca14+	0.004	0.027	0.048	0.096	0.184	
Fe17+	0.001	0.007	0.012	0.026	0.040	
Fe18+	0.004	0.010	0.018	0.036	0.062	
Fe19+	0.001	0.009	0.019	0.037	0.061	
Mg8+	0.003	0.024	0.044	0.069	0.103	
Mg9+	0.005	0.057	0.089	0.173	0.334	
Ne7+	0.004	0.018	0.032	0.049	0.068	
Ne8+	0.004	0.019	0.030	0.058	0.073	
O6+	0.003	0.016	0.023	0.041	0.044	
S10+	0.004	0.013	0.028	0.051	0.068	
S11+	0.005	0.083	0.124	0.275	0.545	
S12+	0.003	0.031	0.061	0.106	0.192	
Si11+	0.003	0.021	0.043	0.071	0.104	
Si9+	0.003	0.017	0.030	0.059	0.085	
10.0
Ion	0.0	0.1	1.0	10.0	100.0
Ca13+	0.033	0.077	0.137	0.239	0.425	
Ca14+	0.030	0.088	0.161	0.350	0.615	
Fe17+	0.039	0.000	0.049	0.080	0.120	
Fe18+	0.039	0.045	0.057	0.120	0.167	
Fe19+	0.010	0.045	0.062	0.124	0.189	
Mg8+	0.032	0.090	0.135	0.212	0.338	
Mg9+	0.050	0.057	0.289	0.579	0.066	
Ne7+	0.032	0.069	0.094	0.160	0.197	
Ne8+	0.030	0.073	0.100	0.175	0.272	
O6+	0.041	0.033	0.079	0.112	0.126	
S10+	0.040	0.059	0.082	0.139	0.233	
S11+	0.055	0.062	0.424	0.892	0.029	
S12+	0.042	0.083	0.170	0.344	0.655	
Si11+	0.035	0.079	0.123	0.201	0.377	
Si9+	0.040	0.031	0.105	0.205	0.273	
Step : 50
100.0
Ion	0.0	0.1	1.0	10.0	100.0
Ca13+	0.003	0.022	0.047	0.088	0.143	
Ca14+	0.003	0.025	0.058	0.102	0.206	
Fe17+	0.004	0.008	0.014	0.023	0.033	
Fe18+	0.003	0.008	0.020	0.034	0.056	
Fe19+	0.004	0.009	0.018	0.037	0.065	
Mg8+	0.005	0.025	0.048	0.074	0.104	
Mg9+	0.005	0.062	0.086	0.145	0.323	
Ne7+	0.003	0.020	0.029	0.050	0.064	
Ne8+	0.003	0.019	0.035	0.048	0.086	
O6+	0.004	0.016	0.022	0.037	0.041	
S10+	0.004	0.014	0.025	0.044	0.073	
S11+	0.005	0.084	0.133	0.297	0.684	
S12+	0.004	0.027	0.058	0.119	0.170	
Si11+	0.004	0.024	0.042	0.067	0.118	
Si9+	0.003	0.019	0.030	0.059	0.088	
10.0
Ion	0.0	0.1	1.0	10.0	100.0
Ca13+	0.041	0.083	0.127	0.254	0.406	
Ca14+	0.033	0.088	0.160	0.347	0.703	
Fe17+	0.040	0.044	0.049	0.076	0.129	
Fe18+	0.040	0.043	0.072	0.099	0.192	
Fe19+	0.040	0.046	0.062	0.111	0.199	
Mg8+	0.034	0.090	0.143	0.254	0.295	
Mg9+	0.051	0.065	0.295	0.530	0.997	
Ne7+	0.033	0.068	0.096	0.161	0.227	
Ne8+	0.041	0.064	0.109	0.199	0.245	
O6+	0.032	0.028	0.070	0.112	0.143	
S10+	0.013	0.055	0.086	0.164	0.239	
S11+	0.053	0.067	0.403	0.897	0.017	
S12+	0.033	0.093	0.169	0.322	0.683	
Si11+	0.034	0.077	0.122	0.244	0.354	
Si9+	0.041	0.073	0.121	0.200	0.280	
Step : 55
100.0
Ion	0.0	0.1	1.0	10.0	100.0
Ca13+	0.003	0.026	0.045	0.075	0.116	
Ca14+	0.004	0.023	0.054	0.089	0.190	
Fe17+	0.001	0.006	0.015	0.022	0.039	
Fe18+	0.004	0.010	0.021	0.038	0.058	
Fe19+	0.001	0.010	0.018	0.039	0.056	
Mg8+	0.003	0.023	0.044	0.076	0.121	
Mg9+	0.006	0.057	0.080	0.161	0.279	
Ne7+	0.003	0.020	0.028	0.048	0.064	
Ne8+	0.003	0.018	0.029	0.051	0.086	
O6+	0.003	0.015	0.022	0.037	0.045	
S10+	0.003	0.014	0.027	0.044	0.063	
S11+	0.005	0.067	0.123	0.291	0.639	
S12+	0.003	0.027	0.056	0.109	0.185	
Si11+	0.004	0.023	0.039	0.078	0.093	
Si9+	0.003	0.016	0.037	0.060	0.077	
10.0
Ion	0.0	0.1	1.0	10.0	100.0
Ca13+	0.033	0.084	0.121	0.249	0.426	
Ca14+	0.031	0.080	0.171	0.351	0.678	
Fe17+	0.040	0.044	0.049	0.070	0.116	
Fe18+	0.040	0.046	0.065	0.113	0.197	
Fe19+	0.039	0.047	0.062	0.102	0.178	
Mg8+	0.042	0.084	0.128	0.210	0.390	
Mg9+	0.031	0.067	0.292	0.422	0.059	
Ne7+	0.031	0.030	0.106	0.169	0.206	
Ne8+	0.031	0.068	0.107	0.172	0.285	
O6+	0.032	0.030	0.073	0.124	0.169	
S10+	0.040	0.031	0.090	0.128	0.204	
S11+	0.052	0.073	0.414	0.942	0.028	
S12+	0.035	0.101	0.188	0.311	0.645	
Si11+	0.032	0.028	0.111	0.200	0.331	
Si9+	0.033	0.068	0.118	0.168	0.261	
