Step : 1
Step : 5
100.0
Ion	0.0	0.1	1.0	10.0	100.0
Mg10+	0.005	0.055	0.082	0.155	0.266	
Mg11+	0.004	0.012	0.021	0.033	0.040	
Mg8+	0.004	0.003	0.010	0.018	0.024	
Mg9+	0.005	0.037	0.063	0.111	0.173	
Ne8+	0.005	0.024	0.044	0.062	0.078	
O7+	0.004	0.008	0.014	0.019	0.027	
S11+	0.003	0.016	0.027	0.053	0.083	
S12+	0.006	0.068	0.119	0.192	0.399	
Si10+	0.004	0.025	0.042	0.074	0.147	
Si12+	0.003	0.031	0.058	0.113	0.176	
10.0
Ion	0.0	0.1	1.0	10.0	100.0
Mg10+	0.031	0.102	0.254	0.487	0.905	
Mg11+	0.040	0.028	0.067	0.111	0.156	
Mg8+	0.040	0.042	0.045	0.035	0.069	
Mg9+	0.035	0.108	0.209	0.335	0.625	
Ne8+	0.033	0.085	0.126	0.202	0.273	
O7+	0.040	0.044	0.052	0.066	0.083	
S11+	0.040	0.028	0.091	0.174	0.194	
S12+	0.029	0.061	0.340	0.764	0.063	
Si10+	0.034	0.096	0.137	0.257	0.472	
Si12+	0.036	0.093	0.179	0.337	0.489	
Step : 10
100.0
Ion	0.0	0.1	1.0	10.0	100.0
Ca14+	0.004	0.016	0.033	0.055	0.088	
Fe19+	0.001	0.003	0.010	0.018	0.028	
Fe20+	0.004	0.006	0.014	0.026	0.040	
Mg10+	0.002	0.051	0.083	0.146	0.258	
Mg11+	0.004	0.011	0.021	0.039	0.035	
Mg8+	0.004	0.005	0.009	0.013	0.018	
Mg9+	0.005	0.032	0.057	0.106	0.155	
Ne8+	0.005	0.025	0.040	0.060	0.086	
O7+	0.003	0.009	0.016	0.026	0.035	
S11+	0.004	0.016	0.030	0.048	0.070	
S12+	0.005	0.064	0.100	0.222	0.434	
Si10+	0.003	0.024	0.047	0.079	0.124	
Si12+	0.004	0.028	0.045	0.081	0.121	
10.0
Ion	0.0	0.1	1.0	10.0	100.0
Ca14+	0.040	0.061	0.105	0.176	0.259	
Fe19+	0.040	0.041	0.044	0.062	0.086	
Fe20+	0.040	0.042	0.014	0.075	0.122	
Mg10+	0.030	0.091	0.248	0.542	0.925	
Mg11+	0.040	0.028	0.063	0.118	0.137	
Mg8+	0.040	0.041	0.044	0.030	0.033	
Mg9+	0.035	0.103	0.187	0.292	0.541	
Ne8+	0.033	0.029	0.137	0.221	0.292	
O7+	0.040	0.045	0.055	0.079	0.105	
S11+	0.040	0.028	0.086	0.164	0.240	
S12+	0.049	0.062	0.365	0.704	0.058	
Si10+	0.033	0.087	0.158	0.232	0.392	
Si12+	0.033	0.085	0.026	0.236	0.388	
Step : 15
100.0
Ion	0.0	0.1	1.0	10.0	100.0
Ca14+	0.003	0.017	0.032	0.059	0.103	
Fe19+	0.001	0.006	0.014	0.020	0.035	
Fe20+	0.001	0.007	0.016	0.036	0.049	
Mg10+	0.005	0.055	0.082	0.153	0.230	
Mg11+	0.004	0.011	0.019	0.033	0.038	
Mg8+	0.004	0.005	0.007	0.013	0.016	
Mg9+	0.005	0.038	0.059	0.102	0.150	
Ne8+	0.004	0.024	0.041	0.061	0.080	
O7+	0.003	0.010	0.017	0.029	0.041	
S11+	0.002	0.015	0.030	0.044	0.073	
S12+	0.005	0.077	0.114	0.206	0.454	
Si10+	0.003	0.021	0.042	0.075	0.137	
Si12+	0.004	0.028	0.051	0.083	0.130	
10.0
Ion	0.0	0.1	1.0	10.0	100.0
Ca14+	0.041	0.071	0.095	0.195	0.310	
Fe19+	0.040	0.042	0.011	0.074	0.118	
Fe20+	0.040	0.043	0.034	0.084	0.151	
Mg10+	0.032	0.134	0.257	0.491	0.896	
Mg11+	0.040	0.010	0.067	0.085	0.122	
Mg8+	0.039	0.041	0.042	0.032	0.034	
Mg9+	0.044	0.100	0.185	0.324	0.463	
Ne8+	0.034	0.087	0.151	0.204	0.275	
O7+	0.040	0.011	0.063	0.087	0.125	
S11+	0.040	0.029	0.084	0.144	0.243	
S12+	0.053	0.028	0.364	0.776	0.019	
Si10+	0.033	0.080	0.129	0.234	0.351	
Si12+	0.043	0.087	0.152	0.297	0.589	
Step : 20
100.0
Ion	0.0	0.1	1.0	10.0	100.0
Ca14+	0.004	0.015	0.033	0.064	0.102	
Fe19+	0.004	0.007	0.014	0.021	0.037	
Fe20+	0.004	0.009	0.018	0.032	0.049	
Mg10+	0.005	0.049	0.090	0.146	0.248	
Mg11+	0.001	0.010	0.016	0.030	0.037	
Mg8+	0.004	0.001	0.008	0.011	0.015	
Mg9+	0.005	0.039	0.062	0.099	0.159	
Ne8+	0.003	0.028	0.042	0.060	0.083	
O7+	0.003	0.011	0.020	0.027	0.042	
S11+	0.004	0.016	0.027	0.047	0.074	
S12+	0.002	0.074	0.111	0.234	0.506	
Si10+	0.003	0.021	0.045	0.079	0.115	
Si12+	0.004	0.028	0.053	0.079	0.143	
10.0
Ion	0.0	0.1	1.0	10.0	100.0
Ca14+	0.041	0.064	0.112	0.190	0.320	
Fe19+	0.040	0.042	0.049	0.068	0.113	
Fe20+	0.039	0.044	0.031	0.110	0.177	
Mg10+	0.032	0.123	0.274	0.455	1.044	
Mg11+	0.040	0.048	0.063	0.093	0.128	
Mg8+	0.039	0.040	0.042	0.048	0.034	
Mg9+	0.035	0.112	0.182	0.310	0.450	
Ne8+	0.031	0.077	0.142	0.220	0.229	
O7+	0.040	0.049	0.057	0.095	0.116	
S11+	0.013	0.031	0.095	0.142	0.258	
S12+	0.054	0.071	0.370	0.813	0.051	
Si10+	0.042	0.084	0.142	0.217	0.412	
Si12+	0.042	0.091	0.151	0.264	0.451	
Step : 25
100.0
Ion	0.0	0.1	1.0	10.0	100.0
Ca14+	0.004	0.017	0.035	0.061	0.086	
Fe19+	0.004	0.007	0.015	0.023	0.041	
Fe20+	0.004	0.009	0.018	0.032	0.056	
Fe21+	0.001	0.008	0.017	0.034	0.049	
Mg10+	0.005	0.053	0.088	0.147	0.219	
Mg11+	0.001	0.011	0.017	0.031	0.042	
Mg8+	0.004	0.000	0.008	0.012	0.015	
Mg9+	0.005	0.032	0.065	0.099	0.172	
Ne8+	0.003	0.025	0.043	0.072	0.076	
O7+	0.004	0.012	0.023	0.034	0.044	
S11+	0.004	0.016	0.031	0.047	0.080	
S12+	0.005	0.070	0.101	0.200	0.479	
Si10+	0.003	0.025	0.039	0.067	0.102	
Si12+	0.003	0.026	0.046	0.086	0.134	
10.0
Ion	0.0	0.1	1.0	10.0	100.0
Ca14+	0.041	0.067	0.111	0.178	0.267	
Fe19+	0.040	0.005	0.031	0.082	0.109	
Fe20+	0.040	0.046	0.029	0.103	0.170	
Fe21+	0.040	0.042	0.057	0.096	0.164	
Mg10+	0.046	0.091	0.297	0.467	0.879	
Mg11+	0.040	0.047	0.058	0.105	0.110	
Mg8+	0.039	0.040	0.045	0.033	0.034	
Mg9+	0.032	0.114	0.173	0.301	0.476	
Ne8+	0.030	0.090	0.129	0.214	0.283	
O7+	0.012	0.028	0.063	0.105	0.148	
S11+	0.040	0.030	0.095	0.149	0.215	
S12+	0.030	0.065	0.317	0.716	0.023	
Si10+	0.030	0.084	0.129	0.235	0.425	
Si12+	0.031	0.094	0.138	0.294	0.396	
Step : 30
100.0
Ion	0.0	0.1	1.0	10.0	100.0
Ca14+	0.004	0.018	0.031	0.058	0.106	
Fe19+	0.004	0.007	0.013	0.026	0.040	
Fe20+	0.004	0.010	0.017	0.037	0.057	
Fe21+	0.001	0.007	0.018	0.032	0.056	
Mg10+	0.003	0.052	0.069	0.134	0.248	
Mg11+	0.001	0.011	0.018	0.027	0.041	
Mg8+	0.001	0.005	0.008	0.013	0.015	
Mg9+	0.003	0.036	0.061	0.090	0.164	
Ne8+	0.005	0.025	0.038	0.076	0.091	
O7+	0.003	0.011	0.021	0.035	0.052	
S11+	0.003	0.015	0.030	0.051	0.071	
S12+	0.003	0.062	0.089	0.232	0.429	
Si10+	0.003	0.021	0.043	0.065	0.118	
Si12+	0.003	0.028	0.050	0.079	0.135	
10.0
Ion	0.0	0.1	1.0	10.0	100.0
Ca14+	0.031	0.062	0.102	0.193	0.313	
Fe19+	0.040	0.042	0.055	0.080	0.143	
Fe20+	0.040	0.046	0.032	0.102	0.163	
Fe21+	0.010	0.042	0.065	0.110	0.169	
Mg10+	0.030	0.073	0.272	0.499	0.840	
Mg11+	0.040	0.046	0.059	0.082	0.117	
Mg8+	0.040	0.041	0.042	0.049	0.055	
Mg9+	0.033	0.114	0.219	0.325	0.454	
Ne8+	0.036	0.081	0.125	0.221	0.287	
O7+	0.041	0.049	0.071	0.100	0.147	
S11+	0.041	0.052	0.084	0.168	0.243	
S12+	0.052	0.060	0.368	0.797	0.024	
Si10+	0.032	0.084	0.121	0.236	0.353	
Si12+	0.033	0.090	0.155	0.281	0.387	
Step : 35
100.0
Ion	0.0	0.1	1.0	10.0	100.0
Ca14+	0.004	0.016	0.030	0.054	0.087	
Fe19+	0.004	0.007	0.013	0.027	0.044	
Fe20+	0.004	0.010	0.018	0.037	0.059	
Fe21+	0.004	0.009	0.018	0.034	0.048	
Mg10+	0.003	0.057	0.085	0.140	0.236	
Mg11+	0.004	0.009	0.019	0.030	0.039	
Mg8+	0.004	0.003	0.007	0.012	0.017	
Mg9+	0.005	0.037	0.067	0.095	0.151	
Ne8+	0.005	0.023	0.043	0.066	0.089	
O7+	0.003	0.012	0.021	0.036	0.055	
S11+	0.004	0.012	0.029	0.045	0.067	
S12+	0.003	0.071	0.109	0.211	0.531	
Si10+	0.003	0.023	0.038	0.071	0.097	
Si12+	0.003	0.029	0.049	0.086	0.150	
10.0
Ion	0.0	0.1	1.0	10.0	100.0
Ca14+	0.028	0.063	0.101	0.174	0.289	
Fe19+	0.040	0.043	0.031	0.082	0.125	
Fe20+	0.040	0.044	0.063	0.115	0.158	
Fe21+	0.040	0.044	0.060	0.100	0.169	
Mg10+	0.047	0.062	0.234	0.432	0.963	
Mg11+	0.040	0.048	0.061	0.032	0.109	
Mg8+	0.039	0.041	0.042	0.052	0.057	
Mg9+	0.033	0.125	0.196	0.351	0.588	
Ne8+	0.034	0.082	0.136	0.209	0.304	
O7+	0.012	0.031	0.069	0.101	0.175	
S11+	0.041	0.030	0.083	0.150	0.238	
S12+	0.030	0.116	0.368	0.828	0.027	
Si10+	0.034	0.082	0.132	0.218	0.318	
Si12+	0.037	0.098	0.151	0.239	0.438	
Step : 40
100.0
Ion	0.0	0.1	1.0	10.0	100.0
Ca14+	0.003	0.017	0.035	0.067	0.086	
Fe19+	0.004	0.008	0.015	0.027	0.044	
Fe20+	0.004	0.010	0.016	0.033	0.062	
Fe21+	0.001	0.010	0.019	0.035	0.051	
Mg10+	0.005	0.051	0.090	0.153	0.247	
Mg11+	0.004	0.009	0.020	0.031	0.036	
Mg8+	0.001	0.005	0.007	0.013	0.017	
Mg9+	0.005	0.038	0.050	0.109	0.170	
Ne8+	0.003	0.029	0.040	0.073	0.097	
O7+	0.003	0.014	0.022	0.036	0.049	
S11+	0.004	0.015	0.028	0.051	0.065	
S12+	0.005	0.071	0.112	0.214	0.499	
Si10+	0.004	0.025	0.045	0.072	0.112	
Si12+	0.005	0.026	0.053	0.078	0.130	
10.0
Ion	0.0	0.1	1.0	10.0	100.0
Ca14+	0.032	0.030	0.118	0.174	0.284	
Fe19+	0.039	0.043	0.032	0.092	0.135	
Fe20+	0.039	0.048	0.060	0.115	0.197	
Fe21+	0.010	0.045	0.060	0.104	0.181	
Mg10+	0.049	0.115	0.250	0.493	0.953	
Mg11+	0.040	0.008	0.063	0.086	0.103	
Mg8+	0.010	0.041	0.041	0.031	0.065	
Mg9+	0.033	0.107	0.188	0.291	0.535	
Ne8+	0.036	0.100	0.142	0.193	0.261	
O7+	0.041	0.029	0.067	0.110	0.144	
S11+	0.040	0.058	0.096	0.150	0.238	
S12+	0.053	0.066	0.354	0.757	0.024	
Si10+	0.029	0.083	0.117	0.224	0.350	
Si12+	0.029	0.094	0.155	0.242	0.444	
Step : 45
100.0
Ion	0.0	0.1	1.0	10.0	100.0
Ca14+	0.004	0.020	0.035	0.060	0.084	
Fe19+	0.004	0.007	0.015	0.030	0.045	
Fe20+	0.004	0.009	0.019	0.035	0.057	
Fe21+	0.001	0.008	0.018	0.034	0.055	
Mg10+	0.005	0.046	0.080	0.121	0.231	
Mg11+	0.001	0.010	0.018	0.028	0.039	
Mg8+	0.001	0.005	0.007	0.013	0.014	
Mg9+	0.005	0.038	0.054	0.110	0.164	
Ne8+	0.005	0.028	0.045	0.065	0.082	
O7+	0.003	0.003	0.022	0.032	0.050	
S11+	0.003	0.014	0.028	0.050	0.072	
S12+	0.005	0.068	0.112	0.196	0.428	
Si10+	0.004	0.019	0.044	0.070	0.115	
Si12+	0.004	0.024	0.047	0.085	0.122	
10.0
Ion	0.0	0.1	1.0	10.0	100.0
Ca14+	0.029	0.064	0.127	0.190	0.278	
Fe19+	0.040	0.043	0.053	0.082	0.138	
Fe20+	0.040	0.045	0.061	0.111	0.165	
Fe21+	0.010	0.044	0.057	0.106	0.176	
Mg10+	0.032	0.113	0.251	0.505	0.861	
Mg11+	0.039	0.046	0.055	0.087	0.126	
Mg8+	0.010	0.042	0.041	0.031	0.031	
Mg9+	0.031	0.105	0.195	0.378	0.500	
Ne8+	0.035	0.092	0.130	0.189	0.319	
O7+	0.040	0.028	0.062	0.109	0.168	
S11+	0.041	0.028	0.081	0.140	0.244	
S12+	0.052	0.063	0.306	0.831	0.018	
Si10+	0.032	0.068	0.129	0.204	0.387	
Si12+	0.034	0.098	0.141	0.239	0.422	
Step : 50
100.0
Ion	0.0	0.1	1.0	10.0	100.0
Ca14+	0.003	0.017	0.034	0.065	0.102	
Fe19+	0.001	0.007	0.015	0.029	0.047	
Fe20+	0.004	0.010	0.019	0.035	0.062	
Fe21+	0.001	0.009	0.018	0.037	0.056	
Mg10+	0.003	0.045	0.083	0.145	0.241	
Mg11+	0.004	0.010	0.018	0.028	0.036	
Mg8+	0.001	0.005	0.007	0.012	0.019	
Mg9+	0.003	0.034	0.057	0.095	0.149	
Ne8+	0.005	0.025	0.040	0.067	0.081	
O7+	0.003	0.012	0.026	0.036	0.045	
S11+	0.004	0.016	0.028	0.044	0.070	
S12+	0.005	0.075	0.126	0.244	0.467	
Si10+	0.004	0.020	0.040	0.068	0.106	
Si12+	0.004	0.028	0.046	0.091	0.141	
10.0
Ion	0.0	0.1	1.0	10.0	100.0
Ca14+	0.040	0.064	0.106	0.215	0.313	
Fe19+	0.040	0.005	0.054	0.090	0.156	
Fe20+	0.040	0.045	0.061	0.101	0.176	
Fe21+	0.010	0.042	0.063	0.102	0.162	
Mg10+	0.033	0.071	0.226	0.435	0.882	
Mg11+	0.025	0.044	0.058	0.085	0.130	
Mg8+	0.040	0.041	0.045	0.013	0.062	
Mg9+	0.034	0.096	0.209	0.331	0.585	
Ne8+	0.033	0.087	0.130	0.237	0.261	
O7+	0.041	0.030	0.066	0.112	0.178	
S11+	0.040	0.028	0.082	0.158	0.242	
S12+	0.053	0.017	0.352	0.829	0.064	
Si10+	0.035	0.029	0.112	0.252	0.334	
Si12+	0.042	0.088	0.141	0.246	0.467	
Step : 55
100.0
Ion	0.0	0.1	1.0	10.0	100.0
Ca14+	0.003	0.016	0.031	0.065	0.093	
Fe19+	0.004	0.008	0.015	0.026	0.045	
Fe20+	0.004	0.010	0.021	0.037	0.059	
Fe21+	0.004	0.008	0.016	0.033	0.052	
Mg10+	0.005	0.046	0.074	0.134	0.285	
Mg11+	0.004	0.009	0.018	0.028	0.041	
Mg8+	0.001	0.005	0.007	0.013	0.016	
Mg9+	0.003	0.036	0.059	0.099	0.160	
Ne8+	0.005	0.026	0.043	0.070	0.099	
O7+	0.003	0.013	0.025	0.039	0.054	
S11+	0.003	0.015	0.025	0.052	0.067	
S12+	0.001	0.074	0.112	0.219	0.496	
Si10+	0.004	0.022	0.043	0.068	0.117	
Si12+	0.003	0.021	0.045	0.082	0.143	
10.0
Ion	0.0	0.1	1.0	10.0	100.0
Ca14+	0.041	0.070	0.117	0.208	0.312	
Fe19+	0.040	0.044	0.053	0.083	0.119	
Fe20+	0.040	0.045	0.067	0.125	0.199	
Fe21+	0.010	0.048	0.031	0.117	0.181	
Mg10+	0.032	0.071	0.241	0.455	0.898	
Mg11+	0.040	0.047	0.061	0.086	0.124	
Mg8+	0.010	0.040	0.042	0.011	0.059	
Mg9+	0.032	0.116	0.182	0.351	0.473	
Ne8+	0.035	0.087	0.161	0.208	0.306	
O7+	0.040	0.029	0.083	0.116	0.159	
S11+	0.040	0.028	0.087	0.163	0.192	
S12+	0.051	0.155	0.328	0.783	0.028	
Si10+	0.033	0.073	0.130	0.213	0.366	
Si12+	0.032	0.093	0.147	0.273	0.447	
