Step : 1
Step : 5
100.0
Ion	0.0	0.1	1.0	10.0	100.0
Mg10+	0.005	0.065	0.096	0.175	0.527	
Mg11+	0.003	0.048	0.071	0.133	0.222	
Mg9+	0.004	0.011	0.018	0.030	0.051	
Ne8+	0.004	0.013	0.021	0.029	0.044	
O8+	0.004	0.006	0.011	0.018	0.020	
S12+	0.004	0.015	0.032	0.047	0.078	
Si11+	0.005	0.031	0.059	0.108	0.206	
10.0
Ion	0.0	0.1	1.0	10.0	100.0
Mg10+	0.031	0.118	0.318	0.779	0.078	
Mg11+	0.047	0.075	0.220	0.395	0.694	
Mg9+	0.040	0.030	0.057	0.083	0.137	
Ne8+	0.040	0.029	0.071	0.110	0.137	
O8+	0.040	0.041	0.045	0.033	0.065	
S12+	0.041	0.062	0.097	0.152	0.220	
Si11+	0.032	0.101	0.162	0.336	0.686	
Step : 10
100.0
Ion	0.0	0.1	1.0	10.0	100.0
Fe21+	0.004	0.003	0.011	0.021	0.032	
Fe22+	0.001	0.000	0.013	0.022	0.035	
Mg10+	0.006	0.056	0.078	0.140	0.206	
Mg11+	0.003	0.044	0.076	0.124	0.228	
Mg12+	0.004	0.012	0.021	0.032	0.042	
Mg9+	0.004	0.010	0.014	0.027	0.037	
N7+	0.004	0.003	0.007	0.011	0.016	
Ne8+	0.004	0.009	0.017	0.028	0.032	
O8+	0.004	0.006	0.012	0.017	0.026	
S12+	0.004	0.015	0.027	0.046	0.070	
Si11+	0.005	0.029	0.047	0.084	0.148	
10.0
Ion	0.0	0.1	1.0	10.0	100.0
Fe21+	0.010	0.041	0.011	0.064	0.104	
Fe22+	0.010	0.041	0.049	0.068	0.130	
Mg10+	0.033	0.126	0.224	0.483	0.771	
Mg11+	0.031	0.072	0.247	0.398	0.866	
Mg12+	0.026	0.013	0.062	0.105	0.132	
Mg9+	0.010	0.043	0.055	0.081	0.114	
N7+	0.010	0.040	0.043	0.046	0.035	
Ne8+	0.040	0.046	0.032	0.093	0.103	
O8+	0.039	0.042	0.012	0.062	0.077	
S12+	0.041	0.028	0.083	0.180	0.233	
Si11+	0.032	0.089	0.153	0.265	0.488	
Step : 15
100.0
Ion	0.0	0.1	1.0	10.0	100.0
Fe21+	0.004	0.006	0.013	0.024	0.037	
Fe22+	0.004	0.008	0.016	0.028	0.046	
Mg10+	0.005	0.052	0.078	0.134	0.209	
Mg11+	0.003	0.049	0.077	0.128	0.213	
Mg12+	0.004	0.011	0.021	0.034	0.040	
Mg9+	0.004	0.008	0.014	0.028	0.035	
N7+	0.004	0.005	0.008	0.012	0.016	
Ne8+	0.004	0.010	0.017	0.027	0.032	
O8+	0.004	0.008	0.012	0.021	0.032	
S12+	0.004	0.015	0.026	0.049	0.071	
Si11+	0.004	0.026	0.049	0.089	0.138	
10.0
Ion	0.0	0.1	1.0	10.0	100.0
Fe21+	0.039	0.005	0.034	0.072	0.114	
Fe22+	0.040	0.041	0.033	0.086	0.147	
Mg10+	0.031	0.138	0.209	0.420	0.659	
Mg11+	0.033	0.076	0.211	0.381	0.775	
Mg12+	0.041	0.028	0.064	0.105	0.127	
Mg9+	0.040	0.044	0.031	0.086	0.112	
N7+	0.039	0.040	0.043	0.013	0.034	
Ne8+	0.040	0.010	0.032	0.081	0.115	
O8+	0.040	0.045	0.032	0.072	0.089	
S12+	0.030	0.031	0.098	0.147	0.245	
Si11+	0.032	0.076	0.136	0.274	0.488	
Step : 20
100.0
Ion	0.0	0.1	1.0	10.0	100.0
Fe21+	0.004	0.006	0.012	0.026	0.044	
Fe22+	0.004	0.009	0.019	0.028	0.055	
Mg10+	0.005	0.050	0.082	0.127	0.207	
Mg11+	0.005	0.047	0.078	0.119	0.197	
Mg12+	0.004	0.010	0.018	0.027	0.042	
Mg9+	0.003	0.008	0.015	0.022	0.031	
N7+	0.004	0.006	0.008	0.013	0.017	
Ne8+	0.004	0.010	0.018	0.024	0.037	
O8+	0.004	0.008	0.014	0.023	0.035	
S12+	0.004	0.016	0.030	0.049	0.069	
Si11+	0.004	0.027	0.053	0.082	0.114	
10.0
Ion	0.0	0.1	1.0	10.0	100.0
Fe21+	0.039	0.041	0.049	0.079	0.127	
Fe22+	0.040	0.044	0.057	0.100	0.170	
Mg10+	0.033	0.084	0.230	0.401	0.834	
Mg11+	0.030	0.077	0.230	0.339	0.814	
Mg12+	0.013	0.050	0.061	0.091	0.128	
Mg9+	0.039	0.043	0.052	0.078	0.107	
N7+	0.040	0.040	0.005	0.032	0.032	
Ne8+	0.026	0.009	0.057	0.081	0.095	
O8+	0.040	0.043	0.048	0.077	0.109	
S12+	0.029	0.031	0.101	0.153	0.258	
Si11+	0.031	0.089	0.144	0.287	0.362	
Step : 25
100.0
Ion	0.0	0.1	1.0	10.0	100.0
Fe21+	0.004	0.008	0.015	0.024	0.039	
Fe22+	0.004	0.008	0.016	0.036	0.054	
Mg10+	0.005	0.054	0.079	0.129	0.223	
Mg11+	0.005	0.047	0.079	0.121	0.217	
Mg12+	0.004	0.011	0.019	0.030	0.037	
Mg9+	0.004	0.007	0.015	0.026	0.033	
N7+	0.004	0.005	0.009	0.015	0.020	
Ne8+	0.004	0.009	0.014	0.022	0.032	
O8+	0.004	0.008	0.015	0.022	0.031	
S12+	0.004	0.017	0.028	0.047	0.071	
Si11+	0.003	0.027	0.049	0.087	0.113	
10.0
Ion	0.0	0.1	1.0	10.0	100.0
Fe21+	0.040	0.004	0.050	0.077	0.118	
Fe22+	0.040	0.045	0.059	0.095	0.183	
Mg10+	0.033	0.115	0.229	0.421	0.818	
Mg11+	0.046	0.106	0.223	0.416	0.708	
Mg12+	0.041	0.048	0.061	0.093	0.123	
Mg9+	0.040	0.006	0.057	0.068	0.115	
N7+	0.040	0.042	0.045	0.032	0.063	
Ne8+	0.040	0.047	0.057	0.069	0.107	
O8+	0.040	0.045	0.050	0.077	0.099	
S12+	0.041	0.059	0.103	0.150	0.244	
Si11+	0.033	0.089	0.161	0.282	0.414	
Step : 30
100.0
Ion	0.0	0.1	1.0	10.0	100.0
Fe21+	0.001	0.008	0.016	0.028	0.044	
Fe22+	0.004	0.010	0.019	0.032	0.054	
Mg10+	0.003	0.051	0.074	0.130	0.203	
Mg11+	0.003	0.041	0.068	0.113	0.219	
Mg12+	0.001	0.010	0.020	0.027	0.041	
Mg9+	0.004	0.009	0.014	0.025	0.032	
N7+	0.004	0.006	0.011	0.015	0.021	
Ne8+	0.004	0.010	0.016	0.025	0.036	
O8+	0.004	0.008	0.013	0.023	0.032	
S12+	0.004	0.015	0.031	0.044	0.070	
Si11+	0.004	0.028	0.043	0.084	0.126	
10.0
Ion	0.0	0.1	1.0	10.0	100.0
Fe21+	0.040	0.044	0.030	0.094	0.129	
Fe22+	0.040	0.045	0.060	0.108	0.174	
Mg10+	0.049	0.069	0.233	0.456	0.782	
Mg11+	0.031	0.103	0.235	0.430	0.801	
Mg12+	0.040	0.045	0.058	0.090	0.158	
Mg9+	0.040	0.044	0.008	0.066	0.115	
N7+	0.040	0.042	0.046	0.056	0.072	
Ne8+	0.040	0.046	0.001	0.069	0.113	
O8+	0.040	0.044	0.058	0.076	0.093	
S12+	0.041	0.028	0.094	0.160	0.210	
Si11+	0.034	0.092	0.170	0.264	0.414	
Step : 35
100.0
Ion	0.0	0.1	1.0	10.0	100.0
Fe21+	0.004	0.008	0.016	0.029	0.046	
Fe22+	0.004	0.010	0.020	0.039	0.050	
Mg10+	0.005	0.053	0.083	0.122	0.208	
Mg11+	0.003	0.045	0.071	0.119	0.203	
Mg12+	0.004	0.009	0.021	0.031	0.045	
Mg9+	0.004	0.007	0.013	0.023	0.034	
N7+	0.004	0.006	0.010	0.016	0.021	
Ne8+	0.004	0.010	0.019	0.026	0.034	
O7+	0.004	0.011	0.017	0.024	0.031	
O8+	0.004	0.008	0.018	0.026	0.033	
S12+	0.003	0.014	0.028	0.047	0.070	
Si11+	0.005	0.026	0.043	0.072	0.132	
10.0
Ion	0.0	0.1	1.0	10.0	100.0
Fe21+	0.040	0.044	0.032	0.090	0.139	
Fe22+	0.040	0.044	0.031	0.106	0.199	
Mg10+	0.030	0.118	0.251	0.371	0.875	
Mg11+	0.046	0.089	0.229	0.393	0.733	
Mg12+	0.040	0.029	0.030	0.091	0.129	
Mg9+	0.041	0.046	0.034	0.075	0.112	
N7+	0.039	0.042	0.046	0.056	0.082	
Ne8+	0.041	0.046	0.054	0.078	0.119	
O7+	0.041	0.031	0.065	0.095	0.105	
O8+	0.040	0.045	0.053	0.091	0.104	
S12+	0.040	0.059	0.085	0.154	0.195	
Si11+	0.030	0.088	0.126	0.275	0.464	
Step : 40
100.0
Ion	0.0	0.1	1.0	10.0	100.0
Fe21+	0.004	0.008	0.014	0.030	0.043	
Fe22+	0.004	0.008	0.018	0.032	0.054	
Fe23+	0.001	0.009	0.018	0.029	0.059	
Mg10+	0.002	0.050	0.073	0.134	0.234	
Mg11+	0.005	0.037	0.076	0.127	0.201	
Mg12+	0.004	0.009	0.021	0.033	0.038	
Mg9+	0.004	0.007	0.013	0.025	0.029	
N7+	0.004	0.006	0.009	0.016	0.021	
Ne8+	0.003	0.010	0.018	0.026	0.031	
O7+	0.004	0.012	0.018	0.027	0.030	
O8+	0.004	0.008	0.017	0.027	0.036	
S12+	0.003	0.015	0.029	0.053	0.077	
Si11+	0.005	0.024	0.051	0.083	0.136	
10.0
Ion	0.0	0.1	1.0	10.0	100.0
Fe21+	0.040	0.005	0.053	0.097	0.153	
Fe22+	0.040	0.043	0.063	0.117	0.182	
Fe23+	0.010	0.046	0.031	0.087	0.147	
Mg10+	0.033	0.072	0.234	0.416	0.699	
Mg11+	0.046	0.107	0.239	0.402	0.752	
Mg12+	0.040	0.048	0.060	0.094	0.129	
Mg9+	0.040	0.045	0.031	0.077	0.114	
N7+	0.039	0.041	0.045	0.054	0.071	
Ne8+	0.040	0.047	0.058	0.077	0.106	
O7+	0.012	0.032	0.062	0.085	0.094	
O8+	0.040	0.000	0.058	0.076	0.096	
S12+	0.041	0.029	0.082	0.149	0.203	
Si11+	0.032	0.095	0.152	0.254	0.494	
Step : 45
100.0
Ion	0.0	0.1	1.0	10.0	100.0
Fe21+	0.004	0.008	0.017	0.031	0.051	
Fe22+	0.004	0.009	0.018	0.034	0.056	
Fe23+	0.001	0.007	0.018	0.034	0.056	
Mg10+	0.003	0.047	0.072	0.131	0.231	
Mg11+	0.003	0.040	0.057	0.120	0.201	
Mg12+	0.004	0.010	0.016	0.029	0.040	
Mg9+	0.004	0.008	0.014	0.024	0.034	
N7+	0.004	0.006	0.012	0.014	0.025	
Ne8+	0.004	0.008	0.017	0.026	0.032	
O7+	0.004	0.011	0.016	0.029	0.032	
O8+	0.003	0.009	0.017	0.022	0.033	
S12+	0.004	0.013	0.027	0.047	0.070	
Si11+	0.003	0.024	0.048	0.080	0.135	
10.0
Ion	0.0	0.1	1.0	10.0	100.0
Fe21+	0.040	0.042	0.057	0.089	0.135	
Fe22+	0.040	0.043	0.066	0.116	0.183	
Fe23+	0.040	0.042	0.055	0.099	0.168	
Mg10+	0.049	0.104	0.279	0.418	0.757	
Mg11+	0.052	0.120	0.243	0.445	0.796	
Mg12+	0.040	0.009	0.061	0.106	0.112	
Mg9+	0.040	0.009	0.054	0.074	0.112	
N7+	0.040	0.041	0.046	0.009	0.075	
Ne8+	0.040	0.045	0.058	0.079	0.100	
O7+	0.013	0.010	0.059	0.096	0.107	
O8+	0.040	0.045	0.059	0.089	0.113	
S12+	0.041	0.028	0.091	0.137	0.229	
Si11+	0.032	0.085	0.149	0.258	0.430	
Step : 50
100.0
Ion	0.0	0.1	1.0	10.0	100.0
Fe21+	0.004	0.008	0.016	0.028	0.050	
Fe22+	0.004	0.010	0.020	0.035	0.062	
Fe23+	0.001	0.008	0.019	0.035	0.051	
Mg10+	0.003	0.057	0.079	0.120	0.224	
Mg11+	0.005	0.044	0.076	0.122	0.218	
Mg12+	0.001	0.010	0.019	0.028	0.037	
Mg9+	0.004	0.008	0.015	0.023	0.035	
N7+	0.004	0.006	0.011	0.016	0.021	
Ne8+	0.003	0.010	0.018	0.023	0.032	
O7+	0.004	0.012	0.018	0.025	0.032	
O8+	0.004	0.008	0.016	0.023	0.031	
S12+	0.004	0.013	0.025	0.052	0.070	
Si11+	0.003	0.025	0.046	0.072	0.136	
10.0
Ion	0.0	0.1	1.0	10.0	100.0
Fe21+	0.040	0.043	0.053	0.097	0.172	
Fe22+	0.040	0.048	0.064	0.115	0.194	
Fe23+	0.040	0.044	0.057	0.103	0.151	
Mg10+	0.032	0.112	0.265	0.423	0.874	
Mg11+	0.046	0.086	0.202	0.360	0.835	
Mg12+	0.040	0.048	0.033	0.097	0.143	
Mg9+	0.040	0.043	0.052	0.083	0.103	
N7+	0.040	0.042	0.048	0.035	0.071	
Ne8+	0.032	0.045	0.058	0.068	0.109	
O7+	0.041	0.029	0.064	0.073	0.076	
O8+	0.040	0.045	0.006	0.076	0.106	
S12+	0.012	0.060	0.093	0.152	0.230	
Si11+	0.032	0.098	0.161	0.252	0.449	
Step : 55
100.0
Ion	0.0	0.1	1.0	10.0	100.0
Fe21+	0.004	0.007	0.014	0.026	0.043	
Fe22+	0.004	0.011	0.020	0.034	0.062	
Fe23+	0.001	0.008	0.015	0.034	0.056	
Mg10+	0.001	0.052	0.081	0.141	0.226	
Mg11+	0.003	0.042	0.072	0.130	0.215	
Mg12+	0.004	0.010	0.018	0.025	0.037	
Mg9+	0.004	0.008	0.015	0.021	0.033	
N7+	0.004	0.006	0.012	0.016	0.025	
Ne8+	0.004	0.009	0.017	0.026	0.034	
O7+	0.004	0.012	0.020	0.027	0.033	
O8+	0.004	0.008	0.016	0.024	0.039	
S12+	0.001	0.015	0.026	0.046	0.065	
Si11+	0.004	0.028	0.047	0.075	0.117	
10.0
Ion	0.0	0.1	1.0	10.0	100.0
Fe21+	0.040	0.043	0.035	0.094	0.148	
Fe22+	0.040	0.032	0.063	0.105	0.188	
Fe23+	0.040	0.044	0.058	0.100	0.148	
Mg10+	0.030	0.072	0.245	0.452	0.859	
Mg11+	0.046	0.098	0.246	0.421	0.848	
Mg12+	0.040	0.045	0.059	0.096	0.122	
Mg9+	0.010	0.007	0.052	0.076	0.112	
N7+	0.039	0.042	0.048	0.055	0.078	
Ne8+	0.040	0.009	0.059	0.088	0.120	
O7+	0.041	0.054	0.057	0.093	0.107	
O8+	0.040	0.047	0.055	0.077	0.110	
S12+	0.040	0.029	0.075	0.154	0.250	
Si11+	0.034	0.085	0.147	0.247	0.424	
