Step : 1
100.0
Ion	0.0	0.1	1.0	10.0	100.0
Ca8+	0.003	0.022	0.040	0.069	0.138	
Ca9+	0.004	0.014	0.030	0.052	0.076	
Mg5+	0.005	0.057	0.077	0.141	0.197	
Mg6+	0.004	0.012	0.022	0.034	0.044	
O4+	0.004	0.006	0.010	0.019	0.026	
S6+	0.004	0.017	0.029	0.047	0.073	
S7+	0.003	0.045	0.104	0.179	0.375	
S8+	0.004	0.007	0.014	0.021	0.034	
Si7+	0.004	0.011	0.016	0.033	0.044	
10.0
Ion	0.0	0.1	1.0	10.0	100.0
Ca8+	0.042	0.029	0.131	0.216	0.438	
Ca9+	0.040	0.030	0.097	0.161	0.288	
Mg5+	0.053	0.110	0.241	0.464	0.716	
Mg6+	0.040	0.028	0.063	0.101	0.122	
O4+	0.040	0.041	0.045	0.060	0.075	
S6+	0.041	0.060	0.080	0.163	0.239	
S7+	0.030	0.071	0.311	0.728	0.074	
S8+	0.039	0.041	0.032	0.067	0.110	
Si7+	0.040	0.044	0.062	0.096	0.135	
Step : 5
100.0
Ion	0.0	0.1	1.0	10.0	100.0
Ca8+	0.003	0.025	0.053	0.090	0.156	
Ca9+	0.004	0.014	0.031	0.051	0.084	
Fe11+	0.004	0.008	0.015	0.030	0.048	
Mg5+	0.005	0.055	0.071	0.132	0.206	
Mg6+	0.004	0.010	0.022	0.032	0.042	
O4+	0.004	0.007	0.013	0.022	0.029	
S6+	0.003	0.015	0.031	0.052	0.068	
S7+	0.002	0.053	0.093	0.211	0.390	
S8+	0.004	0.005	0.012	0.018	0.028	
Si7+	0.004	0.008	0.016	0.025	0.038	
10.0
Ion	0.0	0.1	1.0	10.0	100.0
Ca8+	0.033	0.090	0.159	0.302	0.537	
Ca9+	0.026	0.055	0.073	0.167	0.290	
Fe11+	0.040	0.044	0.056	0.094	0.156	
Mg5+	0.047	0.101	0.239	0.381	0.847	
Mg6+	0.040	0.009	0.031	0.093	0.155	
O4+	0.040	0.005	0.015	0.061	0.090	
S6+	0.040	0.030	0.092	0.146	0.251	
S7+	0.030	0.065	0.312	0.592	0.055	
S8+	0.039	0.041	0.045	0.032	0.081	
Si7+	0.040	0.044	0.052	0.081	0.124	
Step : 10
100.0
Ion	0.0	0.1	1.0	10.0	100.0
Ca8+	0.003	0.031	0.043	0.099	0.170	
Ca9+	0.004	0.012	0.024	0.044	0.077	
Fe11+	0.004	0.011	0.022	0.035	0.061	
Mg5+	0.006	0.058	0.085	0.122	0.186	
Mg6+	0.001	0.008	0.016	0.023	0.038	
O4+	0.004	0.009	0.017	0.027	0.034	
S6+	0.004	0.015	0.028	0.047	0.079	
S7+	0.005	0.047	0.089	0.177	0.350	
S8+	0.004	0.003	0.008	0.017	0.025	
Si7+	0.004	0.007	0.014	0.024	0.034	
10.0
Ion	0.0	0.1	1.0	10.0	100.0
Ca8+	0.031	0.084	0.134	0.323	0.564	
Ca9+	0.040	0.029	0.072	0.152	0.255	
Fe11+	0.040	0.045	0.064	0.114	0.201	
Mg5+	0.052	0.124	0.253	0.453	0.779	
Mg6+	0.040	0.044	0.060	0.093	0.124	
O4+	0.040	0.009	0.054	0.087	0.116	
S6+	0.040	0.059	0.083	0.181	0.227	
S7+	0.050	0.099	0.280	0.711	0.052	
S8+	0.039	0.040	0.044	0.052	0.071	
Si7+	0.010	0.006	0.054	0.070	0.107	
Step : 15
100.0
Ion	0.0	0.1	1.0	10.0	100.0
Ca8+	0.003	0.026	0.046	0.101	0.177	
Ca9+	0.004	0.011	0.025	0.041	0.071	
Fe11+	0.004	0.010	0.019	0.041	0.068	
Mg5+	0.005	0.048	0.082	0.144	0.212	
O4+	0.003	0.010	0.016	0.027	0.034	
S6+	0.004	0.012	0.029	0.043	0.069	
S7+	0.005	0.054	0.092	0.168	0.395	
S8+	0.004	0.006	0.008	0.014	0.024	
Si7+	0.004	0.007	0.015	0.023	0.035	
10.0
Ion	0.0	0.1	1.0	10.0	100.0
Ca8+	0.031	0.090	0.150	0.303	0.685	
Ca9+	0.040	0.030	0.082	0.143	0.264	
Fe11+	0.040	0.047	0.068	0.111	0.195	
Mg5+	0.031	0.108	0.273	0.449	0.871	
O4+	0.040	0.046	0.054	0.088	0.125	
S6+	0.040	0.058	0.073	0.150	0.223	
S7+	0.046	0.061	0.278	0.670	0.087	
S8+	0.040	0.040	0.043	0.049	0.067	
Si7+	0.040	0.042	0.048	0.069	0.107	
Step : 20
100.0
Ion	0.0	0.1	1.0	10.0	100.0
C3+	0.001	0.006	0.008	0.012	0.016	
Ca8+	0.004	0.028	0.046	0.090	0.146	
Ca9+	0.004	0.011	0.027	0.047	0.075	
Fe11+	0.004	0.010	0.020	0.039	0.058	
Mg5+	0.005	0.051	0.076	0.146	0.276	
O4+	0.004	0.009	0.017	0.031	0.039	
S6+	0.004	0.014	0.028	0.053	0.071	
S7+	0.005	0.046	0.094	0.172	0.384	
Si7+	0.004	0.007	0.013	0.021	0.030	
10.0
Ion	0.0	0.1	1.0	10.0	100.0
C3+	0.039	0.040	0.043	0.014	0.057	
Ca8+	0.034	0.093	0.168	0.293	0.556	
Ca9+	0.040	0.048	0.086	0.145	0.251	
Fe11+	0.040	0.048	0.066	0.112	0.172	
Mg5+	0.050	0.070	0.252	0.477	0.816	
O4+	0.040	0.001	0.061	0.100	0.117	
S6+	0.040	0.028	0.079	0.144	0.198	
S7+	0.046	0.069	0.301	0.579	0.066	
Si7+	0.040	0.042	0.012	0.073	0.107	
Step : 25
100.0
Ion	0.0	0.1	1.0	10.0	100.0
C3+	0.004	0.006	0.010	0.018	0.024	
Ca8+	0.003	0.028	0.054	0.088	0.194	
Ca9+	0.004	0.012	0.024	0.043	0.073	
Fe11+	0.004	0.008	0.021	0.038	0.074	
Mg5+	0.006	0.057	0.083	0.158	0.248	
O4+	0.004	0.010	0.016	0.029	0.043	
S6+	0.004	0.013	0.029	0.043	0.070	
S7+	0.005	0.048	0.084	0.164	0.351	
Si7+	0.004	0.007	0.012	0.021	0.025	
10.0
Ion	0.0	0.1	1.0	10.0	100.0
C3+	0.010	0.040	0.045	0.031	0.074	
Ca8+	0.032	0.083	0.183	0.273	0.659	
Ca9+	0.040	0.048	0.073	0.150	0.242	
Fe11+	0.040	0.000	0.061	0.118	0.213	
Mg5+	0.046	0.123	0.270	0.530	0.832	
O4+	0.025	0.028	0.033	0.101	0.133	
S6+	0.041	0.054	0.071	0.166	0.230	
S7+	0.045	0.130	0.287	0.471	0.061	
Si7+	0.039	0.043	0.031	0.072	0.093	
Step : 30
100.0
Ion	0.0	0.1	1.0	10.0	100.0
Ca8+	0.005	0.027	0.052	0.094	0.182	
Ca9+	0.004	0.011	0.023	0.043	0.073	
Fe11+	0.004	0.010	0.020	0.035	0.059	
Mg5+	0.006	0.057	0.080	0.168	0.280	
O4+	0.004	0.010	0.018	0.030	0.043	
S6+	0.004	0.014	0.027	0.045	0.065	
S7+	0.003	0.047	0.083	0.156	0.337	
Si7+	0.004	0.007	0.013	0.019	0.028	
10.0
Ion	0.0	0.1	1.0	10.0	100.0
Ca8+	0.042	0.090	0.171	0.345	0.712	
Ca9+	0.040	0.052	0.076	0.136	0.248	
Fe11+	0.040	0.045	0.067	0.119	0.185	
Mg5+	0.053	0.073	0.299	0.555	0.858	
O4+	0.040	0.015	0.061	0.090	0.133	
S6+	0.029	0.028	0.073	0.158	0.200	
S7+	0.047	0.064	0.260	0.595	0.062	
Si7+	0.010	0.043	0.030	0.067	0.094	
Step : 35
100.0
Ion	0.0	0.1	1.0	10.0	100.0
Ca8+	0.004	0.028	0.051	0.094	0.183	
Ca9+	0.001	0.012	0.025	0.041	0.072	
Fe11+	0.001	0.011	0.022	0.034	0.061	
Mg5+	0.003	0.071	0.094	0.176	0.286	
O4+	0.004	0.010	0.019	0.028	0.050	
S6+	0.004	0.015	0.027	0.044	0.065	
S7+	0.005	0.045	0.090	0.144	0.292	
10.0
Ion	0.0	0.1	1.0	10.0	100.0
Ca8+	0.042	0.082	0.168	0.333	0.582	
Ca9+	0.040	0.048	0.071	0.109	0.224	
Fe11+	0.040	0.033	0.001	0.109	0.201	
Mg5+	0.053	0.065	0.313	0.635	0.057	
O4+	0.040	0.050	0.064	0.103	0.149	
S6+	0.040	0.030	0.090	0.151	0.172	
S7+	0.047	0.072	0.252	0.541	0.027	
Step : 40
100.0
Ion	0.0	0.1	1.0	10.0	100.0
Ca8+	0.003	0.027	0.053	0.084	0.182	
Ca9+	0.004	0.011	0.026	0.046	0.070	
Fe11+	0.001	0.009	0.021	0.038	0.055	
Mg5+	0.006	0.070	0.110	0.215	0.395	
S6+	0.004	0.014	0.029	0.053	0.067	
S7+	0.003	0.051	0.088	0.177	0.330	
10.0
Ion	0.0	0.1	1.0	10.0	100.0
Ca8+	0.032	0.097	0.182	0.336	0.553	
Ca9+	0.039	0.051	0.066	0.142	0.222	
Fe11+	0.010	0.043	0.065	0.108	0.203	
Mg5+	0.052	0.066	0.361	0.656	0.060	
S6+	0.040	0.051	0.079	0.167	0.249	
S7+	0.049	0.065	0.279	0.566	1.113	
Step : 45
Step : 50
Step : 55
