Step : 1
100.0
Ion	0.0	0.1	1.0	10.0	100.0
Ca9+	0.004	0.020	0.036	0.058	0.106	
Mg6+	0.005	0.080	0.107	0.199	0.321	
Mg7+	0.004	0.011	0.022	0.035	0.045	
S7+	0.003	0.017	0.027	0.050	0.083	
S8+	0.009	0.105	0.156	0.320	0.754	
Si6+	0.004	0.010	0.020	0.029	0.043	
Si8+	0.003	0.015	0.029	0.049	0.063	
10.0
Ion	0.0	0.1	1.0	10.0	100.0
Ca9+	0.033	0.064	0.119	0.225	0.358	
Mg6+	0.056	0.081	0.385	0.719	0.050	
Mg7+	0.040	0.029	0.065	0.101	0.137	
S7+	0.040	0.059	0.092	0.169	0.253	
S8+	0.056	0.069	0.549	0.958	0.027	
Si6+	0.040	0.011	0.062	0.099	0.145	
Si8+	0.041	0.030	0.080	0.138	0.210	
Step : 5
100.0
Ion	0.0	0.1	1.0	10.0	100.0
Ca10+	0.002	0.020	0.044	0.090	0.152	
Ca11+	0.001	0.008	0.012	0.024	0.041	
Ca9+	0.003	0.017	0.033	0.071	0.091	
Fe12+	0.004	0.005	0.010	0.018	0.029	
Fe13+	0.001	0.006	0.014	0.028	0.040	
Mg6+	0.007	0.079	0.107	0.190	0.319	
Mg7+	0.004	0.011	0.019	0.036	0.042	
S7+	0.004	0.016	0.027	0.048	0.066	
S8+	0.005	0.076	0.130	0.284	0.675	
S9+	0.004	0.011	0.023	0.038	0.056	
Si6+	0.004	0.007	0.014	0.025	0.037	
Si8+	0.004	0.011	0.024	0.039	0.061	
10.0
Ion	0.0	0.1	1.0	10.0	100.0
Ca10+	0.032	0.076	0.134	0.270	0.474	
Ca11+	0.040	0.043	0.013	0.079	0.114	
Ca9+	0.029	0.071	0.125	0.208	0.337	
Fe12+	0.039	0.040	0.013	0.057	0.095	
Fe13+	0.040	0.043	0.051	0.081	0.139	
Mg6+	0.056	0.142	0.340	0.590	0.056	
Mg7+	0.040	0.050	0.067	0.108	0.126	
S7+	0.041	0.062	0.077	0.172	0.232	
S8+	0.029	0.060	0.362	0.887	0.046	
S9+	0.040	0.027	0.064	0.119	0.161	
Si6+	0.040	0.043	0.054	0.081	0.113	
Si8+	0.012	0.029	0.071	0.108	0.188	
Step : 10
100.0
Ion	0.0	0.1	1.0	10.0	100.0
Ca10+	0.004	0.022	0.045	0.081	0.158	
Ca11+	0.001	0.006	0.014	0.024	0.037	
Ca9+	0.004	0.018	0.037	0.069	0.107	
Fe12+	0.001	0.006	0.014	0.026	0.038	
Fe13+	0.004	0.009	0.018	0.038	0.058	
Mg6+	0.006	0.076	0.125	0.201	0.316	
Mg7+	0.004	0.010	0.017	0.031	0.042	
N4+	0.004	0.007	0.012	0.018	0.023	
S7+	0.004	0.014	0.029	0.044	0.063	
S8+	0.005	0.082	0.113	0.282	0.841	
S9+	0.004	0.011	0.020	0.030	0.048	
Si6+	0.004	0.007	0.014	0.023	0.033	
Si8+	0.004	0.012	0.021	0.040	0.063	
10.0
Ion	0.0	0.1	1.0	10.0	100.0
Ca10+	0.013	0.078	0.139	0.290	0.511	
Ca11+	0.040	0.041	0.010	0.072	0.141	
Ca9+	0.030	0.066	0.114	0.204	0.326	
Fe12+	0.039	0.042	0.052	0.073	0.121	
Fe13+	0.040	0.044	0.059	0.107	0.177	
Mg6+	0.031	0.067	0.316	0.640	0.057	
Mg7+	0.040	0.049	0.056	0.097	0.128	
N4+	0.039	0.005	0.009	0.060	0.079	
S7+	0.041	0.057	0.080	0.141	0.242	
S8+	0.030	0.016	0.362	0.850	0.060	
S9+	0.040	0.048	0.059	0.096	0.175	
Si6+	0.040	0.042	0.031	0.066	0.114	
Si8+	0.040	0.048	0.065	0.121	0.167	
Step : 15
100.0
Ion	0.0	0.1	1.0	10.0	100.0
Ca10+	0.002	0.022	0.041	0.081	0.143	
Ca11+	0.001	0.003	0.014	0.024	0.034	
Ca9+	0.003	0.018	0.040	0.067	0.108	
Fe12+	0.004	0.008	0.014	0.026	0.037	
Fe13+	0.001	0.009	0.017	0.037	0.057	
Mg6+	0.005	0.096	0.107	0.217	0.338	
Mg7+	0.004	0.009	0.017	0.030	0.032	
N4+	0.004	0.008	0.012	0.021	0.032	
S7+	0.004	0.014	0.028	0.046	0.065	
S8+	0.005	0.078	0.119	0.267	0.635	
S9+	0.004	0.009	0.019	0.032	0.052	
Si6+	0.001	0.007	0.013	0.023	0.032	
Si8+	0.003	0.013	0.020	0.038	0.051	
10.0
Ion	0.0	0.1	1.0	10.0	100.0
Ca10+	0.030	0.079	0.134	0.264	0.561	
Ca11+	0.039	0.029	0.032	0.073	0.124	
Ca9+	0.029	0.027	0.119	0.232	0.332	
Fe12+	0.040	0.043	0.054	0.087	0.122	
Fe13+	0.040	0.042	0.064	0.115	0.170	
Mg6+	0.052	0.139	0.356	0.726	0.019	
Mg7+	0.040	0.048	0.058	0.098	0.123	
N4+	0.040	0.045	0.049	0.069	0.090	
S7+	0.041	0.028	0.085	0.147	0.259	
S8+	0.030	0.068	0.472	0.901	0.024	
S9+	0.040	0.047	0.060	0.108	0.150	
Si6+	0.040	0.042	0.013	0.065	0.107	
Si8+	0.040	0.051	0.065	0.119	0.193	
Step : 20
100.0
Ion	0.0	0.1	1.0	10.0	100.0
Ca10+	0.004	0.020	0.044	0.089	0.151	
Ca11+	0.004	0.003	0.011	0.023	0.034	
Ca9+	0.004	0.019	0.035	0.061	0.099	
Fe12+	0.004	0.008	0.015	0.024	0.041	
Fe13+	0.004	0.010	0.020	0.041	0.057	
Mg6+	0.009	0.093	0.123	0.196	0.297	
N4+	0.001	0.008	0.013	0.020	0.029	
S7+	0.004	0.014	0.028	0.050	0.062	
S8+	0.005	0.079	0.128	0.251	0.719	
S9+	0.004	0.010	0.018	0.030	0.048	
Si6+	0.004	0.007	0.013	0.023	0.031	
Si8+	0.004	0.011	0.021	0.034	0.050	
10.0
Ion	0.0	0.1	1.0	10.0	100.0
Ca10+	0.031	0.078	0.151	0.289	0.527	
Ca11+	0.039	0.030	0.051	0.064	0.107	
Ca9+	0.042	0.063	0.143	0.251	0.309	
Fe12+	0.040	0.043	0.051	0.081	0.136	
Fe13+	0.039	0.048	0.060	0.117	0.203	
Mg6+	0.054	0.152	0.344	0.670	0.057	
N4+	0.040	0.007	0.048	0.076	0.089	
S7+	0.030	0.029	0.097	0.128	0.188	
S8+	0.051	0.027	0.385	0.869	0.057	
S9+	0.040	0.044	0.058	0.094	0.155	
Si6+	0.040	0.043	0.050	0.062	0.090	
Si8+	0.040	0.043	0.066	0.113	0.152	
Step : 25
100.0
Ion	0.0	0.1	1.0	10.0	100.0
Ca10+	0.004	0.020	0.046	0.081	0.182	
Ca11+	0.004	0.006	0.012	0.022	0.035	
Ca9+	0.003	0.021	0.041	0.072	0.106	
Fe12+	0.004	0.007	0.013	0.025	0.037	
Fe13+	0.004	0.010	0.020	0.036	0.051	
Mg6+	0.005	0.095	0.125	0.229	0.353	
N4+	0.004	0.009	0.015	0.024	0.029	
O4+	0.004	0.012	0.019	0.032	0.033	
S7+	0.004	0.014	0.031	0.044	0.079	
S8+	0.005	0.075	0.118	0.256	0.602	
S9+	0.004	0.009	0.016	0.031	0.046	
Si6+	0.004	0.007	0.013	0.022	0.031	
Si8+	0.004	0.011	0.020	0.032	0.046	
10.0
Ion	0.0	0.1	1.0	10.0	100.0
Ca10+	0.028	0.090	0.137	0.252	0.572	
Ca11+	0.039	0.042	0.012	0.033	0.097	
Ca9+	0.033	0.066	0.119	0.248	0.314	
Fe12+	0.040	0.044	0.050	0.083	0.136	
Fe13+	0.010	0.048	0.069	0.118	0.155	
Mg6+	0.055	0.061	0.364	0.798	0.021	
N4+	0.040	0.044	0.052	0.080	0.099	
O4+	0.040	0.013	0.063	0.098	0.116	
S7+	0.040	0.029	0.074	0.151	0.225	
S8+	0.029	0.073	0.379	0.890	0.053	
S9+	0.040	0.045	0.055	0.091	0.142	
Si6+	0.040	0.005	0.051	0.065	0.104	
Si8+	0.040	0.010	0.058	0.113	0.160	
Step : 30
100.0
Ion	0.0	0.1	1.0	10.0	100.0
Ca10+	0.003	0.020	0.041	0.083	0.154	
Ca11+	0.004	0.006	0.012	0.023	0.034	
Ca9+	0.004	0.020	0.038	0.070	0.106	
Fe12+	0.001	0.008	0.016	0.030	0.038	
Fe13+	0.004	0.009	0.022	0.032	0.058	
Mg6+	0.003	0.090	0.114	0.210	0.374	
N4+	0.004	0.008	0.015	0.025	0.036	
O4+	0.004	0.011	0.021	0.030	0.032	
S7+	0.004	0.013	0.031	0.044	0.067	
S8+	0.005	0.067	0.131	0.247	0.584	
S9+	0.004	0.010	0.017	0.033	0.049	
Si6+	0.001	0.007	0.013	0.022	0.030	
Si8+	0.004	0.010	0.017	0.031	0.056	
10.0
Ion	0.0	0.1	1.0	10.0	100.0
Ca10+	0.029	0.029	0.137	0.277	0.442	
Ca11+	0.040	0.042	0.010	0.075	0.108	
Ca9+	0.041	0.029	0.119	0.217	0.404	
Fe12+	0.039	0.043	0.055	0.082	0.148	
Fe13+	0.040	0.045	0.058	0.112	0.191	
Mg6+	0.056	0.061	0.395	0.754	0.023	
N4+	0.025	0.047	0.034	0.075	0.127	
O4+	0.041	0.051	0.065	0.090	0.093	
S7+	0.041	0.028	0.078	0.146	0.191	
S8+	0.054	0.056	0.395	0.881	0.024	
S9+	0.040	0.045	0.056	0.091	0.161	
Si6+	0.040	0.043	0.031	0.063	0.088	
Si8+	0.040	0.028	0.071	0.101	0.175	
Step : 35
100.0
Ion	0.0	0.1	1.0	10.0	100.0
Ca10+	0.004	0.022	0.042	0.081	0.144	
Ca11+	0.004	0.006	0.012	0.018	0.031	
Ca9+	0.004	0.022	0.039	0.076	0.123	
Fe12+	0.004	0.008	0.016	0.029	0.039	
Fe13+	0.001	0.009	0.019	0.039	0.062	
Mg6+	0.006	0.089	0.126	0.215	0.322	
N4+	0.004	0.011	0.018	0.029	0.039	
O4+	0.001	0.011	0.022	0.033	0.054	
S7+	0.004	0.015	0.024	0.042	0.059	
S8+	0.005	0.066	0.125	0.263	0.792	
S9+	0.004	0.007	0.016	0.030	0.049	
Si8+	0.004	0.010	0.019	0.030	0.051	
10.0
Ion	0.0	0.1	1.0	10.0	100.0
Ca10+	0.041	0.080	0.128	0.294	0.438	
Ca11+	0.010	0.042	0.009	0.065	0.086	
Ca9+	0.034	0.073	0.125	0.226	0.353	
Fe12+	0.040	0.044	0.033	0.077	0.152	
Fe13+	0.040	0.043	0.060	0.123	0.189	
Mg6+	0.053	0.064	0.408	0.735	0.020	
N4+	0.040	0.045	0.059	0.087	0.125	
O4+	0.040	0.052	0.068	0.107	0.163	
S7+	0.040	0.031	0.092	0.142	0.208	
S8+	0.052	0.065	0.346	0.925	0.023	
S9+	0.040	0.044	0.031	0.081	0.164	
Si8+	0.040	0.048	0.057	0.101	0.155	
Step : 40
100.0
Ion	0.0	0.1	1.0	10.0	100.0
Ca10+	0.004	0.019	0.040	0.088	0.159	
Ca11+	0.004	0.006	0.011	0.021	0.032	
Ca9+	0.003	0.023	0.039	0.073	0.118	
Fe12+	0.001	0.007	0.015	0.028	0.043	
Fe13+	0.004	0.009	0.020	0.036	0.063	
Mg6+	0.002	0.087	0.127	0.235	0.376	
N4+	0.003	0.011	0.017	0.030	0.043	
S7+	0.004	0.015	0.028	0.048	0.059	
S8+	0.003	0.081	0.111	0.262	0.839	
S9+	0.004	0.009	0.015	0.032	0.041	
Si8+	0.003	0.011	0.021	0.034	0.049	
10.0
Ion	0.0	0.1	1.0	10.0	100.0
Ca10+	0.031	0.073	0.114	0.265	0.428	
Ca11+	0.039	0.042	0.012	0.067	0.097	
Ca9+	0.032	0.072	0.115	0.209	0.409	
Fe12+	0.040	0.042	0.059	0.088	0.126	
Fe13+	0.040	0.044	0.061	0.098	0.183	
Mg6+	0.054	0.066	0.403	0.787	0.056	
N4+	0.040	0.013	0.062	0.089	0.141	
S7+	0.040	0.031	0.085	0.153	0.214	
S8+	0.048	0.067	0.375	0.839	0.056	
S9+	0.040	0.046	0.059	0.094	0.130	
Si8+	0.040	0.009	0.064	0.109	0.152	
Step : 45
100.0
Ion	0.0	0.1	1.0	10.0	100.0
Ca10+	0.004	0.020	0.041	0.071	0.149	
Ca11+	0.001	0.006	0.010	0.025	0.033	
Fe13+	0.004	0.009	0.019	0.038	0.060	
Mg6+	0.005	0.090	0.108	0.209	0.418	
N4+	0.004	0.010	0.018	0.034	0.043	
S8+	0.006	0.074	0.130	0.278	0.610	
S9+	0.004	0.010	0.018	0.030	0.047	
Si8+	0.003	0.012	0.020	0.033	0.049	
10.0
Ion	0.0	0.1	1.0	10.0	100.0
Ca10+	0.041	0.027	0.128	0.250	0.526	
Ca11+	0.040	0.040	0.044	0.065	0.101	
Fe13+	0.040	0.045	0.063	0.111	0.182	
Mg6+	0.050	0.019	0.376	0.789	0.076	
N4+	0.040	0.047	0.061	0.096	0.135	
S8+	0.029	0.062	0.441	1.031	0.062	
S9+	0.040	0.044	0.055	0.078	0.150	
Si8+	0.040	0.048	0.067	0.107	0.152	
Step : 50
100.0
Ion	0.0	0.1	1.0	10.0	100.0
Ca10+	0.004	0.022	0.042	0.069	0.146	
Ca11+	0.001	0.005	0.010	0.021	0.029	
Fe13+	0.001	0.009	0.019	0.038	0.060	
Mg6+	0.006	0.093	0.126	0.210	0.333	
N4+	0.004	0.010	0.019	0.030	0.048	
S8+	0.003	0.078	0.130	0.267	0.483	
S9+	0.004	0.008	0.014	0.026	0.042	
Si8+	0.003	0.010	0.019	0.034	0.047	
10.0
Ion	0.0	0.1	1.0	10.0	100.0
Ca10+	0.033	0.071	0.124	0.264	0.460	
Ca11+	0.039	0.041	0.046	0.002	0.091	
Fe13+	0.040	0.044	0.064	0.114	0.212	
Mg6+	0.055	0.061	0.390	0.735	0.023	
N4+	0.040	0.050	0.060	0.094	0.152	
S8+	0.051	0.068	0.391	0.844	0.053	
S9+	0.039	0.046	0.055	0.082	0.140	
Si8+	0.040	0.048	0.060	0.104	0.153	
Step : 55
