Step : 1
100.0
Ion	0.0	0.1	1.0	10.0	100.0
Mg6+	0.004	0.009	0.019	0.030	0.041	
Mg7+	0.002	0.084	0.127	0.298	0.739	
O5+	0.004	0.003	0.014	0.021	0.036	
S8+	0.001	0.014	0.027	0.053	0.084	
Si7+	0.004	0.014	0.027	0.048	0.081	
10.0
Ion	0.0	0.1	1.0	10.0	100.0
Mg6+	0.040	0.049	0.065	0.094	0.177	
Mg7+	0.029	0.025	0.471	1.023	0.052	
O5+	0.040	0.046	0.058	0.085	0.105	
S8+	0.040	0.053	0.092	0.164	0.318	
Si7+	0.012	0.029	0.086	0.168	0.247	
Step : 5
100.0
Ion	0.0	0.1	1.0	10.0	100.0
Ca10+	0.004	0.015	0.023	0.043	0.062	
Ca11+	0.004	0.020	0.042	0.098	0.140	
Ca12+	0.004	0.011	0.028	0.052	0.075	
Fe14+	0.004	0.005	0.011	0.018	0.030	
Mg6+	0.004	0.009	0.014	0.026	0.036	
Mg7+	0.005	0.091	0.129	0.234	0.367	
Mg8+	0.004	0.013	0.019	0.035	0.045	
O5+	0.003	0.009	0.017	0.026	0.031	
S10+	0.004	0.018	0.036	0.059	0.084	
S8+	0.004	0.014	0.029	0.058	0.068	
S9+	0.005	0.094	0.145	0.281	0.860	
Si7+	0.004	0.013	0.022	0.040	0.059	
Si9+	0.004	0.015	0.033	0.052	0.077	
10.0
Ion	0.0	0.1	1.0	10.0	100.0
Ca10+	0.040	0.052	0.092	0.144	0.204	
Ca11+	0.041	0.081	0.142	0.266	0.509	
Ca12+	0.040	0.047	0.083	0.154	0.242	
Fe14+	0.039	0.041	0.046	0.067	0.092	
Mg6+	0.040	0.043	0.054	0.073	0.116	
Mg7+	0.054	0.065	0.354	0.783	0.049	
Mg8+	0.040	0.028	0.057	0.101	0.148	
O5+	0.040	0.030	0.061	0.077	0.109	
S10+	0.040	0.064	0.109	0.168	0.311	
S8+	0.040	0.059	0.093	0.153	0.220	
S9+	0.053	0.061	0.495	0.924	0.052	
Si7+	0.033	0.030	0.067	0.121	0.182	
Si9+	0.041	0.060	0.094	0.178	0.252	
Step : 10
100.0
Ion	0.0	0.1	1.0	10.0	100.0
Ca10+	0.003	0.016	0.028	0.044	0.061	
Ca11+	0.004	0.025	0.050	0.104	0.168	
Ca12+	0.004	0.013	0.025	0.049	0.086	
Fe14+	0.004	0.006	0.014	0.023	0.045	
Fe15+	0.004	0.008	0.015	0.028	0.054	
Mg6+	0.004	0.008	0.014	0.025	0.039	
Mg7+	0.006	0.088	0.121	0.199	0.439	
Mg8+	0.001	0.010	0.019	0.029	0.037	
O5+	0.004	0.012	0.020	0.036	0.043	
S10+	0.003	0.016	0.031	0.054	0.094	
S8+	0.004	0.015	0.028	0.054	0.070	
S9+	0.005	0.082	0.132	0.261	0.900	
Si7+	0.004	0.012	0.021	0.039	0.055	
Si9+	0.003	0.014	0.028	0.047	0.066	
10.0
Ion	0.0	0.1	1.0	10.0	100.0
Ca10+	0.031	0.029	0.080	0.132	0.215	
Ca11+	0.032	0.088	0.177	0.336	0.799	
Ca12+	0.040	0.053	0.080	0.163	0.243	
Fe14+	0.039	0.044	0.053	0.081	0.137	
Fe15+	0.040	0.042	0.030	0.102	0.179	
Mg6+	0.040	0.045	0.032	0.075	0.107	
Mg7+	0.055	0.077	0.383	0.770	0.054	
Mg8+	0.040	0.045	0.056	0.099	0.133	
O5+	0.040	0.029	0.071	0.106	0.132	
S10+	0.029	0.062	0.089	0.163	0.323	
S8+	0.029	0.056	0.096	0.158	0.227	
S9+	0.028	0.062	0.465	0.958	0.057	
Si7+	0.040	0.027	0.069	0.124	0.143	
Si9+	0.029	0.028	0.095	0.158	0.249	
Step : 15
100.0
Ion	0.0	0.1	1.0	10.0	100.0
Ca10+	0.003	0.015	0.030	0.050	0.063	
Ca11+	0.003	0.024	0.054	0.094	0.218	
Ca12+	0.004	0.012	0.026	0.045	0.083	
Fe14+	0.004	0.008	0.017	0.028	0.042	
Fe15+	0.001	0.009	0.021	0.038	0.049	
Mg6+	0.004	0.007	0.015	0.023	0.037	
Mg7+	0.003	0.087	0.116	0.221	0.331	
Mg8+	0.004	0.010	0.018	0.029	0.038	
O5+	0.003	0.013	0.024	0.035	0.046	
S10+	0.004	0.018	0.031	0.055	0.076	
S8+	0.004	0.014	0.027	0.049	0.067	
S9+	0.005	0.088	0.149	0.317	0.761	
Si7+	0.004	0.011	0.020	0.034	0.052	
Si9+	0.003	0.014	0.032	0.048	0.080	
10.0
Ion	0.0	0.1	1.0	10.0	100.0
Ca10+	0.040	0.029	0.078	0.153	0.235	
Ca11+	0.029	0.097	0.026	0.360	0.685	
Ca12+	0.040	0.029	0.072	0.152	0.250	
Fe14+	0.040	0.044	0.059	0.095	0.158	
Fe15+	0.039	0.043	0.059	0.115	0.190	
Mg6+	0.039	0.042	0.031	0.082	0.121	
Mg7+	0.056	0.065	0.406	0.797	0.023	
Mg8+	0.040	0.048	0.061	0.092	0.114	
O5+	0.012	0.030	0.074	0.107	0.154	
S10+	0.040	0.029	0.090	0.154	0.270	
S8+	0.040	0.030	0.091	0.138	0.237	
S9+	0.053	0.062	0.459	1.013	0.055	
Si7+	0.040	0.049	0.062	0.114	0.143	
Si9+	0.041	0.032	0.086	0.167	0.245	
Step : 20
100.0
Ion	0.0	0.1	1.0	10.0	100.0
Ca10+	0.004	0.014	0.027	0.050	0.070	
Ca11+	0.003	0.029	0.058	0.100	0.193	
Ca12+	0.001	0.014	0.023	0.047	0.074	
Fe14+	0.004	0.008	0.018	0.032	0.044	
Fe15+	0.001	0.008	0.020	0.031	0.057	
Mg6+	0.004	0.007	0.014	0.023	0.037	
Mg7+	0.002	0.081	0.128	0.247	0.409	
Mg8+	0.001	0.009	0.019	0.031	0.040	
O5+	0.003	0.014	0.026	0.035	0.051	
S10+	0.003	0.014	0.030	0.050	0.083	
S8+	0.004	0.014	0.026	0.046	0.065	
S9+	0.008	0.094	0.151	0.305	0.828	
Si7+	0.004	0.011	0.020	0.034	0.050	
Si9+	0.004	0.013	0.028	0.054	0.075	
10.0
Ion	0.0	0.1	1.0	10.0	100.0
Ca10+	0.041	0.030	0.086	0.125	0.208	
Ca11+	0.042	0.096	0.178	0.337	0.696	
Ca12+	0.040	0.054	0.075	0.140	0.262	
Fe14+	0.040	0.043	0.059	0.100	0.148	
Fe15+	0.039	0.033	0.061	0.119	0.175	
Mg6+	0.040	0.005	0.031	0.072	0.110	
Mg7+	0.054	0.068	0.397	0.695	0.054	
Mg8+	0.040	0.045	0.057	0.091	0.127	
O5+	0.030	0.030	0.090	0.119	0.183	
S10+	0.041	0.056	0.085	0.157	0.271	
S8+	0.013	0.030	0.030	0.148	0.230	
S9+	0.054	0.063	0.450	0.759	0.024	
Si7+	0.040	0.032	0.066	0.094	0.164	
Si9+	0.030	0.057	0.086	0.155	0.221	
Step : 25
100.0
Ion	0.0	0.1	1.0	10.0	100.0
Ca10+	0.004	0.014	0.027	0.049	0.082	
Ca11+	0.003	0.028	0.057	0.099	0.201	
Ca12+	0.004	0.012	0.027	0.053	0.085	
Fe14+	0.004	0.008	0.015	0.029	0.051	
Fe15+	0.004	0.011	0.020	0.033	0.061	
Mg6+	0.004	0.008	0.016	0.024	0.034	
Mg7+	0.006	0.084	0.112	0.204	0.392	
O5+	0.003	0.016	0.027	0.038	0.048	
S10+	0.001	0.015	0.031	0.053	0.091	
S8+	0.001	0.014	0.028	0.043	0.068	
S9+	0.005	0.091	0.133	0.319	0.690	
Si7+	0.004	0.011	0.019	0.037	0.045	
Si9+	0.004	0.016	0.029	0.041	0.070	
10.0
Ion	0.0	0.1	1.0	10.0	100.0
Ca10+	0.040	0.057	0.087	0.138	0.259	
Ca11+	0.031	0.082	0.169	0.349	0.841	
Ca12+	0.040	0.051	0.075	0.153	0.248	
Fe14+	0.040	0.045	0.063	0.092	0.146	
Fe15+	0.010	0.044	0.066	0.111	0.186	
Mg6+	0.040	0.045	0.031	0.072	0.116	
Mg7+	0.054	0.067	0.405	0.887	0.061	
O5+	0.041	0.065	0.079	0.130	0.196	
S10+	0.040	0.064	0.096	0.153	0.261	
S8+	0.026	0.030	0.080	0.157	0.198	
S9+	0.053	0.074	0.463	0.912	0.049	
Si7+	0.040	0.030	0.069	0.108	0.172	
Si9+	0.040	0.060	0.084	0.143	0.184	
Step : 30
100.0
Ion	0.0	0.1	1.0	10.0	100.0
Ca10+	0.004	0.015	0.029	0.045	0.078	
Ca11+	0.004	0.028	0.057	0.110	0.215	
Ca12+	0.004	0.011	0.026	0.047	0.073	
Fe14+	0.004	0.010	0.018	0.029	0.049	
Fe15+	0.004	0.009	0.020	0.041	0.055	
Mg6+	0.004	0.008	0.015	0.027	0.038	
Mg7+	0.006	0.092	0.123	0.234	0.399	
O5+	0.004	0.016	0.025	0.041	0.053	
S10+	0.004	0.015	0.028	0.049	0.073	
S8+	0.003	0.013	0.026	0.042	0.068	
S9+	0.005	0.091	0.150	0.308	0.729	
Si7+	0.004	0.010	0.018	0.032	0.049	
Si9+	0.004	0.014	0.027	0.044	0.061	
10.0
Ion	0.0	0.1	1.0	10.0	100.0
Ca10+	0.040	0.033	0.085	0.142	0.273	
Ca11+	0.031	0.093	0.198	0.329	0.751	
Ca12+	0.040	0.026	0.072	0.150	0.251	
Fe14+	0.040	0.044	0.059	0.107	0.139	
Fe15+	0.040	0.048	0.058	0.126	0.190	
Mg6+	0.040	0.006	0.053	0.074	0.104	
Mg7+	0.029	0.071	0.396	0.655	0.025	
O5+	0.032	0.028	0.071	0.148	0.182	
S10+	0.041	0.030	0.086	0.149	0.287	
S8+	0.041	0.061	0.070	0.142	0.245	
S9+	0.056	0.060	0.481	0.891	0.057	
Si7+	0.040	0.013	0.063	0.117	0.178	
Si9+	0.040	0.029	0.087	0.150	0.203	
Step : 35
100.0
Ion	0.0	0.1	1.0	10.0	100.0
Ca10+	0.004	0.014	0.030	0.053	0.072	
Ca11+	0.004	0.031	0.060	0.112	0.224	
Ca12+	0.004	0.013	0.026	0.051	0.068	
Fe14+	0.004	0.009	0.019	0.032	0.050	
Fe15+	0.001	0.009	0.019	0.040	0.063	
Mg6+	0.003	0.008	0.015	0.026	0.033	
Mg7+	0.006	0.084	0.116	0.213	0.368	
O5+	0.003	0.017	0.025	0.041	0.055	
S10+	0.003	0.016	0.027	0.050	0.082	
S8+	0.004	0.014	0.025	0.050	0.065	
S9+	0.005	0.096	0.137	0.326	0.746	
Si7+	0.004	0.011	0.020	0.033	0.057	
Si9+	0.003	0.015	0.027	0.041	0.069	
10.0
Ion	0.0	0.1	1.0	10.0	100.0
Ca10+	0.040	0.051	0.090	0.173	0.237	
Ca11+	0.033	0.100	0.154	0.276	0.572	
Ca12+	0.040	0.027	0.076	0.154	0.259	
Fe14+	0.040	0.045	0.063	0.084	0.191	
Fe15+	0.040	0.044	0.064	0.126	0.203	
Mg6+	0.040	0.045	0.058	0.072	0.107	
Mg7+	0.057	0.075	0.404	0.808	0.049	
O5+	0.012	0.031	0.092	0.128	0.178	
S10+	0.041	0.056	0.093	0.168	0.273	
S8+	0.040	0.029	0.084	0.142	0.218	
S9+	0.052	0.062	0.439	0.966	0.052	
Si7+	0.040	0.044	0.067	0.094	0.150	
Si9+	0.028	0.029	0.087	0.126	0.232	
Step : 40
100.0
Ion	0.0	0.1	1.0	10.0	100.0
Ca10+	0.004	0.015	0.026	0.051	0.072	
Ca11+	0.004	0.026	0.052	0.119	0.194	
Ca12+	0.004	0.013	0.025	0.049	0.066	
Fe14+	0.004	0.009	0.017	0.032	0.049	
Fe15+	0.001	0.009	0.020	0.038	0.064	
Mg6+	0.004	0.008	0.017	0.023	0.032	
Mg7+	0.003	0.086	0.123	0.228	0.374	
O5+	0.003	0.017	0.028	0.041	0.052	
S10+	0.004	0.014	0.029	0.048	0.074	
S8+	0.004	0.015	0.025	0.046	0.063	
S9+	0.009	0.092	0.159	0.318	0.778	
Si7+	0.004	0.010	0.019	0.034	0.052	
Si9+	0.004	0.014	0.026	0.043	0.072	
10.0
Ion	0.0	0.1	1.0	10.0	100.0
Ca10+	0.040	0.029	0.084	0.155	0.232	
Ca11+	0.031	0.101	0.175	0.394	0.752	
Ca12+	0.025	0.048	0.075	0.170	0.236	
Fe14+	0.040	0.044	0.060	0.107	0.167	
Fe15+	0.039	0.009	0.064	0.132	0.193	
Mg6+	0.040	0.046	0.050	0.073	0.118	
Mg7+	0.055	0.062	0.393	0.752	0.057	
O5+	0.033	0.063	0.081	0.137	0.189	
S10+	0.040	0.029	0.081	0.164	0.252	
S8+	0.041	0.059	0.080	0.139	0.230	
S9+	0.053	0.056	0.432	0.775	0.051	
Si7+	0.040	0.051	0.062	0.102	0.167	
Si9+	0.040	0.029	0.076	0.141	0.225	
Step : 45
100.0
Ion	0.0	0.1	1.0	10.0	100.0
C4+	0.004	0.005	0.007	0.013	0.015	
Ca10+	0.004	0.017	0.028	0.048	0.073	
Ca11+	0.004	0.026	0.058	0.099	0.226	
Ca12+	0.004	0.011	0.024	0.047	0.078	
Fe14+	0.004	0.009	0.018	0.034	0.046	
Fe15+	0.001	0.010	0.019	0.031	0.052	
Mg6+	0.004	0.009	0.017	0.026	0.038	
Mg7+	0.005	0.080	0.128	0.242	0.403	
O5+	0.003	0.015	0.030	0.047	0.068	
S10+	0.004	0.015	0.028	0.049	0.074	
S8+	0.004	0.012	0.027	0.049	0.070	
S9+	0.005	0.091	0.142	0.259	0.806	
Si7+	0.004	0.010	0.019	0.034	0.049	
Si9+	0.003	0.015	0.029	0.042	0.058	
10.0
Ion	0.0	0.1	1.0	10.0	100.0
C4+	0.010	0.040	0.044	0.049	0.032	
Ca10+	0.040	0.029	0.079	0.166	0.243	
Ca11+	0.035	0.089	0.184	0.346	0.864	
Ca12+	0.040	0.029	0.075	0.138	0.253	
Fe14+	0.040	0.007	0.054	0.099	0.145	
Fe15+	0.010	0.045	0.055	0.137	0.151	
Mg6+	0.040	0.044	0.056	0.076	0.127	
Mg7+	0.054	0.127	0.359	0.767	0.062	
O5+	0.041	0.029	0.079	0.151	0.218	
S10+	0.040	0.029	0.081	0.164	0.270	
S8+	0.040	0.032	0.090	0.165	0.224	
S9+	0.029	0.060	0.514	1.001	0.030	
Si7+	0.026	0.014	0.070	0.102	0.153	
Si9+	0.041	0.029	0.089	0.143	0.209	
Step : 50
100.0
Ion	0.0	0.1	1.0	10.0	100.0
C4+	0.004	0.005	0.008	0.013	0.017	
Ca10+	0.004	0.014	0.026	0.050	0.073	
Ca11+	0.004	0.025	0.062	0.106	0.203	
Ca12+	0.003	0.013	0.024	0.045	0.074	
Fe14+	0.004	0.009	0.017	0.034	0.055	
Fe15+	0.001	0.009	0.019	0.039	0.059	
Mg6+	0.004	0.008	0.015	0.026	0.037	
Mg7+	0.005	0.080	0.112	0.239	0.348	
O5+	0.003	0.015	0.027	0.044	0.058	
S10+	0.003	0.014	0.027	0.052	0.084	
S8+	0.004	0.013	0.026	0.046	0.072	
S9+	0.007	0.086	0.134	0.352	0.861	
Si7+	0.004	0.011	0.022	0.031	0.047	
Si9+	0.004	0.015	0.027	0.043	0.064	
10.0
Ion	0.0	0.1	1.0	10.0	100.0
C4+	0.040	0.040	0.044	0.047	0.033	
Ca10+	0.040	0.030	0.087	0.141	0.246	
Ca11+	0.032	0.095	0.174	0.323	0.840	
Ca12+	0.040	0.027	0.072	0.134	0.250	
Fe14+	0.040	0.045	0.054	0.100	0.175	
Fe15+	0.039	0.044	0.033	0.122	0.204	
Mg6+	0.040	0.043	0.052	0.071	0.127	
Mg7+	0.053	0.065	0.349	0.785	0.055	
O5+	0.040	0.030	0.086	0.141	0.169	
S10+	0.040	0.028	0.087	0.169	0.239	
S8+	0.040	0.053	0.099	0.151	0.211	
S9+	0.027	0.127	0.434	0.920	0.030	
Si7+	0.040	0.029	0.068	0.105	0.142	
Si9+	0.012	0.031	0.072	0.142	0.223	
Step : 55
100.0
Ion	0.0	0.1	1.0	10.0	100.0
C4+	0.004	0.006	0.008	0.014	0.020	
Ca12+	0.004	0.012	0.023	0.043	0.072	
Mg7+	0.002	0.084	0.108	0.193	0.424	
O5+	0.003	0.016	0.025	0.039	0.059	
S10+	0.004	0.016	0.025	0.048	0.088	
Si9+	0.004	0.015	0.026	0.043	0.068	
10.0
Ion	0.0	0.1	1.0	10.0	100.0
C4+	0.039	0.040	0.044	0.033	0.061	
Ca12+	0.040	0.029	0.070	0.146	0.222	
Mg7+	0.053	0.062	0.403	0.726	0.061	
O5+	0.033	0.030	0.085	0.145	0.204	
S10+	0.041	0.032	0.086	0.150	0.234	
Si9+	0.040	0.056	0.074	0.135	0.205	
