Step : 1
Step : 5
100.0
Ion	0.0	0.1	1.0	10.0	100.0
Ca11+	0.001	0.009	0.017	0.030	0.048	
Ca12+	0.004	0.022	0.043	0.066	0.138	
Ca13+	0.003	0.020	0.036	0.083	0.127	
Fe16+	0.004	0.006	0.013	0.020	0.028	
Mg7+	0.004	0.014	0.034	0.047	0.064	
Mg8+	0.005	0.072	0.099	0.180	0.385	
Mg9+	0.001	0.011	0.021	0.039	0.053	
Ne7+	0.004	0.022	0.035	0.063	0.090	
O6+	0.004	0.006	0.009	0.016	0.024	
S10+	0.002	0.072	0.126	0.285	0.768	
S11+	0.003	0.024	0.049	0.089	0.144	
S12+	0.004	0.006	0.012	0.021	0.033	
S9+	0.001	0.017	0.028	0.050	0.067	
Si10+	0.004	0.021	0.039	0.060	0.092	
Si8+	0.004	0.016	0.029	0.055	0.078	
10.0
Ion	0.0	0.1	1.0	10.0	100.0
Ca11+	0.039	0.042	0.062	0.087	0.140	
Ca12+	0.031	0.067	0.145	0.243	0.421	
Ca13+	0.033	0.068	0.129	0.256	0.422	
Fe16+	0.039	0.041	0.049	0.073	0.113	
Mg7+	0.041	0.058	0.096	0.139	0.219	
Mg8+	0.053	0.068	0.374	0.696	0.057	
Mg9+	0.040	0.049	0.065	0.108	0.139	
Ne7+	0.042	0.079	0.125	0.195	0.278	
O6+	0.039	0.041	0.046	0.051	0.072	
S10+	0.054	0.019	0.443	0.908	0.066	
S11+	0.033	0.085	0.152	0.274	0.502	
S12+	0.039	0.041	0.012	0.066	0.098	
S9+	0.040	0.061	0.099	0.157	0.259	
Si10+	0.031	0.075	0.115	0.219	0.348	
Si8+	0.041	0.060	0.078	0.162	0.239	
Step : 10
100.0
Ion	0.0	0.1	1.0	10.0	100.0
Ca11+	0.001	0.012	0.021	0.033	0.051	
Ca12+	0.004	0.024	0.048	0.090	0.170	
Ca13+	0.004	0.019	0.038	0.072	0.108	
Ca14+	0.004	0.007	0.014	0.028	0.050	
Fe16+	0.004	0.007	0.013	0.023	0.042	
Fe17+	0.001	0.007	0.013	0.028	0.047	
Mg7+	0.004	0.016	0.031	0.044	0.064	
Mg8+	0.006	0.074	0.107	0.185	0.352	
Mg9+	0.004	0.011	0.018	0.032	0.038	
Ne7+	0.005	0.021	0.040	0.065	0.093	
O6+	0.004	0.007	0.011	0.020	0.030	
S10+	0.006	0.090	0.131	0.303	0.748	
S11+	0.004	0.025	0.047	0.086	0.156	
S12+	0.004	0.006	0.010	0.019	0.028	
S9+	0.004	0.016	0.028	0.050	0.068	
Si10+	0.004	0.019	0.034	0.065	0.104	
Si8+	0.001	0.015	0.029	0.049	0.072	
10.0
Ion	0.0	0.1	1.0	10.0	100.0
Ca11+	0.040	0.047	0.064	0.099	0.173	
Ca12+	0.033	0.083	0.150	0.268	0.471	
Ca13+	0.031	0.028	0.125	0.217	0.426	
Ca14+	0.040	0.043	0.052	0.103	0.155	
Fe16+	0.040	0.042	0.031	0.081	0.148	
Fe17+	0.039	0.008	0.031	0.103	0.155	
Mg7+	0.032	0.031	0.091	0.130	0.206	
Mg8+	0.029	0.127	0.344	0.774	0.029	
Mg9+	0.040	0.046	0.066	0.101	0.113	
Ne7+	0.033	0.028	0.135	0.203	0.350	
O6+	0.040	0.045	0.033	0.066	0.105	
S10+	0.052	0.068	0.415	0.930	0.041	
S11+	0.041	0.079	0.138	0.266	0.437	
S12+	0.040	0.041	0.045	0.057	0.086	
S9+	0.031	0.055	0.086	0.161	0.194	
Si10+	0.032	0.072	0.114	0.212	0.296	
Si8+	0.040	0.061	0.097	0.159	0.268	
Step : 15
100.0
Ion	0.0	0.1	1.0	10.0	100.0
Ca11+	0.001	0.009	0.018	0.037	0.050	
Ca12+	0.003	0.029	0.055	0.093	0.148	
Ca13+	0.004	0.022	0.039	0.075	0.136	
Ca14+	0.004	0.007	0.016	0.028	0.050	
Fe16+	0.004	0.008	0.017	0.033	0.047	
Fe17+	0.004	0.008	0.017	0.037	0.055	
Mg7+	0.003	0.018	0.029	0.045	0.060	
Mg8+	0.005	0.070	0.109	0.195	0.379	
Mg9+	0.004	0.011	0.018	0.033	0.040	
Ne7+	0.005	0.023	0.039	0.072	0.108	
O6+	0.004	0.008	0.016	0.024	0.033	
S10+	0.006	0.095	0.145	0.294	0.699	
S11+	0.004	0.023	0.043	0.080	0.137	
S12+	0.004	0.006	0.010	0.017	0.023	
S9+	0.003	0.012	0.030	0.046	0.070	
Si10+	0.003	0.019	0.039	0.060	0.100	
Si8+	0.004	0.014	0.028	0.047	0.073	
10.0
Ion	0.0	0.1	1.0	10.0	100.0
Ca11+	0.040	0.047	0.061	0.113	0.162	
Ca12+	0.032	0.089	0.166	0.307	0.619	
Ca13+	0.041	0.029	0.119	0.261	0.485	
Ca14+	0.039	0.044	0.056	0.087	0.153	
Fe16+	0.040	0.000	0.054	0.088	0.150	
Fe17+	0.010	0.044	0.056	0.109	0.175	
Mg7+	0.040	0.063	0.091	0.149	0.185	
Mg8+	0.054	0.121	0.318	0.723	0.053	
Mg9+	0.040	0.009	0.055	0.085	0.132	
Ne7+	0.034	0.092	0.141	0.215	0.325	
O6+	0.039	0.045	0.052	0.073	0.110	
S10+	0.054	0.062	0.384	0.929	0.015	
S11+	0.041	0.081	0.142	0.247	0.414	
S12+	0.040	0.040	0.045	0.032	0.078	
S9+	0.012	0.030	0.089	0.149	0.214	
Si10+	0.041	0.067	0.129	0.188	0.291	
Si8+	0.029	0.031	0.076	0.152	0.232	
Step : 20
100.0
Ion	0.0	0.1	1.0	10.0	100.0
Ca11+	0.004	0.010	0.020	0.034	0.047	
Ca12+	0.004	0.024	0.050	0.087	0.166	
Ca13+	0.004	0.020	0.038	0.083	0.155	
Ca14+	0.004	0.008	0.016	0.024	0.051	
Fe16+	0.004	0.009	0.016	0.030	0.050	
Fe17+	0.001	0.010	0.018	0.031	0.056	
Mg7+	0.003	0.014	0.027	0.046	0.072	
Mg8+	0.006	0.081	0.100	0.182	0.348	
Mg9+	0.004	0.008	0.017	0.031	0.037	
N5+	0.004	0.007	0.014	0.019	0.028	
Ne7+	0.004	0.022	0.039	0.071	0.097	
O6+	0.004	0.009	0.015	0.025	0.035	
S10+	0.009	0.088	0.140	0.303	0.615	
S11+	0.004	0.024	0.047	0.078	0.124	
S12+	0.004	0.005	0.010	0.019	0.028	
S9+	0.004	0.014	0.027	0.051	0.061	
Si10+	0.004	0.021	0.034	0.056	0.087	
Si8+	0.004	0.015	0.024	0.042	0.073	
10.0
Ion	0.0	0.1	1.0	10.0	100.0
Ca11+	0.040	0.047	0.065	0.100	0.143	
Ca12+	0.042	0.084	0.176	0.290	0.534	
Ca13+	0.041	0.029	0.135	0.241	0.479	
Ca14+	0.010	0.042	0.053	0.098	0.164	
Fe16+	0.040	0.047	0.031	0.097	0.177	
Fe17+	0.040	0.045	0.032	0.114	0.201	
Mg7+	0.032	0.066	0.082	0.154	0.216	
Mg8+	0.054	0.058	0.338	0.736	0.067	
Mg9+	0.041	0.047	0.060	0.094	0.123	
N5+	0.039	0.042	0.030	0.063	0.086	
Ne7+	0.033	0.085	0.136	0.217	0.326	
O6+	0.040	0.046	0.031	0.076	0.125	
S10+	0.053	0.070	0.394	0.936	0.022	
S11+	0.041	0.079	0.158	0.245	0.443	
S12+	0.039	0.029	0.041	0.031	0.076	
S9+	0.030	0.030	0.080	0.153	0.200	
Si10+	0.032	0.072	0.107	0.191	0.288	
Si8+	0.040	0.060	0.090	0.139	0.221	
Step : 25
100.0
Ion	0.0	0.1	1.0	10.0	100.0
Ca11+	0.001	0.011	0.021	0.039	0.046	
Ca12+	0.004	0.027	0.054	0.090	0.193	
Ca13+	0.004	0.021	0.039	0.069	0.136	
Ca14+	0.004	0.008	0.015	0.027	0.042	
Fe16+	0.004	0.009	0.017	0.034	0.054	
Fe17+	0.001	0.009	0.020	0.034	0.060	
Mg7+	0.004	0.016	0.029	0.045	0.072	
Mg8+	0.005	0.074	0.108	0.211	0.376	
Mg9+	0.004	0.009	0.020	0.028	0.034	
N5+	0.004	0.009	0.015	0.023	0.027	
Ne7+	0.003	0.024	0.040	0.061	0.113	
O6+	0.004	0.008	0.016	0.026	0.037	
S10+	0.005	0.088	0.147	0.329	0.700	
S11+	0.003	0.023	0.041	0.078	0.130	
S12+	0.004	0.005	0.008	0.016	0.024	
S9+	0.004	0.015	0.031	0.044	0.065	
Si10+	0.004	0.017	0.034	0.057	0.103	
Si8+	0.004	0.016	0.026	0.047	0.063	
10.0
Ion	0.0	0.1	1.0	10.0	100.0
Ca11+	0.040	0.047	0.064	0.104	0.158	
Ca12+	0.033	0.094	0.172	0.275	0.510	
Ca13+	0.041	0.067	0.106	0.249	0.437	
Ca14+	0.040	0.042	0.050	0.083	0.127	
Fe16+	0.039	0.044	0.059	0.100	0.162	
Fe17+	0.040	0.044	0.064	0.127	0.179	
Mg7+	0.041	0.029	0.092	0.158	0.211	
Mg8+	0.054	0.064	0.312	0.717	0.061	
Mg9+	0.040	0.046	0.031	0.079	0.114	
N5+	0.040	0.000	0.029	0.070	0.093	
Ne7+	0.034	0.086	0.158	0.232	0.380	
O6+	0.040	0.044	0.055	0.092	0.108	
S10+	0.052	0.063	0.400	0.834	0.018	
S11+	0.031	0.069	0.131	0.250	0.457	
S12+	0.010	0.040	0.045	0.058	0.084	
S9+	0.040	0.058	0.090	0.146	0.237	
Si10+	0.029	0.072	0.112	0.197	0.260	
Si8+	0.040	0.052	0.096	0.143	0.223	
Step : 30
100.0
Ion	0.0	0.1	1.0	10.0	100.0
Ca11+	0.001	0.010	0.019	0.037	0.048	
Ca12+	0.003	0.026	0.051	0.094	0.170	
Ca13+	0.004	0.020	0.037	0.075	0.152	
Ca14+	0.004	0.008	0.016	0.028	0.047	
Fe16+	0.004	0.009	0.018	0.034	0.051	
Fe17+	0.001	0.009	0.019	0.040	0.067	
Mg7+	0.003	0.016	0.027	0.041	0.065	
Mg8+	0.006	0.080	0.109	0.190	0.357	
N5+	0.004	0.009	0.015	0.022	0.026	
Ne7+	0.003	0.025	0.043	0.070	0.093	
O6+	0.004	0.009	0.019	0.027	0.037	
S10+	0.005	0.090	0.135	0.297	0.640	
S11+	0.004	0.022	0.042	0.077	0.141	
S12+	0.004	0.003	0.010	0.017	0.025	
S9+	0.004	0.014	0.029	0.045	0.066	
Si10+	0.003	0.020	0.037	0.069	0.107	
Si8+	0.004	0.015	0.027	0.050	0.055	
10.0
Ion	0.0	0.1	1.0	10.0	100.0
Ca11+	0.040	0.045	0.065	0.101	0.169	
Ca12+	0.032	0.088	0.172	0.303	0.616	
Ca13+	0.012	0.072	0.114	0.226	0.497	
Ca14+	0.040	0.042	0.055	0.084	0.129	
Fe16+	0.040	0.044	0.056	0.092	0.181	
Fe17+	0.039	0.044	0.057	0.119	0.180	
Mg7+	0.041	0.059	0.091	0.148	0.195	
Mg8+	0.030	0.114	0.363	0.699	0.027	
N5+	0.012	0.008	0.054	0.078	0.094	
Ne7+	0.032	0.099	0.146	0.214	0.282	
O6+	0.040	0.011	0.058	0.086	0.120	
S10+	0.054	0.066	0.408	0.938	0.024	
S11+	0.032	0.079	0.131	0.248	0.421	
S12+	0.039	0.041	0.044	0.032	0.091	
S9+	0.040	0.030	0.089	0.145	0.203	
Si10+	0.041	0.062	0.104	0.198	0.256	
Si8+	0.013	0.028	0.099	0.156	0.234	
Step : 35
100.0
Ion	0.0	0.1	1.0	10.0	100.0
Ca11+	0.001	0.012	0.020	0.032	0.048	
Ca12+	0.003	0.028	0.051	0.093	0.188	
Ca13+	0.003	0.020	0.043	0.078	0.136	
Ca14+	0.004	0.007	0.014	0.030	0.041	
Fe16+	0.004	0.010	0.020	0.035	0.061	
Fe17+	0.004	0.009	0.020	0.038	0.059	
Mg7+	0.003	0.015	0.029	0.047	0.065	
Mg8+	0.005	0.069	0.105	0.208	0.343	
N5+	0.004	0.010	0.016	0.024	0.031	
Ne7+	0.005	0.022	0.046	0.078	0.090	
O6+	0.004	0.011	0.018	0.030	0.041	
S10+	0.003	0.090	0.142	0.282	0.863	
S11+	0.004	0.021	0.042	0.076	0.139	
S12+	0.001	0.005	0.008	0.017	0.025	
S9+	0.004	0.014	0.026	0.046	0.060	
Si10+	0.003	0.019	0.034	0.047	0.080	
Si8+	0.003	0.014	0.027	0.045	0.076	
10.0
Ion	0.0	0.1	1.0	10.0	100.0
Ca11+	0.040	0.048	0.063	0.114	0.145	
Ca12+	0.033	0.094	0.156	0.308	0.659	
Ca13+	0.041	0.075	0.127	0.244	0.430	
Ca14+	0.040	0.004	0.056	0.085	0.134	
Fe16+	0.040	0.005	0.058	0.094	0.160	
Fe17+	0.040	0.045	0.062	0.130	0.208	
Mg7+	0.032	0.059	0.077	0.133	0.188	
Mg8+	0.052	0.071	0.334	0.655	0.015	
N5+	0.040	0.045	0.058	0.074	0.100	
Ne7+	0.033	0.081	0.123	0.207	0.378	
O6+	0.040	0.013	0.058	0.089	0.122	
S10+	0.055	0.067	0.471	0.896	0.050	
S11+	0.031	0.029	0.129	0.239	0.407	
S12+	0.040	0.040	0.010	0.050	0.083	
S9+	0.041	0.055	0.083	0.152	0.202	
Si10+	0.041	0.065	0.116	0.208	0.277	
Si8+	0.041	0.027	0.084	0.144	0.227	
Step : 40
100.0
Ion	0.0	0.1	1.0	10.0	100.0
Ca11+	0.004	0.011	0.021	0.035	0.050	
Ca12+	0.003	0.026	0.043	0.092	0.179	
Ca13+	0.004	0.018	0.035	0.077	0.126	
Ca14+	0.001	0.007	0.013	0.028	0.035	
Fe16+	0.004	0.008	0.018	0.035	0.051	
Fe17+	0.001	0.010	0.020	0.038	0.054	
Mg7+	0.003	0.016	0.030	0.044	0.067	
Mg8+	0.005	0.062	0.089	0.188	0.361	
N5+	0.004	0.009	0.017	0.024	0.028	
Ne7+	0.003	0.025	0.041	0.074	0.099	
O6+	0.003	0.010	0.019	0.024	0.042	
S10+	0.008	0.084	0.137	0.289	0.876	
S11+	0.003	0.022	0.041	0.068	0.143	
S12+	0.001	0.003	0.009	0.016	0.019	
S9+	0.004	0.014	0.026	0.046	0.072	
Si10+	0.004	0.018	0.035	0.056	0.085	
Si8+	0.004	0.014	0.027	0.047	0.062	
10.0
Ion	0.0	0.1	1.0	10.0	100.0
Ca11+	0.040	0.010	0.062	0.111	0.151	
Ca12+	0.034	0.083	0.178	0.324	0.530	
Ca13+	0.030	0.070	0.123	0.254	0.403	
Ca14+	0.039	0.005	0.031	0.084	0.152	
Fe16+	0.040	0.045	0.063	0.112	0.180	
Fe17+	0.010	0.044	0.031	0.114	0.175	
Mg7+	0.041	0.030	0.091	0.142	0.234	
Mg8+	0.051	0.067	0.360	0.660	0.064	
N5+	0.040	0.047	0.054	0.078	0.099	
Ne7+	0.034	0.082	0.123	0.258	0.371	
O6+	0.026	0.045	0.031	0.097	0.121	
S10+	0.052	0.068	0.529	0.795	0.023	
S11+	0.041	0.078	0.128	0.248	0.417	
S12+	0.010	0.041	0.044	0.054	0.067	
S9+	0.012	0.029	0.083	0.163	0.232	
Si10+	0.028	0.065	0.118	0.173	0.258	
Si8+	0.013	0.030	0.096	0.136	0.191	
Step : 45
100.0
Ion	0.0	0.1	1.0	10.0	100.0
Ca11+	0.001	0.008	0.020	0.038	0.052	
Ca12+	0.003	0.028	0.048	0.097	0.168	
Ca13+	0.004	0.019	0.041	0.067	0.139	
Ca14+	0.004	0.007	0.014	0.024	0.039	
Fe16+	0.004	0.009	0.019	0.034	0.062	
Fe17+	0.001	0.010	0.020	0.039	0.059	
Mg7+	0.003	0.016	0.028	0.050	0.068	
Mg8+	0.003	0.071	0.099	0.191	0.374	
N5+	0.004	0.009	0.015	0.024	0.035	
Ne7+	0.005	0.025	0.039	0.079	0.102	
O6+	0.004	0.009	0.017	0.028	0.039	
S10+	0.002	0.090	0.134	0.269	0.592	
S11+	0.003	0.023	0.047	0.075	0.145	
S12+	0.004	0.005	0.009	0.016	0.024	
S9+	0.004	0.012	0.028	0.048	0.059	
Si10+	0.004	0.018	0.034	0.054	0.083	
Si8+	0.004	0.014	0.026	0.047	0.064	
10.0
Ion	0.0	0.1	1.0	10.0	100.0
Ca11+	0.040	0.047	0.068	0.101	0.154	
Ca12+	0.030	0.095	0.166	0.307	0.663	
Ca13+	0.041	0.028	0.126	0.275	0.411	
Ca14+	0.010	0.043	0.031	0.082	0.152	
Fe16+	0.040	0.045	0.060	0.102	0.172	
Fe17+	0.039	0.047	0.065	0.120	0.173	
Mg7+	0.040	0.063	0.093	0.150	0.210	
Mg8+	0.056	0.077	0.325	0.711	0.063	
N5+	0.040	0.047	0.052	0.079	0.105	
Ne7+	0.034	0.083	0.124	0.227	0.314	
O6+	0.040	0.046	0.031	0.082	0.130	
S10+	0.053	0.065	0.482	0.969	0.048	
S11+	0.032	0.028	0.122	0.213	0.358	
S12+	0.040	0.040	0.045	0.052	0.066	
S9+	0.040	0.030	0.079	0.151	0.217	
Si10+	0.031	0.061	0.092	0.188	0.300	
Si8+	0.033	0.031	0.087	0.143	0.198	
Step : 50
100.0
Ion	0.0	0.1	1.0	10.0	100.0
Ca11+	0.001	0.010	0.020	0.039	0.048	
Ca12+	0.004	0.026	0.056	0.091	0.165	
Ca13+	0.004	0.019	0.037	0.077	0.116	
Ca14+	0.004	0.000	0.012	0.026	0.038	
Fe16+	0.004	0.010	0.021	0.030	0.056	
Fe17+	0.001	0.010	0.020	0.033	0.054	
Mg7+	0.004	0.015	0.027	0.042	0.064	
Mg8+	0.006	0.070	0.105	0.185	0.357	
N5+	0.004	0.009	0.018	0.026	0.034	
Ne7+	0.004	0.027	0.050	0.071	0.092	
O6+	0.004	0.009	0.018	0.028	0.036	
S10+	0.005	0.090	0.151	0.312	0.808	
S11+	0.003	0.021	0.041	0.071	0.119	
S12+	0.004	0.003	0.008	0.014	0.020	
S9+	0.004	0.014	0.025	0.050	0.072	
Si10+	0.004	0.019	0.033	0.053	0.091	
Si8+	0.003	0.014	0.028	0.045	0.065	
10.0
Ion	0.0	0.1	1.0	10.0	100.0
Ca11+	0.040	0.012	0.061	0.117	0.140	
Ca12+	0.032	0.096	0.143	0.294	0.654	
Ca13+	0.041	0.074	0.119	0.216	0.473	
Ca14+	0.040	0.042	0.049	0.071	0.153	
Fe16+	0.040	0.028	0.062	0.099	0.198	
Fe17+	0.040	0.033	0.063	0.119	0.176	
Mg7+	0.041	0.064	0.086	0.126	0.198	
Mg8+	0.030	0.070	0.342	0.676	0.064	
N5+	0.040	0.047	0.058	0.077	0.099	
Ne7+	0.032	0.030	0.130	0.206	0.339	
O6+	0.040	0.045	0.056	0.088	0.119	
S10+	0.027	0.060	0.544	0.892	0.060	
S11+	0.032	0.077	0.027	0.236	0.387	
S12+	0.040	0.040	0.043	0.051	0.072	
S9+	0.040	0.029	0.087	0.156	0.232	
Si10+	0.033	0.066	0.101	0.152	0.318	
Si8+	0.032	0.054	0.086	0.148	0.206	
Step : 55
100.0
Ion	0.0	0.1	1.0	10.0	100.0
Ca12+	0.004	0.028	0.056	0.097	0.193	
Ca13+	0.001	0.018	0.039	0.070	0.128	
Ca14+	0.001	0.007	0.013	0.026	0.043	
Fe16+	0.004	0.009	0.017	0.037	0.060	
Fe17+	0.001	0.008	0.018	0.038	0.067	
Mg7+	0.004	0.016	0.027	0.045	0.073	
Mg8+	0.005	0.070	0.103	0.204	0.343	
N5+	0.004	0.010	0.014	0.022	0.029	
Ne7+	0.003	0.022	0.041	0.082	0.097	
O6+	0.004	0.010	0.019	0.026	0.037	
S10+	0.005	0.095	0.131	0.329	0.701	
S11+	0.004	0.019	0.040	0.073	0.129	
S12+	0.004	0.005	0.009	0.013	0.021	
Si10+	0.003	0.018	0.035	0.051	0.098	
Si8+	0.004	0.013	0.027	0.052	0.069	
10.0
Ion	0.0	0.1	1.0	10.0	100.0
Ca12+	0.031	0.090	0.167	0.301	0.582	
Ca13+	0.040	0.068	0.118	0.247	0.433	
Ca14+	0.040	0.042	0.052	0.081	0.134	
Fe16+	0.040	0.009	0.064	0.107	0.179	
Fe17+	0.010	0.044	0.064	0.121	0.188	
Mg7+	0.041	0.056	0.090	0.138	0.226	
Mg8+	0.030	0.067	0.344	0.646	0.061	
N5+	0.040	0.047	0.031	0.087	0.099	
Ne7+	0.033	0.081	0.138	0.222	0.327	
O6+	0.040	0.046	0.055	0.083	0.122	
S10+	0.055	0.064	0.488	0.932	0.012	
S11+	0.032	0.030	0.140	0.241	0.423	
S12+	0.039	0.041	0.006	0.031	0.070	
Si10+	0.041	0.063	0.099	0.177	0.302	
Si8+	0.040	0.030	0.083	0.153	0.232	
